05:50 bilby INFO    : Running for label 'GRB230812B', output will be saved to 'outdirSNgauss32cores'
05:50 bilby INFO    : Running for label 'GRB230812B', output will be saved to 'outdirSNgauss32cores'
05:50 bilby INFO    : Running for label 'GRB230812B', output will be saved to 'outdirSNgauss32cores'
05:50 bilby INFO    : Running for label 'GRB230812B', output will be saved to 'outdirSNgauss32cores'
05:50 bilby INFO    : Running for label 'GRB230812B', output will be saved to 'outdirSNgauss32cores'
05:50 bilby INFO    : Running for label 'GRB230812B', output will be saved to 'outdirSNgauss32cores'
05:50 bilby INFO    : Running for label 'GRB230812B', output will be saved to 'outdirSNgauss32cores'
05:50 bilby INFO    : Running for label 'GRB230812B', output will be saved to 'outdirSNgauss32cores'
05:50 bilby INFO    : Running for label 'GRB230812B', output will be saved to 'outdirSNgauss32cores'
05:50 bilby INFO    : Running for label 'GRB230812B', output will be saved to 'outdirSNgauss32cores'
05:50 bilby INFO    : Running for label 'GRB230812B', output will be saved to 'outdirSNgauss32cores'
05:50 bilby INFO    : Running for label 'GRB230812B', output will be saved to 'outdirSNgauss32cores'
05:50 bilby INFO    : Running for label 'GRB230812B', output will be saved to 'outdirSNgauss32cores'
05:50 bilby INFO    : Running for label 'GRB230812B', output will be saved to 'outdirSNgauss32cores'
05:50 bilby INFO    : Running for label 'GRB230812B', output will be saved to 'outdirSNgauss32cores'
05:50 bilby INFO    : Running for label 'GRB230812B', output will be saved to 'outdirSNgauss32cores'
05:50 bilby INFO    : Running for label 'GRB230812B', output will be saved to 'outdirSNgauss32cores'
05:50 bilby INFO    : Running for label 'GRB230812B', output will be saved to 'outdirSNgauss32cores'
05:50 bilby INFO    : Running for label 'GRB230812B', output will be saved to 'outdirSNgauss32cores'
05:50 bilby INFO    : Running for label 'GRB230812B', output will be saved to 'outdirSNgauss32cores'
05:50 bilby INFO    : Running for label 'GRB230812B', output will be saved to 'outdirSNgauss32cores'
05:50 bilby INFO    : Running for label 'GRB230812B', output will be saved to 'outdirSNgauss32cores'
05:50 bilby INFO    : Running for label 'GRB230812B', output will be saved to 'outdirSNgauss32cores'
05:50 bilby INFO    : Running for label 'GRB230812B', output will be saved to 'outdirSNgauss32cores'
05:50 bilby INFO    : Running for label 'GRB230812B', output will be saved to 'outdirSNgauss32cores'
05:50 bilby INFO    : Running for label 'GRB230812B', output will be saved to 'outdirSNgauss32cores'
05:50 bilby INFO    : Running for label 'GRB230812B', output will be saved to 'outdirSNgauss32cores'
05:50 bilby INFO    : Running for label 'GRB230812B', output will be saved to 'outdirSNgauss32cores'
05:50 bilby INFO    : Running for label 'GRB230812B', output will be saved to 'outdirSNgauss32cores'
05:50 bilby INFO    : Running for label 'GRB230812B', output will be saved to 'outdirSNgauss32cores'
05:50 bilby INFO    : Running for label 'GRB230812B', output will be saved to 'outdirSNgauss32cores'
05:50 bilby INFO    : Running for label 'GRB230812B', output will be saved to 'outdirSNgauss32cores'
05:50 bilby INFO    : Analysis priors:
05:50 bilby INFO    : Analysis priors:
05:50 bilby INFO    : Analysis priors:
05:50 bilby INFO    : Analysis priors:
05:50 bilby INFO    : Analysis priors:
05:50 bilby INFO    : Analysis priors:
05:50 bilby INFO    : Analysis priors:
05:50 bilby INFO    : Analysis priors:
05:50 bilby INFO    : Analysis priors:
05:50 bilby INFO    : Analysis priors:
05:50 bilby INFO    : Analysis priors:
05:50 bilby INFO    : Analysis priors:
05:50 bilby INFO    : Analysis priors:
05:50 bilby INFO    : Analysis priors:
05:50 bilby INFO    : Analysis priors:
05:50 bilby INFO    : Analysis priors:
05:50 bilby INFO    : Analysis priors:
05:50 bilby INFO    : Analysis priors:
05:50 bilby INFO    : Analysis priors:
05:50 bilby INFO    : Analysis priors:
05:50 bilby INFO    : Analysis priors:
05:50 bilby INFO    : Analysis priors:
05:50 bilby INFO    : Analysis priors:
05:50 bilby INFO    : Analysis priors:
05:50 bilby INFO    : Analysis priors:
05:50 bilby INFO    : Analysis priors:
05:50 bilby INFO    : Analysis priors:
05:50 bilby INFO    : Analysis priors:
05:50 bilby INFO    : Analysis priors:
05:50 bilby INFO    : Analysis priors:
05:50 bilby INFO    : Analysis priors:
05:50 bilby INFO    : Analysis priors:
05:50 bilby INFO    : supernova_mag_boost=Uniform(minimum=0, maximum=60, name='supernova_mag_boost', latex_label='$mag$', unit=None, boundary='reflective')
05:50 bilby INFO    : supernova_mag_boost=Uniform(minimum=0, maximum=60, name='supernova_mag_boost', latex_label='$mag$', unit=None, boundary='reflective')
05:50 bilby INFO    : supernova_mag_boost=Uniform(minimum=0, maximum=60, name='supernova_mag_boost', latex_label='$mag$', unit=None, boundary='reflective')
05:50 bilby INFO    : supernova_mag_boost=Uniform(minimum=0, maximum=60, name='supernova_mag_boost', latex_label='$mag$', unit=None, boundary='reflective')
05:50 bilby INFO    : supernova_mag_boost=Uniform(minimum=0, maximum=60, name='supernova_mag_boost', latex_label='$mag$', unit=None, boundary='reflective')
05:50 bilby INFO    : supernova_mag_boost=Uniform(minimum=0, maximum=60, name='supernova_mag_boost', latex_label='$mag$', unit=None, boundary='reflective')
05:50 bilby INFO    : supernova_mag_boost=Uniform(minimum=0, maximum=60, name='supernova_mag_boost', latex_label='$mag$', unit=None, boundary='reflective')
05:50 bilby INFO    : supernova_mag_boost=Uniform(minimum=0, maximum=60, name='supernova_mag_boost', latex_label='$mag$', unit=None, boundary='reflective')
05:50 bilby INFO    : supernova_mag_boost=Uniform(minimum=0, maximum=60, name='supernova_mag_boost', latex_label='$mag$', unit=None, boundary='reflective')
05:50 bilby INFO    : supernova_mag_boost=Uniform(minimum=0, maximum=60, name='supernova_mag_boost', latex_label='$mag$', unit=None, boundary='reflective')
05:50 bilby INFO    : supernova_mag_boost=Uniform(minimum=0, maximum=60, name='supernova_mag_boost', latex_label='$mag$', unit=None, boundary='reflective')
05:50 bilby INFO    : supernova_mag_boost=Uniform(minimum=0, maximum=60, name='supernova_mag_boost', latex_label='$mag$', unit=None, boundary='reflective')
05:50 bilby INFO    : supernova_mag_boost=Uniform(minimum=0, maximum=60, name='supernova_mag_boost', latex_label='$mag$', unit=None, boundary='reflective')
05:50 bilby INFO    : supernova_mag_boost=Uniform(minimum=0, maximum=60, name='supernova_mag_boost', latex_label='$mag$', unit=None, boundary='reflective')
05:50 bilby INFO    : supernova_mag_boost=Uniform(minimum=0, maximum=60, name='supernova_mag_boost', latex_label='$mag$', unit=None, boundary='reflective')
05:50 bilby INFO    : supernova_mag_boost=Uniform(minimum=0, maximum=60, name='supernova_mag_boost', latex_label='$mag$', unit=None, boundary='reflective')
05:50 bilby INFO    : supernova_mag_boost=Uniform(minimum=0, maximum=60, name='supernova_mag_boost', latex_label='$mag$', unit=None, boundary='reflective')
05:50 bilby INFO    : supernova_mag_boost=Uniform(minimum=0, maximum=60, name='supernova_mag_boost', latex_label='$mag$', unit=None, boundary='reflective')
05:50 bilby INFO    : supernova_mag_boost=Uniform(minimum=0, maximum=60, name='supernova_mag_boost', latex_label='$mag$', unit=None, boundary='reflective')
05:50 bilby INFO    : supernova_mag_boost=Uniform(minimum=0, maximum=60, name='supernova_mag_boost', latex_label='$mag$', unit=None, boundary='reflective')
05:50 bilby INFO    : supernova_mag_boost=Uniform(minimum=0, maximum=60, name='supernova_mag_boost', latex_label='$mag$', unit=None, boundary='reflective')
05:50 bilby INFO    : supernova_mag_boost=Uniform(minimum=0, maximum=60, name='supernova_mag_boost', latex_label='$mag$', unit=None, boundary='reflective')
05:50 bilby INFO    : supernova_mag_boost=Uniform(minimum=0, maximum=60, name='supernova_mag_boost', latex_label='$mag$', unit=None, boundary='reflective')
05:50 bilby INFO    : supernova_mag_boost=Uniform(minimum=0, maximum=60, name='supernova_mag_boost', latex_label='$mag$', unit=None, boundary='reflective')
05:50 bilby INFO    : supernova_mag_boost=Uniform(minimum=0, maximum=60, name='supernova_mag_boost', latex_label='$mag$', unit=None, boundary='reflective')
05:50 bilby INFO    : supernova_mag_boost=Uniform(minimum=0, maximum=60, name='supernova_mag_boost', latex_label='$mag$', unit=None, boundary='reflective')
05:50 bilby INFO    : supernova_mag_boost=Uniform(minimum=0, maximum=60, name='supernova_mag_boost', latex_label='$mag$', unit=None, boundary='reflective')
05:50 bilby INFO    : supernova_mag_boost=Uniform(minimum=0, maximum=60, name='supernova_mag_boost', latex_label='$mag$', unit=None, boundary='reflective')
05:50 bilby INFO    : supernova_mag_boost=Uniform(minimum=0, maximum=60, name='supernova_mag_boost', latex_label='$mag$', unit=None, boundary='reflective')
05:50 bilby INFO    : supernova_mag_boost=Uniform(minimum=0, maximum=60, name='supernova_mag_boost', latex_label='$mag$', unit=None, boundary='reflective')
05:50 bilby INFO    : supernova_mag_boost=Uniform(minimum=0, maximum=60, name='supernova_mag_boost', latex_label='$mag$', unit=None, boundary='reflective')
05:50 bilby INFO    : supernova_mag_boost=Uniform(minimum=0, maximum=60, name='supernova_mag_boost', latex_label='$mag$', unit=None, boundary='reflective')
05:50 bilby INFO    : inclination_EM=nmma.em.prior.ConditionalGaussianIotaGivenThetaCore(minimum=0.0, maximum=0.7853981633974483, name='inclination_EM', N_sigma=1.0, latex_label='$\\iota$', unit=None, boundary=None)
05:50 bilby INFO    : inclination_EM=nmma.em.prior.ConditionalGaussianIotaGivenThetaCore(minimum=0.0, maximum=0.7853981633974483, name='inclination_EM', N_sigma=1.0, latex_label='$\\iota$', unit=None, boundary=None)
05:50 bilby INFO    : inclination_EM=nmma.em.prior.ConditionalGaussianIotaGivenThetaCore(minimum=0.0, maximum=0.7853981633974483, name='inclination_EM', N_sigma=1.0, latex_label='$\\iota$', unit=None, boundary=None)
05:50 bilby INFO    : inclination_EM=nmma.em.prior.ConditionalGaussianIotaGivenThetaCore(minimum=0.0, maximum=0.7853981633974483, name='inclination_EM', N_sigma=1.0, latex_label='$\\iota$', unit=None, boundary=None)
05:50 bilby INFO    : inclination_EM=nmma.em.prior.ConditionalGaussianIotaGivenThetaCore(minimum=0.0, maximum=0.7853981633974483, name='inclination_EM', N_sigma=1.0, latex_label='$\\iota$', unit=None, boundary=None)
05:50 bilby INFO    : inclination_EM=nmma.em.prior.ConditionalGaussianIotaGivenThetaCore(minimum=0.0, maximum=0.7853981633974483, name='inclination_EM', N_sigma=1.0, latex_label='$\\iota$', unit=None, boundary=None)
05:50 bilby INFO    : inclination_EM=nmma.em.prior.ConditionalGaussianIotaGivenThetaCore(minimum=0.0, maximum=0.7853981633974483, name='inclination_EM', N_sigma=1.0, latex_label='$\\iota$', unit=None, boundary=None)
05:50 bilby INFO    : inclination_EM=nmma.em.prior.ConditionalGaussianIotaGivenThetaCore(minimum=0.0, maximum=0.7853981633974483, name='inclination_EM', N_sigma=1.0, latex_label='$\\iota$', unit=None, boundary=None)
05:50 bilby INFO    : inclination_EM=nmma.em.prior.ConditionalGaussianIotaGivenThetaCore(minimum=0.0, maximum=0.7853981633974483, name='inclination_EM', N_sigma=1.0, latex_label='$\\iota$', unit=None, boundary=None)
05:50 bilby INFO    : inclination_EM=nmma.em.prior.ConditionalGaussianIotaGivenThetaCore(minimum=0.0, maximum=0.7853981633974483, name='inclination_EM', N_sigma=1.0, latex_label='$\\iota$', unit=None, boundary=None)
05:50 bilby INFO    : inclination_EM=nmma.em.prior.ConditionalGaussianIotaGivenThetaCore(minimum=0.0, maximum=0.7853981633974483, name='inclination_EM', N_sigma=1.0, latex_label='$\\iota$', unit=None, boundary=None)
05:50 bilby INFO    : inclination_EM=nmma.em.prior.ConditionalGaussianIotaGivenThetaCore(minimum=0.0, maximum=0.7853981633974483, name='inclination_EM', N_sigma=1.0, latex_label='$\\iota$', unit=None, boundary=None)
05:50 bilby INFO    : inclination_EM=nmma.em.prior.ConditionalGaussianIotaGivenThetaCore(minimum=0.0, maximum=0.7853981633974483, name='inclination_EM', N_sigma=1.0, latex_label='$\\iota$', unit=None, boundary=None)
05:50 bilby INFO    : inclination_EM=nmma.em.prior.ConditionalGaussianIotaGivenThetaCore(minimum=0.0, maximum=0.7853981633974483, name='inclination_EM', N_sigma=1.0, latex_label='$\\iota$', unit=None, boundary=None)
05:50 bilby INFO    : inclination_EM=nmma.em.prior.ConditionalGaussianIotaGivenThetaCore(minimum=0.0, maximum=0.7853981633974483, name='inclination_EM', N_sigma=1.0, latex_label='$\\iota$', unit=None, boundary=None)
05:50 bilby INFO    : inclination_EM=nmma.em.prior.ConditionalGaussianIotaGivenThetaCore(minimum=0.0, maximum=0.7853981633974483, name='inclination_EM', N_sigma=1.0, latex_label='$\\iota$', unit=None, boundary=None)
05:50 bilby INFO    : inclination_EM=nmma.em.prior.ConditionalGaussianIotaGivenThetaCore(minimum=0.0, maximum=0.7853981633974483, name='inclination_EM', N_sigma=1.0, latex_label='$\\iota$', unit=None, boundary=None)
05:50 bilby INFO    : inclination_EM=nmma.em.prior.ConditionalGaussianIotaGivenThetaCore(minimum=0.0, maximum=0.7853981633974483, name='inclination_EM', N_sigma=1.0, latex_label='$\\iota$', unit=None, boundary=None)
05:50 bilby INFO    : inclination_EM=nmma.em.prior.ConditionalGaussianIotaGivenThetaCore(minimum=0.0, maximum=0.7853981633974483, name='inclination_EM', N_sigma=1.0, latex_label='$\\iota$', unit=None, boundary=None)
05:50 bilby INFO    : inclination_EM=nmma.em.prior.ConditionalGaussianIotaGivenThetaCore(minimum=0.0, maximum=0.7853981633974483, name='inclination_EM', N_sigma=1.0, latex_label='$\\iota$', unit=None, boundary=None)
05:50 bilby INFO    : inclination_EM=nmma.em.prior.ConditionalGaussianIotaGivenThetaCore(minimum=0.0, maximum=0.7853981633974483, name='inclination_EM', N_sigma=1.0, latex_label='$\\iota$', unit=None, boundary=None)
05:50 bilby INFO    : inclination_EM=nmma.em.prior.ConditionalGaussianIotaGivenThetaCore(minimum=0.0, maximum=0.7853981633974483, name='inclination_EM', N_sigma=1.0, latex_label='$\\iota$', unit=None, boundary=None)
05:50 bilby INFO    : inclination_EM=nmma.em.prior.ConditionalGaussianIotaGivenThetaCore(minimum=0.0, maximum=0.7853981633974483, name='inclination_EM', N_sigma=1.0, latex_label='$\\iota$', unit=None, boundary=None)
05:50 bilby INFO    : inclination_EM=nmma.em.prior.ConditionalGaussianIotaGivenThetaCore(minimum=0.0, maximum=0.7853981633974483, name='inclination_EM', N_sigma=1.0, latex_label='$\\iota$', unit=None, boundary=None)
05:50 bilby INFO    : inclination_EM=nmma.em.prior.ConditionalGaussianIotaGivenThetaCore(minimum=0.0, maximum=0.7853981633974483, name='inclination_EM', N_sigma=1.0, latex_label='$\\iota$', unit=None, boundary=None)
05:50 bilby INFO    : inclination_EM=nmma.em.prior.ConditionalGaussianIotaGivenThetaCore(minimum=0.0, maximum=0.7853981633974483, name='inclination_EM', N_sigma=1.0, latex_label='$\\iota$', unit=None, boundary=None)
05:50 bilby INFO    : inclination_EM=nmma.em.prior.ConditionalGaussianIotaGivenThetaCore(minimum=0.0, maximum=0.7853981633974483, name='inclination_EM', N_sigma=1.0, latex_label='$\\iota$', unit=None, boundary=None)
05:50 bilby INFO    : inclination_EM=nmma.em.prior.ConditionalGaussianIotaGivenThetaCore(minimum=0.0, maximum=0.7853981633974483, name='inclination_EM', N_sigma=1.0, latex_label='$\\iota$', unit=None, boundary=None)
05:50 bilby INFO    : inclination_EM=nmma.em.prior.ConditionalGaussianIotaGivenThetaCore(minimum=0.0, maximum=0.7853981633974483, name='inclination_EM', N_sigma=1.0, latex_label='$\\iota$', unit=None, boundary=None)
05:50 bilby INFO    : inclination_EM=nmma.em.prior.ConditionalGaussianIotaGivenThetaCore(minimum=0.0, maximum=0.7853981633974483, name='inclination_EM', N_sigma=1.0, latex_label='$\\iota$', unit=None, boundary=None)
05:50 bilby INFO    : luminosity_distance=Uniform(minimum=1971, maximum=1991, name='luminosity_distance', latex_label='$D_L$', unit=None, boundary=None)
05:50 bilby INFO    : inclination_EM=nmma.em.prior.ConditionalGaussianIotaGivenThetaCore(minimum=0.0, maximum=0.7853981633974483, name='inclination_EM', N_sigma=1.0, latex_label='$\\iota$', unit=None, boundary=None)
05:50 bilby INFO    : luminosity_distance=Uniform(minimum=1971, maximum=1991, name='luminosity_distance', latex_label='$D_L$', unit=None, boundary=None)
05:50 bilby INFO    : luminosity_distance=Uniform(minimum=1971, maximum=1991, name='luminosity_distance', latex_label='$D_L$', unit=None, boundary=None)
05:50 bilby INFO    : luminosity_distance=Uniform(minimum=1971, maximum=1991, name='luminosity_distance', latex_label='$D_L$', unit=None, boundary=None)
05:50 bilby INFO    : luminosity_distance=Uniform(minimum=1971, maximum=1991, name='luminosity_distance', latex_label='$D_L$', unit=None, boundary=None)
05:50 bilby INFO    : luminosity_distance=Uniform(minimum=1971, maximum=1991, name='luminosity_distance', latex_label='$D_L$', unit=None, boundary=None)
05:50 bilby INFO    : luminosity_distance=Uniform(minimum=1971, maximum=1991, name='luminosity_distance', latex_label='$D_L$', unit=None, boundary=None)
05:50 bilby INFO    : luminosity_distance=Uniform(minimum=1971, maximum=1991, name='luminosity_distance', latex_label='$D_L$', unit=None, boundary=None)
05:50 bilby INFO    : luminosity_distance=Uniform(minimum=1971, maximum=1991, name='luminosity_distance', latex_label='$D_L$', unit=None, boundary=None)
05:50 bilby INFO    : luminosity_distance=Uniform(minimum=1971, maximum=1991, name='luminosity_distance', latex_label='$D_L$', unit=None, boundary=None)
05:50 bilby INFO    : luminosity_distance=Uniform(minimum=1971, maximum=1991, name='luminosity_distance', latex_label='$D_L$', unit=None, boundary=None)
05:50 bilby INFO    : luminosity_distance=Uniform(minimum=1971, maximum=1991, name='luminosity_distance', latex_label='$D_L$', unit=None, boundary=None)
05:50 bilby INFO    : luminosity_distance=Uniform(minimum=1971, maximum=1991, name='luminosity_distance', latex_label='$D_L$', unit=None, boundary=None)
05:50 bilby INFO    : luminosity_distance=Uniform(minimum=1971, maximum=1991, name='luminosity_distance', latex_label='$D_L$', unit=None, boundary=None)
05:50 bilby INFO    : luminosity_distance=Uniform(minimum=1971, maximum=1991, name='luminosity_distance', latex_label='$D_L$', unit=None, boundary=None)
05:50 bilby INFO    : luminosity_distance=Uniform(minimum=1971, maximum=1991, name='luminosity_distance', latex_label='$D_L$', unit=None, boundary=None)
05:50 bilby INFO    : luminosity_distance=Uniform(minimum=1971, maximum=1991, name='luminosity_distance', latex_label='$D_L$', unit=None, boundary=None)
05:50 bilby INFO    : luminosity_distance=Uniform(minimum=1971, maximum=1991, name='luminosity_distance', latex_label='$D_L$', unit=None, boundary=None)
05:50 bilby INFO    : luminosity_distance=Uniform(minimum=1971, maximum=1991, name='luminosity_distance', latex_label='$D_L$', unit=None, boundary=None)
05:50 bilby INFO    : luminosity_distance=Uniform(minimum=1971, maximum=1991, name='luminosity_distance', latex_label='$D_L$', unit=None, boundary=None)
05:50 bilby INFO    : luminosity_distance=Uniform(minimum=1971, maximum=1991, name='luminosity_distance', latex_label='$D_L$', unit=None, boundary=None)
05:50 bilby INFO    : luminosity_distance=Uniform(minimum=1971, maximum=1991, name='luminosity_distance', latex_label='$D_L$', unit=None, boundary=None)
05:50 bilby INFO    : luminosity_distance=Uniform(minimum=1971, maximum=1991, name='luminosity_distance', latex_label='$D_L$', unit=None, boundary=None)
05:50 bilby INFO    : luminosity_distance=Uniform(minimum=1971, maximum=1991, name='luminosity_distance', latex_label='$D_L$', unit=None, boundary=None)
05:50 bilby INFO    : luminosity_distance=Uniform(minimum=1971, maximum=1991, name='luminosity_distance', latex_label='$D_L$', unit=None, boundary=None)
05:50 bilby INFO    : log10_E0=Uniform(minimum=47.0, maximum=57.0, name='log10_E0', latex_label='$\\log_{10}E_0$', unit=None, boundary='reflective')
05:50 bilby INFO    : luminosity_distance=Uniform(minimum=1971, maximum=1991, name='luminosity_distance', latex_label='$D_L$', unit=None, boundary=None)
05:50 bilby INFO    : luminosity_distance=Uniform(minimum=1971, maximum=1991, name='luminosity_distance', latex_label='$D_L$', unit=None, boundary=None)
05:50 bilby INFO    : log10_E0=Uniform(minimum=47.0, maximum=57.0, name='log10_E0', latex_label='$\\log_{10}E_0$', unit=None, boundary='reflective')
05:50 bilby INFO    : log10_E0=Uniform(minimum=47.0, maximum=57.0, name='log10_E0', latex_label='$\\log_{10}E_0$', unit=None, boundary='reflective')
05:50 bilby INFO    : luminosity_distance=Uniform(minimum=1971, maximum=1991, name='luminosity_distance', latex_label='$D_L$', unit=None, boundary=None)
05:50 bilby INFO    : luminosity_distance=Uniform(minimum=1971, maximum=1991, name='luminosity_distance', latex_label='$D_L$', unit=None, boundary=None)
05:50 bilby INFO    : log10_E0=Uniform(minimum=47.0, maximum=57.0, name='log10_E0', latex_label='$\\log_{10}E_0$', unit=None, boundary='reflective')
05:50 bilby INFO    : log10_E0=Uniform(minimum=47.0, maximum=57.0, name='log10_E0', latex_label='$\\log_{10}E_0$', unit=None, boundary='reflective')
05:50 bilby INFO    : log10_E0=Uniform(minimum=47.0, maximum=57.0, name='log10_E0', latex_label='$\\log_{10}E_0$', unit=None, boundary='reflective')
05:50 bilby INFO    : luminosity_distance=Uniform(minimum=1971, maximum=1991, name='luminosity_distance', latex_label='$D_L$', unit=None, boundary=None)
05:50 bilby INFO    : luminosity_distance=Uniform(minimum=1971, maximum=1991, name='luminosity_distance', latex_label='$D_L$', unit=None, boundary=None)
05:50 bilby INFO    : log10_E0=Uniform(minimum=47.0, maximum=57.0, name='log10_E0', latex_label='$\\log_{10}E_0$', unit=None, boundary='reflective')
05:50 bilby INFO    : log10_E0=Uniform(minimum=47.0, maximum=57.0, name='log10_E0', latex_label='$\\log_{10}E_0$', unit=None, boundary='reflective')
05:50 bilby INFO    : log10_E0=Uniform(minimum=47.0, maximum=57.0, name='log10_E0', latex_label='$\\log_{10}E_0$', unit=None, boundary='reflective')
05:50 bilby INFO    : log10_E0=Uniform(minimum=47.0, maximum=57.0, name='log10_E0', latex_label='$\\log_{10}E_0$', unit=None, boundary='reflective')
05:50 bilby INFO    : log10_E0=Uniform(minimum=47.0, maximum=57.0, name='log10_E0', latex_label='$\\log_{10}E_0$', unit=None, boundary='reflective')
05:50 bilby INFO    : log10_E0=Uniform(minimum=47.0, maximum=57.0, name='log10_E0', latex_label='$\\log_{10}E_0$', unit=None, boundary='reflective')
05:50 bilby INFO    : log10_E0=Uniform(minimum=47.0, maximum=57.0, name='log10_E0', latex_label='$\\log_{10}E_0$', unit=None, boundary='reflective')
05:50 bilby INFO    : log10_E0=Uniform(minimum=47.0, maximum=57.0, name='log10_E0', latex_label='$\\log_{10}E_0$', unit=None, boundary='reflective')
05:50 bilby INFO    : log10_E0=Uniform(minimum=47.0, maximum=57.0, name='log10_E0', latex_label='$\\log_{10}E_0$', unit=None, boundary='reflective')
05:50 bilby INFO    : log10_E0=Uniform(minimum=47.0, maximum=57.0, name='log10_E0', latex_label='$\\log_{10}E_0$', unit=None, boundary='reflective')
05:50 bilby INFO    : log10_E0=Uniform(minimum=47.0, maximum=57.0, name='log10_E0', latex_label='$\\log_{10}E_0$', unit=None, boundary='reflective')
05:50 bilby INFO    : log10_E0=Uniform(minimum=47.0, maximum=57.0, name='log10_E0', latex_label='$\\log_{10}E_0$', unit=None, boundary='reflective')
05:50 bilby INFO    : log10_E0=Uniform(minimum=47.0, maximum=57.0, name='log10_E0', latex_label='$\\log_{10}E_0$', unit=None, boundary='reflective')
05:50 bilby INFO    : log10_E0=Uniform(minimum=47.0, maximum=57.0, name='log10_E0', latex_label='$\\log_{10}E_0$', unit=None, boundary='reflective')
05:50 bilby INFO    : log10_E0=Uniform(minimum=47.0, maximum=57.0, name='log10_E0', latex_label='$\\log_{10}E_0$', unit=None, boundary='reflective')
05:50 bilby INFO    : log10_E0=Uniform(minimum=47.0, maximum=57.0, name='log10_E0', latex_label='$\\log_{10}E_0$', unit=None, boundary='reflective')
05:50 bilby INFO    : log10_E0=Uniform(minimum=47.0, maximum=57.0, name='log10_E0', latex_label='$\\log_{10}E_0$', unit=None, boundary='reflective')
05:50 bilby INFO    : thetaCore=Uniform(minimum=0.01, maximum=0.3141592653589793, name='theta_core', latex_label='$\\theta_c$', unit=None, boundary='reflective')
05:50 bilby INFO    : log10_E0=Uniform(minimum=47.0, maximum=57.0, name='log10_E0', latex_label='$\\log_{10}E_0$', unit=None, boundary='reflective')
05:50 bilby INFO    : log10_E0=Uniform(minimum=47.0, maximum=57.0, name='log10_E0', latex_label='$\\log_{10}E_0$', unit=None, boundary='reflective')
05:50 bilby INFO    : thetaCore=Uniform(minimum=0.01, maximum=0.3141592653589793, name='theta_core', latex_label='$\\theta_c$', unit=None, boundary='reflective')
05:50 bilby INFO    : thetaCore=Uniform(minimum=0.01, maximum=0.3141592653589793, name='theta_core', latex_label='$\\theta_c$', unit=None, boundary='reflective')
05:50 bilby INFO    : log10_E0=Uniform(minimum=47.0, maximum=57.0, name='log10_E0', latex_label='$\\log_{10}E_0$', unit=None, boundary='reflective')
05:50 bilby INFO    : log10_E0=Uniform(minimum=47.0, maximum=57.0, name='log10_E0', latex_label='$\\log_{10}E_0$', unit=None, boundary='reflective')
05:50 bilby INFO    : thetaCore=Uniform(minimum=0.01, maximum=0.3141592653589793, name='theta_core', latex_label='$\\theta_c$', unit=None, boundary='reflective')
05:50 bilby INFO    : thetaCore=Uniform(minimum=0.01, maximum=0.3141592653589793, name='theta_core', latex_label='$\\theta_c$', unit=None, boundary='reflective')
05:50 bilby INFO    : thetaCore=Uniform(minimum=0.01, maximum=0.3141592653589793, name='theta_core', latex_label='$\\theta_c$', unit=None, boundary='reflective')
05:50 bilby INFO    : log10_E0=Uniform(minimum=47.0, maximum=57.0, name='log10_E0', latex_label='$\\log_{10}E_0$', unit=None, boundary='reflective')
05:50 bilby INFO    : log10_E0=Uniform(minimum=47.0, maximum=57.0, name='log10_E0', latex_label='$\\log_{10}E_0$', unit=None, boundary='reflective')
05:50 bilby INFO    : thetaCore=Uniform(minimum=0.01, maximum=0.3141592653589793, name='theta_core', latex_label='$\\theta_c$', unit=None, boundary='reflective')
05:50 bilby INFO    : log10_E0=Uniform(minimum=47.0, maximum=57.0, name='log10_E0', latex_label='$\\log_{10}E_0$', unit=None, boundary='reflective')
05:50 bilby INFO    : log10_E0=Uniform(minimum=47.0, maximum=57.0, name='log10_E0', latex_label='$\\log_{10}E_0$', unit=None, boundary='reflective')
05:50 bilby INFO    : thetaCore=Uniform(minimum=0.01, maximum=0.3141592653589793, name='theta_core', latex_label='$\\theta_c$', unit=None, boundary='reflective')
05:50 bilby INFO    : thetaCore=Uniform(minimum=0.01, maximum=0.3141592653589793, name='theta_core', latex_label='$\\theta_c$', unit=None, boundary='reflective')
05:50 bilby INFO    : thetaCore=Uniform(minimum=0.01, maximum=0.3141592653589793, name='theta_core', latex_label='$\\theta_c$', unit=None, boundary='reflective')
05:50 bilby INFO    : thetaCore=Uniform(minimum=0.01, maximum=0.3141592653589793, name='theta_core', latex_label='$\\theta_c$', unit=None, boundary='reflective')
05:50 bilby INFO    : thetaCore=Uniform(minimum=0.01, maximum=0.3141592653589793, name='theta_core', latex_label='$\\theta_c$', unit=None, boundary='reflective')
05:50 bilby INFO    : thetaCore=Uniform(minimum=0.01, maximum=0.3141592653589793, name='theta_core', latex_label='$\\theta_c$', unit=None, boundary='reflective')
05:50 bilby INFO    : thetaCore=Uniform(minimum=0.01, maximum=0.3141592653589793, name='theta_core', latex_label='$\\theta_c$', unit=None, boundary='reflective')
05:50 bilby INFO    : thetaCore=Uniform(minimum=0.01, maximum=0.3141592653589793, name='theta_core', latex_label='$\\theta_c$', unit=None, boundary='reflective')
05:50 bilby INFO    : thetaCore=Uniform(minimum=0.01, maximum=0.3141592653589793, name='theta_core', latex_label='$\\theta_c$', unit=None, boundary='reflective')
05:50 bilby INFO    : thetaCore=Uniform(minimum=0.01, maximum=0.3141592653589793, name='theta_core', latex_label='$\\theta_c$', unit=None, boundary='reflective')
05:50 bilby INFO    : thetaCore=Uniform(minimum=0.01, maximum=0.3141592653589793, name='theta_core', latex_label='$\\theta_c$', unit=None, boundary='reflective')
05:50 bilby INFO    : thetaCore=Uniform(minimum=0.01, maximum=0.3141592653589793, name='theta_core', latex_label='$\\theta_c$', unit=None, boundary='reflective')
05:50 bilby INFO    : thetaWing=Uniform(minimum=0.01, maximum=0.7853981633974483, name='theta_wing', latex_label='$\\theta_w$', unit=None, boundary=None)
05:50 bilby INFO    : thetaCore=Uniform(minimum=0.01, maximum=0.3141592653589793, name='theta_core', latex_label='$\\theta_c$', unit=None, boundary='reflective')
05:50 bilby INFO    : thetaWing=Uniform(minimum=0.01, maximum=0.7853981633974483, name='theta_wing', latex_label='$\\theta_w$', unit=None, boundary=None)
05:50 bilby INFO    : thetaCore=Uniform(minimum=0.01, maximum=0.3141592653589793, name='theta_core', latex_label='$\\theta_c$', unit=None, boundary='reflective')
05:50 bilby INFO    : thetaWing=Uniform(minimum=0.01, maximum=0.7853981633974483, name='theta_wing', latex_label='$\\theta_w$', unit=None, boundary=None)
05:50 bilby INFO    : thetaCore=Uniform(minimum=0.01, maximum=0.3141592653589793, name='theta_core', latex_label='$\\theta_c$', unit=None, boundary='reflective')
05:50 bilby INFO    : thetaCore=Uniform(minimum=0.01, maximum=0.3141592653589793, name='theta_core', latex_label='$\\theta_c$', unit=None, boundary='reflective')
05:50 bilby INFO    : thetaWing=Uniform(minimum=0.01, maximum=0.7853981633974483, name='theta_wing', latex_label='$\\theta_w$', unit=None, boundary=None)
05:50 bilby INFO    : thetaWing=Uniform(minimum=0.01, maximum=0.7853981633974483, name='theta_wing', latex_label='$\\theta_w$', unit=None, boundary=None)
05:50 bilby INFO    : thetaCore=Uniform(minimum=0.01, maximum=0.3141592653589793, name='theta_core', latex_label='$\\theta_c$', unit=None, boundary='reflective')
05:50 bilby INFO    : thetaCore=Uniform(minimum=0.01, maximum=0.3141592653589793, name='theta_core', latex_label='$\\theta_c$', unit=None, boundary='reflective')
05:50 bilby INFO    : thetaWing=Uniform(minimum=0.01, maximum=0.7853981633974483, name='theta_wing', latex_label='$\\theta_w$', unit=None, boundary=None)
05:50 bilby INFO    : thetaWing=Uniform(minimum=0.01, maximum=0.7853981633974483, name='theta_wing', latex_label='$\\theta_w$', unit=None, boundary=None)
05:50 bilby INFO    : thetaCore=Uniform(minimum=0.01, maximum=0.3141592653589793, name='theta_core', latex_label='$\\theta_c$', unit=None, boundary='reflective')
05:50 bilby INFO    : thetaCore=Uniform(minimum=0.01, maximum=0.3141592653589793, name='theta_core', latex_label='$\\theta_c$', unit=None, boundary='reflective')
05:50 bilby INFO    : thetaCore=Uniform(minimum=0.01, maximum=0.3141592653589793, name='theta_core', latex_label='$\\theta_c$', unit=None, boundary='reflective')
05:50 bilby INFO    : thetaWing=Uniform(minimum=0.01, maximum=0.7853981633974483, name='theta_wing', latex_label='$\\theta_w$', unit=None, boundary=None)
05:50 bilby INFO    : thetaWing=Uniform(minimum=0.01, maximum=0.7853981633974483, name='theta_wing', latex_label='$\\theta_w$', unit=None, boundary=None)
05:50 bilby INFO    : thetaCore=Uniform(minimum=0.01, maximum=0.3141592653589793, name='theta_core', latex_label='$\\theta_c$', unit=None, boundary='reflective')
05:50 bilby INFO    : thetaWing=Uniform(minimum=0.01, maximum=0.7853981633974483, name='theta_wing', latex_label='$\\theta_w$', unit=None, boundary=None)
05:50 bilby INFO    : thetaCore=Uniform(minimum=0.01, maximum=0.3141592653589793, name='theta_core', latex_label='$\\theta_c$', unit=None, boundary='reflective')
05:50 bilby INFO    : thetaWing=Uniform(minimum=0.01, maximum=0.7853981633974483, name='theta_wing', latex_label='$\\theta_w$', unit=None, boundary=None)
05:50 bilby INFO    : thetaWing=Uniform(minimum=0.01, maximum=0.7853981633974483, name='theta_wing', latex_label='$\\theta_w$', unit=None, boundary=None)
05:50 bilby INFO    : thetaCore=Uniform(minimum=0.01, maximum=0.3141592653589793, name='theta_core', latex_label='$\\theta_c$', unit=None, boundary='reflective')
05:50 bilby INFO    : thetaWing=Uniform(minimum=0.01, maximum=0.7853981633974483, name='theta_wing', latex_label='$\\theta_w$', unit=None, boundary=None)
05:50 bilby INFO    : thetaWing=Uniform(minimum=0.01, maximum=0.7853981633974483, name='theta_wing', latex_label='$\\theta_w$', unit=None, boundary=None)
05:50 bilby INFO    : thetaWing=Uniform(minimum=0.01, maximum=0.7853981633974483, name='theta_wing', latex_label='$\\theta_w$', unit=None, boundary=None)
05:50 bilby INFO    : thetaWing=Uniform(minimum=0.01, maximum=0.7853981633974483, name='theta_wing', latex_label='$\\theta_w$', unit=None, boundary=None)
05:50 bilby INFO    : thetaWing=Uniform(minimum=0.01, maximum=0.7853981633974483, name='theta_wing', latex_label='$\\theta_w$', unit=None, boundary=None)
05:50 bilby INFO    : log10_n0=Uniform(minimum=-6, maximum=3.0, name='log10_n0', latex_label='$\\log_{10}n_0$', unit=None, boundary='reflective')
05:50 bilby INFO    : log10_n0=Uniform(minimum=-6, maximum=3.0, name='log10_n0', latex_label='$\\log_{10}n_0$', unit=None, boundary='reflective')
05:50 bilby INFO    : thetaWing=Uniform(minimum=0.01, maximum=0.7853981633974483, name='theta_wing', latex_label='$\\theta_w$', unit=None, boundary=None)
05:50 bilby INFO    : thetaWing=Uniform(minimum=0.01, maximum=0.7853981633974483, name='theta_wing', latex_label='$\\theta_w$', unit=None, boundary=None)
05:50 bilby INFO    : log10_n0=Uniform(minimum=-6, maximum=3.0, name='log10_n0', latex_label='$\\log_{10}n_0$', unit=None, boundary='reflective')
05:50 bilby INFO    : log10_n0=Uniform(minimum=-6, maximum=3.0, name='log10_n0', latex_label='$\\log_{10}n_0$', unit=None, boundary='reflective')
05:50 bilby INFO    : thetaWing=Uniform(minimum=0.01, maximum=0.7853981633974483, name='theta_wing', latex_label='$\\theta_w$', unit=None, boundary=None)
05:50 bilby INFO    : log10_n0=Uniform(minimum=-6, maximum=3.0, name='log10_n0', latex_label='$\\log_{10}n_0$', unit=None, boundary='reflective')
05:50 bilby INFO    : thetaWing=Uniform(minimum=0.01, maximum=0.7853981633974483, name='theta_wing', latex_label='$\\theta_w$', unit=None, boundary=None)
05:50 bilby INFO    : log10_n0=Uniform(minimum=-6, maximum=3.0, name='log10_n0', latex_label='$\\log_{10}n_0$', unit=None, boundary='reflective')
05:50 bilby INFO    : thetaWing=Uniform(minimum=0.01, maximum=0.7853981633974483, name='theta_wing', latex_label='$\\theta_w$', unit=None, boundary=None)
05:50 bilby INFO    : thetaWing=Uniform(minimum=0.01, maximum=0.7853981633974483, name='theta_wing', latex_label='$\\theta_w$', unit=None, boundary=None)
05:50 bilby INFO    : log10_n0=Uniform(minimum=-6, maximum=3.0, name='log10_n0', latex_label='$\\log_{10}n_0$', unit=None, boundary='reflective')
05:50 bilby INFO    : log10_n0=Uniform(minimum=-6, maximum=3.0, name='log10_n0', latex_label='$\\log_{10}n_0$', unit=None, boundary='reflective')
05:50 bilby INFO    : thetaWing=Uniform(minimum=0.01, maximum=0.7853981633974483, name='theta_wing', latex_label='$\\theta_w$', unit=None, boundary=None)
05:50 bilby INFO    : thetaWing=Uniform(minimum=0.01, maximum=0.7853981633974483, name='theta_wing', latex_label='$\\theta_w$', unit=None, boundary=None)
05:50 bilby INFO    : log10_n0=Uniform(minimum=-6, maximum=3.0, name='log10_n0', latex_label='$\\log_{10}n_0$', unit=None, boundary='reflective')
05:50 bilby INFO    : log10_n0=Uniform(minimum=-6, maximum=3.0, name='log10_n0', latex_label='$\\log_{10}n_0$', unit=None, boundary='reflective')
05:50 bilby INFO    : thetaWing=Uniform(minimum=0.01, maximum=0.7853981633974483, name='theta_wing', latex_label='$\\theta_w$', unit=None, boundary=None)
05:50 bilby INFO    : log10_n0=Uniform(minimum=-6, maximum=3.0, name='log10_n0', latex_label='$\\log_{10}n_0$', unit=None, boundary='reflective')
05:50 bilby INFO    : thetaWing=Uniform(minimum=0.01, maximum=0.7853981633974483, name='theta_wing', latex_label='$\\theta_w$', unit=None, boundary=None)
05:50 bilby INFO    : log10_n0=Uniform(minimum=-6, maximum=3.0, name='log10_n0', latex_label='$\\log_{10}n_0$', unit=None, boundary='reflective')
05:50 bilby INFO    : thetaWing=Uniform(minimum=0.01, maximum=0.7853981633974483, name='theta_wing', latex_label='$\\theta_w$', unit=None, boundary=None)
05:50 bilby INFO    : log10_n0=Uniform(minimum=-6, maximum=3.0, name='log10_n0', latex_label='$\\log_{10}n_0$', unit=None, boundary='reflective')
05:50 bilby INFO    : thetaWing=Uniform(minimum=0.01, maximum=0.7853981633974483, name='theta_wing', latex_label='$\\theta_w$', unit=None, boundary=None)
05:50 bilby INFO    : thetaWing=Uniform(minimum=0.01, maximum=0.7853981633974483, name='theta_wing', latex_label='$\\theta_w$', unit=None, boundary=None)
05:50 bilby INFO    : log10_n0=Uniform(minimum=-6, maximum=3.0, name='log10_n0', latex_label='$\\log_{10}n_0$', unit=None, boundary='reflective')
05:50 bilby INFO    : p=Uniform(minimum=2.01, maximum=3.0, name='p', latex_label='$p$', unit=None, boundary=None)
05:50 bilby INFO    : thetaWing=Uniform(minimum=0.01, maximum=0.7853981633974483, name='theta_wing', latex_label='$\\theta_w$', unit=None, boundary=None)
05:50 bilby INFO    : log10_n0=Uniform(minimum=-6, maximum=3.0, name='log10_n0', latex_label='$\\log_{10}n_0$', unit=None, boundary='reflective')
05:50 bilby INFO    : log10_n0=Uniform(minimum=-6, maximum=3.0, name='log10_n0', latex_label='$\\log_{10}n_0$', unit=None, boundary='reflective')
05:50 bilby INFO    : log10_n0=Uniform(minimum=-6, maximum=3.0, name='log10_n0', latex_label='$\\log_{10}n_0$', unit=None, boundary='reflective')
05:50 bilby INFO    : p=Uniform(minimum=2.01, maximum=3.0, name='p', latex_label='$p$', unit=None, boundary=None)
05:50 bilby INFO    : log10_n0=Uniform(minimum=-6, maximum=3.0, name='log10_n0', latex_label='$\\log_{10}n_0$', unit=None, boundary='reflective')
05:50 bilby INFO    : p=Uniform(minimum=2.01, maximum=3.0, name='p', latex_label='$p$', unit=None, boundary=None)
05:50 bilby INFO    : p=Uniform(minimum=2.01, maximum=3.0, name='p', latex_label='$p$', unit=None, boundary=None)
05:50 bilby INFO    : log10_n0=Uniform(minimum=-6, maximum=3.0, name='log10_n0', latex_label='$\\log_{10}n_0$', unit=None, boundary='reflective')
05:50 bilby INFO    : log10_n0=Uniform(minimum=-6, maximum=3.0, name='log10_n0', latex_label='$\\log_{10}n_0$', unit=None, boundary='reflective')
05:50 bilby INFO    : p=Uniform(minimum=2.01, maximum=3.0, name='p', latex_label='$p$', unit=None, boundary=None)
05:50 bilby INFO    : p=Uniform(minimum=2.01, maximum=3.0, name='p', latex_label='$p$', unit=None, boundary=None)
05:50 bilby INFO    : p=Uniform(minimum=2.01, maximum=3.0, name='p', latex_label='$p$', unit=None, boundary=None)
05:50 bilby INFO    : log10_n0=Uniform(minimum=-6, maximum=3.0, name='log10_n0', latex_label='$\\log_{10}n_0$', unit=None, boundary='reflective')
05:50 bilby INFO    : log10_n0=Uniform(minimum=-6, maximum=3.0, name='log10_n0', latex_label='$\\log_{10}n_0$', unit=None, boundary='reflective')
05:50 bilby INFO    : p=Uniform(minimum=2.01, maximum=3.0, name='p', latex_label='$p$', unit=None, boundary=None)
05:50 bilby INFO    : log10_n0=Uniform(minimum=-6, maximum=3.0, name='log10_n0', latex_label='$\\log_{10}n_0$', unit=None, boundary='reflective')
05:50 bilby INFO    : p=Uniform(minimum=2.01, maximum=3.0, name='p', latex_label='$p$', unit=None, boundary=None)
05:50 bilby INFO    : p=Uniform(minimum=2.01, maximum=3.0, name='p', latex_label='$p$', unit=None, boundary=None)
05:50 bilby INFO    : log10_n0=Uniform(minimum=-6, maximum=3.0, name='log10_n0', latex_label='$\\log_{10}n_0$', unit=None, boundary='reflective')
05:50 bilby INFO    : log10_n0=Uniform(minimum=-6, maximum=3.0, name='log10_n0', latex_label='$\\log_{10}n_0$', unit=None, boundary='reflective')
05:50 bilby INFO    : log10_n0=Uniform(minimum=-6, maximum=3.0, name='log10_n0', latex_label='$\\log_{10}n_0$', unit=None, boundary='reflective')
05:50 bilby INFO    : p=Uniform(minimum=2.01, maximum=3.0, name='p', latex_label='$p$', unit=None, boundary=None)
05:50 bilby INFO    : log10_n0=Uniform(minimum=-6, maximum=3.0, name='log10_n0', latex_label='$\\log_{10}n_0$', unit=None, boundary='reflective')
05:50 bilby INFO    : log10_n0=Uniform(minimum=-6, maximum=3.0, name='log10_n0', latex_label='$\\log_{10}n_0$', unit=None, boundary='reflective')
05:50 bilby INFO    : log10_n0=Uniform(minimum=-6, maximum=3.0, name='log10_n0', latex_label='$\\log_{10}n_0$', unit=None, boundary='reflective')
05:50 bilby INFO    : log10_epsilon_e=Uniform(minimum=-5, maximum=0, name='log10_epsilon_e', latex_label='$\\log_{10}\\epsilon_e$', unit=None, boundary='reflective')
05:50 bilby INFO    : p=Uniform(minimum=2.01, maximum=3.0, name='p', latex_label='$p$', unit=None, boundary=None)
05:50 bilby INFO    : p=Uniform(minimum=2.01, maximum=3.0, name='p', latex_label='$p$', unit=None, boundary=None)
05:50 bilby INFO    : log10_epsilon_e=Uniform(minimum=-5, maximum=0, name='log10_epsilon_e', latex_label='$\\log_{10}\\epsilon_e$', unit=None, boundary='reflective')
05:50 bilby INFO    : p=Uniform(minimum=2.01, maximum=3.0, name='p', latex_label='$p$', unit=None, boundary=None)
05:50 bilby INFO    : log10_n0=Uniform(minimum=-6, maximum=3.0, name='log10_n0', latex_label='$\\log_{10}n_0$', unit=None, boundary='reflective')
05:50 bilby INFO    : p=Uniform(minimum=2.01, maximum=3.0, name='p', latex_label='$p$', unit=None, boundary=None)
05:50 bilby INFO    : log10_epsilon_e=Uniform(minimum=-5, maximum=0, name='log10_epsilon_e', latex_label='$\\log_{10}\\epsilon_e$', unit=None, boundary='reflective')
05:50 bilby INFO    : p=Uniform(minimum=2.01, maximum=3.0, name='p', latex_label='$p$', unit=None, boundary=None)
05:50 bilby INFO    : log10_epsilon_e=Uniform(minimum=-5, maximum=0, name='log10_epsilon_e', latex_label='$\\log_{10}\\epsilon_e$', unit=None, boundary='reflective')
05:50 bilby INFO    : p=Uniform(minimum=2.01, maximum=3.0, name='p', latex_label='$p$', unit=None, boundary=None)
05:50 bilby INFO    : log10_n0=Uniform(minimum=-6, maximum=3.0, name='log10_n0', latex_label='$\\log_{10}n_0$', unit=None, boundary='reflective')
05:50 bilby INFO    : log10_epsilon_e=Uniform(minimum=-5, maximum=0, name='log10_epsilon_e', latex_label='$\\log_{10}\\epsilon_e$', unit=None, boundary='reflective')
05:50 bilby INFO    : log10_epsilon_e=Uniform(minimum=-5, maximum=0, name='log10_epsilon_e', latex_label='$\\log_{10}\\epsilon_e$', unit=None, boundary='reflective')
05:50 bilby INFO    : p=Uniform(minimum=2.01, maximum=3.0, name='p', latex_label='$p$', unit=None, boundary=None)
05:50 bilby INFO    : p=Uniform(minimum=2.01, maximum=3.0, name='p', latex_label='$p$', unit=None, boundary=None)
05:50 bilby INFO    : p=Uniform(minimum=2.01, maximum=3.0, name='p', latex_label='$p$', unit=None, boundary=None)
05:50 bilby INFO    : p=Uniform(minimum=2.01, maximum=3.0, name='p', latex_label='$p$', unit=None, boundary=None)
05:50 bilby INFO    : log10_epsilon_e=Uniform(minimum=-5, maximum=0, name='log10_epsilon_e', latex_label='$\\log_{10}\\epsilon_e$', unit=None, boundary='reflective')
05:50 bilby INFO    : log10_epsilon_e=Uniform(minimum=-5, maximum=0, name='log10_epsilon_e', latex_label='$\\log_{10}\\epsilon_e$', unit=None, boundary='reflective')
05:50 bilby INFO    : log10_epsilon_e=Uniform(minimum=-5, maximum=0, name='log10_epsilon_e', latex_label='$\\log_{10}\\epsilon_e$', unit=None, boundary='reflective')
05:50 bilby INFO    : p=Uniform(minimum=2.01, maximum=3.0, name='p', latex_label='$p$', unit=None, boundary=None)
05:50 bilby INFO    : p=Uniform(minimum=2.01, maximum=3.0, name='p', latex_label='$p$', unit=None, boundary=None)
05:50 bilby INFO    : log10_epsilon_e=Uniform(minimum=-5, maximum=0, name='log10_epsilon_e', latex_label='$\\log_{10}\\epsilon_e$', unit=None, boundary='reflective')
05:50 bilby INFO    : p=Uniform(minimum=2.01, maximum=3.0, name='p', latex_label='$p$', unit=None, boundary=None)
05:50 bilby INFO    : p=Uniform(minimum=2.01, maximum=3.0, name='p', latex_label='$p$', unit=None, boundary=None)
05:50 bilby INFO    : p=Uniform(minimum=2.01, maximum=3.0, name='p', latex_label='$p$', unit=None, boundary=None)
05:50 bilby INFO    : p=Uniform(minimum=2.01, maximum=3.0, name='p', latex_label='$p$', unit=None, boundary=None)
05:50 bilby INFO    : log10_epsilon_e=Uniform(minimum=-5, maximum=0, name='log10_epsilon_e', latex_label='$\\log_{10}\\epsilon_e$', unit=None, boundary='reflective')
05:50 bilby INFO    : p=Uniform(minimum=2.01, maximum=3.0, name='p', latex_label='$p$', unit=None, boundary=None)
05:50 bilby INFO    : log10_epsilon_e=Uniform(minimum=-5, maximum=0, name='log10_epsilon_e', latex_label='$\\log_{10}\\epsilon_e$', unit=None, boundary='reflective')
05:50 bilby INFO    : log10_epsilon_B=Uniform(minimum=-10, maximum=0, name='log10_epsilon_B', latex_label='$\\log_{10}\\epsilon_B$', unit=None, boundary='reflective')
05:50 bilby INFO    : log10_epsilon_e=Uniform(minimum=-5, maximum=0, name='log10_epsilon_e', latex_label='$\\log_{10}\\epsilon_e$', unit=None, boundary='reflective')
05:50 bilby INFO    : log10_epsilon_B=Uniform(minimum=-10, maximum=0, name='log10_epsilon_B', latex_label='$\\log_{10}\\epsilon_B$', unit=None, boundary='reflective')
05:50 bilby INFO    : log10_epsilon_e=Uniform(minimum=-5, maximum=0, name='log10_epsilon_e', latex_label='$\\log_{10}\\epsilon_e$', unit=None, boundary='reflective')
05:50 bilby INFO    : log10_epsilon_e=Uniform(minimum=-5, maximum=0, name='log10_epsilon_e', latex_label='$\\log_{10}\\epsilon_e$', unit=None, boundary='reflective')
05:50 bilby INFO    : p=Uniform(minimum=2.01, maximum=3.0, name='p', latex_label='$p$', unit=None, boundary=None)
05:50 bilby INFO    : log10_epsilon_B=Uniform(minimum=-10, maximum=0, name='log10_epsilon_B', latex_label='$\\log_{10}\\epsilon_B$', unit=None, boundary='reflective')
05:50 bilby INFO    : log10_epsilon_B=Uniform(minimum=-10, maximum=0, name='log10_epsilon_B', latex_label='$\\log_{10}\\epsilon_B$', unit=None, boundary='reflective')
05:50 bilby INFO    : log10_epsilon_e=Uniform(minimum=-5, maximum=0, name='log10_epsilon_e', latex_label='$\\log_{10}\\epsilon_e$', unit=None, boundary='reflective')
05:50 bilby INFO    : log10_epsilon_e=Uniform(minimum=-5, maximum=0, name='log10_epsilon_e', latex_label='$\\log_{10}\\epsilon_e$', unit=None, boundary='reflective')
05:50 bilby INFO    : p=Uniform(minimum=2.01, maximum=3.0, name='p', latex_label='$p$', unit=None, boundary=None)
05:50 bilby INFO    : KNtimeshift=0.0
05:50 bilby INFO    : log10_epsilon_e=Uniform(minimum=-5, maximum=0, name='log10_epsilon_e', latex_label='$\\log_{10}\\epsilon_e$', unit=None, boundary='reflective')
05:50 bilby INFO    : p=Uniform(minimum=2.01, maximum=3.0, name='p', latex_label='$p$', unit=None, boundary=None)
05:50 bilby INFO    : log10_epsilon_B=Uniform(minimum=-10, maximum=0, name='log10_epsilon_B', latex_label='$\\log_{10}\\epsilon_B$', unit=None, boundary='reflective')
05:50 bilby INFO    : log10_epsilon_B=Uniform(minimum=-10, maximum=0, name='log10_epsilon_B', latex_label='$\\log_{10}\\epsilon_B$', unit=None, boundary='reflective')
05:50 bilby INFO    : log10_epsilon_e=Uniform(minimum=-5, maximum=0, name='log10_epsilon_e', latex_label='$\\log_{10}\\epsilon_e$', unit=None, boundary='reflective')
05:50 bilby INFO    : KNtimeshift=0.0
05:50 bilby INFO    : log10_epsilon_e=Uniform(minimum=-5, maximum=0, name='log10_epsilon_e', latex_label='$\\log_{10}\\epsilon_e$', unit=None, boundary='reflective')
05:50 bilby INFO    : KNtimeshift=0.0
05:50 bilby INFO    : log10_epsilon_B=Uniform(minimum=-10, maximum=0, name='log10_epsilon_B', latex_label='$\\log_{10}\\epsilon_B$', unit=None, boundary='reflective')
05:50 bilby INFO    : KNtimeshift=0.0
05:50 bilby INFO    : log10_epsilon_B=Uniform(minimum=-10, maximum=0, name='log10_epsilon_B', latex_label='$\\log_{10}\\epsilon_B$', unit=None, boundary='reflective')
05:50 bilby INFO    : Ebv=0.0
05:50 bilby INFO    : KNtimeshift=0.0
05:50 bilby INFO    : log10_epsilon_e=Uniform(minimum=-5, maximum=0, name='log10_epsilon_e', latex_label='$\\log_{10}\\epsilon_e$', unit=None, boundary='reflective')
05:50 bilby INFO    : log10_epsilon_e=Uniform(minimum=-5, maximum=0, name='log10_epsilon_e', latex_label='$\\log_{10}\\epsilon_e$', unit=None, boundary='reflective')
05:50 bilby INFO    : log10_epsilon_B=Uniform(minimum=-10, maximum=0, name='log10_epsilon_B', latex_label='$\\log_{10}\\epsilon_B$', unit=None, boundary='reflective')
05:50 bilby INFO    : log10_epsilon_e=Uniform(minimum=-5, maximum=0, name='log10_epsilon_e', latex_label='$\\log_{10}\\epsilon_e$', unit=None, boundary='reflective')
05:50 bilby INFO    : log10_epsilon_e=Uniform(minimum=-5, maximum=0, name='log10_epsilon_e', latex_label='$\\log_{10}\\epsilon_e$', unit=None, boundary='reflective')
05:50 bilby INFO    : log10_epsilon_e=Uniform(minimum=-5, maximum=0, name='log10_epsilon_e', latex_label='$\\log_{10}\\epsilon_e$', unit=None, boundary='reflective')
05:50 bilby INFO    : KNtimeshift=0.0
05:50 bilby INFO    : KNtimeshift=0.0
05:50 bilby INFO    : log10_epsilon_B=Uniform(minimum=-10, maximum=0, name='log10_epsilon_B', latex_label='$\\log_{10}\\epsilon_B$', unit=None, boundary='reflective')
05:50 bilby INFO    : KNtimeshift=0.0
05:50 bilby INFO    : log10_epsilon_e=Uniform(minimum=-5, maximum=0, name='log10_epsilon_e', latex_label='$\\log_{10}\\epsilon_e$', unit=None, boundary='reflective')
05:50 bilby INFO    : KNtimeshift=0.0
05:50 bilby INFO    : Analysis likelihood class: <class 'nmma.em.likelihood.OpticalLightCurve'>
05:50 bilby INFO    : log10_epsilon_B=Uniform(minimum=-10, maximum=0, name='log10_epsilon_B', latex_label='$\\log_{10}\\epsilon_B$', unit=None, boundary='reflective')
05:50 bilby INFO    : log10_epsilon_B=Uniform(minimum=-10, maximum=0, name='log10_epsilon_B', latex_label='$\\log_{10}\\epsilon_B$', unit=None, boundary='reflective')
05:50 bilby INFO    : Ebv=0.0
05:50 bilby INFO    : Ebv=0.0
05:50 bilby INFO    : KNtimeshift=0.0
05:50 bilby INFO    : log10_epsilon_e=Uniform(minimum=-5, maximum=0, name='log10_epsilon_e', latex_label='$\\log_{10}\\epsilon_e$', unit=None, boundary='reflective')
05:50 bilby INFO    : Ebv=0.0
05:50 bilby INFO    : Analysis likelihood class: <class 'nmma.em.likelihood.OpticalLightCurve'>
05:50 bilby INFO    : log10_epsilon_e=Uniform(minimum=-5, maximum=0, name='log10_epsilon_e', latex_label='$\\log_{10}\\epsilon_e$', unit=None, boundary='reflective')
05:50 bilby INFO    : log10_epsilon_B=Uniform(minimum=-10, maximum=0, name='log10_epsilon_B', latex_label='$\\log_{10}\\epsilon_B$', unit=None, boundary='reflective')
05:50 bilby INFO    : Ebv=0.0
05:50 bilby INFO    : Ebv=0.0
05:50 bilby INFO    : log10_epsilon_e=Uniform(minimum=-5, maximum=0, name='log10_epsilon_e', latex_label='$\\log_{10}\\epsilon_e$', unit=None, boundary='reflective')
05:50 bilby INFO    : log10_epsilon_B=Uniform(minimum=-10, maximum=0, name='log10_epsilon_B', latex_label='$\\log_{10}\\epsilon_B$', unit=None, boundary='reflective')
05:50 bilby INFO    : log10_epsilon_B=Uniform(minimum=-10, maximum=0, name='log10_epsilon_B', latex_label='$\\log_{10}\\epsilon_B$', unit=None, boundary='reflective')
05:50 bilby INFO    : log10_epsilon_B=Uniform(minimum=-10, maximum=0, name='log10_epsilon_B', latex_label='$\\log_{10}\\epsilon_B$', unit=None, boundary='reflective')
05:50 bilby INFO    : Ebv=0.0
05:50 bilby INFO    : log10_epsilon_e=Uniform(minimum=-5, maximum=0, name='log10_epsilon_e', latex_label='$\\log_{10}\\epsilon_e$', unit=None, boundary='reflective')
05:50 bilby INFO    : KNtimeshift=0.0
05:50 bilby INFO    : Analysis likelihood class: <class 'nmma.em.likelihood.OpticalLightCurve'>
05:50 bilby INFO    : log10_epsilon_B=Uniform(minimum=-10, maximum=0, name='log10_epsilon_B', latex_label='$\\log_{10}\\epsilon_B$', unit=None, boundary='reflective')
05:50 bilby INFO    : log10_epsilon_B=Uniform(minimum=-10, maximum=0, name='log10_epsilon_B', latex_label='$\\log_{10}\\epsilon_B$', unit=None, boundary='reflective')
05:50 bilby INFO    : Ebv=0.0
05:50 bilby INFO    : log10_epsilon_e=Uniform(minimum=-5, maximum=0, name='log10_epsilon_e', latex_label='$\\log_{10}\\epsilon_e$', unit=None, boundary='reflective')
05:50 bilby INFO    : Ebv=0.0
05:50 bilby INFO    : KNtimeshift=0.0
05:50 bilby INFO    : Analysis likelihood class: <class 'nmma.em.likelihood.OpticalLightCurve'>
05:50 bilby INFO    : Analysis likelihood class: <class 'nmma.em.likelihood.OpticalLightCurve'>
05:50 bilby INFO    : Ebv=0.0
05:50 bilby INFO    : KNtimeshift=0.0
05:50 bilby INFO    : KNtimeshift=0.0
05:50 bilby INFO    : Ebv=0.0
05:50 bilby INFO    : Analysis likelihood class: <class 'nmma.em.likelihood.OpticalLightCurve'>
05:50 bilby INFO    : log10_epsilon_B=Uniform(minimum=-10, maximum=0, name='log10_epsilon_B', latex_label='$\\log_{10}\\epsilon_B$', unit=None, boundary='reflective')
05:50 bilby INFO    : KNtimeshift=0.0
05:50 bilby INFO    : Analysis likelihood noise evidence: 0.0
05:50 bilby INFO    : log10_epsilon_B=Uniform(minimum=-10, maximum=0, name='log10_epsilon_B', latex_label='$\\log_{10}\\epsilon_B$', unit=None, boundary='reflective')
05:50 bilby INFO    : KNtimeshift=0.0
05:50 bilby INFO    : log10_epsilon_B=Uniform(minimum=-10, maximum=0, name='log10_epsilon_B', latex_label='$\\log_{10}\\epsilon_B$', unit=None, boundary='reflective')
05:50 bilby INFO    : log10_epsilon_B=Uniform(minimum=-10, maximum=0, name='log10_epsilon_B', latex_label='$\\log_{10}\\epsilon_B$', unit=None, boundary='reflective')
05:50 bilby INFO    : Analysis likelihood class: <class 'nmma.em.likelihood.OpticalLightCurve'>
05:50 bilby INFO    : Analysis likelihood noise evidence: 0.0
05:50 bilby INFO    : Analysis likelihood noise evidence: 0.0
05:50 bilby INFO    : KNtimeshift=0.0
05:50 bilby INFO    : log10_epsilon_B=Uniform(minimum=-10, maximum=0, name='log10_epsilon_B', latex_label='$\\log_{10}\\epsilon_B$', unit=None, boundary='reflective')
05:50 bilby INFO    : KNtimeshift=0.0
05:50 bilby INFO    : log10_epsilon_B=Uniform(minimum=-10, maximum=0, name='log10_epsilon_B', latex_label='$\\log_{10}\\epsilon_B$', unit=None, boundary='reflective')
05:50 bilby INFO    : Analysis likelihood class: <class 'nmma.em.likelihood.OpticalLightCurve'>
05:50 bilby INFO    : Analysis likelihood noise evidence: 0.0
05:50 bilby INFO    : log10_epsilon_B=Uniform(minimum=-10, maximum=0, name='log10_epsilon_B', latex_label='$\\log_{10}\\epsilon_B$', unit=None, boundary='reflective')
05:50 bilby INFO    : Analysis likelihood class: <class 'nmma.em.likelihood.OpticalLightCurve'>
05:50 bilby INFO    : Analysis likelihood noise evidence: 0.0
05:50 bilby INFO    : Ebv=0.0
05:50 bilby INFO    : Analysis likelihood noise evidence: 0.0
05:50 bilby INFO    : Analysis likelihood class: <class 'nmma.em.likelihood.OpticalLightCurve'>
05:50 bilby INFO    : Ebv=0.0
05:50 bilby INFO    : Analysis likelihood class: <class 'nmma.em.likelihood.OpticalLightCurve'>
05:50 bilby INFO    : Analysis likelihood noise evidence: 0.0
05:50 bilby INFO    : KNtimeshift=0.0
05:50 bilby INFO    : Ebv=0.0
05:50 bilby INFO    : Analysis likelihood class: <class 'nmma.em.likelihood.OpticalLightCurve'>
05:50 bilby INFO    : KNtimeshift=0.0
05:50 bilby INFO    : Ebv=0.0
05:50 bilby INFO    : Ebv=0.0
05:50 bilby INFO    : Analysis likelihood class: <class 'nmma.em.likelihood.OpticalLightCurve'>
05:50 bilby INFO    : KNtimeshift=0.0
05:50 bilby INFO    : log10_epsilon_B=Uniform(minimum=-10, maximum=0, name='log10_epsilon_B', latex_label='$\\log_{10}\\epsilon_B$', unit=None, boundary='reflective')
05:50 bilby INFO    : KNtimeshift=0.0
05:50 bilby INFO    : KNtimeshift=0.0
05:50 bilby INFO    : Ebv=0.0
05:50 bilby INFO    : Ebv=0.0
05:50 bilby INFO    : log10_epsilon_B=Uniform(minimum=-10, maximum=0, name='log10_epsilon_B', latex_label='$\\log_{10}\\epsilon_B$', unit=None, boundary='reflective')
05:50 bilby INFO    : log10_epsilon_B=Uniform(minimum=-10, maximum=0, name='log10_epsilon_B', latex_label='$\\log_{10}\\epsilon_B$', unit=None, boundary='reflective')
05:50 bilby INFO    : Analysis likelihood class: <class 'nmma.em.likelihood.OpticalLightCurve'>
05:50 bilby INFO    : log10_epsilon_B=Uniform(minimum=-10, maximum=0, name='log10_epsilon_B', latex_label='$\\log_{10}\\epsilon_B$', unit=None, boundary='reflective')
05:50 bilby INFO    : KNtimeshift=0.0
05:50 bilby INFO    : Analysis likelihood noise evidence: 0.0
05:50 bilby INFO    : Analysis likelihood class: <class 'nmma.em.likelihood.OpticalLightCurve'>
05:50 bilby INFO    : Analysis likelihood noise evidence: 0.0
05:50 bilby INFO    : Ebv=0.0
05:50 bilby INFO    : log10_epsilon_B=Uniform(minimum=-10, maximum=0, name='log10_epsilon_B', latex_label='$\\log_{10}\\epsilon_B$', unit=None, boundary='reflective')
05:50 bilby INFO    : Ebv=0.0
05:50 bilby INFO    : Analysis likelihood class: <class 'nmma.em.likelihood.OpticalLightCurve'>
05:50 bilby INFO    : KNtimeshift=0.0
05:50 bilby INFO    : Ebv=0.0
05:50 bilby INFO    : Ebv=0.0
05:50 bilby INFO    : Ebv=0.0
05:50 bilby INFO    : Analysis likelihood class: <class 'nmma.em.likelihood.OpticalLightCurve'>
05:50 bilby INFO    : KNtimeshift=0.0
05:50 bilby INFO    : Ebv=0.0
05:50 bilby INFO    : Analysis likelihood noise evidence: 0.0
05:50 bilby INFO    : log10_epsilon_B=Uniform(minimum=-10, maximum=0, name='log10_epsilon_B', latex_label='$\\log_{10}\\epsilon_B$', unit=None, boundary='reflective')
05:50 bilby INFO    : KNtimeshift=0.0
05:50 bilby INFO    : KNtimeshift=0.0
05:50 bilby INFO    : Ebv=0.0
05:50 bilby INFO    : KNtimeshift=0.0
05:50 bilby INFO    : Analysis likelihood noise evidence: 0.0
05:50 bilby INFO    : Analysis likelihood noise evidence: 0.0
05:50 bilby INFO    : Analysis likelihood noise evidence: 0.0
05:50 bilby INFO    : Analysis likelihood class: <class 'nmma.em.likelihood.OpticalLightCurve'>
05:50 bilby INFO    : Analysis likelihood noise evidence: 0.0
05:50 bilby INFO    : KNtimeshift=0.0
05:50 bilby INFO    : Analysis likelihood noise evidence: 0.0
05:50 bilby INFO    : Analysis likelihood noise evidence: 0.0
05:50 bilby INFO    : Ebv=0.0
05:50 bilby INFO    : Analysis likelihood class: <class 'nmma.em.likelihood.OpticalLightCurve'>
05:50 bilby INFO    : Analysis likelihood class: <class 'nmma.em.likelihood.OpticalLightCurve'>
05:50 bilby INFO    : Analysis likelihood class: <class 'nmma.em.likelihood.OpticalLightCurve'>
05:50 bilby INFO    : Analysis likelihood noise evidence: 0.0
05:50 bilby INFO    : KNtimeshift=0.0
05:50 bilby INFO    : Ebv=0.0
05:50 bilby INFO    : Ebv=0.0
05:50 bilby INFO    : Ebv=0.0
05:50 bilby INFO    : Analysis likelihood noise evidence: 0.0
05:50 bilby INFO    : Analysis likelihood class: <class 'nmma.em.likelihood.OpticalLightCurve'>
05:50 bilby INFO    : Analysis likelihood noise evidence: 0.0
05:50 bilby INFO    : Ebv=0.0
05:50 bilby INFO    : Analysis likelihood class: <class 'nmma.em.likelihood.OpticalLightCurve'>
05:50 bilby INFO    : Analysis likelihood class: <class 'nmma.em.likelihood.OpticalLightCurve'>
05:50 bilby INFO    : Analysis likelihood noise evidence: 0.0
05:50 bilby INFO    : Analysis likelihood noise evidence: 0.0
05:50 bilby INFO    : Analysis likelihood noise evidence: 0.0
05:50 bilby INFO    : Analysis likelihood class: <class 'nmma.em.likelihood.OpticalLightCurve'>
05:50 bilby INFO    : Analysis likelihood noise evidence: 0.0
05:50 bilby INFO    : Ebv=0.0
05:50 bilby INFO    : Analysis likelihood class: <class 'nmma.em.likelihood.OpticalLightCurve'>
05:50 bilby INFO    : Analysis likelihood class: <class 'nmma.em.likelihood.OpticalLightCurve'>
05:50 bilby INFO    : Analysis likelihood noise evidence: 0.0
05:50 bilby INFO    : Analysis likelihood class: <class 'nmma.em.likelihood.OpticalLightCurve'>
05:50 bilby INFO    : Analysis likelihood class: <class 'nmma.em.likelihood.OpticalLightCurve'>
05:50 bilby INFO    : Analysis likelihood class: <class 'nmma.em.likelihood.OpticalLightCurve'>
05:50 bilby INFO    : Analysis likelihood noise evidence: 0.0
05:50 bilby INFO    : Analysis likelihood noise evidence: 0.0
05:50 bilby INFO    : Analysis likelihood class: <class 'nmma.em.likelihood.OpticalLightCurve'>
05:50 bilby INFO    : Analysis likelihood noise evidence: 0.0
05:50 bilby INFO    : Analysis likelihood noise evidence: 0.0
05:50 bilby INFO    : Analysis likelihood noise evidence: 0.0
05:50 bilby INFO    : Analysis likelihood noise evidence: 0.0
05:50 bilby INFO    : Analysis likelihood noise evidence: 0.0
05:50 bilby INFO    : inclination_EM=nmma.em.prior.ConditionalGaussianIotaGivenThetaCore(minimum=0.0, maximum=0.7853981633974483, name='inclination_EM', N_sigma=1.0, latex_label='$\\iota$', unit=None, boundary=None)
05:50 bilby INFO    : luminosity_distance=Uniform(minimum=1971, maximum=1991, name='luminosity_distance', latex_label='$D_L$', unit=None, boundary=None)
05:50 bilby INFO    : log10_E0=Uniform(minimum=47.0, maximum=57.0, name='log10_E0', latex_label='$\\log_{10}E_0$', unit=None, boundary='reflective')
05:50 bilby INFO    : thetaCore=Uniform(minimum=0.01, maximum=0.3141592653589793, name='theta_core', latex_label='$\\theta_c$', unit=None, boundary='reflective')
05:50 bilby INFO    : thetaWing=Uniform(minimum=0.01, maximum=0.7853981633974483, name='theta_wing', latex_label='$\\theta_w$', unit=None, boundary=None)
05:50 bilby INFO    : log10_n0=Uniform(minimum=-6, maximum=3.0, name='log10_n0', latex_label='$\\log_{10}n_0$', unit=None, boundary='reflective')
05:50 bilby INFO    : p=Uniform(minimum=2.01, maximum=3.0, name='p', latex_label='$p$', unit=None, boundary=None)
05:50 bilby INFO    : log10_epsilon_e=Uniform(minimum=-5, maximum=0, name='log10_epsilon_e', latex_label='$\\log_{10}\\epsilon_e$', unit=None, boundary='reflective')
05:50 bilby INFO    : log10_epsilon_B=Uniform(minimum=-10, maximum=0, name='log10_epsilon_B', latex_label='$\\log_{10}\\epsilon_B$', unit=None, boundary='reflective')
05:50 bilby INFO    : KNtimeshift=0.0
05:50 bilby INFO    : Ebv=0.0
05:50 bilby INFO    : Analysis likelihood class: <class 'nmma.em.likelihood.OpticalLightCurve'>
05:50 bilby INFO    : Analysis likelihood noise evidence: 0.0
05:51 bilby INFO    : Single likelihood evaluation took 4.164e-01 s
05:51 bilby WARNING : Supplied argument 'queue_size' not an argument of 'Pymultinest', removing.
05:51 bilby WARNING : Supplied argument 'check_point_delta_t' not an argument of 'Pymultinest', removing.
05:51 bilby INFO    : Using sampler Pymultinest with kwargs {'importance_nested_sampling': False, 'resume': True, 'verbose': True, 'sampling_efficiency': 'parameter', 'n_live_points': 2048, 'n_params': 10, 'n_clustering_params': None, 'wrapped_params': None, 'multimodal': True, 'const_efficiency_mode': False, 'evidence_tolerance': 0.5, 'n_iter_before_update': 100, 'null_log_evidence': -1e+90, 'max_modes': 100, 'mode_tolerance': -1e+90, 'seed': 42, 'context': 0, 'write_output': True, 'log_zero': -1e+100, 'max_iter': 0, 'init_MPI': False, 'dump_callback': <bound method Pymultinest._dump_callback of <bilby.core.sampler.pymultinest.Pymultinest object at 0x1555042f0220>>}
05:51 bilby INFO    : Temporary directory incompatible with MPI, will run in original directory
05:51 bilby INFO    : Using output file outdirSNgauss32cores/pm_GRB230812B/
05:51 bilby INFO    : Single likelihood evaluation took 4.269e-01 s
05:51 bilby WARNING : Supplied argument 'queue_size' not an argument of 'Pymultinest', removing.
05:51 bilby WARNING : Supplied argument 'check_point_delta_t' not an argument of 'Pymultinest', removing.
05:51 bilby INFO    : Using sampler Pymultinest with kwargs {'importance_nested_sampling': False, 'resume': True, 'verbose': True, 'sampling_efficiency': 'parameter', 'n_live_points': 2048, 'n_params': 10, 'n_clustering_params': None, 'wrapped_params': None, 'multimodal': True, 'const_efficiency_mode': False, 'evidence_tolerance': 0.5, 'n_iter_before_update': 100, 'null_log_evidence': -1e+90, 'max_modes': 100, 'mode_tolerance': -1e+90, 'seed': 42, 'context': 0, 'write_output': True, 'log_zero': -1e+100, 'max_iter': 0, 'init_MPI': False, 'dump_callback': <bound method Pymultinest._dump_callback of <bilby.core.sampler.pymultinest.Pymultinest object at 0x1555045e5580>>}
05:51 bilby INFO    : Temporary directory incompatible with MPI, will run in original directory
05:51 bilby INFO    : Using output file outdirSNgauss32cores/pm_GRB230812B/
05:51 bilby INFO    : Single likelihood evaluation took 4.387e-01 s
05:51 bilby WARNING : Supplied argument 'queue_size' not an argument of 'Pymultinest', removing.
05:51 bilby WARNING : Supplied argument 'check_point_delta_t' not an argument of 'Pymultinest', removing.
05:51 bilby INFO    : Using sampler Pymultinest with kwargs {'importance_nested_sampling': False, 'resume': True, 'verbose': True, 'sampling_efficiency': 'parameter', 'n_live_points': 2048, 'n_params': 10, 'n_clustering_params': None, 'wrapped_params': None, 'multimodal': True, 'const_efficiency_mode': False, 'evidence_tolerance': 0.5, 'n_iter_before_update': 100, 'null_log_evidence': -1e+90, 'max_modes': 100, 'mode_tolerance': -1e+90, 'seed': 42, 'context': 0, 'write_output': True, 'log_zero': -1e+100, 'max_iter': 0, 'init_MPI': False, 'dump_callback': <bound method Pymultinest._dump_callback of <bilby.core.sampler.pymultinest.Pymultinest object at 0x1555045ea130>>}
05:51 bilby INFO    : Temporary directory incompatible with MPI, will run in original directory
05:51 bilby INFO    : Using output file outdirSNgauss32cores/pm_GRB230812B/
05:51 bilby INFO    : Single likelihood evaluation took 4.469e-01 s
05:51 bilby WARNING : Supplied argument 'queue_size' not an argument of 'Pymultinest', removing.
05:51 bilby WARNING : Supplied argument 'check_point_delta_t' not an argument of 'Pymultinest', removing.
05:51 bilby INFO    : Using sampler Pymultinest with kwargs {'importance_nested_sampling': False, 'resume': True, 'verbose': True, 'sampling_efficiency': 'parameter', 'n_live_points': 2048, 'n_params': 10, 'n_clustering_params': None, 'wrapped_params': None, 'multimodal': True, 'const_efficiency_mode': False, 'evidence_tolerance': 0.5, 'n_iter_before_update': 100, 'null_log_evidence': -1e+90, 'max_modes': 100, 'mode_tolerance': -1e+90, 'seed': 42, 'context': 0, 'write_output': True, 'log_zero': -1e+100, 'max_iter': 0, 'init_MPI': False, 'dump_callback': <bound method Pymultinest._dump_callback of <bilby.core.sampler.pymultinest.Pymultinest object at 0x15550c5e4580>>}
05:51 bilby INFO    : Temporary directory incompatible with MPI, will run in original directory
05:51 bilby INFO    : Using output file outdirSNgauss32cores/pm_GRB230812B/
05:51 bilby INFO    : Single likelihood evaluation took 4.597e-01 s
05:51 bilby WARNING : Supplied argument 'queue_size' not an argument of 'Pymultinest', removing.
05:51 bilby WARNING : Supplied argument 'check_point_delta_t' not an argument of 'Pymultinest', removing.
05:51 bilby INFO    : Using sampler Pymultinest with kwargs {'importance_nested_sampling': False, 'resume': True, 'verbose': True, 'sampling_efficiency': 'parameter', 'n_live_points': 2048, 'n_params': 10, 'n_clustering_params': None, 'wrapped_params': None, 'multimodal': True, 'const_efficiency_mode': False, 'evidence_tolerance': 0.5, 'n_iter_before_update': 100, 'null_log_evidence': -1e+90, 'max_modes': 100, 'mode_tolerance': -1e+90, 'seed': 42, 'context': 0, 'write_output': True, 'log_zero': -1e+100, 'max_iter': 0, 'init_MPI': False, 'dump_callback': <bound method Pymultinest._dump_callback of <bilby.core.sampler.pymultinest.Pymultinest object at 0x1555042f2220>>}
05:51 bilby INFO    : Temporary directory incompatible with MPI, will run in original directory
05:51 bilby INFO    : Using output file outdirSNgauss32cores/pm_GRB230812B/
05:51 bilby INFO    : Single likelihood evaluation took 4.726e-01 s
05:51 bilby WARNING : Supplied argument 'queue_size' not an argument of 'Pymultinest', removing.
05:51 bilby WARNING : Supplied argument 'check_point_delta_t' not an argument of 'Pymultinest', removing.
05:51 bilby INFO    : Using sampler Pymultinest with kwargs {'importance_nested_sampling': False, 'resume': True, 'verbose': True, 'sampling_efficiency': 'parameter', 'n_live_points': 2048, 'n_params': 10, 'n_clustering_params': None, 'wrapped_params': None, 'multimodal': True, 'const_efficiency_mode': False, 'evidence_tolerance': 0.5, 'n_iter_before_update': 100, 'null_log_evidence': -1e+90, 'max_modes': 100, 'mode_tolerance': -1e+90, 'seed': 42, 'context': 0, 'write_output': True, 'log_zero': -1e+100, 'max_iter': 0, 'init_MPI': False, 'dump_callback': <bound method Pymultinest._dump_callback of <bilby.core.sampler.pymultinest.Pymultinest object at 0x15550c5e71c0>>}
05:51 bilby INFO    : Temporary directory incompatible with MPI, will run in original directory
05:51 bilby INFO    : Using output file outdirSNgauss32cores/pm_GRB230812B/
05:51 bilby INFO    : Single likelihood evaluation took 4.768e-01 s
05:51 bilby WARNING : Supplied argument 'queue_size' not an argument of 'Pymultinest', removing.
05:51 bilby WARNING : Supplied argument 'check_point_delta_t' not an argument of 'Pymultinest', removing.
05:51 bilby INFO    : Using sampler Pymultinest with kwargs {'importance_nested_sampling': False, 'resume': True, 'verbose': True, 'sampling_efficiency': 'parameter', 'n_live_points': 2048, 'n_params': 10, 'n_clustering_params': None, 'wrapped_params': None, 'multimodal': True, 'const_efficiency_mode': False, 'evidence_tolerance': 0.5, 'n_iter_before_update': 100, 'null_log_evidence': -1e+90, 'max_modes': 100, 'mode_tolerance': -1e+90, 'seed': 42, 'context': 0, 'write_output': True, 'log_zero': -1e+100, 'max_iter': 0, 'init_MPI': False, 'dump_callback': <bound method Pymultinest._dump_callback of <bilby.core.sampler.pymultinest.Pymultinest object at 0x1555045e81f0>>}
05:51 bilby INFO    : Temporary directory incompatible with MPI, will run in original directory
05:51 bilby INFO    : Using output file outdirSNgauss32cores/pm_GRB230812B/
05:51 bilby INFO    : Single likelihood evaluation took 4.833e-01 s
05:51 bilby WARNING : Supplied argument 'queue_size' not an argument of 'Pymultinest', removing.
05:51 bilby WARNING : Supplied argument 'check_point_delta_t' not an argument of 'Pymultinest', removing.
05:51 bilby INFO    : Using sampler Pymultinest with kwargs {'importance_nested_sampling': False, 'resume': True, 'verbose': True, 'sampling_efficiency': 'parameter', 'n_live_points': 2048, 'n_params': 10, 'n_clustering_params': None, 'wrapped_params': None, 'multimodal': True, 'const_efficiency_mode': False, 'evidence_tolerance': 0.5, 'n_iter_before_update': 100, 'null_log_evidence': -1e+90, 'max_modes': 100, 'mode_tolerance': -1e+90, 'seed': 42, 'context': 0, 'write_output': True, 'log_zero': -1e+100, 'max_iter': 0, 'init_MPI': False, 'dump_callback': <bound method Pymultinest._dump_callback of <bilby.core.sampler.pymultinest.Pymultinest object at 0x1555045e4580>>}
05:51 bilby INFO    : Temporary directory incompatible with MPI, will run in original directory
05:51 bilby INFO    : Using output file outdirSNgauss32cores/pm_GRB230812B/
05:51 bilby INFO    : Single likelihood evaluation took 4.951e-01 s
05:51 bilby INFO    : Single likelihood evaluation took 4.889e-01 s
05:51 bilby INFO    : Single likelihood evaluation took 4.926e-01 s
05:51 bilby WARNING : Supplied argument 'queue_size' not an argument of 'Pymultinest', removing.
05:51 bilby WARNING : Supplied argument 'check_point_delta_t' not an argument of 'Pymultinest', removing.
05:51 bilby INFO    : Using sampler Pymultinest with kwargs {'importance_nested_sampling': False, 'resume': True, 'verbose': True, 'sampling_efficiency': 'parameter', 'n_live_points': 2048, 'n_params': 10, 'n_clustering_params': None, 'wrapped_params': None, 'multimodal': True, 'const_efficiency_mode': False, 'evidence_tolerance': 0.5, 'n_iter_before_update': 100, 'null_log_evidence': -1e+90, 'max_modes': 100, 'mode_tolerance': -1e+90, 'seed': 42, 'context': 0, 'write_output': True, 'log_zero': -1e+100, 'max_iter': 0, 'init_MPI': False, 'dump_callback': <bound method Pymultinest._dump_callback of <bilby.core.sampler.pymultinest.Pymultinest object at 0x15553dbf3580>>}
05:51 bilby INFO    : Temporary directory incompatible with MPI, will run in original directory
05:51 bilby INFO    : Using output file outdirSNgauss32cores/pm_GRB230812B/
05:51 bilby INFO    : Single likelihood evaluation took 4.927e-01 s
05:51 bilby WARNING : Supplied argument 'queue_size' not an argument of 'Pymultinest', removing.
05:51 bilby WARNING : Supplied argument 'check_point_delta_t' not an argument of 'Pymultinest', removing.
05:51 bilby INFO    : Using sampler Pymultinest with kwargs {'importance_nested_sampling': False, 'resume': True, 'verbose': True, 'sampling_efficiency': 'parameter', 'n_live_points': 2048, 'n_params': 10, 'n_clustering_params': None, 'wrapped_params': None, 'multimodal': True, 'const_efficiency_mode': False, 'evidence_tolerance': 0.5, 'n_iter_before_update': 100, 'null_log_evidence': -1e+90, 'max_modes': 100, 'mode_tolerance': -1e+90, 'seed': 42, 'context': 0, 'write_output': True, 'log_zero': -1e+100, 'max_iter': 0, 'init_MPI': False, 'dump_callback': <bound method Pymultinest._dump_callback of <bilby.core.sampler.pymultinest.Pymultinest object at 0x1555045e81f0>>}
05:51 bilby INFO    : Temporary directory incompatible with MPI, will run in original directory
05:51 bilby INFO    : Using output file outdirSNgauss32cores/pm_GRB230812B/
05:51 bilby INFO    : Single likelihood evaluation took 4.932e-01 s
05:51 bilby WARNING : Supplied argument 'queue_size' not an argument of 'Pymultinest', removing.
05:51 bilby WARNING : Supplied argument 'check_point_delta_t' not an argument of 'Pymultinest', removing.
05:51 bilby INFO    : Using sampler Pymultinest with kwargs {'importance_nested_sampling': False, 'resume': True, 'verbose': True, 'sampling_efficiency': 'parameter', 'n_live_points': 2048, 'n_params': 10, 'n_clustering_params': None, 'wrapped_params': None, 'multimodal': True, 'const_efficiency_mode': False, 'evidence_tolerance': 0.5, 'n_iter_before_update': 100, 'null_log_evidence': -1e+90, 'max_modes': 100, 'mode_tolerance': -1e+90, 'seed': 42, 'context': 0, 'write_output': True, 'log_zero': -1e+100, 'max_iter': 0, 'init_MPI': False, 'dump_callback': <bound method Pymultinest._dump_callback of <bilby.core.sampler.pymultinest.Pymultinest object at 0x1555042f1280>>}
05:51 bilby INFO    : Temporary directory incompatible with MPI, will run in original directory
05:51 bilby INFO    : Using output file outdirSNgauss32cores/pm_GRB230812B/
05:51 bilby INFO    : Single likelihood evaluation took 5.059e-01 s
05:51 bilby WARNING : Supplied argument 'queue_size' not an argument of 'Pymultinest', removing.
05:51 bilby WARNING : Supplied argument 'check_point_delta_t' not an argument of 'Pymultinest', removing.
05:51 bilby INFO    : Using sampler Pymultinest with kwargs {'importance_nested_sampling': False, 'resume': True, 'verbose': True, 'sampling_efficiency': 'parameter', 'n_live_points': 2048, 'n_params': 10, 'n_clustering_params': None, 'wrapped_params': None, 'multimodal': True, 'const_efficiency_mode': False, 'evidence_tolerance': 0.5, 'n_iter_before_update': 100, 'null_log_evidence': -1e+90, 'max_modes': 100, 'mode_tolerance': -1e+90, 'seed': 42, 'context': 0, 'write_output': True, 'log_zero': -1e+100, 'max_iter': 0, 'init_MPI': False, 'dump_callback': <bound method Pymultinest._dump_callback of <bilby.core.sampler.pymultinest.Pymultinest object at 0x1555045e55b0>>}
05:51 bilby INFO    : Temporary directory incompatible with MPI, will run in original directory
05:51 bilby INFO    : Using output file outdirSNgauss32cores/pm_GRB230812B/
05:51 bilby INFO    : Single likelihood evaluation took 5.040e-01 s
05:51 bilby WARNING : Supplied argument 'queue_size' not an argument of 'Pymultinest', removing.
05:51 bilby WARNING : Supplied argument 'check_point_delta_t' not an argument of 'Pymultinest', removing.
05:51 bilby INFO    : Using sampler Pymultinest with kwargs {'importance_nested_sampling': False, 'resume': True, 'verbose': True, 'sampling_efficiency': 'parameter', 'n_live_points': 2048, 'n_params': 10, 'n_clustering_params': None, 'wrapped_params': None, 'multimodal': True, 'const_efficiency_mode': False, 'evidence_tolerance': 0.5, 'n_iter_before_update': 100, 'null_log_evidence': -1e+90, 'max_modes': 100, 'mode_tolerance': -1e+90, 'seed': 42, 'context': 0, 'write_output': True, 'log_zero': -1e+100, 'max_iter': 0, 'init_MPI': False, 'dump_callback': <bound method Pymultinest._dump_callback of <bilby.core.sampler.pymultinest.Pymultinest object at 0x1555045e1910>>}
05:51 bilby INFO    : Temporary directory incompatible with MPI, will run in original directory
05:51 bilby INFO    : Using output file outdirSNgauss32cores/pm_GRB230812B/
05:51 bilby WARNING : Supplied argument 'queue_size' not an argument of 'Pymultinest', removing.
05:51 bilby WARNING : Supplied argument 'check_point_delta_t' not an argument of 'Pymultinest', removing.
05:51 bilby INFO    : Using sampler Pymultinest with kwargs {'importance_nested_sampling': False, 'resume': True, 'verbose': True, 'sampling_efficiency': 'parameter', 'n_live_points': 2048, 'n_params': 10, 'n_clustering_params': None, 'wrapped_params': None, 'multimodal': True, 'const_efficiency_mode': False, 'evidence_tolerance': 0.5, 'n_iter_before_update': 100, 'null_log_evidence': -1e+90, 'max_modes': 100, 'mode_tolerance': -1e+90, 'seed': 42, 'context': 0, 'write_output': True, 'log_zero': -1e+100, 'max_iter': 0, 'init_MPI': False, 'dump_callback': <bound method Pymultinest._dump_callback of <bilby.core.sampler.pymultinest.Pymultinest object at 0x1555045ea100>>}
05:51 bilby INFO    : Temporary directory incompatible with MPI, will run in original directory
05:51 bilby INFO    : Using output file outdirSNgauss32cores/pm_GRB230812B/
05:51 bilby INFO    : Single likelihood evaluation took 5.141e-01 s
05:51 bilby INFO    : Single likelihood evaluation took 5.161e-01 s
05:51 bilby INFO    : Single likelihood evaluation took 5.178e-01 s
05:51 bilby WARNING : Supplied argument 'queue_size' not an argument of 'Pymultinest', removing.
05:51 bilby WARNING : Supplied argument 'check_point_delta_t' not an argument of 'Pymultinest', removing.
05:51 bilby INFO    : Using sampler Pymultinest with kwargs {'importance_nested_sampling': False, 'resume': True, 'verbose': True, 'sampling_efficiency': 'parameter', 'n_live_points': 2048, 'n_params': 10, 'n_clustering_params': None, 'wrapped_params': None, 'multimodal': True, 'const_efficiency_mode': False, 'evidence_tolerance': 0.5, 'n_iter_before_update': 100, 'null_log_evidence': -1e+90, 'max_modes': 100, 'mode_tolerance': -1e+90, 'seed': 42, 'context': 0, 'write_output': True, 'log_zero': -1e+100, 'max_iter': 0, 'init_MPI': False, 'dump_callback': <bound method Pymultinest._dump_callback of <bilby.core.sampler.pymultinest.Pymultinest object at 0x1555042f01f0>>}
05:51 bilby INFO    : Temporary directory incompatible with MPI, will run in original directory
05:51 bilby INFO    : Using output file outdirSNgauss32cores/pm_GRB230812B/
05:51 bilby WARNING : Supplied argument 'queue_size' not an argument of 'Pymultinest', removing.
05:51 bilby WARNING : Supplied argument 'check_point_delta_t' not an argument of 'Pymultinest', removing.
05:51 bilby INFO    : Using sampler Pymultinest with kwargs {'importance_nested_sampling': False, 'resume': True, 'verbose': True, 'sampling_efficiency': 'parameter', 'n_live_points': 2048, 'n_params': 10, 'n_clustering_params': None, 'wrapped_params': None, 'multimodal': True, 'const_efficiency_mode': False, 'evidence_tolerance': 0.5, 'n_iter_before_update': 100, 'null_log_evidence': -1e+90, 'max_modes': 100, 'mode_tolerance': -1e+90, 'seed': 42, 'context': 0, 'write_output': True, 'log_zero': -1e+100, 'max_iter': 0, 'init_MPI': False, 'dump_callback': <bound method Pymultinest._dump_callback of <bilby.core.sampler.pymultinest.Pymultinest object at 0x15553dbf6100>>}
05:51 bilby INFO    : Temporary directory incompatible with MPI, will run in original directory
05:51 bilby INFO    : Using output file outdirSNgauss32cores/pm_GRB230812B/
05:51 bilby WARNING : Supplied argument 'queue_size' not an argument of 'Pymultinest', removing.
05:51 bilby WARNING : Supplied argument 'check_point_delta_t' not an argument of 'Pymultinest', removing.
05:51 bilby INFO    : Using sampler Pymultinest with kwargs {'importance_nested_sampling': False, 'resume': True, 'verbose': True, 'sampling_efficiency': 'parameter', 'n_live_points': 2048, 'n_params': 10, 'n_clustering_params': None, 'wrapped_params': None, 'multimodal': True, 'const_efficiency_mode': False, 'evidence_tolerance': 0.5, 'n_iter_before_update': 100, 'null_log_evidence': -1e+90, 'max_modes': 100, 'mode_tolerance': -1e+90, 'seed': 42, 'context': 0, 'write_output': True, 'log_zero': -1e+100, 'max_iter': 0, 'init_MPI': False, 'dump_callback': <bound method Pymultinest._dump_callback of <bilby.core.sampler.pymultinest.Pymultinest object at 0x1555045ea190>>}
05:51 bilby INFO    : Temporary directory incompatible with MPI, will run in original directory
05:51 bilby INFO    : Using output file outdirSNgauss32cores/pm_GRB230812B/
05:51 bilby INFO    : Single likelihood evaluation took 5.263e-01 s
05:51 bilby WARNING : Supplied argument 'queue_size' not an argument of 'Pymultinest', removing.
05:51 bilby WARNING : Supplied argument 'check_point_delta_t' not an argument of 'Pymultinest', removing.
05:51 bilby INFO    : Using sampler Pymultinest with kwargs {'importance_nested_sampling': False, 'resume': True, 'verbose': True, 'sampling_efficiency': 'parameter', 'n_live_points': 2048, 'n_params': 10, 'n_clustering_params': None, 'wrapped_params': None, 'multimodal': True, 'const_efficiency_mode': False, 'evidence_tolerance': 0.5, 'n_iter_before_update': 100, 'null_log_evidence': -1e+90, 'max_modes': 100, 'mode_tolerance': -1e+90, 'seed': 42, 'context': 0, 'write_output': True, 'log_zero': -1e+100, 'max_iter': 0, 'init_MPI': False, 'dump_callback': <bound method Pymultinest._dump_callback of <bilby.core.sampler.pymultinest.Pymultinest object at 0x1555045e8190>>}
05:51 bilby INFO    : Temporary directory incompatible with MPI, will run in original directory
05:51 bilby INFO    : Using output file outdirSNgauss32cores/pm_GRB230812B/
05:51 bilby INFO    : Single likelihood evaluation took 5.238e-01 s
05:51 bilby WARNING : Supplied argument 'queue_size' not an argument of 'Pymultinest', removing.
05:51 bilby WARNING : Supplied argument 'check_point_delta_t' not an argument of 'Pymultinest', removing.
05:51 bilby INFO    : Using sampler Pymultinest with kwargs {'importance_nested_sampling': False, 'resume': True, 'verbose': True, 'sampling_efficiency': 'parameter', 'n_live_points': 2048, 'n_params': 10, 'n_clustering_params': None, 'wrapped_params': None, 'multimodal': True, 'const_efficiency_mode': False, 'evidence_tolerance': 0.5, 'n_iter_before_update': 100, 'null_log_evidence': -1e+90, 'max_modes': 100, 'mode_tolerance': -1e+90, 'seed': 42, 'context': 0, 'write_output': True, 'log_zero': -1e+100, 'max_iter': 0, 'init_MPI': False, 'dump_callback': <bound method Pymultinest._dump_callback of <bilby.core.sampler.pymultinest.Pymultinest object at 0x1555045e4640>>}
05:51 bilby INFO    : Temporary directory incompatible with MPI, will run in original directory
05:51 bilby INFO    : Using output file outdirSNgauss32cores/pm_GRB230812B/
05:51 bilby INFO    : Single likelihood evaluation took 5.352e-01 s
05:51 bilby WARNING : Supplied argument 'queue_size' not an argument of 'Pymultinest', removing.
05:51 bilby WARNING : Supplied argument 'check_point_delta_t' not an argument of 'Pymultinest', removing.
05:51 bilby INFO    : Using sampler Pymultinest with kwargs {'importance_nested_sampling': False, 'resume': True, 'verbose': True, 'sampling_efficiency': 'parameter', 'n_live_points': 2048, 'n_params': 10, 'n_clustering_params': None, 'wrapped_params': None, 'multimodal': True, 'const_efficiency_mode': False, 'evidence_tolerance': 0.5, 'n_iter_before_update': 100, 'null_log_evidence': -1e+90, 'max_modes': 100, 'mode_tolerance': -1e+90, 'seed': 42, 'context': 0, 'write_output': True, 'log_zero': -1e+100, 'max_iter': 0, 'init_MPI': False, 'dump_callback': <bound method Pymultinest._dump_callback of <bilby.core.sampler.pymultinest.Pymultinest object at 0x15550c5e81f0>>}
05:51 bilby INFO    : Temporary directory incompatible with MPI, will run in original directory
05:51 bilby INFO    : Using output file outdirSNgauss32cores/pm_GRB230812B/
05:51 bilby INFO    : Single likelihood evaluation took 5.281e-01 s
05:51 bilby INFO    : Single likelihood evaluation took 5.392e-01 s
05:51 bilby WARNING : Supplied argument 'queue_size' not an argument of 'Pymultinest', removing.
05:51 bilby WARNING : Supplied argument 'check_point_delta_t' not an argument of 'Pymultinest', removing.
05:51 bilby INFO    : Using sampler Pymultinest with kwargs {'importance_nested_sampling': False, 'resume': True, 'verbose': True, 'sampling_efficiency': 'parameter', 'n_live_points': 2048, 'n_params': 10, 'n_clustering_params': None, 'wrapped_params': None, 'multimodal': True, 'const_efficiency_mode': False, 'evidence_tolerance': 0.5, 'n_iter_before_update': 100, 'null_log_evidence': -1e+90, 'max_modes': 100, 'mode_tolerance': -1e+90, 'seed': 42, 'context': 0, 'write_output': True, 'log_zero': -1e+100, 'max_iter': 0, 'init_MPI': False, 'dump_callback': <bound method Pymultinest._dump_callback of <bilby.core.sampler.pymultinest.Pymultinest object at 0x15550c5ea130>>}
05:51 bilby INFO    : Temporary directory incompatible with MPI, will run in original directory
05:51 bilby INFO    : Using output file outdirSNgauss32cores/pm_GRB230812B/
05:51 bilby WARNING : Supplied argument 'queue_size' not an argument of 'Pymultinest', removing.
05:51 bilby WARNING : Supplied argument 'check_point_delta_t' not an argument of 'Pymultinest', removing.
05:51 bilby INFO    : Using sampler Pymultinest with kwargs {'importance_nested_sampling': False, 'resume': True, 'verbose': True, 'sampling_efficiency': 'parameter', 'n_live_points': 2048, 'n_params': 10, 'n_clustering_params': None, 'wrapped_params': None, 'multimodal': True, 'const_efficiency_mode': False, 'evidence_tolerance': 0.5, 'n_iter_before_update': 100, 'null_log_evidence': -1e+90, 'max_modes': 100, 'mode_tolerance': -1e+90, 'seed': 42, 'context': 0, 'write_output': True, 'log_zero': -1e+100, 'max_iter': 0, 'init_MPI': False, 'dump_callback': <bound method Pymultinest._dump_callback of <bilby.core.sampler.pymultinest.Pymultinest object at 0x15550c5e9100>>}
05:51 bilby INFO    : Temporary directory incompatible with MPI, will run in original directory
05:51 bilby INFO    : Using output file outdirSNgauss32cores/pm_GRB230812B/
05:51 bilby WARNING : Supplied argument 'queue_size' not an argument of 'Pymultinest', removing.
05:51 bilby WARNING : Supplied argument 'check_point_delta_t' not an argument of 'Pymultinest', removing.
05:51 bilby INFO    : Using sampler Pymultinest with kwargs {'importance_nested_sampling': False, 'resume': True, 'verbose': True, 'sampling_efficiency': 'parameter', 'n_live_points': 2048, 'n_params': 10, 'n_clustering_params': None, 'wrapped_params': None, 'multimodal': True, 'const_efficiency_mode': False, 'evidence_tolerance': 0.5, 'n_iter_before_update': 100, 'null_log_evidence': -1e+90, 'max_modes': 100, 'mode_tolerance': -1e+90, 'seed': 42, 'context': 0, 'write_output': True, 'log_zero': -1e+100, 'max_iter': 0, 'init_MPI': False, 'dump_callback': <bound method Pymultinest._dump_callback of <bilby.core.sampler.pymultinest.Pymultinest object at 0x15550c5e9100>>}
05:51 bilby INFO    : Temporary directory incompatible with MPI, will run in original directory
05:51 bilby INFO    : Using output file outdirSNgauss32cores/pm_GRB230812B/
05:51 bilby INFO    : Single likelihood evaluation took 5.550e-01 s
05:51 bilby INFO    : Single likelihood evaluation took 5.476e-01 s
05:51 bilby WARNING : Supplied argument 'queue_size' not an argument of 'Pymultinest', removing.
05:51 bilby WARNING : Supplied argument 'check_point_delta_t' not an argument of 'Pymultinest', removing.
05:51 bilby INFO    : Using sampler Pymultinest with kwargs {'importance_nested_sampling': False, 'resume': True, 'verbose': True, 'sampling_efficiency': 'parameter', 'n_live_points': 2048, 'n_params': 10, 'n_clustering_params': None, 'wrapped_params': None, 'multimodal': True, 'const_efficiency_mode': False, 'evidence_tolerance': 0.5, 'n_iter_before_update': 100, 'null_log_evidence': -1e+90, 'max_modes': 100, 'mode_tolerance': -1e+90, 'seed': 42, 'context': 0, 'write_output': True, 'log_zero': -1e+100, 'max_iter': 0, 'init_MPI': False, 'dump_callback': <bound method Pymultinest._dump_callback of <bilby.core.sampler.pymultinest.Pymultinest object at 0x15550c5e9190>>}
05:51 bilby INFO    : Temporary directory incompatible with MPI, will run in original directory
05:51 bilby INFO    : Using output file outdirSNgauss32cores/pm_GRB230812B/
05:51 bilby INFO    : Single likelihood evaluation took 5.605e-01 s
05:51 bilby WARNING : Supplied argument 'queue_size' not an argument of 'Pymultinest', removing.
05:51 bilby WARNING : Supplied argument 'check_point_delta_t' not an argument of 'Pymultinest', removing.
05:51 bilby INFO    : Using sampler Pymultinest with kwargs {'importance_nested_sampling': False, 'resume': True, 'verbose': True, 'sampling_efficiency': 'parameter', 'n_live_points': 2048, 'n_params': 10, 'n_clustering_params': None, 'wrapped_params': None, 'multimodal': True, 'const_efficiency_mode': False, 'evidence_tolerance': 0.5, 'n_iter_before_update': 100, 'null_log_evidence': -1e+90, 'max_modes': 100, 'mode_tolerance': -1e+90, 'seed': 42, 'context': 0, 'write_output': True, 'log_zero': -1e+100, 'max_iter': 0, 'init_MPI': False, 'dump_callback': <bound method Pymultinest._dump_callback of <bilby.core.sampler.pymultinest.Pymultinest object at 0x1555042ef280>>}
05:51 bilby INFO    : Temporary directory incompatible with MPI, will run in original directory
05:51 bilby INFO    : Using output file outdirSNgauss32cores/pm_GRB230812B/
05:51 bilby WARNING : Supplied argument 'queue_size' not an argument of 'Pymultinest', removing.
05:51 bilby WARNING : Supplied argument 'check_point_delta_t' not an argument of 'Pymultinest', removing.
05:51 bilby INFO    : Using sampler Pymultinest with kwargs {'importance_nested_sampling': False, 'resume': True, 'verbose': True, 'sampling_efficiency': 'parameter', 'n_live_points': 2048, 'n_params': 10, 'n_clustering_params': None, 'wrapped_params': None, 'multimodal': True, 'const_efficiency_mode': False, 'evidence_tolerance': 0.5, 'n_iter_before_update': 100, 'null_log_evidence': -1e+90, 'max_modes': 100, 'mode_tolerance': -1e+90, 'seed': 42, 'context': 0, 'write_output': True, 'log_zero': -1e+100, 'max_iter': 0, 'init_MPI': False, 'dump_callback': <bound method Pymultinest._dump_callback of <bilby.core.sampler.pymultinest.Pymultinest object at 0x15550c2ef190>>}
05:51 bilby INFO    : Temporary directory incompatible with MPI, will run in original directory
05:51 bilby INFO    : Using output file outdirSNgauss32cores/pm_GRB230812B/
05:51 bilby INFO    : Single likelihood evaluation took 5.500e-01 s
05:51 bilby INFO    : Single likelihood evaluation took 5.638e-01 s
05:51 bilby WARNING : Supplied argument 'queue_size' not an argument of 'Pymultinest', removing.
05:51 bilby WARNING : Supplied argument 'check_point_delta_t' not an argument of 'Pymultinest', removing.
05:51 bilby INFO    : Using sampler Pymultinest with kwargs {'importance_nested_sampling': False, 'resume': True, 'verbose': True, 'sampling_efficiency': 'parameter', 'n_live_points': 2048, 'n_params': 10, 'n_clustering_params': None, 'wrapped_params': None, 'multimodal': True, 'const_efficiency_mode': False, 'evidence_tolerance': 0.5, 'n_iter_before_update': 100, 'null_log_evidence': -1e+90, 'max_modes': 100, 'mode_tolerance': -1e+90, 'seed': 42, 'context': 0, 'write_output': True, 'log_zero': -1e+100, 'max_iter': 0, 'init_MPI': False, 'dump_callback': <bound method Pymultinest._dump_callback of <bilby.core.sampler.pymultinest.Pymultinest object at 0x15550c7d4ee0>>}
05:51 bilby INFO    : Temporary directory incompatible with MPI, will run in original directory
05:51 bilby INFO    : Using output file outdirSNgauss32cores/pm_GRB230812B/
05:51 bilby WARNING : Supplied argument 'queue_size' not an argument of 'Pymultinest', removing.
05:51 bilby WARNING : Supplied argument 'check_point_delta_t' not an argument of 'Pymultinest', removing.
05:51 bilby INFO    : Using sampler Pymultinest with kwargs {'importance_nested_sampling': False, 'resume': True, 'verbose': True, 'sampling_efficiency': 'parameter', 'n_live_points': 2048, 'n_params': 10, 'n_clustering_params': None, 'wrapped_params': None, 'multimodal': True, 'const_efficiency_mode': False, 'evidence_tolerance': 0.5, 'n_iter_before_update': 100, 'null_log_evidence': -1e+90, 'max_modes': 100, 'mode_tolerance': -1e+90, 'seed': 42, 'context': 0, 'write_output': True, 'log_zero': -1e+100, 'max_iter': 0, 'init_MPI': False, 'dump_callback': <bound method Pymultinest._dump_callback of <bilby.core.sampler.pymultinest.Pymultinest object at 0x15550c2ee280>>}
05:51 bilby INFO    : Temporary directory incompatible with MPI, will run in original directory
05:51 bilby INFO    : Using output file outdirSNgauss32cores/pm_GRB230812B/
05:51 bilby INFO    : Single likelihood evaluation took 5.756e-01 s
05:51 bilby INFO    : Single likelihood evaluation took 5.762e-01 s
05:51 bilby WARNING : Supplied argument 'queue_size' not an argument of 'Pymultinest', removing.
05:51 bilby WARNING : Supplied argument 'check_point_delta_t' not an argument of 'Pymultinest', removing.
05:51 bilby INFO    : Using sampler Pymultinest with kwargs {'importance_nested_sampling': False, 'resume': True, 'verbose': True, 'sampling_efficiency': 'parameter', 'n_live_points': 2048, 'n_params': 10, 'n_clustering_params': None, 'wrapped_params': None, 'multimodal': True, 'const_efficiency_mode': False, 'evidence_tolerance': 0.5, 'n_iter_before_update': 100, 'null_log_evidence': -1e+90, 'max_modes': 100, 'mode_tolerance': -1e+90, 'seed': 42, 'context': 0, 'write_output': True, 'log_zero': -1e+100, 'max_iter': 0, 'init_MPI': False, 'dump_callback': <bound method Pymultinest._dump_callback of <bilby.core.sampler.pymultinest.Pymultinest object at 0x15550c2ee160>>}
05:51 bilby INFO    : Temporary directory incompatible with MPI, will run in original directory
05:51 bilby INFO    : Using output file outdirSNgauss32cores/pm_GRB230812B/
05:51 bilby WARNING : Supplied argument 'queue_size' not an argument of 'Pymultinest', removing.
05:51 bilby WARNING : Supplied argument 'check_point_delta_t' not an argument of 'Pymultinest', removing.
05:51 bilby INFO    : Using sampler Pymultinest with kwargs {'importance_nested_sampling': False, 'resume': True, 'verbose': True, 'sampling_efficiency': 'parameter', 'n_live_points': 2048, 'n_params': 10, 'n_clustering_params': None, 'wrapped_params': None, 'multimodal': True, 'const_efficiency_mode': False, 'evidence_tolerance': 0.5, 'n_iter_before_update': 100, 'null_log_evidence': -1e+90, 'max_modes': 100, 'mode_tolerance': -1e+90, 'seed': 42, 'context': 0, 'write_output': True, 'log_zero': -1e+100, 'max_iter': 0, 'init_MPI': False, 'dump_callback': <bound method Pymultinest._dump_callback of <bilby.core.sampler.pymultinest.Pymultinest object at 0x15550c5e5610>>}
05:51 bilby INFO    : Temporary directory incompatible with MPI, will run in original directory
05:51 bilby INFO    : Using output file outdirSNgauss32cores/pm_GRB230812B/
05:51 bilby INFO    : Single likelihood evaluation took 6.042e-01 s
05:51 bilby WARNING : Supplied argument 'queue_size' not an argument of 'Pymultinest', removing.
05:51 bilby WARNING : Supplied argument 'check_point_delta_t' not an argument of 'Pymultinest', removing.
05:51 bilby INFO    : Using sampler Pymultinest with kwargs {'importance_nested_sampling': False, 'resume': True, 'verbose': True, 'sampling_efficiency': 'parameter', 'n_live_points': 2048, 'n_params': 10, 'n_clustering_params': None, 'wrapped_params': None, 'multimodal': True, 'const_efficiency_mode': False, 'evidence_tolerance': 0.5, 'n_iter_before_update': 100, 'null_log_evidence': -1e+90, 'max_modes': 100, 'mode_tolerance': -1e+90, 'seed': 42, 'context': 0, 'write_output': True, 'log_zero': -1e+100, 'max_iter': 0, 'init_MPI': False, 'dump_callback': <bound method Pymultinest._dump_callback of <bilby.core.sampler.pymultinest.Pymultinest object at 0x15550c5e8190>>}
05:51 bilby INFO    : Temporary directory incompatible with MPI, will run in original directory
05:51 bilby INFO    : Using output file outdirSNgauss32cores/pm_GRB230812B/
05:52 bilby INFO    : Single likelihood evaluation took 6.662e-01 s
05:52 bilby WARNING : Supplied argument 'queue_size' not an argument of 'Pymultinest', removing.
05:52 bilby WARNING : Supplied argument 'check_point_delta_t' not an argument of 'Pymultinest', removing.
05:52 bilby INFO    : Using sampler Pymultinest with kwargs {'importance_nested_sampling': False, 'resume': True, 'verbose': True, 'sampling_efficiency': 'parameter', 'n_live_points': 2048, 'n_params': 10, 'n_clustering_params': None, 'wrapped_params': None, 'multimodal': True, 'const_efficiency_mode': False, 'evidence_tolerance': 0.5, 'n_iter_before_update': 100, 'null_log_evidence': -1e+90, 'max_modes': 100, 'mode_tolerance': -1e+90, 'seed': 42, 'context': 0, 'write_output': True, 'log_zero': -1e+100, 'max_iter': 0, 'init_MPI': False, 'dump_callback': <bound method Pymultinest._dump_callback of <bilby.core.sampler.pymultinest.Pymultinest object at 0x15550c5e7280>>}
05:52 bilby INFO    : Temporary directory incompatible with MPI, will run in original directory
05:52 bilby INFO    : Using output file outdirSNgauss32cores/pm_GRB230812B/
06:51 bilby INFO    : Sampling time: 0:59:19.751596
06:51 bilby INFO    : Sampling time: 0:59:19.165036
06:51 bilby INFO    : Sampling time: 0:59:20.236727
06:51 bilby INFO    : Sampling time: 0:59:16.444177
06:51 bilby INFO    : Sampling time: 0:59:17.218400
06:51 bilby INFO    : Sampling time: 0:59:21.755934
06:51 bilby INFO    : Sampling time: 0:59:24.546997
06:51 bilby INFO    : Sampling time: 0:59:12.152616
06:51 bilby INFO    : Sampling time: 0:59:26.124179
06:51 bilby INFO    : Sampling time: 0:59:28.019647
06:51 bilby INFO    : Sampling time: 0:59:18.963106
06:51 bilby INFO    : Sampling time: 0:59:13.196880
06:51 bilby INFO    : Sampling time: 0:59:18.655043
06:51 bilby INFO    : Sampling time: 0:59:16.881314
06:51 bilby INFO    : Sampling time: 0:59:19.572124
06:51 bilby INFO    : Sampling time: 0:59:23.047869
06:51 bilby INFO    : Sampling time: 0:59:18.020813
06:51 bilby INFO    : Sampling time: 0:59:13.100013
06:51 bilby INFO    : Sampling time: 0:59:08.942352
06:51 bilby INFO    : Sampling time: 0:59:17.742202
06:51 bilby INFO    : Sampling time: 0:59:19.798368
06:51 bilby INFO    : Sampling time: 0:58:59.799711
06:51 bilby INFO    : Sampling time: 0:59:10.516659
06:51 bilby INFO    : Sampling time: 0:59:24.544976
06:51 bilby INFO    : Sampling time: 0:59:14.985082
06:51 bilby INFO    : Sampling time: 0:59:14.763172
06:51 bilby INFO    : Sampling time: 0:59:11.832165
06:51 bilby INFO    : Sampling time: 0:59:13.856863
06:51 bilby INFO    : Sampling time: 0:59:22.473785
06:51 bilby INFO    : Sampling time: 0:59:15.124527
06:51 bilby INFO    : Sampling time: 0:59:09.946697
06:51 bilby INFO    : Sampling time: 0:59:15.836661
Traceback (most recent call last):
  File "/home/thussenot/.conda/envs/multinest/lib/python3.8/shutil.py", line 791, in move
    os.rename(src, real_dst)
FileNotFoundError: [Errno 2] No such file or directory: 'outdirSNgauss32cores/GRB230812B_result.json' -> 'outdirSNgauss32cores/GRB230812B_result.json.old'

During handling of the above exception, another exception occurred:

Traceback (most recent call last):
  File "/home/thussenot/.conda/envs/multinest/bin/light_curve_analysis", line 8, in <module>
    sys.exit(main())
  File "/home/thussenot/.conda/envs/multinest/lib/python3.8/site-packages/nmma/em/analysis.py", line 622, in main
    result = bilby.run_sampler(
  File "/home/thussenot/.conda/envs/multinest/lib/python3.8/site-packages/bilby/core/sampler/__init__.py", line 262, in run_sampler
    result.save_to_file(extension=save, gzip=gzip, outdir=outdir)
  File "/home/thussenot/.conda/envs/multinest/lib/python3.8/site-packages/bilby/core/result.py", line 773, in save_to_file
    move_old_file(filename, overwrite)
  File "/home/thussenot/.conda/envs/multinest/lib/python3.8/site-packages/bilby/core/utils/io.py", line 408, in move_old_file
    shutil.move(filename, filename + ".old")
  File "/home/thussenot/.conda/envs/multinest/lib/python3.8/shutil.py", line 811, in move
    copy_function(src, real_dst)
  File "/home/thussenot/.conda/envs/multinest/lib/python3.8/shutil.py", line 436, in copy2
    copystat(src, dst, follow_symlinks=follow_symlinks)
  File "/home/thussenot/.conda/envs/multinest/lib/python3.8/shutil.py", line 373, in copystat
    st = lookup("stat")(src, follow_symlinks=follow)
FileNotFoundError: [Errno 2] No such file or directory: 'outdirSNgauss32cores/GRB230812B_result.json'
Traceback (most recent call last):
  File "/home/thussenot/.conda/envs/multinest/lib/python3.8/shutil.py", line 791, in move
    os.rename(src, real_dst)
FileNotFoundError: [Errno 2] No such file or directory: 'outdirSNgauss32cores/GRB230812B_result.json' -> 'outdirSNgauss32cores/GRB230812B_result.json.old'

During handling of the above exception, another exception occurred:

Traceback (most recent call last):
  File "/home/thussenot/.conda/envs/multinest/bin/light_curve_analysis", line 8, in <module>
    sys.exit(main())
  File "/home/thussenot/.conda/envs/multinest/lib/python3.8/site-packages/nmma/em/analysis.py", line 622, in main
    result = bilby.run_sampler(
  File "/home/thussenot/.conda/envs/multinest/lib/python3.8/site-packages/bilby/core/sampler/__init__.py", line 262, in run_sampler
    result.save_to_file(extension=save, gzip=gzip, outdir=outdir)
  File "/home/thussenot/.conda/envs/multinest/lib/python3.8/site-packages/bilby/core/result.py", line 773, in save_to_file
    move_old_file(filename, overwrite)
  File "/home/thussenot/.conda/envs/multinest/lib/python3.8/site-packages/bilby/core/utils/io.py", line 408, in move_old_file
    shutil.move(filename, filename + ".old")
  File "/home/thussenot/.conda/envs/multinest/lib/python3.8/shutil.py", line 811, in move
    copy_function(src, real_dst)
  File "/home/thussenot/.conda/envs/multinest/lib/python3.8/shutil.py", line 436, in copy2
    copystat(src, dst, follow_symlinks=follow_symlinks)
  File "/home/thussenot/.conda/envs/multinest/lib/python3.8/shutil.py", line 373, in copystat
    st = lookup("stat")(src, follow_symlinks=follow)
FileNotFoundError: [Errno 2] No such file or directory: 'outdirSNgauss32cores/GRB230812B_result.json'
Traceback (most recent call last):
  File "/home/thussenot/.conda/envs/multinest/lib/python3.8/shutil.py", line 791, in move
    os.rename(src, real_dst)
FileNotFoundError: [Errno 2] No such file or directory: 'outdirSNgauss32cores/GRB230812B_result.json' -> 'outdirSNgauss32cores/GRB230812B_result.json.old'

During handling of the above exception, another exception occurred:

Traceback (most recent call last):
  File "/home/thussenot/.conda/envs/multinest/bin/light_curve_analysis", line 8, in <module>
    sys.exit(main())
  File "/home/thussenot/.conda/envs/multinest/lib/python3.8/site-packages/nmma/em/analysis.py", line 622, in main
    result = bilby.run_sampler(
  File "/home/thussenot/.conda/envs/multinest/lib/python3.8/site-packages/bilby/core/sampler/__init__.py", line 262, in run_sampler
    result.save_to_file(extension=save, gzip=gzip, outdir=outdir)
  File "/home/thussenot/.conda/envs/multinest/lib/python3.8/site-packages/bilby/core/result.py", line 773, in save_to_file
    move_old_file(filename, overwrite)
  File "/home/thussenot/.conda/envs/multinest/lib/python3.8/site-packages/bilby/core/utils/io.py", line 408, in move_old_file
    shutil.move(filename, filename + ".old")
  File "/home/thussenot/.conda/envs/multinest/lib/python3.8/shutil.py", line 811, in move
    copy_function(src, real_dst)
  File "/home/thussenot/.conda/envs/multinest/lib/python3.8/shutil.py", line 436, in copy2
    copystat(src, dst, follow_symlinks=follow_symlinks)
  File "/home/thussenot/.conda/envs/multinest/lib/python3.8/shutil.py", line 373, in copystat
    st = lookup("stat")(src, follow_symlinks=follow)
FileNotFoundError: [Errno 2] No such file or directory: 'outdirSNgauss32cores/GRB230812B_result.json'
06:51 bilby ERROR   : 

Saving the data has failed with the following message:
[Errno 116] Stale file handle
Data has been dumped to outdirSNgauss32cores/GRB230812B_result.pkl.


06:51 bilby ERROR   : 

Saving the data has failed with the following message:
[Errno 116] Stale file handle
Data has been dumped to outdirSNgauss32cores/GRB230812B_result.pkl.


OSError: [Errno 5] Input/output error

During handling of the above exception, another exception occurred:

Traceback (most recent call last):
  File "/home/thussenot/.conda/envs/multinest/lib/python3.8/site-packages/bilby/core/result.py", line 796, in save_to_file
    json.dump(dictionary, file, indent=2, cls=BilbyJsonEncoder)
OSError: [Errno 116] Stale file handle

During handling of the above exception, another exception occurred:

Traceback (most recent call last):
  File "/home/thussenot/.conda/envs/multinest/lib/python3.8/shutil.py", line 791, in move
    os.rename(src, real_dst)
FileNotFoundError: [Errno 2] No such file or directory: 'outdirSNgauss32cores/GRB230812B_result.pkl.temp' -> 'outdirSNgauss32cores/GRB230812B_result.pkl'

During handling of the above exception, another exception occurred:

Traceback (most recent call last):
  File "/home/thussenot/.conda/envs/multinest/bin/light_curve_analysis", line 8, in <module>
    sys.exit(main())
  File "/home/thussenot/.conda/envs/multinest/lib/python3.8/site-packages/nmma/em/analysis.py", line 622, in main
    result = bilby.run_sampler(
  File "/home/thussenot/.conda/envs/multinest/lib/python3.8/site-packages/bilby/core/sampler/__init__.py", line 262, in run_sampler
    result.save_to_file(extension=save, gzip=gzip, outdir=outdir)
  File "/home/thussenot/.conda/envs/multinest/lib/python3.8/site-packages/bilby/core/result.py", line 809, in save_to_file
    safe_file_dump(self, filename, "dill")
  File "/home/thussenot/.conda/envs/multinest/lib/python3.8/site-packages/bilby/core/utils/io.py", line 386, in safe_file_dump
    shutil.move(temp_filename, filename)
  File "/home/thussenot/.conda/envs/multinest/lib/python3.8/shutil.py", line 811, in move
    copy_function(src, real_dst)
  File "/home/thussenot/.conda/envs/multinest/lib/python3.8/shutil.py", line 435, in copy2
    copyfile(src, dst, follow_symlinks=follow_symlinks)
  File "/home/thussenot/.conda/envs/multinest/lib/python3.8/shutil.py", line 264, in copyfile
    with open(src, 'rb') as fsrc, open(dst, 'wb') as fdst:
FileNotFoundError: [Errno 2] No such file or directory: 'outdirSNgauss32cores/GRB230812B_result.pkl.temp'
Traceback (most recent call last):
  File "/home/thussenot/.conda/envs/multinest/lib/python3.8/shutil.py", line 791, in move
    os.rename(src, real_dst)
FileNotFoundError: [Errno 2] No such file or directory: 'outdirSNgauss32cores/GRB230812B_result.json' -> 'outdirSNgauss32cores/GRB230812B_result.json.old'

During handling of the above exception, another exception occurred:

Traceback (most recent call last):
  File "/home/thussenot/.conda/envs/multinest/bin/light_curve_analysis", line 8, in <module>
    sys.exit(main())
  File "/home/thussenot/.conda/envs/multinest/lib/python3.8/site-packages/nmma/em/analysis.py", line 622, in main
    result = bilby.run_sampler(
  File "/home/thussenot/.conda/envs/multinest/lib/python3.8/site-packages/bilby/core/sampler/__init__.py", line 262, in run_sampler
    result.save_to_file(extension=save, gzip=gzip, outdir=outdir)
  File "/home/thussenot/.conda/envs/multinest/lib/python3.8/site-packages/bilby/core/result.py", line 773, in save_to_file
    move_old_file(filename, overwrite)
  File "/home/thussenot/.conda/envs/multinest/lib/python3.8/site-packages/bilby/core/utils/io.py", line 408, in move_old_file
    shutil.move(filename, filename + ".old")
  File "/home/thussenot/.conda/envs/multinest/lib/python3.8/shutil.py", line 812, in move
    os.unlink(src)
FileNotFoundError: [Errno 2] No such file or directory: 'outdirSNgauss32cores/GRB230812B_result.json'
06:51 bilby INFO    : Summary of results:
nsamples: 11082
ln_noise_evidence:  0.000
ln_evidence: -40.664 +/-  0.060
ln_bayes_factor: -40.664 +/-  0.060

06:51 bilby INFO    : Writing samples file to /home/thussenot/GRB230812B/Xritest/01SNGRB/Gauss/outdirSNgauss32cores/GRB230812B_posterior_samples.dat
06:51 bilby INFO    : Summary of results:
nsamples: 11082
ln_noise_evidence:  0.000
ln_evidence: -40.664 +/-  0.060
ln_bayes_factor: -40.664 +/-  0.060

Traceback (most recent call last):
  File "/home/thussenot/.conda/envs/multinest/bin/light_curve_analysis", line 8, in <module>
    sys.exit(main())
  File "/home/thussenot/.conda/envs/multinest/lib/python3.8/site-packages/nmma/em/analysis.py", line 622, in main
    result = bilby.run_sampler(
  File "/home/thussenot/.conda/envs/multinest/lib/python3.8/site-packages/bilby/core/sampler/__init__.py", line 278, in run_sampler
    result.save_to_file(overwrite=True, extension=save, gzip=gzip, outdir=outdir)
  File "/home/thussenot/.conda/envs/multinest/lib/python3.8/site-packages/bilby/core/result.py", line 773, in save_to_file
    move_old_file(filename, overwrite)
  File "/home/thussenot/.conda/envs/multinest/lib/python3.8/site-packages/bilby/core/utils/io.py", line 403, in move_old_file
    os.remove(filename)
FileNotFoundError: [Errno 2] No such file or directory: 'outdirSNgauss32cores/GRB230812B_result.json'
Traceback (most recent call last):
  File "/home/thussenot/.conda/envs/multinest/bin/light_curve_analysis", line 8, in <module>
    sys.exit(main())
  File "/home/thussenot/.conda/envs/multinest/lib/python3.8/site-packages/nmma/em/analysis.py", line 622, in main
    result = bilby.run_sampler(
  File "/home/thussenot/.conda/envs/multinest/lib/python3.8/site-packages/bilby/core/sampler/__init__.py", line 278, in run_sampler
    result.save_to_file(overwrite=True, extension=save, gzip=gzip, outdir=outdir)
  File "/home/thussenot/.conda/envs/multinest/lib/python3.8/site-packages/bilby/core/result.py", line 773, in save_to_file
    move_old_file(filename, overwrite)
  File "/home/thussenot/.conda/envs/multinest/lib/python3.8/site-packages/bilby/core/utils/io.py", line 403, in move_old_file
    os.remove(filename)
FileNotFoundError: [Errno 2] No such file or directory: 'outdirSNgauss32cores/GRB230812B_result.json'
06:51 bilby INFO    : Writing samples file to /home/thussenot/GRB230812B/Xritest/01SNGRB/Gauss/outdirSNgauss32cores/GRB230812B_posterior_samples.dat
06:51 bilby INFO    : Summary of results:
nsamples: 11082
ln_noise_evidence:  0.000
ln_evidence: -40.664 +/-  0.060
ln_bayes_factor: -40.664 +/-  0.060

06:51 bilby INFO    : Writing samples file to /home/thussenot/GRB230812B/Xritest/01SNGRB/Gauss/outdirSNgauss32cores/GRB230812B_posterior_samples.dat
Traceback (most recent call last):
  File "/home/thussenot/.conda/envs/multinest/bin/light_curve_analysis", line 8, in <module>
    sys.exit(main())
  File "/home/thussenot/.conda/envs/multinest/lib/python3.8/site-packages/nmma/em/analysis.py", line 622, in main
    result = bilby.run_sampler(
  File "/home/thussenot/.conda/envs/multinest/lib/python3.8/site-packages/bilby/core/sampler/__init__.py", line 278, in run_sampler
    result.save_to_file(overwrite=True, extension=save, gzip=gzip, outdir=outdir)
  File "/home/thussenot/.conda/envs/multinest/lib/python3.8/site-packages/bilby/core/result.py", line 773, in save_to_file
    move_old_file(filename, overwrite)
  File "/home/thussenot/.conda/envs/multinest/lib/python3.8/site-packages/bilby/core/utils/io.py", line 403, in move_old_file
    os.remove(filename)
FileNotFoundError: [Errno 2] No such file or directory: 'outdirSNgauss32cores/GRB230812B_result.json'
Traceback (most recent call last):
  File "/home/thussenot/.conda/envs/multinest/lib/python3.8/shutil.py", line 791, in move
    os.rename(src, real_dst)
FileNotFoundError: [Errno 2] No such file or directory: 'outdirSNgauss32cores/GRB230812B_result.json' -> 'outdirSNgauss32cores/GRB230812B_result.json.old'

During handling of the above exception, another exception occurred:

Traceback (most recent call last):
  File "/home/thussenot/.conda/envs/multinest/bin/light_curve_analysis", line 8, in <module>
    sys.exit(main())
  File "/home/thussenot/.conda/envs/multinest/lib/python3.8/site-packages/nmma/em/analysis.py", line 622, in main
    result = bilby.run_sampler(
  File "/home/thussenot/.conda/envs/multinest/lib/python3.8/site-packages/bilby/core/sampler/__init__.py", line 262, in run_sampler
    result.save_to_file(extension=save, gzip=gzip, outdir=outdir)
  File "/home/thussenot/.conda/envs/multinest/lib/python3.8/site-packages/bilby/core/result.py", line 773, in save_to_file
    move_old_file(filename, overwrite)
  File "/home/thussenot/.conda/envs/multinest/lib/python3.8/site-packages/bilby/core/utils/io.py", line 408, in move_old_file
    shutil.move(filename, filename + ".old")
  File "/home/thussenot/.conda/envs/multinest/lib/python3.8/shutil.py", line 811, in move
    copy_function(src, real_dst)
  File "/home/thussenot/.conda/envs/multinest/lib/python3.8/shutil.py", line 436, in copy2
    copystat(src, dst, follow_symlinks=follow_symlinks)
  File "/home/thussenot/.conda/envs/multinest/lib/python3.8/shutil.py", line 373, in copystat
    st = lookup("stat")(src, follow_symlinks=follow)
FileNotFoundError: [Errno 2] No such file or directory: 'outdirSNgauss32cores/GRB230812B_result.json'
Traceback (most recent call last):
  File "/home/thussenot/.conda/envs/multinest/lib/python3.8/shutil.py", line 791, in move
    os.rename(src, real_dst)
FileNotFoundError: [Errno 2] No such file or directory: 'outdirSNgauss32cores/GRB230812B_result.json' -> 'outdirSNgauss32cores/GRB230812B_result.json.old'

During handling of the above exception, another exception occurred:

Traceback (most recent call last):
  File "/home/thussenot/.conda/envs/multinest/bin/light_curve_analysis", line 8, in <module>
    sys.exit(main())
  File "/home/thussenot/.conda/envs/multinest/lib/python3.8/site-packages/nmma/em/analysis.py", line 622, in main
    result = bilby.run_sampler(
  File "/home/thussenot/.conda/envs/multinest/lib/python3.8/site-packages/bilby/core/sampler/__init__.py", line 262, in run_sampler
    result.save_to_file(extension=save, gzip=gzip, outdir=outdir)
  File "/home/thussenot/.conda/envs/multinest/lib/python3.8/site-packages/bilby/core/result.py", line 773, in save_to_file
    move_old_file(filename, overwrite)
  File "/home/thussenot/.conda/envs/multinest/lib/python3.8/site-packages/bilby/core/utils/io.py", line 408, in move_old_file
    shutil.move(filename, filename + ".old")
  File "/home/thussenot/.conda/envs/multinest/lib/python3.8/shutil.py", line 811, in move
    copy_function(src, real_dst)
  File "/home/thussenot/.conda/envs/multinest/lib/python3.8/shutil.py", line 436, in copy2
    copystat(src, dst, follow_symlinks=follow_symlinks)
  File "/home/thussenot/.conda/envs/multinest/lib/python3.8/shutil.py", line 373, in copystat
    st = lookup("stat")(src, follow_symlinks=follow)
FileNotFoundError: [Errno 2] No such file or directory: 'outdirSNgauss32cores/GRB230812B_result.json'
06:51 bilby INFO    : Summary of results:
nsamples: 11082
ln_noise_evidence:  0.000
ln_evidence: -40.664 +/-  0.060
ln_bayes_factor: -40.664 +/-  0.060

06:51 bilby INFO    : Writing samples file to /home/thussenot/GRB230812B/Xritest/01SNGRB/Gauss/outdirSNgauss32cores/GRB230812B_posterior_samples.dat
Traceback (most recent call last):
  File "/home/thussenot/.conda/envs/multinest/lib/python3.8/shutil.py", line 791, in move
    os.rename(src, real_dst)
FileNotFoundError: [Errno 2] No such file or directory: 'outdirSNgauss32cores/GRB230812B_result.json' -> 'outdirSNgauss32cores/GRB230812B_result.json.old'

During handling of the above exception, another exception occurred:

Traceback (most recent call last):
  File "/home/thussenot/.conda/envs/multinest/bin/light_curve_analysis", line 8, in <module>
    sys.exit(main())
  File "/home/thussenot/.conda/envs/multinest/lib/python3.8/site-packages/nmma/em/analysis.py", line 622, in main
    result = bilby.run_sampler(
  File "/home/thussenot/.conda/envs/multinest/lib/python3.8/site-packages/bilby/core/sampler/__init__.py", line 262, in run_sampler
    result.save_to_file(extension=save, gzip=gzip, outdir=outdir)
  File "/home/thussenot/.conda/envs/multinest/lib/python3.8/site-packages/bilby/core/result.py", line 773, in save_to_file
    move_old_file(filename, overwrite)
  File "/home/thussenot/.conda/envs/multinest/lib/python3.8/site-packages/bilby/core/utils/io.py", line 408, in move_old_file
    shutil.move(filename, filename + ".old")
  File "/home/thussenot/.conda/envs/multinest/lib/python3.8/shutil.py", line 811, in move
    copy_function(src, real_dst)
  File "/home/thussenot/.conda/envs/multinest/lib/python3.8/shutil.py", line 436, in copy2
    copystat(src, dst, follow_symlinks=follow_symlinks)
  File "/home/thussenot/.conda/envs/multinest/lib/python3.8/shutil.py", line 373, in copystat
    st = lookup("stat")(src, follow_symlinks=follow)
FileNotFoundError: [Errno 2] No such file or directory: 'outdirSNgauss32cores/GRB230812B_result.json'
Traceback (most recent call last):
  File "/home/thussenot/.conda/envs/multinest/lib/python3.8/shutil.py", line 791, in move
    os.rename(src, real_dst)
FileNotFoundError: [Errno 2] No such file or directory: 'outdirSNgauss32cores/GRB230812B_result.json' -> 'outdirSNgauss32cores/GRB230812B_result.json.old'

During handling of the above exception, another exception occurred:

Traceback (most recent call last):
  File "/home/thussenot/.conda/envs/multinest/bin/light_curve_analysis", line 8, in <module>
    sys.exit(main())
  File "/home/thussenot/.conda/envs/multinest/lib/python3.8/site-packages/nmma/em/analysis.py", line 622, in main
    result = bilby.run_sampler(
  File "/home/thussenot/.conda/envs/multinest/lib/python3.8/site-packages/bilby/core/sampler/__init__.py", line 262, in run_sampler
    result.save_to_file(extension=save, gzip=gzip, outdir=outdir)
  File "/home/thussenot/.conda/envs/multinest/lib/python3.8/site-packages/bilby/core/result.py", line 773, in save_to_file
    move_old_file(filename, overwrite)
  File "/home/thussenot/.conda/envs/multinest/lib/python3.8/site-packages/bilby/core/utils/io.py", line 408, in move_old_file
    shutil.move(filename, filename + ".old")
  File "/home/thussenot/.conda/envs/multinest/lib/python3.8/shutil.py", line 811, in move
    copy_function(src, real_dst)
  File "/home/thussenot/.conda/envs/multinest/lib/python3.8/shutil.py", line 436, in copy2
    copystat(src, dst, follow_symlinks=follow_symlinks)
  File "/home/thussenot/.conda/envs/multinest/lib/python3.8/shutil.py", line 373, in copystat
    st = lookup("stat")(src, follow_symlinks=follow)
FileNotFoundError: [Errno 2] No such file or directory: 'outdirSNgauss32cores/GRB230812B_result.json'
Traceback (most recent call last):
  File "/home/thussenot/.conda/envs/multinest/lib/python3.8/shutil.py", line 791, in move
    os.rename(src, real_dst)
FileNotFoundError: [Errno 2] No such file or directory: 'outdirSNgauss32cores/GRB230812B_result.json' -> 'outdirSNgauss32cores/GRB230812B_result.json.old'

During handling of the above exception, another exception occurred:

Traceback (most recent call last):
  File "/home/thussenot/.conda/envs/multinest/bin/light_curve_analysis", line 8, in <module>
    sys.exit(main())
  File "/home/thussenot/.conda/envs/multinest/lib/python3.8/site-packages/nmma/em/analysis.py", line 622, in main
    result = bilby.run_sampler(
  File "/home/thussenot/.conda/envs/multinest/lib/python3.8/site-packages/bilby/core/sampler/__init__.py", line 262, in run_sampler
    result.save_to_file(extension=save, gzip=gzip, outdir=outdir)
  File "/home/thussenot/.conda/envs/multinest/lib/python3.8/site-packages/bilby/core/result.py", line 773, in save_to_file
    move_old_file(filename, overwrite)
  File "/home/thussenot/.conda/envs/multinest/lib/python3.8/site-packages/bilby/core/utils/io.py", line 408, in move_old_file
    shutil.move(filename, filename + ".old")
  File "/home/thussenot/.conda/envs/multinest/lib/python3.8/shutil.py", line 811, in move
    copy_function(src, real_dst)
  File "/home/thussenot/.conda/envs/multinest/lib/python3.8/shutil.py", line 436, in copy2
    copystat(src, dst, follow_symlinks=follow_symlinks)
  File "/home/thussenot/.conda/envs/multinest/lib/python3.8/shutil.py", line 373, in copystat
    st = lookup("stat")(src, follow_symlinks=follow)
FileNotFoundError: [Errno 2] No such file or directory: 'outdirSNgauss32cores/GRB230812B_result.json'
06:51 bilby INFO    : Summary of results:
nsamples: 11082
ln_noise_evidence:  0.000
ln_evidence: -40.664 +/-  0.060
ln_bayes_factor: -40.664 +/-  0.060

06:51 bilby INFO    : Writing samples file to /home/thussenot/GRB230812B/Xritest/01SNGRB/Gauss/outdirSNgauss32cores/GRB230812B_posterior_samples.dat
Traceback (most recent call last):
  File "/home/thussenot/.conda/envs/multinest/lib/python3.8/shutil.py", line 791, in move
    os.rename(src, real_dst)
FileNotFoundError: [Errno 2] No such file or directory: 'outdirSNgauss32cores/GRB230812B_result.json' -> 'outdirSNgauss32cores/GRB230812B_result.json.old'

During handling of the above exception, another exception occurred:

Traceback (most recent call last):
  File "/home/thussenot/.conda/envs/multinest/bin/light_curve_analysis", line 8, in <module>
    sys.exit(main())
  File "/home/thussenot/.conda/envs/multinest/lib/python3.8/site-packages/nmma/em/analysis.py", line 622, in main
    result = bilby.run_sampler(
  File "/home/thussenot/.conda/envs/multinest/lib/python3.8/site-packages/bilby/core/sampler/__init__.py", line 262, in run_sampler
    result.save_to_file(extension=save, gzip=gzip, outdir=outdir)
  File "/home/thussenot/.conda/envs/multinest/lib/python3.8/site-packages/bilby/core/result.py", line 773, in save_to_file
    move_old_file(filename, overwrite)
  File "/home/thussenot/.conda/envs/multinest/lib/python3.8/site-packages/bilby/core/utils/io.py", line 408, in move_old_file
    shutil.move(filename, filename + ".old")
  File "/home/thussenot/.conda/envs/multinest/lib/python3.8/shutil.py", line 811, in move
    copy_function(src, real_dst)
  File "/home/thussenot/.conda/envs/multinest/lib/python3.8/shutil.py", line 436, in copy2
    copystat(src, dst, follow_symlinks=follow_symlinks)
  File "/home/thussenot/.conda/envs/multinest/lib/python3.8/shutil.py", line 373, in copystat
    st = lookup("stat")(src, follow_symlinks=follow)
FileNotFoundError: [Errno 2] No such file or directory: 'outdirSNgauss32cores/GRB230812B_result.json'
Traceback (most recent call last):
  File "/home/thussenot/.conda/envs/multinest/bin/light_curve_analysis", line 8, in <module>
    sys.exit(main())
  File "/home/thussenot/.conda/envs/multinest/lib/python3.8/site-packages/nmma/em/analysis.py", line 622, in main
    result = bilby.run_sampler(
  File "/home/thussenot/.conda/envs/multinest/lib/python3.8/site-packages/bilby/core/sampler/__init__.py", line 278, in run_sampler
    result.save_to_file(overwrite=True, extension=save, gzip=gzip, outdir=outdir)
  File "/home/thussenot/.conda/envs/multinest/lib/python3.8/site-packages/bilby/core/result.py", line 773, in save_to_file
    move_old_file(filename, overwrite)
  File "/home/thussenot/.conda/envs/multinest/lib/python3.8/site-packages/bilby/core/utils/io.py", line 403, in move_old_file
    os.remove(filename)
FileNotFoundError: [Errno 2] No such file or directory: 'outdirSNgauss32cores/GRB230812B_result.json'
Traceback (most recent call last):
  File "/home/thussenot/.conda/envs/multinest/lib/python3.8/shutil.py", line 791, in move
    os.rename(src, real_dst)
FileNotFoundError: [Errno 2] No such file or directory: 'outdirSNgauss32cores/GRB230812B_result.json' -> 'outdirSNgauss32cores/GRB230812B_result.json.old'

During handling of the above exception, another exception occurred:

Traceback (most recent call last):
  File "/home/thussenot/.conda/envs/multinest/bin/light_curve_analysis", line 8, in <module>
    sys.exit(main())
  File "/home/thussenot/.conda/envs/multinest/lib/python3.8/site-packages/nmma/em/analysis.py", line 622, in main
    result = bilby.run_sampler(
  File "/home/thussenot/.conda/envs/multinest/lib/python3.8/site-packages/bilby/core/sampler/__init__.py", line 262, in run_sampler
    result.save_to_file(extension=save, gzip=gzip, outdir=outdir)
  File "/home/thussenot/.conda/envs/multinest/lib/python3.8/site-packages/bilby/core/result.py", line 773, in save_to_file
    move_old_file(filename, overwrite)
  File "/home/thussenot/.conda/envs/multinest/lib/python3.8/site-packages/bilby/core/utils/io.py", line 408, in move_old_file
    shutil.move(filename, filename + ".old")
  File "/home/thussenot/.conda/envs/multinest/lib/python3.8/shutil.py", line 812, in move
    os.unlink(src)
FileNotFoundError: [Errno 2] No such file or directory: 'outdirSNgauss32cores/GRB230812B_result.json'
Traceback (most recent call last):
  File "/home/thussenot/.conda/envs/multinest/lib/python3.8/shutil.py", line 791, in move
    os.rename(src, real_dst)
FileNotFoundError: [Errno 2] No such file or directory: 'outdirSNgauss32cores/GRB230812B_result.json' -> 'outdirSNgauss32cores/GRB230812B_result.json.old'

During handling of the above exception, another exception occurred:

Traceback (most recent call last):
  File "/home/thussenot/.conda/envs/multinest/bin/light_curve_analysis", line 8, in <module>
    sys.exit(main())
  File "/home/thussenot/.conda/envs/multinest/lib/python3.8/site-packages/nmma/em/analysis.py", line 622, in main
    result = bilby.run_sampler(
  File "/home/thussenot/.conda/envs/multinest/lib/python3.8/site-packages/bilby/core/sampler/__init__.py", line 262, in run_sampler
    result.save_to_file(extension=save, gzip=gzip, outdir=outdir)
  File "/home/thussenot/.conda/envs/multinest/lib/python3.8/site-packages/bilby/core/result.py", line 773, in save_to_file
    move_old_file(filename, overwrite)
  File "/home/thussenot/.conda/envs/multinest/lib/python3.8/site-packages/bilby/core/utils/io.py", line 408, in move_old_file
    shutil.move(filename, filename + ".old")
  File "/home/thussenot/.conda/envs/multinest/lib/python3.8/shutil.py", line 811, in move
    copy_function(src, real_dst)
  File "/home/thussenot/.conda/envs/multinest/lib/python3.8/shutil.py", line 436, in copy2
    copystat(src, dst, follow_symlinks=follow_symlinks)
  File "/home/thussenot/.conda/envs/multinest/lib/python3.8/shutil.py", line 373, in copystat
    st = lookup("stat")(src, follow_symlinks=follow)
FileNotFoundError: [Errno 2] No such file or directory: 'outdirSNgauss32cores/GRB230812B_result.json'
06:51 bilby INFO    : Summary of results:
nsamples: 11082
ln_noise_evidence:  0.000
ln_evidence: -40.664 +/-  0.060
ln_bayes_factor: -40.664 +/-  0.060

06:51 bilby INFO    : Writing samples file to /home/thussenot/GRB230812B/Xritest/01SNGRB/Gauss/outdirSNgauss32cores/GRB230812B_posterior_samples.dat
06:51 bilby INFO    : Summary of results:
nsamples: 11082
ln_noise_evidence:  0.000
ln_evidence: -40.664 +/-  0.060
ln_bayes_factor: -40.664 +/-  0.060

06:51 bilby INFO    : Writing samples file to /home/thussenot/GRB230812B/Xritest/01SNGRB/Gauss/outdirSNgauss32cores/GRB230812B_posterior_samples.dat
06:51 bilby INFO    : Summary of results:
nsamples: 11082
ln_noise_evidence:  0.000
ln_evidence: -40.664 +/-  0.060
ln_bayes_factor: -40.664 +/-  0.060

06:51 bilby INFO    : Writing samples file to /home/thussenot/GRB230812B/Xritest/01SNGRB/Gauss/outdirSNgauss32cores/GRB230812B_posterior_samples.dat
06:51 bilby INFO    : Summary of results:
nsamples: 11082
ln_noise_evidence:  0.000
ln_evidence: -40.664 +/-  0.060
ln_bayes_factor: -40.664 +/-  0.060

06:51 bilby INFO    : Writing samples file to /home/thussenot/GRB230812B/Xritest/01SNGRB/Gauss/outdirSNgauss32cores/GRB230812B_posterior_samples.dat
Traceback (most recent call last):
  File "/home/thussenot/.conda/envs/multinest/bin/light_curve_analysis", line 8, in <module>
    sys.exit(main())
  File "/home/thussenot/.conda/envs/multinest/lib/python3.8/site-packages/nmma/em/analysis.py", line 622, in main
    result = bilby.run_sampler(
  File "/home/thussenot/.conda/envs/multinest/lib/python3.8/site-packages/bilby/core/sampler/__init__.py", line 278, in run_sampler
    result.save_to_file(overwrite=True, extension=save, gzip=gzip, outdir=outdir)
  File "/home/thussenot/.conda/envs/multinest/lib/python3.8/site-packages/bilby/core/result.py", line 773, in save_to_file
    move_old_file(filename, overwrite)
  File "/home/thussenot/.conda/envs/multinest/lib/python3.8/site-packages/bilby/core/utils/io.py", line 403, in move_old_file
    os.remove(filename)
FileNotFoundError: [Errno 2] No such file or directory: 'outdirSNgauss32cores/GRB230812B_result.json'
06:51 bilby INFO    : Summary of results:
nsamples: 11082
ln_noise_evidence:  0.000
ln_evidence: -40.664 +/-  0.060
ln_bayes_factor: -40.664 +/-  0.060

06:51 bilby INFO    : Writing samples file to /home/thussenot/GRB230812B/Xritest/01SNGRB/Gauss/outdirSNgauss32cores/GRB230812B_posterior_samples.dat
06:51 bilby INFO    : Summary of results:
nsamples: 11082
ln_noise_evidence:  0.000
ln_evidence: -40.664 +/-  0.060
ln_bayes_factor: -40.664 +/-  0.060

06:51 bilby INFO    : Writing samples file to /home/thussenot/GRB230812B/Xritest/01SNGRB/Gauss/outdirSNgauss32cores/GRB230812B_posterior_samples.dat
06:51 bilby INFO    : Summary of results:
nsamples: 11082
ln_noise_evidence:  0.000
ln_evidence: -40.664 +/-  0.060
ln_bayes_factor: -40.664 +/-  0.060

06:51 bilby INFO    : Writing samples file to /home/thussenot/GRB230812B/Xritest/01SNGRB/Gauss/outdirSNgauss32cores/GRB230812B_posterior_samples.dat
06:51 bilby INFO    : Summary of results:
nsamples: 11082
ln_noise_evidence:  0.000
ln_evidence: -40.664 +/-  0.060
ln_bayes_factor: -40.664 +/-  0.060

06:51 bilby INFO    : Writing samples file to /home/thussenot/GRB230812B/Xritest/01SNGRB/Gauss/outdirSNgauss32cores/GRB230812B_posterior_samples.dat
06:51 bilby INFO    : Summary of results:
nsamples: 11082
ln_noise_evidence:  0.000
ln_evidence: -40.664 +/-  0.060
ln_bayes_factor: -40.664 +/-  0.060

06:51 bilby INFO    : Writing samples file to /home/thussenot/GRB230812B/Xritest/01SNGRB/Gauss/outdirSNgauss32cores/GRB230812B_posterior_samples.dat
--------------------------------------------------------------------------
Primary job  terminated normally, but 1 process returned
a non-zero exit code. Per user-direction, the job has been aborted.
--------------------------------------------------------------------------
--------------------------------------------------------------------------
mpiexec detected that one or more processes exited with non-zero status, thus causing
the job to be terminated. The first process to do so was:

  Process name: [[60212,1],19]
  Exit code:    1
--------------------------------------------------------------------------
