05:28 bilby INFO    : Running for label 'GRB230812B', output will be saved to 'outdirSNgauss32cores'
05:28 bilby INFO    : Running for label 'GRB230812B', output will be saved to 'outdirSNgauss32cores'
05:28 bilby INFO    : Running for label 'GRB230812B', output will be saved to 'outdirSNgauss32cores'
05:28 bilby INFO    : Running for label 'GRB230812B', output will be saved to 'outdirSNgauss32cores'
05:28 bilby INFO    : Running for label 'GRB230812B', output will be saved to 'outdirSNgauss32cores'
05:28 bilby INFO    : Running for label 'GRB230812B', output will be saved to 'outdirSNgauss32cores'
05:28 bilby INFO    : Running for label 'GRB230812B', output will be saved to 'outdirSNgauss32cores'
05:28 bilby INFO    : Running for label 'GRB230812B', output will be saved to 'outdirSNgauss32cores'
05:28 bilby INFO    : Running for label 'GRB230812B', output will be saved to 'outdirSNgauss32cores'
05:28 bilby INFO    : Running for label 'GRB230812B', output will be saved to 'outdirSNgauss32cores'
05:28 bilby INFO    : Running for label 'GRB230812B', output will be saved to 'outdirSNgauss32cores'
05:28 bilby INFO    : Running for label 'GRB230812B', output will be saved to 'outdirSNgauss32cores'
05:28 bilby INFO    : Running for label 'GRB230812B', output will be saved to 'outdirSNgauss32cores'
05:28 bilby INFO    : Running for label 'GRB230812B', output will be saved to 'outdirSNgauss32cores'
05:28 bilby INFO    : Running for label 'GRB230812B', output will be saved to 'outdirSNgauss32cores'
05:28 bilby INFO    : Running for label 'GRB230812B', output will be saved to 'outdirSNgauss32cores'
05:28 bilby INFO    : Running for label 'GRB230812B', output will be saved to 'outdirSNgauss32cores'
05:28 bilby INFO    : Running for label 'GRB230812B', output will be saved to 'outdirSNgauss32cores'
05:28 bilby INFO    : Running for label 'GRB230812B', output will be saved to 'outdirSNgauss32cores'
05:28 bilby INFO    : Running for label 'GRB230812B', output will be saved to 'outdirSNgauss32cores'
05:28 bilby INFO    : Running for label 'GRB230812B', output will be saved to 'outdirSNgauss32cores'
05:28 bilby INFO    : Running for label 'GRB230812B', output will be saved to 'outdirSNgauss32cores'
05:28 bilby INFO    : Running for label 'GRB230812B', output will be saved to 'outdirSNgauss32cores'
05:28 bilby INFO    : Running for label 'GRB230812B', output will be saved to 'outdirSNgauss32cores'
05:28 bilby INFO    : Running for label 'GRB230812B', output will be saved to 'outdirSNgauss32cores'
05:28 bilby INFO    : Running for label 'GRB230812B', output will be saved to 'outdirSNgauss32cores'
05:28 bilby INFO    : Running for label 'GRB230812B', output will be saved to 'outdirSNgauss32cores'
05:28 bilby INFO    : Running for label 'GRB230812B', output will be saved to 'outdirSNgauss32cores'
05:28 bilby INFO    : Running for label 'GRB230812B', output will be saved to 'outdirSNgauss32cores'
05:28 bilby INFO    : Running for label 'GRB230812B', output will be saved to 'outdirSNgauss32cores'
05:28 bilby INFO    : Running for label 'GRB230812B', output will be saved to 'outdirSNgauss32cores'
05:28 bilby INFO    : Running for label 'GRB230812B', output will be saved to 'outdirSNgauss32cores'
05:28 bilby INFO    : Analysis priors:
05:28 bilby INFO    : Analysis priors:
05:28 bilby INFO    : Analysis priors:
05:28 bilby INFO    : Analysis priors:
05:28 bilby INFO    : Analysis priors:
05:28 bilby INFO    : Analysis priors:
05:28 bilby INFO    : Analysis priors:
05:28 bilby INFO    : Analysis priors:
05:28 bilby INFO    : Analysis priors:
05:28 bilby INFO    : Analysis priors:
05:28 bilby INFO    : Analysis priors:
05:28 bilby INFO    : Analysis priors:
05:28 bilby INFO    : Analysis priors:
05:28 bilby INFO    : Analysis priors:
05:28 bilby INFO    : Analysis priors:
05:28 bilby INFO    : Analysis priors:
05:28 bilby INFO    : Analysis priors:
05:28 bilby INFO    : Analysis priors:
05:28 bilby INFO    : Analysis priors:
05:28 bilby INFO    : Analysis priors:
05:28 bilby INFO    : Analysis priors:
05:28 bilby INFO    : Analysis priors:
05:28 bilby INFO    : Analysis priors:
05:28 bilby INFO    : Analysis priors:
05:28 bilby INFO    : Analysis priors:
05:28 bilby INFO    : Analysis priors:
05:28 bilby INFO    : Analysis priors:
05:28 bilby INFO    : Analysis priors:
05:28 bilby INFO    : Analysis priors:
05:28 bilby INFO    : supernova_mag_boost=Uniform(minimum=-5, maximum=5, name='supernova_mag_boost', latex_label='$magboost$', unit=None, boundary=None)
05:28 bilby INFO    : supernova_mag_boost=Uniform(minimum=-5, maximum=5, name='supernova_mag_boost', latex_label='$magboost$', unit=None, boundary=None)
05:28 bilby INFO    : supernova_mag_boost=Uniform(minimum=-5, maximum=5, name='supernova_mag_boost', latex_label='$magboost$', unit=None, boundary=None)
05:28 bilby INFO    : supernova_mag_boost=Uniform(minimum=-5, maximum=5, name='supernova_mag_boost', latex_label='$magboost$', unit=None, boundary=None)
05:28 bilby INFO    : supernova_mag_stretch=Uniform(minimum=0.1, maximum=5.0, name='supernova_mag_stretch', latex_label='$stretch$', unit=None, boundary=None)
05:28 bilby INFO    : supernova_mag_stretch=Uniform(minimum=0.1, maximum=5.0, name='supernova_mag_stretch', latex_label='$stretch$', unit=None, boundary=None)
05:28 bilby INFO    : supernova_mag_stretch=Uniform(minimum=0.1, maximum=5.0, name='supernova_mag_stretch', latex_label='$stretch$', unit=None, boundary=None)
05:28 bilby INFO    : supernova_mag_boost=Uniform(minimum=-5, maximum=5, name='supernova_mag_boost', latex_label='$magboost$', unit=None, boundary=None)
05:28 bilby INFO    : supernova_mag_stretch=Uniform(minimum=0.1, maximum=5.0, name='supernova_mag_stretch', latex_label='$stretch$', unit=None, boundary=None)
05:28 bilby INFO    : em_syserr=LogUniform(minimum=0.01, maximum=2.0, name='em_syserr', latex_label='$\\sigma$', unit=None, boundary=None)
05:28 bilby INFO    : em_syserr=LogUniform(minimum=0.01, maximum=2.0, name='em_syserr', latex_label='$\\sigma$', unit=None, boundary=None)
05:28 bilby INFO    : supernova_mag_boost=Uniform(minimum=-5, maximum=5, name='supernova_mag_boost', latex_label='$magboost$', unit=None, boundary=None)
05:28 bilby INFO    : supernova_mag_boost=Uniform(minimum=-5, maximum=5, name='supernova_mag_boost', latex_label='$magboost$', unit=None, boundary=None)
05:28 bilby INFO    : em_syserr=LogUniform(minimum=0.01, maximum=2.0, name='em_syserr', latex_label='$\\sigma$', unit=None, boundary=None)
05:28 bilby INFO    : Analysis priors:
05:28 bilby INFO    : supernova_mag_stretch=Uniform(minimum=0.1, maximum=5.0, name='supernova_mag_stretch', latex_label='$stretch$', unit=None, boundary=None)
05:28 bilby INFO    : inclination_EM=Uniform(minimum=0.0, maximum=0.7853981633974483, name='inclination_EM', latex_label='$\\iota$', unit=None, boundary=None)
05:28 bilby INFO    : em_syserr=LogUniform(minimum=0.01, maximum=2.0, name='em_syserr', latex_label='$\\sigma$', unit=None, boundary=None)
05:28 bilby INFO    : inclination_EM=Uniform(minimum=0.0, maximum=0.7853981633974483, name='inclination_EM', latex_label='$\\iota$', unit=None, boundary=None)
05:28 bilby INFO    : supernova_mag_stretch=Uniform(minimum=0.1, maximum=5.0, name='supernova_mag_stretch', latex_label='$stretch$', unit=None, boundary=None)
05:28 bilby INFO    : Analysis priors:
05:28 bilby INFO    : supernova_mag_stretch=Uniform(minimum=0.1, maximum=5.0, name='supernova_mag_stretch', latex_label='$stretch$', unit=None, boundary=None)
05:28 bilby INFO    : inclination_EM=Uniform(minimum=0.0, maximum=0.7853981633974483, name='inclination_EM', latex_label='$\\iota$', unit=None, boundary=None)
05:28 bilby INFO    : supernova_mag_boost=Uniform(minimum=-5, maximum=5, name='supernova_mag_boost', latex_label='$magboost$', unit=None, boundary=None)
05:28 bilby INFO    : log10_E0=Uniform(minimum=47.0, maximum=57.0, name='log10_E0', latex_label='$\\log_{10}E_0$', unit=None, boundary='reflective')
05:28 bilby INFO    : log10_E0=Uniform(minimum=47.0, maximum=57.0, name='log10_E0', latex_label='$\\log_{10}E_0$', unit=None, boundary='reflective')
05:28 bilby INFO    : supernova_mag_boost=Uniform(minimum=-5, maximum=5, name='supernova_mag_boost', latex_label='$magboost$', unit=None, boundary=None)
05:28 bilby INFO    : em_syserr=LogUniform(minimum=0.01, maximum=2.0, name='em_syserr', latex_label='$\\sigma$', unit=None, boundary=None)
05:28 bilby INFO    : supernova_mag_boost=Uniform(minimum=-5, maximum=5, name='supernova_mag_boost', latex_label='$magboost$', unit=None, boundary=None)
05:28 bilby INFO    : inclination_EM=Uniform(minimum=0.0, maximum=0.7853981633974483, name='inclination_EM', latex_label='$\\iota$', unit=None, boundary=None)
05:28 bilby INFO    : em_syserr=LogUniform(minimum=0.01, maximum=2.0, name='em_syserr', latex_label='$\\sigma$', unit=None, boundary=None)
05:28 bilby INFO    : supernova_mag_boost=Uniform(minimum=-5, maximum=5, name='supernova_mag_boost', latex_label='$magboost$', unit=None, boundary=None)
05:28 bilby INFO    : log10_E0=Uniform(minimum=47.0, maximum=57.0, name='log10_E0', latex_label='$\\log_{10}E_0$', unit=None, boundary='reflective')
05:28 bilby INFO    : em_syserr=LogUniform(minimum=0.01, maximum=2.0, name='em_syserr', latex_label='$\\sigma$', unit=None, boundary=None)
05:28 bilby INFO    : supernova_mag_stretch=Uniform(minimum=0.1, maximum=5.0, name='supernova_mag_stretch', latex_label='$stretch$', unit=None, boundary=None)
05:28 bilby INFO    : thetaCore=Uniform(minimum=0.01, maximum=0.3141592653589793, name='theta_core', latex_label='$\\theta_c$', unit=None, boundary='reflective')
05:28 bilby INFO    : thetaCore=Uniform(minimum=0.01, maximum=0.3141592653589793, name='theta_core', latex_label='$\\theta_c$', unit=None, boundary='reflective')
05:28 bilby INFO    : supernova_mag_boost=Uniform(minimum=-5, maximum=5, name='supernova_mag_boost', latex_label='$magboost$', unit=None, boundary=None)
05:28 bilby INFO    : log10_E0=Uniform(minimum=47.0, maximum=57.0, name='log10_E0', latex_label='$\\log_{10}E_0$', unit=None, boundary='reflective')
05:28 bilby INFO    : supernova_mag_boost=Uniform(minimum=-5, maximum=5, name='supernova_mag_boost', latex_label='$magboost$', unit=None, boundary=None)
05:28 bilby INFO    : supernova_mag_boost=Uniform(minimum=-5, maximum=5, name='supernova_mag_boost', latex_label='$magboost$', unit=None, boundary=None)
05:28 bilby INFO    : inclination_EM=Uniform(minimum=0.0, maximum=0.7853981633974483, name='inclination_EM', latex_label='$\\iota$', unit=None, boundary=None)
05:28 bilby INFO    : supernova_mag_stretch=Uniform(minimum=0.1, maximum=5.0, name='supernova_mag_stretch', latex_label='$stretch$', unit=None, boundary=None)
05:28 bilby INFO    : supernova_mag_boost=Uniform(minimum=-5, maximum=5, name='supernova_mag_boost', latex_label='$magboost$', unit=None, boundary=None)
05:28 bilby INFO    : supernova_mag_stretch=Uniform(minimum=0.1, maximum=5.0, name='supernova_mag_stretch', latex_label='$stretch$', unit=None, boundary=None)
05:28 bilby INFO    : supernova_mag_boost=Uniform(minimum=-5, maximum=5, name='supernova_mag_boost', latex_label='$magboost$', unit=None, boundary=None)
05:28 bilby INFO    : inclination_EM=Uniform(minimum=0.0, maximum=0.7853981633974483, name='inclination_EM', latex_label='$\\iota$', unit=None, boundary=None)
05:28 bilby INFO    : thetaCore=Uniform(minimum=0.01, maximum=0.3141592653589793, name='theta_core', latex_label='$\\theta_c$', unit=None, boundary='reflective')
05:28 bilby INFO    : supernova_mag_boost=Uniform(minimum=-5, maximum=5, name='supernova_mag_boost', latex_label='$magboost$', unit=None, boundary=None)
05:28 bilby INFO    : supernova_mag_boost=Uniform(minimum=-5, maximum=5, name='supernova_mag_boost', latex_label='$magboost$', unit=None, boundary=None)
05:28 bilby INFO    : supernova_mag_boost=Uniform(minimum=-5, maximum=5, name='supernova_mag_boost', latex_label='$magboost$', unit=None, boundary=None)
05:28 bilby INFO    : supernova_mag_stretch=Uniform(minimum=0.1, maximum=5.0, name='supernova_mag_stretch', latex_label='$stretch$', unit=None, boundary=None)
05:28 bilby INFO    : inclination_EM=Uniform(minimum=0.0, maximum=0.7853981633974483, name='inclination_EM', latex_label='$\\iota$', unit=None, boundary=None)
05:28 bilby INFO    : supernova_mag_boost=Uniform(minimum=-5, maximum=5, name='supernova_mag_boost', latex_label='$magboost$', unit=None, boundary=None)
05:28 bilby INFO    : supernova_mag_boost=Uniform(minimum=-5, maximum=5, name='supernova_mag_boost', latex_label='$magboost$', unit=None, boundary=None)
05:28 bilby INFO    : thetaWing=Uniform(minimum=0.01, maximum=0.7853981633974483, name='theta_wing', latex_label='$\\theta_w$', unit=None, boundary=None)
05:28 bilby INFO    : thetaCore=Uniform(minimum=0.01, maximum=0.3141592653589793, name='theta_core', latex_label='$\\theta_c$', unit=None, boundary='reflective')
05:28 bilby INFO    : supernova_mag_boost=Uniform(minimum=-5, maximum=5, name='supernova_mag_boost', latex_label='$magboost$', unit=None, boundary=None)
05:28 bilby INFO    : thetaWing=Uniform(minimum=0.01, maximum=0.7853981633974483, name='theta_wing', latex_label='$\\theta_w$', unit=None, boundary=None)
05:28 bilby INFO    : em_syserr=LogUniform(minimum=0.01, maximum=2.0, name='em_syserr', latex_label='$\\sigma$', unit=None, boundary=None)
05:28 bilby INFO    : supernova_mag_stretch=Uniform(minimum=0.1, maximum=5.0, name='supernova_mag_stretch', latex_label='$stretch$', unit=None, boundary=None)
05:28 bilby INFO    : log10_E0=Uniform(minimum=47.0, maximum=57.0, name='log10_E0', latex_label='$\\log_{10}E_0$', unit=None, boundary='reflective')
05:28 bilby INFO    : supernova_mag_stretch=Uniform(minimum=0.1, maximum=5.0, name='supernova_mag_stretch', latex_label='$stretch$', unit=None, boundary=None)
05:28 bilby INFO    : supernova_mag_stretch=Uniform(minimum=0.1, maximum=5.0, name='supernova_mag_stretch', latex_label='$stretch$', unit=None, boundary=None)
05:28 bilby INFO    : log10_E0=Uniform(minimum=47.0, maximum=57.0, name='log10_E0', latex_label='$\\log_{10}E_0$', unit=None, boundary='reflective')
05:28 bilby INFO    : thetaWing=Uniform(minimum=0.01, maximum=0.7853981633974483, name='theta_wing', latex_label='$\\theta_w$', unit=None, boundary=None)
05:28 bilby INFO    : supernova_mag_stretch=Uniform(minimum=0.1, maximum=5.0, name='supernova_mag_stretch', latex_label='$stretch$', unit=None, boundary=None)
05:28 bilby INFO    : em_syserr=LogUniform(minimum=0.01, maximum=2.0, name='em_syserr', latex_label='$\\sigma$', unit=None, boundary=None)
05:28 bilby INFO    : em_syserr=LogUniform(minimum=0.01, maximum=2.0, name='em_syserr', latex_label='$\\sigma$', unit=None, boundary=None)
05:28 bilby INFO    : supernova_mag_stretch=Uniform(minimum=0.1, maximum=5.0, name='supernova_mag_stretch', latex_label='$stretch$', unit=None, boundary=None)
05:28 bilby INFO    : log10_n0=Uniform(minimum=-6, maximum=3.0, name='log10_n0', latex_label='$\\log_{10}n_0$', unit=None, boundary='reflective')
05:28 bilby INFO    : supernova_mag_stretch=Uniform(minimum=0.1, maximum=5.0, name='supernova_mag_stretch', latex_label='$stretch$', unit=None, boundary=None)
05:28 bilby INFO    : supernova_mag_boost=Uniform(minimum=-5, maximum=5, name='supernova_mag_boost', latex_label='$magboost$', unit=None, boundary=None)
05:28 bilby INFO    : supernova_mag_stretch=Uniform(minimum=0.1, maximum=5.0, name='supernova_mag_stretch', latex_label='$stretch$', unit=None, boundary=None)
05:28 bilby INFO    : supernova_mag_boost=Uniform(minimum=-5, maximum=5, name='supernova_mag_boost', latex_label='$magboost$', unit=None, boundary=None)
05:28 bilby INFO    : supernova_mag_stretch=Uniform(minimum=0.1, maximum=5.0, name='supernova_mag_stretch', latex_label='$stretch$', unit=None, boundary=None)
05:28 bilby INFO    : supernova_mag_boost=Uniform(minimum=-5, maximum=5, name='supernova_mag_boost', latex_label='$magboost$', unit=None, boundary=None)
05:28 bilby INFO    : em_syserr=LogUniform(minimum=0.01, maximum=2.0, name='em_syserr', latex_label='$\\sigma$', unit=None, boundary=None)
05:28 bilby INFO    : log10_E0=Uniform(minimum=47.0, maximum=57.0, name='log10_E0', latex_label='$\\log_{10}E_0$', unit=None, boundary='reflective')
05:28 bilby INFO    : supernova_mag_boost=Uniform(minimum=-5, maximum=5, name='supernova_mag_boost', latex_label='$magboost$', unit=None, boundary=None)
05:28 bilby INFO    : thetaWing=Uniform(minimum=0.01, maximum=0.7853981633974483, name='theta_wing', latex_label='$\\theta_w$', unit=None, boundary=None)
05:28 bilby INFO    : log10_n0=Uniform(minimum=-6, maximum=3.0, name='log10_n0', latex_label='$\\log_{10}n_0$', unit=None, boundary='reflective')
05:28 bilby INFO    : inclination_EM=Uniform(minimum=0.0, maximum=0.7853981633974483, name='inclination_EM', latex_label='$\\iota$', unit=None, boundary=None)
05:28 bilby INFO    : supernova_mag_boost=Uniform(minimum=-5, maximum=5, name='supernova_mag_boost', latex_label='$magboost$', unit=None, boundary=None)
05:28 bilby INFO    : supernova_mag_boost=Uniform(minimum=-5, maximum=5, name='supernova_mag_boost', latex_label='$magboost$', unit=None, boundary=None)
05:28 bilby INFO    : thetaCore=Uniform(minimum=0.01, maximum=0.3141592653589793, name='theta_core', latex_label='$\\theta_c$', unit=None, boundary='reflective')
05:28 bilby INFO    : supernova_mag_stretch=Uniform(minimum=0.1, maximum=5.0, name='supernova_mag_stretch', latex_label='$stretch$', unit=None, boundary=None)
05:28 bilby INFO    : supernova_mag_stretch=Uniform(minimum=0.1, maximum=5.0, name='supernova_mag_stretch', latex_label='$stretch$', unit=None, boundary=None)
05:28 bilby INFO    : supernova_mag_stretch=Uniform(minimum=0.1, maximum=5.0, name='supernova_mag_stretch', latex_label='$stretch$', unit=None, boundary=None)
05:28 bilby INFO    : log10_n0=Uniform(minimum=-6, maximum=3.0, name='log10_n0', latex_label='$\\log_{10}n_0$', unit=None, boundary='reflective')
05:28 bilby INFO    : em_syserr=LogUniform(minimum=0.01, maximum=2.0, name='em_syserr', latex_label='$\\sigma$', unit=None, boundary=None)
05:28 bilby INFO    : em_syserr=LogUniform(minimum=0.01, maximum=2.0, name='em_syserr', latex_label='$\\sigma$', unit=None, boundary=None)
05:28 bilby INFO    : thetaCore=Uniform(minimum=0.01, maximum=0.3141592653589793, name='theta_core', latex_label='$\\theta_c$', unit=None, boundary='reflective')
05:28 bilby INFO    : em_syserr=LogUniform(minimum=0.01, maximum=2.0, name='em_syserr', latex_label='$\\sigma$', unit=None, boundary=None)
05:28 bilby INFO    : inclination_EM=Uniform(minimum=0.0, maximum=0.7853981633974483, name='inclination_EM', latex_label='$\\iota$', unit=None, boundary=None)
05:28 bilby INFO    : inclination_EM=Uniform(minimum=0.0, maximum=0.7853981633974483, name='inclination_EM', latex_label='$\\iota$', unit=None, boundary=None)
05:28 bilby INFO    : p=Uniform(minimum=2.01, maximum=3.0, name='p', latex_label='$p$', unit=None, boundary=None)
05:28 bilby INFO    : em_syserr=LogUniform(minimum=0.01, maximum=2.0, name='em_syserr', latex_label='$\\sigma$', unit=None, boundary=None)
05:28 bilby INFO    : supernova_mag_boost=Uniform(minimum=-5, maximum=5, name='supernova_mag_boost', latex_label='$magboost$', unit=None, boundary=None)
05:28 bilby INFO    : p=Uniform(minimum=2.01, maximum=3.0, name='p', latex_label='$p$', unit=None, boundary=None)
05:28 bilby INFO    : em_syserr=LogUniform(minimum=0.01, maximum=2.0, name='em_syserr', latex_label='$\\sigma$', unit=None, boundary=None)
05:28 bilby INFO    : inclination_EM=Uniform(minimum=0.0, maximum=0.7853981633974483, name='inclination_EM', latex_label='$\\iota$', unit=None, boundary=None)
05:28 bilby INFO    : thetaCore=Uniform(minimum=0.01, maximum=0.3141592653589793, name='theta_core', latex_label='$\\theta_c$', unit=None, boundary='reflective')
05:28 bilby INFO    : em_syserr=LogUniform(minimum=0.01, maximum=2.0, name='em_syserr', latex_label='$\\sigma$', unit=None, boundary=None)
05:28 bilby INFO    : supernova_mag_stretch=Uniform(minimum=0.1, maximum=5.0, name='supernova_mag_stretch', latex_label='$stretch$', unit=None, boundary=None)
05:28 bilby INFO    : em_syserr=LogUniform(minimum=0.01, maximum=2.0, name='em_syserr', latex_label='$\\sigma$', unit=None, boundary=None)
05:28 bilby INFO    : supernova_mag_stretch=Uniform(minimum=0.1, maximum=5.0, name='supernova_mag_stretch', latex_label='$stretch$', unit=None, boundary=None)
05:28 bilby INFO    : em_syserr=LogUniform(minimum=0.01, maximum=2.0, name='em_syserr', latex_label='$\\sigma$', unit=None, boundary=None)
05:28 bilby INFO    : log10_n0=Uniform(minimum=-6, maximum=3.0, name='log10_n0', latex_label='$\\log_{10}n_0$', unit=None, boundary='reflective')
05:28 bilby INFO    : thetaWing=Uniform(minimum=0.01, maximum=0.7853981633974483, name='theta_wing', latex_label='$\\theta_w$', unit=None, boundary=None)
05:28 bilby INFO    : log10_E0=Uniform(minimum=47.0, maximum=57.0, name='log10_E0', latex_label='$\\log_{10}E_0$', unit=None, boundary='reflective')
05:28 bilby INFO    : supernova_mag_stretch=Uniform(minimum=0.1, maximum=5.0, name='supernova_mag_stretch', latex_label='$stretch$', unit=None, boundary=None)
05:28 bilby INFO    : supernova_mag_stretch=Uniform(minimum=0.1, maximum=5.0, name='supernova_mag_stretch', latex_label='$stretch$', unit=None, boundary=None)
05:28 bilby INFO    : p=Uniform(minimum=2.01, maximum=3.0, name='p', latex_label='$p$', unit=None, boundary=None)
05:28 bilby INFO    : supernova_mag_stretch=Uniform(minimum=0.1, maximum=5.0, name='supernova_mag_stretch', latex_label='$stretch$', unit=None, boundary=None)
05:28 bilby INFO    : inclination_EM=Uniform(minimum=0.0, maximum=0.7853981633974483, name='inclination_EM', latex_label='$\\iota$', unit=None, boundary=None)
05:28 bilby INFO    : inclination_EM=Uniform(minimum=0.0, maximum=0.7853981633974483, name='inclination_EM', latex_label='$\\iota$', unit=None, boundary=None)
05:28 bilby INFO    : em_syserr=LogUniform(minimum=0.01, maximum=2.0, name='em_syserr', latex_label='$\\sigma$', unit=None, boundary=None)
05:28 bilby INFO    : em_syserr=LogUniform(minimum=0.01, maximum=2.0, name='em_syserr', latex_label='$\\sigma$', unit=None, boundary=None)
05:28 bilby INFO    : em_syserr=LogUniform(minimum=0.01, maximum=2.0, name='em_syserr', latex_label='$\\sigma$', unit=None, boundary=None)
05:28 bilby INFO    : thetaWing=Uniform(minimum=0.01, maximum=0.7853981633974483, name='theta_wing', latex_label='$\\theta_w$', unit=None, boundary=None)
05:28 bilby INFO    : inclination_EM=Uniform(minimum=0.0, maximum=0.7853981633974483, name='inclination_EM', latex_label='$\\iota$', unit=None, boundary=None)
05:28 bilby INFO    : log10_E0=Uniform(minimum=47.0, maximum=57.0, name='log10_E0', latex_label='$\\log_{10}E_0$', unit=None, boundary='reflective')
05:28 bilby INFO    : supernova_mag_stretch=Uniform(minimum=0.1, maximum=5.0, name='supernova_mag_stretch', latex_label='$stretch$', unit=None, boundary=None)
05:28 bilby INFO    : log10_E0=Uniform(minimum=47.0, maximum=57.0, name='log10_E0', latex_label='$\\log_{10}E_0$', unit=None, boundary='reflective')
05:28 bilby INFO    : log10_epsilon_e=Uniform(minimum=-5, maximum=0, name='log10_epsilon_e', latex_label='$\\log_{10}\\epsilon_e$', unit=None, boundary='reflective')
05:28 bilby INFO    : inclination_EM=Uniform(minimum=0.0, maximum=0.7853981633974483, name='inclination_EM', latex_label='$\\iota$', unit=None, boundary=None)
05:28 bilby INFO    : log10_E0=Uniform(minimum=47.0, maximum=57.0, name='log10_E0', latex_label='$\\log_{10}E_0$', unit=None, boundary='reflective')
05:28 bilby INFO    : thetaWing=Uniform(minimum=0.01, maximum=0.7853981633974483, name='theta_wing', latex_label='$\\theta_w$', unit=None, boundary=None)
05:28 bilby INFO    : supernova_mag_boost=Uniform(minimum=-5, maximum=5, name='supernova_mag_boost', latex_label='$magboost$', unit=None, boundary=None)
05:28 bilby INFO    : inclination_EM=Uniform(minimum=0.0, maximum=0.7853981633974483, name='inclination_EM', latex_label='$\\iota$', unit=None, boundary=None)
05:28 bilby INFO    : supernova_mag_stretch=Uniform(minimum=0.1, maximum=5.0, name='supernova_mag_stretch', latex_label='$stretch$', unit=None, boundary=None)
05:28 bilby INFO    : log10_epsilon_e=Uniform(minimum=-5, maximum=0, name='log10_epsilon_e', latex_label='$\\log_{10}\\epsilon_e$', unit=None, boundary='reflective')
05:28 bilby INFO    : inclination_EM=Uniform(minimum=0.0, maximum=0.7853981633974483, name='inclination_EM', latex_label='$\\iota$', unit=None, boundary=None)
05:28 bilby INFO    : inclination_EM=Uniform(minimum=0.0, maximum=0.7853981633974483, name='inclination_EM', latex_label='$\\iota$', unit=None, boundary=None)
05:28 bilby INFO    : p=Uniform(minimum=2.01, maximum=3.0, name='p', latex_label='$p$', unit=None, boundary=None)
05:28 bilby INFO    : log10_n0=Uniform(minimum=-6, maximum=3.0, name='log10_n0', latex_label='$\\log_{10}n_0$', unit=None, boundary='reflective')
05:28 bilby INFO    : thetaCore=Uniform(minimum=0.01, maximum=0.3141592653589793, name='theta_core', latex_label='$\\theta_c$', unit=None, boundary='reflective')
05:28 bilby INFO    : inclination_EM=Uniform(minimum=0.0, maximum=0.7853981633974483, name='inclination_EM', latex_label='$\\iota$', unit=None, boundary=None)
05:28 bilby INFO    : em_syserr=LogUniform(minimum=0.01, maximum=2.0, name='em_syserr', latex_label='$\\sigma$', unit=None, boundary=None)
05:28 bilby INFO    : log10_E0=Uniform(minimum=47.0, maximum=57.0, name='log10_E0', latex_label='$\\log_{10}E_0$', unit=None, boundary='reflective')
05:28 bilby INFO    : inclination_EM=Uniform(minimum=0.0, maximum=0.7853981633974483, name='inclination_EM', latex_label='$\\iota$', unit=None, boundary=None)
05:28 bilby INFO    : inclination_EM=Uniform(minimum=0.0, maximum=0.7853981633974483, name='inclination_EM', latex_label='$\\iota$', unit=None, boundary=None)
05:28 bilby INFO    : em_syserr=LogUniform(minimum=0.01, maximum=2.0, name='em_syserr', latex_label='$\\sigma$', unit=None, boundary=None)
05:28 bilby INFO    : log10_epsilon_e=Uniform(minimum=-5, maximum=0, name='log10_epsilon_e', latex_label='$\\log_{10}\\epsilon_e$', unit=None, boundary='reflective')
05:28 bilby INFO    : em_syserr=LogUniform(minimum=0.01, maximum=2.0, name='em_syserr', latex_label='$\\sigma$', unit=None, boundary=None)
05:28 bilby INFO    : inclination_EM=Uniform(minimum=0.0, maximum=0.7853981633974483, name='inclination_EM', latex_label='$\\iota$', unit=None, boundary=None)
05:28 bilby INFO    : em_syserr=LogUniform(minimum=0.01, maximum=2.0, name='em_syserr', latex_label='$\\sigma$', unit=None, boundary=None)
05:28 bilby INFO    : log10_n0=Uniform(minimum=-6, maximum=3.0, name='log10_n0', latex_label='$\\log_{10}n_0$', unit=None, boundary='reflective')
05:28 bilby INFO    : log10_E0=Uniform(minimum=47.0, maximum=57.0, name='log10_E0', latex_label='$\\log_{10}E_0$', unit=None, boundary='reflective')
05:28 bilby INFO    : log10_E0=Uniform(minimum=47.0, maximum=57.0, name='log10_E0', latex_label='$\\log_{10}E_0$', unit=None, boundary='reflective')
05:28 bilby INFO    : log10_epsilon_B=Uniform(minimum=-10, maximum=0, name='log10_epsilon_B', latex_label='$\\log_{10}\\epsilon_B$', unit=None, boundary='reflective')
05:28 bilby INFO    : log10_E0=Uniform(minimum=47.0, maximum=57.0, name='log10_E0', latex_label='$\\log_{10}E_0$', unit=None, boundary='reflective')
05:28 bilby INFO    : log10_epsilon_e=Uniform(minimum=-5, maximum=0, name='log10_epsilon_e', latex_label='$\\log_{10}\\epsilon_e$', unit=None, boundary='reflective')
05:28 bilby INFO    : thetaCore=Uniform(minimum=0.01, maximum=0.3141592653589793, name='theta_core', latex_label='$\\theta_c$', unit=None, boundary='reflective')
05:28 bilby INFO    : log10_epsilon_B=Uniform(minimum=-10, maximum=0, name='log10_epsilon_B', latex_label='$\\log_{10}\\epsilon_B$', unit=None, boundary='reflective')
05:28 bilby INFO    : thetaCore=Uniform(minimum=0.01, maximum=0.3141592653589793, name='theta_core', latex_label='$\\theta_c$', unit=None, boundary='reflective')
05:28 bilby INFO    : log10_n0=Uniform(minimum=-6, maximum=3.0, name='log10_n0', latex_label='$\\log_{10}n_0$', unit=None, boundary='reflective')
05:28 bilby INFO    : thetaCore=Uniform(minimum=0.01, maximum=0.3141592653589793, name='theta_core', latex_label='$\\theta_c$', unit=None, boundary='reflective')
05:28 bilby INFO    : em_syserr=LogUniform(minimum=0.01, maximum=2.0, name='em_syserr', latex_label='$\\sigma$', unit=None, boundary=None)
05:28 bilby INFO    : supernova_mag_stretch=Uniform(minimum=0.1, maximum=5.0, name='supernova_mag_stretch', latex_label='$stretch$', unit=None, boundary=None)
05:28 bilby INFO    : log10_E0=Uniform(minimum=47.0, maximum=57.0, name='log10_E0', latex_label='$\\log_{10}E_0$', unit=None, boundary='reflective')
05:28 bilby INFO    : em_syserr=LogUniform(minimum=0.01, maximum=2.0, name='em_syserr', latex_label='$\\sigma$', unit=None, boundary=None)
05:28 bilby INFO    : log10_E0=Uniform(minimum=47.0, maximum=57.0, name='log10_E0', latex_label='$\\log_{10}E_0$', unit=None, boundary='reflective')
05:28 bilby INFO    : thetaWing=Uniform(minimum=0.01, maximum=0.7853981633974483, name='theta_wing', latex_label='$\\theta_w$', unit=None, boundary=None)
05:28 bilby INFO    : log10_E0=Uniform(minimum=47.0, maximum=57.0, name='log10_E0', latex_label='$\\log_{10}E_0$', unit=None, boundary='reflective')
05:28 bilby INFO    : timeshift=0.0
05:28 bilby INFO    : log10_E0=Uniform(minimum=47.0, maximum=57.0, name='log10_E0', latex_label='$\\log_{10}E_0$', unit=None, boundary='reflective')
05:28 bilby INFO    : p=Uniform(minimum=2.01, maximum=3.0, name='p', latex_label='$p$', unit=None, boundary=None)
05:28 bilby INFO    : em_syserr=LogUniform(minimum=0.01, maximum=2.0, name='em_syserr', latex_label='$\\sigma$', unit=None, boundary=None)
05:28 bilby INFO    : timeshift=0.0
05:28 bilby INFO    : log10_epsilon_B=Uniform(minimum=-10, maximum=0, name='log10_epsilon_B', latex_label='$\\log_{10}\\epsilon_B$', unit=None, boundary='reflective')
05:28 bilby INFO    : thetaCore=Uniform(minimum=0.01, maximum=0.3141592653589793, name='theta_core', latex_label='$\\theta_c$', unit=None, boundary='reflective')
05:28 bilby INFO    : log10_E0=Uniform(minimum=47.0, maximum=57.0, name='log10_E0', latex_label='$\\log_{10}E_0$', unit=None, boundary='reflective')
05:28 bilby INFO    : log10_E0=Uniform(minimum=47.0, maximum=57.0, name='log10_E0', latex_label='$\\log_{10}E_0$', unit=None, boundary='reflective')
05:28 bilby INFO    : log10_E0=Uniform(minimum=47.0, maximum=57.0, name='log10_E0', latex_label='$\\log_{10}E_0$', unit=None, boundary='reflective')
05:28 bilby INFO    : inclination_EM=Uniform(minimum=0.0, maximum=0.7853981633974483, name='inclination_EM', latex_label='$\\iota$', unit=None, boundary=None)
05:28 bilby INFO    : luminosity_distance=1981.0
05:28 bilby INFO    : inclination_EM=Uniform(minimum=0.0, maximum=0.7853981633974483, name='inclination_EM', latex_label='$\\iota$', unit=None, boundary=None)
05:28 bilby INFO    : thetaCore=Uniform(minimum=0.01, maximum=0.3141592653589793, name='theta_core', latex_label='$\\theta_c$', unit=None, boundary='reflective')
05:28 bilby INFO    : thetaCore=Uniform(minimum=0.01, maximum=0.3141592653589793, name='theta_core', latex_label='$\\theta_c$', unit=None, boundary='reflective')
05:28 bilby INFO    : inclination_EM=Uniform(minimum=0.0, maximum=0.7853981633974483, name='inclination_EM', latex_label='$\\iota$', unit=None, boundary=None)
05:28 bilby INFO    : inclination_EM=Uniform(minimum=0.0, maximum=0.7853981633974483, name='inclination_EM', latex_label='$\\iota$', unit=None, boundary=None)
05:28 bilby INFO    : p=Uniform(minimum=2.01, maximum=3.0, name='p', latex_label='$p$', unit=None, boundary=None)
05:28 bilby INFO    : log10_epsilon_B=Uniform(minimum=-10, maximum=0, name='log10_epsilon_B', latex_label='$\\log_{10}\\epsilon_B$', unit=None, boundary='reflective')
05:28 bilby INFO    : thetaWing=Uniform(minimum=0.01, maximum=0.7853981633974483, name='theta_wing', latex_label='$\\theta_w$', unit=None, boundary=None)
05:28 bilby INFO    : thetaWing=Uniform(minimum=0.01, maximum=0.7853981633974483, name='theta_wing', latex_label='$\\theta_w$', unit=None, boundary=None)
05:28 bilby INFO    : thetaWing=Uniform(minimum=0.01, maximum=0.7853981633974483, name='theta_wing', latex_label='$\\theta_w$', unit=None, boundary=None)
05:28 bilby INFO    : luminosity_distance=1981.0
05:28 bilby INFO    : thetaCore=Uniform(minimum=0.01, maximum=0.3141592653589793, name='theta_core', latex_label='$\\theta_c$', unit=None, boundary='reflective')
05:28 bilby INFO    : timeshift=0.0
05:28 bilby INFO    : inclination_EM=Uniform(minimum=0.0, maximum=0.7853981633974483, name='inclination_EM', latex_label='$\\iota$', unit=None, boundary=None)
05:28 bilby INFO    : Ebv=0.0
05:28 bilby INFO    : thetaCore=Uniform(minimum=0.01, maximum=0.3141592653589793, name='theta_core', latex_label='$\\theta_c$', unit=None, boundary='reflective')
05:28 bilby INFO    : inclination_EM=Uniform(minimum=0.0, maximum=0.7853981633974483, name='inclination_EM', latex_label='$\\iota$', unit=None, boundary=None)
05:28 bilby INFO    : p=Uniform(minimum=2.01, maximum=3.0, name='p', latex_label='$p$', unit=None, boundary=None)
05:28 bilby INFO    : thetaCore=Uniform(minimum=0.01, maximum=0.3141592653589793, name='theta_core', latex_label='$\\theta_c$', unit=None, boundary='reflective')
05:28 bilby INFO    : log10_n0=Uniform(minimum=-6, maximum=3.0, name='log10_n0', latex_label='$\\log_{10}n_0$', unit=None, boundary='reflective')
05:28 bilby INFO    : thetaCore=Uniform(minimum=0.01, maximum=0.3141592653589793, name='theta_core', latex_label='$\\theta_c$', unit=None, boundary='reflective')
05:28 bilby INFO    : Ebv=0.0
05:28 bilby INFO    : luminosity_distance=1981.0
05:28 bilby INFO    : log10_E0=Uniform(minimum=47.0, maximum=57.0, name='log10_E0', latex_label='$\\log_{10}E_0$', unit=None, boundary='reflective')
05:28 bilby INFO    : thetaWing=Uniform(minimum=0.01, maximum=0.7853981633974483, name='theta_wing', latex_label='$\\theta_w$', unit=None, boundary=None)
05:28 bilby INFO    : thetaCore=Uniform(minimum=0.01, maximum=0.3141592653589793, name='theta_core', latex_label='$\\theta_c$', unit=None, boundary='reflective')
05:28 bilby INFO    : thetaCore=Uniform(minimum=0.01, maximum=0.3141592653589793, name='theta_core', latex_label='$\\theta_c$', unit=None, boundary='reflective')
05:28 bilby INFO    : log10_epsilon_e=Uniform(minimum=-5, maximum=0, name='log10_epsilon_e', latex_label='$\\log_{10}\\epsilon_e$', unit=None, boundary='reflective')
05:28 bilby INFO    : timeshift=0.0
05:28 bilby INFO    : inclination_EM=Uniform(minimum=0.0, maximum=0.7853981633974483, name='inclination_EM', latex_label='$\\iota$', unit=None, boundary=None)
05:28 bilby INFO    : em_syserr=LogUniform(minimum=0.01, maximum=2.0, name='em_syserr', latex_label='$\\sigma$', unit=None, boundary=None)
05:28 bilby INFO    : log10_E0=Uniform(minimum=47.0, maximum=57.0, name='log10_E0', latex_label='$\\log_{10}E_0$', unit=None, boundary='reflective')
05:28 bilby INFO    : Analysis likelihood class: <class 'nmma.em.likelihood.OpticalLightCurve'>
05:28 bilby INFO    : Analysis likelihood class: <class 'nmma.em.likelihood.OpticalLightCurve'>
05:28 bilby INFO    : Ebv=0.0
05:28 bilby INFO    : log10_E0=Uniform(minimum=47.0, maximum=57.0, name='log10_E0', latex_label='$\\log_{10}E_0$', unit=None, boundary='reflective')
05:28 bilby INFO    : thetaWing=Uniform(minimum=0.01, maximum=0.7853981633974483, name='theta_wing', latex_label='$\\theta_w$', unit=None, boundary=None)
05:28 bilby INFO    : thetaCore=Uniform(minimum=0.01, maximum=0.3141592653589793, name='theta_core', latex_label='$\\theta_c$', unit=None, boundary='reflective')
05:28 bilby INFO    : thetaCore=Uniform(minimum=0.01, maximum=0.3141592653589793, name='theta_core', latex_label='$\\theta_c$', unit=None, boundary='reflective')
05:28 bilby INFO    : log10_E0=Uniform(minimum=47.0, maximum=57.0, name='log10_E0', latex_label='$\\log_{10}E_0$', unit=None, boundary='reflective')
05:28 bilby INFO    : Analysis likelihood noise evidence: 0.0
05:28 bilby INFO    : log10_epsilon_e=Uniform(minimum=-5, maximum=0, name='log10_epsilon_e', latex_label='$\\log_{10}\\epsilon_e$', unit=None, boundary='reflective')
05:28 bilby INFO    : luminosity_distance=1981.0
05:28 bilby INFO    : log10_n0=Uniform(minimum=-6, maximum=3.0, name='log10_n0', latex_label='$\\log_{10}n_0$', unit=None, boundary='reflective')
05:28 bilby INFO    : thetaWing=Uniform(minimum=0.01, maximum=0.7853981633974483, name='theta_wing', latex_label='$\\theta_w$', unit=None, boundary=None)
05:28 bilby INFO    : log10_n0=Uniform(minimum=-6, maximum=3.0, name='log10_n0', latex_label='$\\log_{10}n_0$', unit=None, boundary='reflective')
05:28 bilby INFO    : log10_epsilon_e=Uniform(minimum=-5, maximum=0, name='log10_epsilon_e', latex_label='$\\log_{10}\\epsilon_e$', unit=None, boundary='reflective')
05:28 bilby INFO    : thetaWing=Uniform(minimum=0.01, maximum=0.7853981633974483, name='theta_wing', latex_label='$\\theta_w$', unit=None, boundary=None)
05:28 bilby INFO    : Analysis likelihood noise evidence: 0.0
05:28 bilby INFO    : log10_E0=Uniform(minimum=47.0, maximum=57.0, name='log10_E0', latex_label='$\\log_{10}E_0$', unit=None, boundary='reflective')
05:28 bilby INFO    : thetaWing=Uniform(minimum=0.01, maximum=0.7853981633974483, name='theta_wing', latex_label='$\\theta_w$', unit=None, boundary=None)
05:28 bilby INFO    : log10_E0=Uniform(minimum=47.0, maximum=57.0, name='log10_E0', latex_label='$\\log_{10}E_0$', unit=None, boundary='reflective')
05:28 bilby INFO    : log10_n0=Uniform(minimum=-6, maximum=3.0, name='log10_n0', latex_label='$\\log_{10}n_0$', unit=None, boundary='reflective')
05:28 bilby INFO    : thetaWing=Uniform(minimum=0.01, maximum=0.7853981633974483, name='theta_wing', latex_label='$\\theta_w$', unit=None, boundary=None)
05:28 bilby INFO    : p=Uniform(minimum=2.01, maximum=3.0, name='p', latex_label='$p$', unit=None, boundary=None)
05:28 bilby INFO    : thetaCore=Uniform(minimum=0.01, maximum=0.3141592653589793, name='theta_core', latex_label='$\\theta_c$', unit=None, boundary='reflective')
05:28 bilby INFO    : log10_n0=Uniform(minimum=-6, maximum=3.0, name='log10_n0', latex_label='$\\log_{10}n_0$', unit=None, boundary='reflective')
05:28 bilby INFO    : Analysis likelihood class: <class 'nmma.em.likelihood.OpticalLightCurve'>
05:28 bilby INFO    : thetaWing=Uniform(minimum=0.01, maximum=0.7853981633974483, name='theta_wing', latex_label='$\\theta_w$', unit=None, boundary=None)
05:28 bilby INFO    : log10_epsilon_B=Uniform(minimum=-10, maximum=0, name='log10_epsilon_B', latex_label='$\\log_{10}\\epsilon_B$', unit=None, boundary='reflective')
05:28 bilby INFO    : Ebv=0.0
05:28 bilby INFO    : thetaWing=Uniform(minimum=0.01, maximum=0.7853981633974483, name='theta_wing', latex_label='$\\theta_w$', unit=None, boundary=None)
05:28 bilby INFO    : log10_E0=Uniform(minimum=47.0, maximum=57.0, name='log10_E0', latex_label='$\\log_{10}E_0$', unit=None, boundary='reflective')
05:28 bilby INFO    : thetaCore=Uniform(minimum=0.01, maximum=0.3141592653589793, name='theta_core', latex_label='$\\theta_c$', unit=None, boundary='reflective')
05:28 bilby INFO    : thetaWing=Uniform(minimum=0.01, maximum=0.7853981633974483, name='theta_wing', latex_label='$\\theta_w$', unit=None, boundary=None)
05:28 bilby INFO    : Analysis likelihood noise evidence: 0.0
05:28 bilby INFO    : thetaWing=Uniform(minimum=0.01, maximum=0.7853981633974483, name='theta_wing', latex_label='$\\theta_w$', unit=None, boundary=None)
05:28 bilby INFO    : thetaCore=Uniform(minimum=0.01, maximum=0.3141592653589793, name='theta_core', latex_label='$\\theta_c$', unit=None, boundary='reflective')
05:28 bilby INFO    : timeshift=0.0
05:28 bilby INFO    : Analysis likelihood class: <class 'nmma.em.likelihood.OpticalLightCurve'>
05:28 bilby INFO    : thetaWing=Uniform(minimum=0.01, maximum=0.7853981633974483, name='theta_wing', latex_label='$\\theta_w$', unit=None, boundary=None)
05:28 bilby INFO    : thetaCore=Uniform(minimum=0.01, maximum=0.3141592653589793, name='theta_core', latex_label='$\\theta_c$', unit=None, boundary='reflective')
05:28 bilby INFO    : log10_epsilon_B=Uniform(minimum=-10, maximum=0, name='log10_epsilon_B', latex_label='$\\log_{10}\\epsilon_B$', unit=None, boundary='reflective')
05:28 bilby INFO    : p=Uniform(minimum=2.01, maximum=3.0, name='p', latex_label='$p$', unit=None, boundary=None)
05:28 bilby INFO    : p=Uniform(minimum=2.01, maximum=3.0, name='p', latex_label='$p$', unit=None, boundary=None)
05:28 bilby INFO    : log10_epsilon_B=Uniform(minimum=-10, maximum=0, name='log10_epsilon_B', latex_label='$\\log_{10}\\epsilon_B$', unit=None, boundary='reflective')
05:28 bilby INFO    : inclination_EM=Uniform(minimum=0.0, maximum=0.7853981633974483, name='inclination_EM', latex_label='$\\iota$', unit=None, boundary=None)
05:28 bilby INFO    : thetaCore=Uniform(minimum=0.01, maximum=0.3141592653589793, name='theta_core', latex_label='$\\theta_c$', unit=None, boundary='reflective')
05:28 bilby INFO    : luminosity_distance=1981.0
05:28 bilby INFO    : p=Uniform(minimum=2.01, maximum=3.0, name='p', latex_label='$p$', unit=None, boundary=None)
05:28 bilby INFO    : log10_n0=Uniform(minimum=-6, maximum=3.0, name='log10_n0', latex_label='$\\log_{10}n_0$', unit=None, boundary='reflective')
05:28 bilby INFO    : log10_n0=Uniform(minimum=-6, maximum=3.0, name='log10_n0', latex_label='$\\log_{10}n_0$', unit=None, boundary='reflective')
05:28 bilby INFO    : log10_epsilon_e=Uniform(minimum=-5, maximum=0, name='log10_epsilon_e', latex_label='$\\log_{10}\\epsilon_e$', unit=None, boundary='reflective')
05:28 bilby INFO    : timeshift=0.0
05:28 bilby INFO    : log10_n0=Uniform(minimum=-6, maximum=3.0, name='log10_n0', latex_label='$\\log_{10}n_0$', unit=None, boundary='reflective')
05:28 bilby INFO    : log10_n0=Uniform(minimum=-6, maximum=3.0, name='log10_n0', latex_label='$\\log_{10}n_0$', unit=None, boundary='reflective')
05:28 bilby INFO    : timeshift=0.0
05:28 bilby INFO    : log10_n0=Uniform(minimum=-6, maximum=3.0, name='log10_n0', latex_label='$\\log_{10}n_0$', unit=None, boundary='reflective')
05:28 bilby INFO    : thetaCore=Uniform(minimum=0.01, maximum=0.3141592653589793, name='theta_core', latex_label='$\\theta_c$', unit=None, boundary='reflective')
05:28 bilby INFO    : Ebv=0.0
05:28 bilby INFO    : Analysis likelihood noise evidence: 0.0
05:28 bilby INFO    : log10_n0=Uniform(minimum=-6, maximum=3.0, name='log10_n0', latex_label='$\\log_{10}n_0$', unit=None, boundary='reflective')
05:28 bilby INFO    : thetaWing=Uniform(minimum=0.01, maximum=0.7853981633974483, name='theta_wing', latex_label='$\\theta_w$', unit=None, boundary=None)
05:28 bilby INFO    : p=Uniform(minimum=2.01, maximum=3.0, name='p', latex_label='$p$', unit=None, boundary=None)
05:28 bilby INFO    : luminosity_distance=1981.0
05:28 bilby INFO    : log10_n0=Uniform(minimum=-6, maximum=3.0, name='log10_n0', latex_label='$\\log_{10}n_0$', unit=None, boundary='reflective')
05:28 bilby INFO    : thetaCore=Uniform(minimum=0.01, maximum=0.3141592653589793, name='theta_core', latex_label='$\\theta_c$', unit=None, boundary='reflective')
05:28 bilby INFO    : luminosity_distance=1981.0
05:28 bilby INFO    : thetaWing=Uniform(minimum=0.01, maximum=0.7853981633974483, name='theta_wing', latex_label='$\\theta_w$', unit=None, boundary=None)
05:28 bilby INFO    : log10_n0=Uniform(minimum=-6, maximum=3.0, name='log10_n0', latex_label='$\\log_{10}n_0$', unit=None, boundary='reflective')
05:28 bilby INFO    : Ebv=0.0
05:28 bilby INFO    : thetaWing=Uniform(minimum=0.01, maximum=0.7853981633974483, name='theta_wing', latex_label='$\\theta_w$', unit=None, boundary=None)
05:28 bilby INFO    : thetaWing=Uniform(minimum=0.01, maximum=0.7853981633974483, name='theta_wing', latex_label='$\\theta_w$', unit=None, boundary=None)
05:28 bilby INFO    : Ebv=0.0
05:28 bilby INFO    : log10_epsilon_e=Uniform(minimum=-5, maximum=0, name='log10_epsilon_e', latex_label='$\\log_{10}\\epsilon_e$', unit=None, boundary='reflective')
05:28 bilby INFO    : Analysis likelihood class: <class 'nmma.em.likelihood.OpticalLightCurve'>
05:28 bilby INFO    : log10_epsilon_e=Uniform(minimum=-5, maximum=0, name='log10_epsilon_e', latex_label='$\\log_{10}\\epsilon_e$', unit=None, boundary='reflective')
05:28 bilby INFO    : p=Uniform(minimum=2.01, maximum=3.0, name='p', latex_label='$p$', unit=None, boundary=None)
05:28 bilby INFO    : log10_epsilon_B=Uniform(minimum=-10, maximum=0, name='log10_epsilon_B', latex_label='$\\log_{10}\\epsilon_B$', unit=None, boundary='reflective')
05:28 bilby INFO    : log10_E0=Uniform(minimum=47.0, maximum=57.0, name='log10_E0', latex_label='$\\log_{10}E_0$', unit=None, boundary='reflective')
05:28 bilby INFO    : thetaWing=Uniform(minimum=0.01, maximum=0.7853981633974483, name='theta_wing', latex_label='$\\theta_w$', unit=None, boundary=None)
05:28 bilby INFO    : log10_epsilon_e=Uniform(minimum=-5, maximum=0, name='log10_epsilon_e', latex_label='$\\log_{10}\\epsilon_e$', unit=None, boundary='reflective')
05:28 bilby INFO    : Analysis likelihood noise evidence: 0.0
05:28 bilby INFO    : p=Uniform(minimum=2.01, maximum=3.0, name='p', latex_label='$p$', unit=None, boundary=None)
05:28 bilby INFO    : log10_n0=Uniform(minimum=-6, maximum=3.0, name='log10_n0', latex_label='$\\log_{10}n_0$', unit=None, boundary='reflective')
05:28 bilby INFO    : log10_epsilon_e=Uniform(minimum=-5, maximum=0, name='log10_epsilon_e', latex_label='$\\log_{10}\\epsilon_e$', unit=None, boundary='reflective')
05:28 bilby INFO    : p=Uniform(minimum=2.01, maximum=3.0, name='p', latex_label='$p$', unit=None, boundary=None)
05:28 bilby INFO    : Analysis likelihood class: <class 'nmma.em.likelihood.OpticalLightCurve'>
05:28 bilby INFO    : p=Uniform(minimum=2.01, maximum=3.0, name='p', latex_label='$p$', unit=None, boundary=None)
05:28 bilby INFO    : p=Uniform(minimum=2.01, maximum=3.0, name='p', latex_label='$p$', unit=None, boundary=None)
05:28 bilby INFO    : timeshift=0.0
05:28 bilby INFO    : thetaWing=Uniform(minimum=0.01, maximum=0.7853981633974483, name='theta_wing', latex_label='$\\theta_w$', unit=None, boundary=None)
05:28 bilby INFO    : p=Uniform(minimum=2.01, maximum=3.0, name='p', latex_label='$p$', unit=None, boundary=None)
05:28 bilby INFO    : thetaWing=Uniform(minimum=0.01, maximum=0.7853981633974483, name='theta_wing', latex_label='$\\theta_w$', unit=None, boundary=None)
05:28 bilby INFO    : Analysis likelihood class: <class 'nmma.em.likelihood.OpticalLightCurve'>
05:28 bilby INFO    : log10_n0=Uniform(minimum=-6, maximum=3.0, name='log10_n0', latex_label='$\\log_{10}n_0$', unit=None, boundary='reflective')
05:28 bilby INFO    : p=Uniform(minimum=2.01, maximum=3.0, name='p', latex_label='$p$', unit=None, boundary=None)
05:28 bilby INFO    : log10_n0=Uniform(minimum=-6, maximum=3.0, name='log10_n0', latex_label='$\\log_{10}n_0$', unit=None, boundary='reflective')
05:28 bilby INFO    : log10_n0=Uniform(minimum=-6, maximum=3.0, name='log10_n0', latex_label='$\\log_{10}n_0$', unit=None, boundary='reflective')
05:28 bilby INFO    : Analysis likelihood noise evidence: 0.0
05:28 bilby INFO    : log10_n0=Uniform(minimum=-6, maximum=3.0, name='log10_n0', latex_label='$\\log_{10}n_0$', unit=None, boundary='reflective')
05:28 bilby INFO    : log10_n0=Uniform(minimum=-6, maximum=3.0, name='log10_n0', latex_label='$\\log_{10}n_0$', unit=None, boundary='reflective')
05:28 bilby INFO    : Analysis likelihood noise evidence: 0.0
05:28 bilby INFO    : log10_epsilon_B=Uniform(minimum=-10, maximum=0, name='log10_epsilon_B', latex_label='$\\log_{10}\\epsilon_B$', unit=None, boundary='reflective')
05:28 bilby INFO    : p=Uniform(minimum=2.01, maximum=3.0, name='p', latex_label='$p$', unit=None, boundary=None)
05:28 bilby INFO    : log10_epsilon_B=Uniform(minimum=-10, maximum=0, name='log10_epsilon_B', latex_label='$\\log_{10}\\epsilon_B$', unit=None, boundary='reflective')
05:28 bilby INFO    : log10_epsilon_B=Uniform(minimum=-10, maximum=0, name='log10_epsilon_B', latex_label='$\\log_{10}\\epsilon_B$', unit=None, boundary='reflective')
05:28 bilby INFO    : log10_epsilon_e=Uniform(minimum=-5, maximum=0, name='log10_epsilon_e', latex_label='$\\log_{10}\\epsilon_e$', unit=None, boundary='reflective')
05:28 bilby INFO    : log10_epsilon_e=Uniform(minimum=-5, maximum=0, name='log10_epsilon_e', latex_label='$\\log_{10}\\epsilon_e$', unit=None, boundary='reflective')
05:28 bilby INFO    : luminosity_distance=1981.0
05:28 bilby INFO    : log10_epsilon_e=Uniform(minimum=-5, maximum=0, name='log10_epsilon_e', latex_label='$\\log_{10}\\epsilon_e$', unit=None, boundary='reflective')
05:28 bilby INFO    : log10_n0=Uniform(minimum=-6, maximum=3.0, name='log10_n0', latex_label='$\\log_{10}n_0$', unit=None, boundary='reflective')
05:28 bilby INFO    : timeshift=0.0
05:28 bilby INFO    : timeshift=0.0
05:28 bilby INFO    : log10_epsilon_B=Uniform(minimum=-10, maximum=0, name='log10_epsilon_B', latex_label='$\\log_{10}\\epsilon_B$', unit=None, boundary='reflective')
05:28 bilby INFO    : timeshift=0.0
05:28 bilby INFO    : thetaCore=Uniform(minimum=0.01, maximum=0.3141592653589793, name='theta_core', latex_label='$\\theta_c$', unit=None, boundary='reflective')
05:28 bilby INFO    : Ebv=0.0
05:28 bilby INFO    : log10_n0=Uniform(minimum=-6, maximum=3.0, name='log10_n0', latex_label='$\\log_{10}n_0$', unit=None, boundary='reflective')
05:28 bilby INFO    : luminosity_distance=1981.0
05:28 bilby INFO    : log10_epsilon_e=Uniform(minimum=-5, maximum=0, name='log10_epsilon_e', latex_label='$\\log_{10}\\epsilon_e$', unit=None, boundary='reflective')
05:28 bilby INFO    : log10_epsilon_e=Uniform(minimum=-5, maximum=0, name='log10_epsilon_e', latex_label='$\\log_{10}\\epsilon_e$', unit=None, boundary='reflective')
05:28 bilby INFO    : p=Uniform(minimum=2.01, maximum=3.0, name='p', latex_label='$p$', unit=None, boundary=None)
05:28 bilby INFO    : log10_epsilon_e=Uniform(minimum=-5, maximum=0, name='log10_epsilon_e', latex_label='$\\log_{10}\\epsilon_e$', unit=None, boundary='reflective')
05:28 bilby INFO    : p=Uniform(minimum=2.01, maximum=3.0, name='p', latex_label='$p$', unit=None, boundary=None)
05:28 bilby INFO    : p=Uniform(minimum=2.01, maximum=3.0, name='p', latex_label='$p$', unit=None, boundary=None)
05:28 bilby INFO    : log10_epsilon_e=Uniform(minimum=-5, maximum=0, name='log10_epsilon_e', latex_label='$\\log_{10}\\epsilon_e$', unit=None, boundary='reflective')
05:28 bilby INFO    : p=Uniform(minimum=2.01, maximum=3.0, name='p', latex_label='$p$', unit=None, boundary=None)
05:28 bilby INFO    : luminosity_distance=1981.0
05:28 bilby INFO    : p=Uniform(minimum=2.01, maximum=3.0, name='p', latex_label='$p$', unit=None, boundary=None)
05:28 bilby INFO    : Ebv=0.0
05:28 bilby INFO    : luminosity_distance=1981.0
05:28 bilby INFO    : timeshift=0.0
05:28 bilby INFO    : log10_n0=Uniform(minimum=-6, maximum=3.0, name='log10_n0', latex_label='$\\log_{10}n_0$', unit=None, boundary='reflective')
05:28 bilby INFO    : Analysis likelihood class: <class 'nmma.em.likelihood.OpticalLightCurve'>
05:28 bilby INFO    : Ebv=0.0
05:28 bilby INFO    : p=Uniform(minimum=2.01, maximum=3.0, name='p', latex_label='$p$', unit=None, boundary=None)
05:28 bilby INFO    : Ebv=0.0
05:28 bilby INFO    : log10_epsilon_B=Uniform(minimum=-10, maximum=0, name='log10_epsilon_B', latex_label='$\\log_{10}\\epsilon_B$', unit=None, boundary='reflective')
05:28 bilby INFO    : Analysis likelihood noise evidence: 0.0
05:28 bilby INFO    : p=Uniform(minimum=2.01, maximum=3.0, name='p', latex_label='$p$', unit=None, boundary=None)
05:28 bilby INFO    : Analysis likelihood class: <class 'nmma.em.likelihood.OpticalLightCurve'>
05:28 bilby INFO    : log10_epsilon_B=Uniform(minimum=-10, maximum=0, name='log10_epsilon_B', latex_label='$\\log_{10}\\epsilon_B$', unit=None, boundary='reflective')
05:28 bilby INFO    : luminosity_distance=1981.0
05:28 bilby INFO    : log10_epsilon_B=Uniform(minimum=-10, maximum=0, name='log10_epsilon_B', latex_label='$\\log_{10}\\epsilon_B$', unit=None, boundary='reflective')
05:28 bilby INFO    : p=Uniform(minimum=2.01, maximum=3.0, name='p', latex_label='$p$', unit=None, boundary=None)
05:28 bilby INFO    : log10_epsilon_B=Uniform(minimum=-10, maximum=0, name='log10_epsilon_B', latex_label='$\\log_{10}\\epsilon_B$', unit=None, boundary='reflective')
05:28 bilby INFO    : Analysis likelihood class: <class 'nmma.em.likelihood.OpticalLightCurve'>
05:28 bilby INFO    : log10_epsilon_B=Uniform(minimum=-10, maximum=0, name='log10_epsilon_B', latex_label='$\\log_{10}\\epsilon_B$', unit=None, boundary='reflective')
05:28 bilby INFO    : Ebv=0.0
05:28 bilby INFO    : log10_epsilon_e=Uniform(minimum=-5, maximum=0, name='log10_epsilon_e', latex_label='$\\log_{10}\\epsilon_e$', unit=None, boundary='reflective')
05:28 bilby INFO    : timeshift=0.0
05:28 bilby INFO    : Analysis likelihood class: <class 'nmma.em.likelihood.OpticalLightCurve'>
05:28 bilby INFO    : log10_epsilon_B=Uniform(minimum=-10, maximum=0, name='log10_epsilon_B', latex_label='$\\log_{10}\\epsilon_B$', unit=None, boundary='reflective')
05:28 bilby INFO    : log10_epsilon_B=Uniform(minimum=-10, maximum=0, name='log10_epsilon_B', latex_label='$\\log_{10}\\epsilon_B$', unit=None, boundary='reflective')
05:28 bilby INFO    : timeshift=0.0
05:28 bilby INFO    : log10_epsilon_e=Uniform(minimum=-5, maximum=0, name='log10_epsilon_e', latex_label='$\\log_{10}\\epsilon_e$', unit=None, boundary='reflective')
05:28 bilby INFO    : thetaWing=Uniform(minimum=0.01, maximum=0.7853981633974483, name='theta_wing', latex_label='$\\theta_w$', unit=None, boundary=None)
05:28 bilby INFO    : timeshift=0.0
05:28 bilby INFO    : luminosity_distance=1981.0
05:28 bilby INFO    : log10_epsilon_e=Uniform(minimum=-5, maximum=0, name='log10_epsilon_e', latex_label='$\\log_{10}\\epsilon_e$', unit=None, boundary='reflective')
05:28 bilby INFO    : log10_epsilon_e=Uniform(minimum=-5, maximum=0, name='log10_epsilon_e', latex_label='$\\log_{10}\\epsilon_e$', unit=None, boundary='reflective')
05:28 bilby INFO    : log10_epsilon_e=Uniform(minimum=-5, maximum=0, name='log10_epsilon_e', latex_label='$\\log_{10}\\epsilon_e$', unit=None, boundary='reflective')
05:28 bilby INFO    : log10_epsilon_e=Uniform(minimum=-5, maximum=0, name='log10_epsilon_e', latex_label='$\\log_{10}\\epsilon_e$', unit=None, boundary='reflective')
05:28 bilby INFO    : timeshift=0.0
05:28 bilby INFO    : Analysis likelihood noise evidence: 0.0
05:28 bilby INFO    : Analysis likelihood noise evidence: 0.0
05:28 bilby INFO    : p=Uniform(minimum=2.01, maximum=3.0, name='p', latex_label='$p$', unit=None, boundary=None)
05:28 bilby INFO    : timeshift=0.0
05:28 bilby INFO    : Analysis likelihood class: <class 'nmma.em.likelihood.OpticalLightCurve'>
05:28 bilby INFO    : luminosity_distance=1981.0
05:28 bilby INFO    : Ebv=0.0
05:28 bilby INFO    : Analysis likelihood noise evidence: 0.0
05:28 bilby INFO    : log10_epsilon_e=Uniform(minimum=-5, maximum=0, name='log10_epsilon_e', latex_label='$\\log_{10}\\epsilon_e$', unit=None, boundary='reflective')
05:28 bilby INFO    : log10_epsilon_e=Uniform(minimum=-5, maximum=0, name='log10_epsilon_e', latex_label='$\\log_{10}\\epsilon_e$', unit=None, boundary='reflective')
05:28 bilby INFO    : timeshift=0.0
05:28 bilby INFO    : timeshift=0.0
05:28 bilby INFO    : luminosity_distance=1981.0
05:28 bilby INFO    : luminosity_distance=1981.0
05:28 bilby INFO    : Ebv=0.0
05:28 bilby INFO    : log10_epsilon_B=Uniform(minimum=-10, maximum=0, name='log10_epsilon_B', latex_label='$\\log_{10}\\epsilon_B$', unit=None, boundary='reflective')
05:28 bilby INFO    : Analysis likelihood noise evidence: 0.0
05:28 bilby INFO    : Ebv=0.0
05:28 bilby INFO    : log10_epsilon_e=Uniform(minimum=-5, maximum=0, name='log10_epsilon_e', latex_label='$\\log_{10}\\epsilon_e$', unit=None, boundary='reflective')
05:28 bilby INFO    : luminosity_distance=1981.0
05:28 bilby INFO    : Ebv=0.0
05:28 bilby INFO    : luminosity_distance=1981.0
05:28 bilby INFO    : luminosity_distance=1981.0
05:28 bilby INFO    : Ebv=0.0
05:28 bilby INFO    : Analysis likelihood class: <class 'nmma.em.likelihood.OpticalLightCurve'>
05:28 bilby INFO    : log10_n0=Uniform(minimum=-6, maximum=3.0, name='log10_n0', latex_label='$\\log_{10}n_0$', unit=None, boundary='reflective')
05:28 bilby INFO    : Analysis likelihood class: <class 'nmma.em.likelihood.OpticalLightCurve'>
05:28 bilby INFO    : timeshift=0.0
05:28 bilby INFO    : Analysis likelihood class: <class 'nmma.em.likelihood.OpticalLightCurve'>
05:28 bilby INFO    : log10_epsilon_B=Uniform(minimum=-10, maximum=0, name='log10_epsilon_B', latex_label='$\\log_{10}\\epsilon_B$', unit=None, boundary='reflective')
05:28 bilby INFO    : log10_epsilon_B=Uniform(minimum=-10, maximum=0, name='log10_epsilon_B', latex_label='$\\log_{10}\\epsilon_B$', unit=None, boundary='reflective')
05:28 bilby INFO    : log10_epsilon_B=Uniform(minimum=-10, maximum=0, name='log10_epsilon_B', latex_label='$\\log_{10}\\epsilon_B$', unit=None, boundary='reflective')
05:28 bilby INFO    : Ebv=0.0
05:28 bilby INFO    : log10_epsilon_B=Uniform(minimum=-10, maximum=0, name='log10_epsilon_B', latex_label='$\\log_{10}\\epsilon_B$', unit=None, boundary='reflective')
05:28 bilby INFO    : log10_epsilon_e=Uniform(minimum=-5, maximum=0, name='log10_epsilon_e', latex_label='$\\log_{10}\\epsilon_e$', unit=None, boundary='reflective')
05:28 bilby INFO    : Ebv=0.0
05:28 bilby INFO    : Analysis likelihood noise evidence: 0.0
05:28 bilby INFO    : Analysis likelihood class: <class 'nmma.em.likelihood.OpticalLightCurve'>
05:28 bilby INFO    : log10_epsilon_B=Uniform(minimum=-10, maximum=0, name='log10_epsilon_B', latex_label='$\\log_{10}\\epsilon_B$', unit=None, boundary='reflective')
05:28 bilby INFO    : Analysis likelihood class: <class 'nmma.em.likelihood.OpticalLightCurve'>
05:28 bilby INFO    : Analysis likelihood class: <class 'nmma.em.likelihood.OpticalLightCurve'>
05:28 bilby INFO    : Analysis likelihood noise evidence: 0.0
05:28 bilby INFO    : luminosity_distance=1981.0
05:28 bilby INFO    : log10_epsilon_B=Uniform(minimum=-10, maximum=0, name='log10_epsilon_B', latex_label='$\\log_{10}\\epsilon_B$', unit=None, boundary='reflective')
05:28 bilby INFO    : log10_epsilon_B=Uniform(minimum=-10, maximum=0, name='log10_epsilon_B', latex_label='$\\log_{10}\\epsilon_B$', unit=None, boundary='reflective')
05:28 bilby INFO    : Analysis likelihood noise evidence: 0.0
05:28 bilby INFO    : timeshift=0.0
05:28 bilby INFO    : log10_epsilon_B=Uniform(minimum=-10, maximum=0, name='log10_epsilon_B', latex_label='$\\log_{10}\\epsilon_B$', unit=None, boundary='reflective')
05:28 bilby INFO    : timeshift=0.0
05:28 bilby INFO    : Analysis likelihood class: <class 'nmma.em.likelihood.OpticalLightCurve'>
05:28 bilby INFO    : Analysis likelihood noise evidence: 0.0
05:28 bilby INFO    : Analysis likelihood noise evidence: 0.0
05:28 bilby INFO    : timeshift=0.0
05:28 bilby INFO    : timeshift=0.0
05:28 bilby INFO    : timeshift=0.0
05:28 bilby INFO    : luminosity_distance=1981.0
05:28 bilby INFO    : luminosity_distance=1981.0
05:28 bilby INFO    : timeshift=0.0
05:28 bilby INFO    : luminosity_distance=1981.0
05:28 bilby INFO    : timeshift=0.0
05:28 bilby INFO    : luminosity_distance=1981.0
05:28 bilby INFO    : Analysis likelihood noise evidence: 0.0
05:28 bilby INFO    : luminosity_distance=1981.0
05:28 bilby INFO    : Analysis likelihood noise evidence: 0.0
05:28 bilby INFO    : Analysis priors:
05:28 bilby INFO    : Ebv=0.0
05:28 bilby INFO    : Ebv=0.0
05:28 bilby INFO    : luminosity_distance=1981.0
05:28 bilby INFO    : luminosity_distance=1981.0
05:28 bilby INFO    : Ebv=0.0
05:28 bilby INFO    : Ebv=0.0
05:28 bilby INFO    : timeshift=0.0
05:28 bilby INFO    : luminosity_distance=1981.0
05:28 bilby INFO    : log10_epsilon_B=Uniform(minimum=-10, maximum=0, name='log10_epsilon_B', latex_label='$\\log_{10}\\epsilon_B$', unit=None, boundary='reflective')
05:28 bilby INFO    : p=Uniform(minimum=2.01, maximum=3.0, name='p', latex_label='$p$', unit=None, boundary=None)
05:28 bilby INFO    : Ebv=0.0
05:28 bilby INFO    : Ebv=0.0
05:28 bilby INFO    : Ebv=0.0
05:28 bilby INFO    : Ebv=0.0
05:28 bilby INFO    : timeshift=0.0
05:28 bilby INFO    : Analysis likelihood class: <class 'nmma.em.likelihood.OpticalLightCurve'>
05:28 bilby INFO    : Analysis likelihood class: <class 'nmma.em.likelihood.OpticalLightCurve'>
05:28 bilby INFO    : Analysis likelihood class: <class 'nmma.em.likelihood.OpticalLightCurve'>
05:28 bilby INFO    : Analysis likelihood class: <class 'nmma.em.likelihood.OpticalLightCurve'>
05:28 bilby INFO    : Analysis likelihood class: <class 'nmma.em.likelihood.OpticalLightCurve'>
05:28 bilby INFO    : Ebv=0.0
05:28 bilby INFO    : Analysis likelihood class: <class 'nmma.em.likelihood.OpticalLightCurve'>
05:28 bilby INFO    : Analysis likelihood noise evidence: 0.0
05:28 bilby INFO    : Analysis likelihood class: <class 'nmma.em.likelihood.OpticalLightCurve'>
05:28 bilby INFO    : Analysis likelihood noise evidence: 0.0
05:28 bilby INFO    : Analysis likelihood class: <class 'nmma.em.likelihood.OpticalLightCurve'>
05:28 bilby INFO    : Analysis likelihood noise evidence: 0.0
05:28 bilby INFO    : Analysis likelihood class: <class 'nmma.em.likelihood.OpticalLightCurve'>
05:28 bilby INFO    : luminosity_distance=1981.0
05:28 bilby INFO    : Analysis likelihood noise evidence: 0.0
05:28 bilby INFO    : Analysis likelihood noise evidence: 0.0
05:28 bilby INFO    : Analysis likelihood noise evidence: 0.0
05:28 bilby INFO    : Analysis likelihood noise evidence: 0.0
05:28 bilby INFO    : Ebv=0.0
05:28 bilby INFO    : Analysis likelihood noise evidence: 0.0
05:28 bilby INFO    : Analysis likelihood noise evidence: 0.0
05:28 bilby INFO    : log10_epsilon_e=Uniform(minimum=-5, maximum=0, name='log10_epsilon_e', latex_label='$\\log_{10}\\epsilon_e$', unit=None, boundary='reflective')
05:28 bilby INFO    : Analysis likelihood class: <class 'nmma.em.likelihood.OpticalLightCurve'>
05:28 bilby INFO    : Analysis likelihood noise evidence: 0.0
05:28 bilby INFO    : log10_epsilon_B=Uniform(minimum=-10, maximum=0, name='log10_epsilon_B', latex_label='$\\log_{10}\\epsilon_B$', unit=None, boundary='reflective')
05:28 bilby INFO    : timeshift=0.0
05:28 bilby INFO    : luminosity_distance=1981.0
05:28 bilby INFO    : Ebv=0.0
05:28 bilby INFO    : Analysis likelihood class: <class 'nmma.em.likelihood.OpticalLightCurve'>
05:28 bilby INFO    : Analysis likelihood noise evidence: 0.0
05:28 bilby INFO    : supernova_mag_boost=Uniform(minimum=-5, maximum=5, name='supernova_mag_boost', latex_label='$magboost$', unit=None, boundary=None)
05:28 bilby INFO    : supernova_mag_boost=Uniform(minimum=-5, maximum=5, name='supernova_mag_boost', latex_label='$magboost$', unit=None, boundary=None)
05:28 bilby INFO    : supernova_mag_stretch=Uniform(minimum=0.1, maximum=5.0, name='supernova_mag_stretch', latex_label='$stretch$', unit=None, boundary=None)
05:28 bilby INFO    : em_syserr=LogUniform(minimum=0.01, maximum=2.0, name='em_syserr', latex_label='$\\sigma$', unit=None, boundary=None)
05:28 bilby INFO    : supernova_mag_stretch=Uniform(minimum=0.1, maximum=5.0, name='supernova_mag_stretch', latex_label='$stretch$', unit=None, boundary=None)
05:28 bilby INFO    : inclination_EM=Uniform(minimum=0.0, maximum=0.7853981633974483, name='inclination_EM', latex_label='$\\iota$', unit=None, boundary=None)
05:28 bilby INFO    : log10_E0=Uniform(minimum=47.0, maximum=57.0, name='log10_E0', latex_label='$\\log_{10}E_0$', unit=None, boundary='reflective')
05:28 bilby INFO    : em_syserr=LogUniform(minimum=0.01, maximum=2.0, name='em_syserr', latex_label='$\\sigma$', unit=None, boundary=None)
05:28 bilby INFO    : thetaCore=Uniform(minimum=0.01, maximum=0.3141592653589793, name='theta_core', latex_label='$\\theta_c$', unit=None, boundary='reflective')
05:28 bilby INFO    : inclination_EM=Uniform(minimum=0.0, maximum=0.7853981633974483, name='inclination_EM', latex_label='$\\iota$', unit=None, boundary=None)
05:28 bilby INFO    : thetaWing=Uniform(minimum=0.01, maximum=0.7853981633974483, name='theta_wing', latex_label='$\\theta_w$', unit=None, boundary=None)
05:28 bilby INFO    : log10_E0=Uniform(minimum=47.0, maximum=57.0, name='log10_E0', latex_label='$\\log_{10}E_0$', unit=None, boundary='reflective')
05:28 bilby INFO    : log10_n0=Uniform(minimum=-6, maximum=3.0, name='log10_n0', latex_label='$\\log_{10}n_0$', unit=None, boundary='reflective')
05:28 bilby INFO    : thetaCore=Uniform(minimum=0.01, maximum=0.3141592653589793, name='theta_core', latex_label='$\\theta_c$', unit=None, boundary='reflective')
05:28 bilby INFO    : p=Uniform(minimum=2.01, maximum=3.0, name='p', latex_label='$p$', unit=None, boundary=None)
05:28 bilby INFO    : log10_epsilon_e=Uniform(minimum=-5, maximum=0, name='log10_epsilon_e', latex_label='$\\log_{10}\\epsilon_e$', unit=None, boundary='reflective')
05:28 bilby INFO    : thetaWing=Uniform(minimum=0.01, maximum=0.7853981633974483, name='theta_wing', latex_label='$\\theta_w$', unit=None, boundary=None)
05:28 bilby INFO    : log10_epsilon_B=Uniform(minimum=-10, maximum=0, name='log10_epsilon_B', latex_label='$\\log_{10}\\epsilon_B$', unit=None, boundary='reflective')
05:28 bilby INFO    : timeshift=0.0
05:28 bilby INFO    : log10_n0=Uniform(minimum=-6, maximum=3.0, name='log10_n0', latex_label='$\\log_{10}n_0$', unit=None, boundary='reflective')
05:28 bilby INFO    : luminosity_distance=1981.0
05:28 bilby INFO    : Ebv=0.0
05:28 bilby INFO    : Analysis likelihood class: <class 'nmma.em.likelihood.OpticalLightCurve'>
05:28 bilby INFO    : p=Uniform(minimum=2.01, maximum=3.0, name='p', latex_label='$p$', unit=None, boundary=None)
05:28 bilby INFO    : Analysis likelihood noise evidence: 0.0
05:28 bilby INFO    : log10_epsilon_e=Uniform(minimum=-5, maximum=0, name='log10_epsilon_e', latex_label='$\\log_{10}\\epsilon_e$', unit=None, boundary='reflective')
05:28 bilby INFO    : log10_epsilon_B=Uniform(minimum=-10, maximum=0, name='log10_epsilon_B', latex_label='$\\log_{10}\\epsilon_B$', unit=None, boundary='reflective')
05:28 bilby INFO    : timeshift=0.0
05:28 bilby INFO    : luminosity_distance=1981.0
05:28 bilby INFO    : Ebv=0.0
05:28 bilby INFO    : Analysis likelihood class: <class 'nmma.em.likelihood.OpticalLightCurve'>
05:28 bilby INFO    : Analysis likelihood noise evidence: 0.0
05:31 bilby INFO    : Single likelihood evaluation took 1.536e+00 s
05:31 bilby WARNING : Supplied argument 'queue_size' not an argument of 'Pymultinest', removing.
05:31 bilby WARNING : Supplied argument 'check_point_delta_t' not an argument of 'Pymultinest', removing.
05:31 bilby INFO    : Using sampler Pymultinest with kwargs {'importance_nested_sampling': False, 'resume': True, 'verbose': True, 'sampling_efficiency': 'parameter', 'n_live_points': 2048, 'n_params': 11, 'n_clustering_params': None, 'wrapped_params': None, 'multimodal': True, 'const_efficiency_mode': False, 'evidence_tolerance': 0.5, 'n_iter_before_update': 100, 'null_log_evidence': -1e+90, 'max_modes': 100, 'mode_tolerance': -1e+90, 'seed': 42, 'context': 0, 'write_output': True, 'log_zero': -1e+100, 'max_iter': 0, 'init_MPI': False, 'dump_callback': <bound method Pymultinest._dump_callback of <bilby.core.sampler.pymultinest.Pymultinest object at 0x1555544760d0>>}
05:31 bilby INFO    : Temporary directory incompatible with MPI, will run in original directory
05:31 bilby INFO    : Using output file outdirSNgauss32cores/pm_GRB230812B/
05:31 bilby INFO    : Single likelihood evaluation took 1.638e+00 s
05:31 bilby INFO    : Single likelihood evaluation took 1.647e+00 s
05:31 bilby WARNING : Supplied argument 'queue_size' not an argument of 'Pymultinest', removing.
05:31 bilby WARNING : Supplied argument 'check_point_delta_t' not an argument of 'Pymultinest', removing.
05:31 bilby INFO    : Using sampler Pymultinest with kwargs {'importance_nested_sampling': False, 'resume': True, 'verbose': True, 'sampling_efficiency': 'parameter', 'n_live_points': 2048, 'n_params': 11, 'n_clustering_params': None, 'wrapped_params': None, 'multimodal': True, 'const_efficiency_mode': False, 'evidence_tolerance': 0.5, 'n_iter_before_update': 100, 'null_log_evidence': -1e+90, 'max_modes': 100, 'mode_tolerance': -1e+90, 'seed': 42, 'context': 0, 'write_output': True, 'log_zero': -1e+100, 'max_iter': 0, 'init_MPI': False, 'dump_callback': <bound method Pymultinest._dump_callback of <bilby.core.sampler.pymultinest.Pymultinest object at 0x155531be0bb0>>}
05:31 bilby INFO    : Temporary directory incompatible with MPI, will run in original directory
05:31 bilby INFO    : Using output file outdirSNgauss32cores/pm_GRB230812B/
05:31 bilby WARNING : Supplied argument 'queue_size' not an argument of 'Pymultinest', removing.
05:31 bilby WARNING : Supplied argument 'check_point_delta_t' not an argument of 'Pymultinest', removing.
05:31 bilby INFO    : Using sampler Pymultinest with kwargs {'importance_nested_sampling': False, 'resume': True, 'verbose': True, 'sampling_efficiency': 'parameter', 'n_live_points': 2048, 'n_params': 11, 'n_clustering_params': None, 'wrapped_params': None, 'multimodal': True, 'const_efficiency_mode': False, 'evidence_tolerance': 0.5, 'n_iter_before_update': 100, 'null_log_evidence': -1e+90, 'max_modes': 100, 'mode_tolerance': -1e+90, 'seed': 42, 'context': 0, 'write_output': True, 'log_zero': -1e+100, 'max_iter': 0, 'init_MPI': False, 'dump_callback': <bound method Pymultinest._dump_callback of <bilby.core.sampler.pymultinest.Pymultinest object at 0x155531be0f40>>}
05:31 bilby INFO    : Temporary directory incompatible with MPI, will run in original directory
05:31 bilby INFO    : Using output file outdirSNgauss32cores/pm_GRB230812B/
05:31 bilby INFO    : Single likelihood evaluation took 1.781e+00 s
05:31 bilby INFO    : Single likelihood evaluation took 1.802e+00 s
05:31 bilby WARNING : Supplied argument 'queue_size' not an argument of 'Pymultinest', removing.
05:31 bilby WARNING : Supplied argument 'check_point_delta_t' not an argument of 'Pymultinest', removing.
05:31 bilby INFO    : Using sampler Pymultinest with kwargs {'importance_nested_sampling': False, 'resume': True, 'verbose': True, 'sampling_efficiency': 'parameter', 'n_live_points': 2048, 'n_params': 11, 'n_clustering_params': None, 'wrapped_params': None, 'multimodal': True, 'const_efficiency_mode': False, 'evidence_tolerance': 0.5, 'n_iter_before_update': 100, 'null_log_evidence': -1e+90, 'max_modes': 100, 'mode_tolerance': -1e+90, 'seed': 42, 'context': 0, 'write_output': True, 'log_zero': -1e+100, 'max_iter': 0, 'init_MPI': False, 'dump_callback': <bound method Pymultinest._dump_callback of <bilby.core.sampler.pymultinest.Pymultinest object at 0x1555293d9f40>>}
05:31 bilby INFO    : Temporary directory incompatible with MPI, will run in original directory
05:31 bilby INFO    : Using output file outdirSNgauss32cores/pm_GRB230812B/
05:31 bilby WARNING : Supplied argument 'queue_size' not an argument of 'Pymultinest', removing.
05:31 bilby WARNING : Supplied argument 'check_point_delta_t' not an argument of 'Pymultinest', removing.
05:31 bilby INFO    : Using sampler Pymultinest with kwargs {'importance_nested_sampling': False, 'resume': True, 'verbose': True, 'sampling_efficiency': 'parameter', 'n_live_points': 2048, 'n_params': 11, 'n_clustering_params': None, 'wrapped_params': None, 'multimodal': True, 'const_efficiency_mode': False, 'evidence_tolerance': 0.5, 'n_iter_before_update': 100, 'null_log_evidence': -1e+90, 'max_modes': 100, 'mode_tolerance': -1e+90, 'seed': 42, 'context': 0, 'write_output': True, 'log_zero': -1e+100, 'max_iter': 0, 'init_MPI': False, 'dump_callback': <bound method Pymultinest._dump_callback of <bilby.core.sampler.pymultinest.Pymultinest object at 0x155539bde700>>}
05:31 bilby INFO    : Temporary directory incompatible with MPI, will run in original directory
05:31 bilby INFO    : Using output file outdirSNgauss32cores/pm_GRB230812B/
05:31 bilby INFO    : Single likelihood evaluation took 1.841e+00 s
05:31 bilby WARNING : Supplied argument 'queue_size' not an argument of 'Pymultinest', removing.
05:31 bilby WARNING : Supplied argument 'check_point_delta_t' not an argument of 'Pymultinest', removing.
05:31 bilby INFO    : Using sampler Pymultinest with kwargs {'importance_nested_sampling': False, 'resume': True, 'verbose': True, 'sampling_efficiency': 'parameter', 'n_live_points': 2048, 'n_params': 11, 'n_clustering_params': None, 'wrapped_params': None, 'multimodal': True, 'const_efficiency_mode': False, 'evidence_tolerance': 0.5, 'n_iter_before_update': 100, 'null_log_evidence': -1e+90, 'max_modes': 100, 'mode_tolerance': -1e+90, 'seed': 42, 'context': 0, 'write_output': True, 'log_zero': -1e+100, 'max_iter': 0, 'init_MPI': False, 'dump_callback': <bound method Pymultinest._dump_callback of <bilby.core.sampler.pymultinest.Pymultinest object at 0x1555544f31f0>>}
05:31 bilby INFO    : Temporary directory incompatible with MPI, will run in original directory
05:31 bilby INFO    : Using output file outdirSNgauss32cores/pm_GRB230812B/
05:31 bilby INFO    : Single likelihood evaluation took 1.819e+00 s
05:31 bilby INFO    : Single likelihood evaluation took 1.831e+00 s
05:31 bilby INFO    : Single likelihood evaluation took 1.886e+00 s
05:31 bilby INFO    : Single likelihood evaluation took 1.883e+00 s
05:31 bilby WARNING : Supplied argument 'queue_size' not an argument of 'Pymultinest', removing.
05:31 bilby WARNING : Supplied argument 'check_point_delta_t' not an argument of 'Pymultinest', removing.
05:31 bilby INFO    : Using sampler Pymultinest with kwargs {'importance_nested_sampling': False, 'resume': True, 'verbose': True, 'sampling_efficiency': 'parameter', 'n_live_points': 2048, 'n_params': 11, 'n_clustering_params': None, 'wrapped_params': None, 'multimodal': True, 'const_efficiency_mode': False, 'evidence_tolerance': 0.5, 'n_iter_before_update': 100, 'null_log_evidence': -1e+90, 'max_modes': 100, 'mode_tolerance': -1e+90, 'seed': 42, 'context': 0, 'write_output': True, 'log_zero': -1e+100, 'max_iter': 0, 'init_MPI': False, 'dump_callback': <bound method Pymultinest._dump_callback of <bilby.core.sampler.pymultinest.Pymultinest object at 0x15552d7dcf40>>}
05:31 bilby INFO    : Temporary directory incompatible with MPI, will run in original directory
05:31 bilby INFO    : Using output file outdirSNgauss32cores/pm_GRB230812B/
05:31 bilby WARNING : Supplied argument 'queue_size' not an argument of 'Pymultinest', removing.
05:31 bilby WARNING : Supplied argument 'check_point_delta_t' not an argument of 'Pymultinest', removing.
05:31 bilby INFO    : Using sampler Pymultinest with kwargs {'importance_nested_sampling': False, 'resume': True, 'verbose': True, 'sampling_efficiency': 'parameter', 'n_live_points': 2048, 'n_params': 11, 'n_clustering_params': None, 'wrapped_params': None, 'multimodal': True, 'const_efficiency_mode': False, 'evidence_tolerance': 0.5, 'n_iter_before_update': 100, 'null_log_evidence': -1e+90, 'max_modes': 100, 'mode_tolerance': -1e+90, 'seed': 42, 'context': 0, 'write_output': True, 'log_zero': -1e+100, 'max_iter': 0, 'init_MPI': False, 'dump_callback': <bound method Pymultinest._dump_callback of <bilby.core.sampler.pymultinest.Pymultinest object at 0x1555544f31f0>>}
05:31 bilby INFO    : Temporary directory incompatible with MPI, will run in original directory
05:31 bilby INFO    : Using output file outdirSNgauss32cores/pm_GRB230812B/
05:31 bilby WARNING : Supplied argument 'queue_size' not an argument of 'Pymultinest', removing.
05:31 bilby WARNING : Supplied argument 'check_point_delta_t' not an argument of 'Pymultinest', removing.
05:31 bilby INFO    : Using sampler Pymultinest with kwargs {'importance_nested_sampling': False, 'resume': True, 'verbose': True, 'sampling_efficiency': 'parameter', 'n_live_points': 2048, 'n_params': 11, 'n_clustering_params': None, 'wrapped_params': None, 'multimodal': True, 'const_efficiency_mode': False, 'evidence_tolerance': 0.5, 'n_iter_before_update': 100, 'null_log_evidence': -1e+90, 'max_modes': 100, 'mode_tolerance': -1e+90, 'seed': 42, 'context': 0, 'write_output': True, 'log_zero': -1e+100, 'max_iter': 0, 'init_MPI': False, 'dump_callback': <bound method Pymultinest._dump_callback of <bilby.core.sampler.pymultinest.Pymultinest object at 0x15552d7dce50>>}
05:31 bilby INFO    : Temporary directory incompatible with MPI, will run in original directory
05:31 bilby INFO    : Using output file outdirSNgauss32cores/pm_GRB230812B/
05:31 bilby WARNING : Supplied argument 'queue_size' not an argument of 'Pymultinest', removing.
05:31 bilby WARNING : Supplied argument 'check_point_delta_t' not an argument of 'Pymultinest', removing.
05:31 bilby INFO    : Using sampler Pymultinest with kwargs {'importance_nested_sampling': False, 'resume': True, 'verbose': True, 'sampling_efficiency': 'parameter', 'n_live_points': 2048, 'n_params': 11, 'n_clustering_params': None, 'wrapped_params': None, 'multimodal': True, 'const_efficiency_mode': False, 'evidence_tolerance': 0.5, 'n_iter_before_update': 100, 'null_log_evidence': -1e+90, 'max_modes': 100, 'mode_tolerance': -1e+90, 'seed': 42, 'context': 0, 'write_output': True, 'log_zero': -1e+100, 'max_iter': 0, 'init_MPI': False, 'dump_callback': <bound method Pymultinest._dump_callback of <bilby.core.sampler.pymultinest.Pymultinest object at 0x155539bdee80>>}
05:31 bilby INFO    : Temporary directory incompatible with MPI, will run in original directory
05:31 bilby INFO    : Using output file outdirSNgauss32cores/pm_GRB230812B/
05:31 bilby INFO    : Single likelihood evaluation took 1.882e+00 s
05:31 bilby WARNING : Supplied argument 'queue_size' not an argument of 'Pymultinest', removing.
05:31 bilby WARNING : Supplied argument 'check_point_delta_t' not an argument of 'Pymultinest', removing.
05:31 bilby INFO    : Using sampler Pymultinest with kwargs {'importance_nested_sampling': False, 'resume': True, 'verbose': True, 'sampling_efficiency': 'parameter', 'n_live_points': 2048, 'n_params': 11, 'n_clustering_params': None, 'wrapped_params': None, 'multimodal': True, 'const_efficiency_mode': False, 'evidence_tolerance': 0.5, 'n_iter_before_update': 100, 'null_log_evidence': -1e+90, 'max_modes': 100, 'mode_tolerance': -1e+90, 'seed': 42, 'context': 0, 'write_output': True, 'log_zero': -1e+100, 'max_iter': 0, 'init_MPI': False, 'dump_callback': <bound method Pymultinest._dump_callback of <bilby.core.sampler.pymultinest.Pymultinest object at 0x1555544f31f0>>}
05:31 bilby INFO    : Temporary directory incompatible with MPI, will run in original directory
05:31 bilby INFO    : Using output file outdirSNgauss32cores/pm_GRB230812B/
05:31 bilby INFO    : Single likelihood evaluation took 1.927e+00 s
05:31 bilby INFO    : Single likelihood evaluation took 1.967e+00 s
05:31 bilby WARNING : Supplied argument 'queue_size' not an argument of 'Pymultinest', removing.
05:31 bilby WARNING : Supplied argument 'check_point_delta_t' not an argument of 'Pymultinest', removing.
05:31 bilby INFO    : Using sampler Pymultinest with kwargs {'importance_nested_sampling': False, 'resume': True, 'verbose': True, 'sampling_efficiency': 'parameter', 'n_live_points': 2048, 'n_params': 11, 'n_clustering_params': None, 'wrapped_params': None, 'multimodal': True, 'const_efficiency_mode': False, 'evidence_tolerance': 0.5, 'n_iter_before_update': 100, 'null_log_evidence': -1e+90, 'max_modes': 100, 'mode_tolerance': -1e+90, 'seed': 42, 'context': 0, 'write_output': True, 'log_zero': -1e+100, 'max_iter': 0, 'init_MPI': False, 'dump_callback': <bound method Pymultinest._dump_callback of <bilby.core.sampler.pymultinest.Pymultinest object at 0x15552d7dae50>>}
05:31 bilby INFO    : Temporary directory incompatible with MPI, will run in original directory
05:31 bilby INFO    : Using output file outdirSNgauss32cores/pm_GRB230812B/
05:31 bilby INFO    : Single likelihood evaluation took 1.946e+00 s
05:31 bilby WARNING : Supplied argument 'queue_size' not an argument of 'Pymultinest', removing.
05:31 bilby WARNING : Supplied argument 'check_point_delta_t' not an argument of 'Pymultinest', removing.
05:31 bilby INFO    : Using sampler Pymultinest with kwargs {'importance_nested_sampling': False, 'resume': True, 'verbose': True, 'sampling_efficiency': 'parameter', 'n_live_points': 2048, 'n_params': 11, 'n_clustering_params': None, 'wrapped_params': None, 'multimodal': True, 'const_efficiency_mode': False, 'evidence_tolerance': 0.5, 'n_iter_before_update': 100, 'null_log_evidence': -1e+90, 'max_modes': 100, 'mode_tolerance': -1e+90, 'seed': 42, 'context': 0, 'write_output': True, 'log_zero': -1e+100, 'max_iter': 0, 'init_MPI': False, 'dump_callback': <bound method Pymultinest._dump_callback of <bilby.core.sampler.pymultinest.Pymultinest object at 0x15552d7daee0>>}
05:31 bilby INFO    : Temporary directory incompatible with MPI, will run in original directory
05:31 bilby INFO    : Using output file outdirSNgauss32cores/pm_GRB230812B/
05:31 bilby INFO    : Single likelihood evaluation took 1.973e+00 s
05:31 bilby INFO    : Single likelihood evaluation took 1.977e+00 s
05:31 bilby WARNING : Supplied argument 'queue_size' not an argument of 'Pymultinest', removing.
05:31 bilby WARNING : Supplied argument 'check_point_delta_t' not an argument of 'Pymultinest', removing.
05:31 bilby INFO    : Using sampler Pymultinest with kwargs {'importance_nested_sampling': False, 'resume': True, 'verbose': True, 'sampling_efficiency': 'parameter', 'n_live_points': 2048, 'n_params': 11, 'n_clustering_params': None, 'wrapped_params': None, 'multimodal': True, 'const_efficiency_mode': False, 'evidence_tolerance': 0.5, 'n_iter_before_update': 100, 'null_log_evidence': -1e+90, 'max_modes': 100, 'mode_tolerance': -1e+90, 'seed': 42, 'context': 0, 'write_output': True, 'log_zero': -1e+100, 'max_iter': 0, 'init_MPI': False, 'dump_callback': <bound method Pymultinest._dump_callback of <bilby.core.sampler.pymultinest.Pymultinest object at 0x15552d7dd910>>}
05:31 bilby INFO    : Temporary directory incompatible with MPI, will run in original directory
05:31 bilby INFO    : Using output file outdirSNgauss32cores/pm_GRB230812B/
05:31 bilby WARNING : Supplied argument 'queue_size' not an argument of 'Pymultinest', removing.
05:31 bilby WARNING : Supplied argument 'check_point_delta_t' not an argument of 'Pymultinest', removing.
05:31 bilby INFO    : Using sampler Pymultinest with kwargs {'importance_nested_sampling': False, 'resume': True, 'verbose': True, 'sampling_efficiency': 'parameter', 'n_live_points': 2048, 'n_params': 11, 'n_clustering_params': None, 'wrapped_params': None, 'multimodal': True, 'const_efficiency_mode': False, 'evidence_tolerance': 0.5, 'n_iter_before_update': 100, 'null_log_evidence': -1e+90, 'max_modes': 100, 'mode_tolerance': -1e+90, 'seed': 42, 'context': 0, 'write_output': True, 'log_zero': -1e+100, 'max_iter': 0, 'init_MPI': False, 'dump_callback': <bound method Pymultinest._dump_callback of <bilby.core.sampler.pymultinest.Pymultinest object at 0x1555544f5100>>}
05:31 bilby INFO    : Temporary directory incompatible with MPI, will run in original directory
05:31 bilby INFO    : Using output file outdirSNgauss32cores/pm_GRB230812B/
05:31 bilby INFO    : Single likelihood evaluation took 1.998e+00 s
05:31 bilby WARNING : Supplied argument 'queue_size' not an argument of 'Pymultinest', removing.
05:31 bilby WARNING : Supplied argument 'check_point_delta_t' not an argument of 'Pymultinest', removing.
05:31 bilby INFO    : Using sampler Pymultinest with kwargs {'importance_nested_sampling': False, 'resume': True, 'verbose': True, 'sampling_efficiency': 'parameter', 'n_live_points': 2048, 'n_params': 11, 'n_clustering_params': None, 'wrapped_params': None, 'multimodal': True, 'const_efficiency_mode': False, 'evidence_tolerance': 0.5, 'n_iter_before_update': 100, 'null_log_evidence': -1e+90, 'max_modes': 100, 'mode_tolerance': -1e+90, 'seed': 42, 'context': 0, 'write_output': True, 'log_zero': -1e+100, 'max_iter': 0, 'init_MPI': False, 'dump_callback': <bound method Pymultinest._dump_callback of <bilby.core.sampler.pymultinest.Pymultinest object at 0x1555293d8e80>>}
05:31 bilby INFO    : Temporary directory incompatible with MPI, will run in original directory
05:31 bilby INFO    : Using output file outdirSNgauss32cores/pm_GRB230812B/
05:31 bilby WARNING : Supplied argument 'queue_size' not an argument of 'Pymultinest', removing.
05:31 bilby WARNING : Supplied argument 'check_point_delta_t' not an argument of 'Pymultinest', removing.
05:31 bilby INFO    : Using sampler Pymultinest with kwargs {'importance_nested_sampling': False, 'resume': True, 'verbose': True, 'sampling_efficiency': 'parameter', 'n_live_points': 2048, 'n_params': 11, 'n_clustering_params': None, 'wrapped_params': None, 'multimodal': True, 'const_efficiency_mode': False, 'evidence_tolerance': 0.5, 'n_iter_before_update': 100, 'null_log_evidence': -1e+90, 'max_modes': 100, 'mode_tolerance': -1e+90, 'seed': 42, 'context': 0, 'write_output': True, 'log_zero': -1e+100, 'max_iter': 0, 'init_MPI': False, 'dump_callback': <bound method Pymultinest._dump_callback of <bilby.core.sampler.pymultinest.Pymultinest object at 0x155531bdaeb0>>}
05:31 bilby INFO    : Temporary directory incompatible with MPI, will run in original directory
05:31 bilby INFO    : Using output file outdirSNgauss32cores/pm_GRB230812B/
05:31 bilby INFO    : Single likelihood evaluation took 2.005e+00 s
05:32 bilby INFO    : Single likelihood evaluation took 2.030e+00 s
05:32 bilby WARNING : Supplied argument 'queue_size' not an argument of 'Pymultinest', removing.
05:32 bilby WARNING : Supplied argument 'check_point_delta_t' not an argument of 'Pymultinest', removing.
05:32 bilby INFO    : Using sampler Pymultinest with kwargs {'importance_nested_sampling': False, 'resume': True, 'verbose': True, 'sampling_efficiency': 'parameter', 'n_live_points': 2048, 'n_params': 11, 'n_clustering_params': None, 'wrapped_params': None, 'multimodal': True, 'const_efficiency_mode': False, 'evidence_tolerance': 0.5, 'n_iter_before_update': 100, 'null_log_evidence': -1e+90, 'max_modes': 100, 'mode_tolerance': -1e+90, 'seed': 42, 'context': 0, 'write_output': True, 'log_zero': -1e+100, 'max_iter': 0, 'init_MPI': False, 'dump_callback': <bound method Pymultinest._dump_callback of <bilby.core.sampler.pymultinest.Pymultinest object at 0x15552d7dbee0>>}
05:32 bilby INFO    : Temporary directory incompatible with MPI, will run in original directory
05:32 bilby INFO    : Using output file outdirSNgauss32cores/pm_GRB230812B/
05:32 bilby INFO    : Single likelihood evaluation took 2.009e+00 s
05:32 bilby WARNING : Supplied argument 'queue_size' not an argument of 'Pymultinest', removing.
05:32 bilby WARNING : Supplied argument 'check_point_delta_t' not an argument of 'Pymultinest', removing.
05:32 bilby INFO    : Using sampler Pymultinest with kwargs {'importance_nested_sampling': False, 'resume': True, 'verbose': True, 'sampling_efficiency': 'parameter', 'n_live_points': 2048, 'n_params': 11, 'n_clustering_params': None, 'wrapped_params': None, 'multimodal': True, 'const_efficiency_mode': False, 'evidence_tolerance': 0.5, 'n_iter_before_update': 100, 'null_log_evidence': -1e+90, 'max_modes': 100, 'mode_tolerance': -1e+90, 'seed': 42, 'context': 0, 'write_output': True, 'log_zero': -1e+100, 'max_iter': 0, 'init_MPI': False, 'dump_callback': <bound method Pymultinest._dump_callback of <bilby.core.sampler.pymultinest.Pymultinest object at 0x1555544f3160>>}
05:32 bilby INFO    : Temporary directory incompatible with MPI, will run in original directory
05:32 bilby INFO    : Using output file outdirSNgauss32cores/pm_GRB230812B/
05:32 bilby INFO    : Single likelihood evaluation took 2.034e+00 s
05:32 bilby INFO    : Single likelihood evaluation took 2.036e+00 s
05:32 bilby WARNING : Supplied argument 'queue_size' not an argument of 'Pymultinest', removing.
05:32 bilby WARNING : Supplied argument 'check_point_delta_t' not an argument of 'Pymultinest', removing.
05:32 bilby INFO    : Using sampler Pymultinest with kwargs {'importance_nested_sampling': False, 'resume': True, 'verbose': True, 'sampling_efficiency': 'parameter', 'n_live_points': 2048, 'n_params': 11, 'n_clustering_params': None, 'wrapped_params': None, 'multimodal': True, 'const_efficiency_mode': False, 'evidence_tolerance': 0.5, 'n_iter_before_update': 100, 'null_log_evidence': -1e+90, 'max_modes': 100, 'mode_tolerance': -1e+90, 'seed': 42, 'context': 0, 'write_output': True, 'log_zero': -1e+100, 'max_iter': 0, 'init_MPI': False, 'dump_callback': <bound method Pymultinest._dump_callback of <bilby.core.sampler.pymultinest.Pymultinest object at 0x15552d7dff10>>}
05:32 bilby INFO    : Temporary directory incompatible with MPI, will run in original directory
05:32 bilby INFO    : Using output file outdirSNgauss32cores/pm_GRB230812B/
05:32 bilby INFO    : Single likelihood evaluation took 2.035e+00 s
05:32 bilby WARNING : Supplied argument 'queue_size' not an argument of 'Pymultinest', removing.
05:32 bilby WARNING : Supplied argument 'check_point_delta_t' not an argument of 'Pymultinest', removing.
05:32 bilby INFO    : Using sampler Pymultinest with kwargs {'importance_nested_sampling': False, 'resume': True, 'verbose': True, 'sampling_efficiency': 'parameter', 'n_live_points': 2048, 'n_params': 11, 'n_clustering_params': None, 'wrapped_params': None, 'multimodal': True, 'const_efficiency_mode': False, 'evidence_tolerance': 0.5, 'n_iter_before_update': 100, 'null_log_evidence': -1e+90, 'max_modes': 100, 'mode_tolerance': -1e+90, 'seed': 42, 'context': 0, 'write_output': True, 'log_zero': -1e+100, 'max_iter': 0, 'init_MPI': False, 'dump_callback': <bound method Pymultinest._dump_callback of <bilby.core.sampler.pymultinest.Pymultinest object at 0x1555544f5070>>}
05:32 bilby INFO    : Temporary directory incompatible with MPI, will run in original directory
05:32 bilby INFO    : Using output file outdirSNgauss32cores/pm_GRB230812B/
05:32 bilby WARNING : Supplied argument 'queue_size' not an argument of 'Pymultinest', removing.
05:32 bilby WARNING : Supplied argument 'check_point_delta_t' not an argument of 'Pymultinest', removing.
05:32 bilby INFO    : Using sampler Pymultinest with kwargs {'importance_nested_sampling': False, 'resume': True, 'verbose': True, 'sampling_efficiency': 'parameter', 'n_live_points': 2048, 'n_params': 11, 'n_clustering_params': None, 'wrapped_params': None, 'multimodal': True, 'const_efficiency_mode': False, 'evidence_tolerance': 0.5, 'n_iter_before_update': 100, 'null_log_evidence': -1e+90, 'max_modes': 100, 'mode_tolerance': -1e+90, 'seed': 42, 'context': 0, 'write_output': True, 'log_zero': -1e+100, 'max_iter': 0, 'init_MPI': False, 'dump_callback': <bound method Pymultinest._dump_callback of <bilby.core.sampler.pymultinest.Pymultinest object at 0x155531bdfeb0>>}
05:32 bilby INFO    : Temporary directory incompatible with MPI, will run in original directory
05:32 bilby INFO    : Using output file outdirSNgauss32cores/pm_GRB230812B/
05:32 bilby INFO    : Single likelihood evaluation took 2.064e+00 s
05:32 bilby INFO    : Single likelihood evaluation took 2.060e+00 s
05:32 bilby WARNING : Supplied argument 'queue_size' not an argument of 'Pymultinest', removing.
05:32 bilby WARNING : Supplied argument 'check_point_delta_t' not an argument of 'Pymultinest', removing.
05:32 bilby INFO    : Using sampler Pymultinest with kwargs {'importance_nested_sampling': False, 'resume': True, 'verbose': True, 'sampling_efficiency': 'parameter', 'n_live_points': 2048, 'n_params': 11, 'n_clustering_params': None, 'wrapped_params': None, 'multimodal': True, 'const_efficiency_mode': False, 'evidence_tolerance': 0.5, 'n_iter_before_update': 100, 'null_log_evidence': -1e+90, 'max_modes': 100, 'mode_tolerance': -1e+90, 'seed': 42, 'context': 0, 'write_output': True, 'log_zero': -1e+100, 'max_iter': 0, 'init_MPI': False, 'dump_callback': <bound method Pymultinest._dump_callback of <bilby.core.sampler.pymultinest.Pymultinest object at 0x155539bdcf40>>}
05:32 bilby INFO    : Temporary directory incompatible with MPI, will run in original directory
05:32 bilby INFO    : Using output file outdirSNgauss32cores/pm_GRB230812B/
05:32 bilby INFO    : Single likelihood evaluation took 2.074e+00 s
05:32 bilby WARNING : Supplied argument 'queue_size' not an argument of 'Pymultinest', removing.
05:32 bilby WARNING : Supplied argument 'check_point_delta_t' not an argument of 'Pymultinest', removing.
05:32 bilby INFO    : Using sampler Pymultinest with kwargs {'importance_nested_sampling': False, 'resume': True, 'verbose': True, 'sampling_efficiency': 'parameter', 'n_live_points': 2048, 'n_params': 11, 'n_clustering_params': None, 'wrapped_params': None, 'multimodal': True, 'const_efficiency_mode': False, 'evidence_tolerance': 0.5, 'n_iter_before_update': 100, 'null_log_evidence': -1e+90, 'max_modes': 100, 'mode_tolerance': -1e+90, 'seed': 42, 'context': 0, 'write_output': True, 'log_zero': -1e+100, 'max_iter': 0, 'init_MPI': False, 'dump_callback': <bound method Pymultinest._dump_callback of <bilby.core.sampler.pymultinest.Pymultinest object at 0x15552d7daeb0>>}
05:32 bilby INFO    : Temporary directory incompatible with MPI, will run in original directory
05:32 bilby INFO    : Using output file outdirSNgauss32cores/pm_GRB230812B/
05:32 bilby WARNING : Supplied argument 'queue_size' not an argument of 'Pymultinest', removing.
05:32 bilby WARNING : Supplied argument 'check_point_delta_t' not an argument of 'Pymultinest', removing.
05:32 bilby INFO    : Using sampler Pymultinest with kwargs {'importance_nested_sampling': False, 'resume': True, 'verbose': True, 'sampling_efficiency': 'parameter', 'n_live_points': 2048, 'n_params': 11, 'n_clustering_params': None, 'wrapped_params': None, 'multimodal': True, 'const_efficiency_mode': False, 'evidence_tolerance': 0.5, 'n_iter_before_update': 100, 'null_log_evidence': -1e+90, 'max_modes': 100, 'mode_tolerance': -1e+90, 'seed': 42, 'context': 0, 'write_output': True, 'log_zero': -1e+100, 'max_iter': 0, 'init_MPI': False, 'dump_callback': <bound method Pymultinest._dump_callback of <bilby.core.sampler.pymultinest.Pymultinest object at 0x15552d7dbf40>>}
05:32 bilby INFO    : Temporary directory incompatible with MPI, will run in original directory
05:32 bilby INFO    : Using output file outdirSNgauss32cores/pm_GRB230812B/
05:32 bilby INFO    : Single likelihood evaluation took 2.081e+00 s
05:32 bilby WARNING : Supplied argument 'queue_size' not an argument of 'Pymultinest', removing.
05:32 bilby WARNING : Supplied argument 'check_point_delta_t' not an argument of 'Pymultinest', removing.
05:32 bilby INFO    : Using sampler Pymultinest with kwargs {'importance_nested_sampling': False, 'resume': True, 'verbose': True, 'sampling_efficiency': 'parameter', 'n_live_points': 2048, 'n_params': 11, 'n_clustering_params': None, 'wrapped_params': None, 'multimodal': True, 'const_efficiency_mode': False, 'evidence_tolerance': 0.5, 'n_iter_before_update': 100, 'null_log_evidence': -1e+90, 'max_modes': 100, 'mode_tolerance': -1e+90, 'seed': 42, 'context': 0, 'write_output': True, 'log_zero': -1e+100, 'max_iter': 0, 'init_MPI': False, 'dump_callback': <bound method Pymultinest._dump_callback of <bilby.core.sampler.pymultinest.Pymultinest object at 0x1555293daf40>>}
05:32 bilby INFO    : Temporary directory incompatible with MPI, will run in original directory
05:32 bilby INFO    : Using output file outdirSNgauss32cores/pm_GRB230812B/
05:32 bilby INFO    : Single likelihood evaluation took 2.109e+00 s
05:32 bilby WARNING : Supplied argument 'queue_size' not an argument of 'Pymultinest', removing.
05:32 bilby WARNING : Supplied argument 'check_point_delta_t' not an argument of 'Pymultinest', removing.
05:32 bilby INFO    : Using sampler Pymultinest with kwargs {'importance_nested_sampling': False, 'resume': True, 'verbose': True, 'sampling_efficiency': 'parameter', 'n_live_points': 2048, 'n_params': 11, 'n_clustering_params': None, 'wrapped_params': None, 'multimodal': True, 'const_efficiency_mode': False, 'evidence_tolerance': 0.5, 'n_iter_before_update': 100, 'null_log_evidence': -1e+90, 'max_modes': 100, 'mode_tolerance': -1e+90, 'seed': 42, 'context': 0, 'write_output': True, 'log_zero': -1e+100, 'max_iter': 0, 'init_MPI': False, 'dump_callback': <bound method Pymultinest._dump_callback of <bilby.core.sampler.pymultinest.Pymultinest object at 0x1555544f31f0>>}
05:32 bilby INFO    : Temporary directory incompatible with MPI, will run in original directory
05:32 bilby INFO    : Using output file outdirSNgauss32cores/pm_GRB230812B/
05:32 bilby WARNING : Supplied argument 'queue_size' not an argument of 'Pymultinest', removing.
05:32 bilby WARNING : Supplied argument 'check_point_delta_t' not an argument of 'Pymultinest', removing.
05:32 bilby INFO    : Using sampler Pymultinest with kwargs {'importance_nested_sampling': False, 'resume': True, 'verbose': True, 'sampling_efficiency': 'parameter', 'n_live_points': 2048, 'n_params': 11, 'n_clustering_params': None, 'wrapped_params': None, 'multimodal': True, 'const_efficiency_mode': False, 'evidence_tolerance': 0.5, 'n_iter_before_update': 100, 'null_log_evidence': -1e+90, 'max_modes': 100, 'mode_tolerance': -1e+90, 'seed': 42, 'context': 0, 'write_output': True, 'log_zero': -1e+100, 'max_iter': 0, 'init_MPI': False, 'dump_callback': <bound method Pymultinest._dump_callback of <bilby.core.sampler.pymultinest.Pymultinest object at 0x155531bdaee0>>}
05:32 bilby INFO    : Temporary directory incompatible with MPI, will run in original directory
05:32 bilby INFO    : Using output file outdirSNgauss32cores/pm_GRB230812B/
05:32 bilby INFO    : Single likelihood evaluation took 2.239e+00 s
05:32 bilby INFO    : Single likelihood evaluation took 2.278e+00 s
05:32 bilby WARNING : Supplied argument 'queue_size' not an argument of 'Pymultinest', removing.
05:32 bilby WARNING : Supplied argument 'check_point_delta_t' not an argument of 'Pymultinest', removing.
05:32 bilby INFO    : Using sampler Pymultinest with kwargs {'importance_nested_sampling': False, 'resume': True, 'verbose': True, 'sampling_efficiency': 'parameter', 'n_live_points': 2048, 'n_params': 11, 'n_clustering_params': None, 'wrapped_params': None, 'multimodal': True, 'const_efficiency_mode': False, 'evidence_tolerance': 0.5, 'n_iter_before_update': 100, 'null_log_evidence': -1e+90, 'max_modes': 100, 'mode_tolerance': -1e+90, 'seed': 42, 'context': 0, 'write_output': True, 'log_zero': -1e+100, 'max_iter': 0, 'init_MPI': False, 'dump_callback': <bound method Pymultinest._dump_callback of <bilby.core.sampler.pymultinest.Pymultinest object at 0x155531bdef40>>}
05:32 bilby INFO    : Temporary directory incompatible with MPI, will run in original directory
05:32 bilby INFO    : Using output file outdirSNgauss32cores/pm_GRB230812B/
05:32 bilby WARNING : Supplied argument 'queue_size' not an argument of 'Pymultinest', removing.
05:32 bilby WARNING : Supplied argument 'check_point_delta_t' not an argument of 'Pymultinest', removing.
05:32 bilby INFO    : Using sampler Pymultinest with kwargs {'importance_nested_sampling': False, 'resume': True, 'verbose': True, 'sampling_efficiency': 'parameter', 'n_live_points': 2048, 'n_params': 11, 'n_clustering_params': None, 'wrapped_params': None, 'multimodal': True, 'const_efficiency_mode': False, 'evidence_tolerance': 0.5, 'n_iter_before_update': 100, 'null_log_evidence': -1e+90, 'max_modes': 100, 'mode_tolerance': -1e+90, 'seed': 42, 'context': 0, 'write_output': True, 'log_zero': -1e+100, 'max_iter': 0, 'init_MPI': False, 'dump_callback': <bound method Pymultinest._dump_callback of <bilby.core.sampler.pymultinest.Pymultinest object at 0x155531bdde80>>}
05:32 bilby INFO    : Temporary directory incompatible with MPI, will run in original directory
05:32 bilby INFO    : Using output file outdirSNgauss32cores/pm_GRB230812B/
05:32 bilby INFO    : Single likelihood evaluation took 2.306e+00 s
05:32 bilby WARNING : Supplied argument 'queue_size' not an argument of 'Pymultinest', removing.
05:32 bilby WARNING : Supplied argument 'check_point_delta_t' not an argument of 'Pymultinest', removing.
05:32 bilby INFO    : Using sampler Pymultinest with kwargs {'importance_nested_sampling': False, 'resume': True, 'verbose': True, 'sampling_efficiency': 'parameter', 'n_live_points': 2048, 'n_params': 11, 'n_clustering_params': None, 'wrapped_params': None, 'multimodal': True, 'const_efficiency_mode': False, 'evidence_tolerance': 0.5, 'n_iter_before_update': 100, 'null_log_evidence': -1e+90, 'max_modes': 100, 'mode_tolerance': -1e+90, 'seed': 42, 'context': 0, 'write_output': True, 'log_zero': -1e+100, 'max_iter': 0, 'init_MPI': False, 'dump_callback': <bound method Pymultinest._dump_callback of <bilby.core.sampler.pymultinest.Pymultinest object at 0x1555293dab20>>}
05:32 bilby INFO    : Temporary directory incompatible with MPI, will run in original directory
05:32 bilby INFO    : Using output file outdirSNgauss32cores/pm_GRB230812B/
05:32 bilby INFO    : Single likelihood evaluation took 2.329e+00 s
05:32 bilby WARNING : Supplied argument 'queue_size' not an argument of 'Pymultinest', removing.
05:32 bilby WARNING : Supplied argument 'check_point_delta_t' not an argument of 'Pymultinest', removing.
05:32 bilby INFO    : Using sampler Pymultinest with kwargs {'importance_nested_sampling': False, 'resume': True, 'verbose': True, 'sampling_efficiency': 'parameter', 'n_live_points': 2048, 'n_params': 11, 'n_clustering_params': None, 'wrapped_params': None, 'multimodal': True, 'const_efficiency_mode': False, 'evidence_tolerance': 0.5, 'n_iter_before_update': 100, 'null_log_evidence': -1e+90, 'max_modes': 100, 'mode_tolerance': -1e+90, 'seed': 42, 'context': 0, 'write_output': True, 'log_zero': -1e+100, 'max_iter': 0, 'init_MPI': False, 'dump_callback': <bound method Pymultinest._dump_callback of <bilby.core.sampler.pymultinest.Pymultinest object at 0x1555293d8f40>>}
05:32 bilby INFO    : Temporary directory incompatible with MPI, will run in original directory
05:32 bilby INFO    : Using output file outdirSNgauss32cores/pm_GRB230812B/
10:24 bilby INFO    : Sampling time: 16:35:17.182059
10:24 bilby INFO    : Sampling time: 16:35:16.192128
10:24 bilby INFO    : Sampling time: 16:35:11.199178
10:24 bilby INFO    : Sampling time: 16:35:07.644172
10:24 bilby INFO    : Sampling time: 16:34:44.598622
10:24 bilby INFO    : Sampling time: 16:34:46.184654
10:24 bilby INFO    : Sampling time: 16:35:36.327005
10:24 bilby INFO    : Sampling time: 16:35:16.642828
10:24 bilby INFO    : Sampling time: 16:35:12.097046
10:24 bilby INFO    : Sampling time: 16:35:27.464753
10:24 bilby INFO    : Sampling time: 16:35:36.274624
10:24 bilby INFO    : Sampling time: 16:35:25.946750
10:24 bilby INFO    : Sampling time: 16:35:08.995911
10:24 bilby INFO    : Sampling time: 16:35:12.996991
Traceback (most recent call last):
  File "/home/thussenot/.conda/envs/multinest/lib/python3.8/shutil.py", line 791, in move
    os.rename(src, real_dst)
FileNotFoundError: [Errno 2] No such file or directory: 'outdirSNgauss32cores/GRB230812B_result.json' -> 'outdirSNgauss32cores/GRB230812B_result.json.old'

During handling of the above exception, another exception occurred:

Traceback (most recent call last):
  File "/home/thussenot/.conda/envs/multinest/bin/lightcurve-analysis", line 8, in <module>
    sys.exit(main())
  File "/home/thussenot/.conda/envs/multinest/lib/python3.8/site-packages/nmma/em/analysis.py", line 912, in main
    analysis(args)
  File "/home/thussenot/.conda/envs/multinest/lib/python3.8/site-packages/nmma/em/analysis.py", line 658, in analysis
    result = bilby.run_sampler(
  File "/home/thussenot/.conda/envs/multinest/lib/python3.8/site-packages/bilby/core/sampler/__init__.py", line 262, in run_sampler
    result.save_to_file(extension=save, gzip=gzip, outdir=outdir)
  File "/home/thussenot/.conda/envs/multinest/lib/python3.8/site-packages/bilby/core/result.py", line 773, in save_to_file
    move_old_file(filename, overwrite)
  File "/home/thussenot/.conda/envs/multinest/lib/python3.8/site-packages/bilby/core/utils/io.py", line 408, in move_old_file
    shutil.move(filename, filename + ".old")
  File "/home/thussenot/.conda/envs/multinest/lib/python3.8/shutil.py", line 811, in move
    copy_function(src, real_dst)
  File "/home/thussenot/.conda/envs/multinest/lib/python3.8/shutil.py", line 435, in copy2
    copyfile(src, dst, follow_symlinks=follow_symlinks)
  File "/home/thussenot/.conda/envs/multinest/lib/python3.8/shutil.py", line 264, in copyfile
    with open(src, 'rb') as fsrc, open(dst, 'wb') as fdst:
FileNotFoundError: [Errno 2] No such file or directory: 'outdirSNgauss32cores/GRB230812B_result.json'
Traceback (most recent call last):
  File "/home/thussenot/.conda/envs/multinest/lib/python3.8/shutil.py", line 791, in move
    os.rename(src, real_dst)
FileNotFoundError: [Errno 2] No such file or directory: 'outdirSNgauss32cores/GRB230812B_result.json' -> 'outdirSNgauss32cores/GRB230812B_result.json.old'

During handling of the above exception, another exception occurred:

Traceback (most recent call last):
  File "/home/thussenot/.conda/envs/multinest/bin/lightcurve-analysis", line 8, in <module>
    sys.exit(main())
  File "/home/thussenot/.conda/envs/multinest/lib/python3.8/site-packages/nmma/em/analysis.py", line 912, in main
    analysis(args)
  File "/home/thussenot/.conda/envs/multinest/lib/python3.8/site-packages/nmma/em/analysis.py", line 658, in analysis
    result = bilby.run_sampler(
  File "/home/thussenot/.conda/envs/multinest/lib/python3.8/site-packages/bilby/core/sampler/__init__.py", line 262, in run_sampler
    result.save_to_file(extension=save, gzip=gzip, outdir=outdir)
  File "/home/thussenot/.conda/envs/multinest/lib/python3.8/site-packages/bilby/core/result.py", line 773, in save_to_file
    move_old_file(filename, overwrite)
  File "/home/thussenot/.conda/envs/multinest/lib/python3.8/site-packages/bilby/core/utils/io.py", line 408, in move_old_file
    shutil.move(filename, filename + ".old")
  File "/home/thussenot/.conda/envs/multinest/lib/python3.8/shutil.py", line 811, in move
    copy_function(src, real_dst)
  File "/home/thussenot/.conda/envs/multinest/lib/python3.8/shutil.py", line 435, in copy2
    copyfile(src, dst, follow_symlinks=follow_symlinks)
  File "/home/thussenot/.conda/envs/multinest/lib/python3.8/shutil.py", line 264, in copyfile
    with open(src, 'rb') as fsrc, open(dst, 'wb') as fdst:
FileNotFoundError: [Errno 2] No such file or directory: 'outdirSNgauss32cores/GRB230812B_result.json'
Traceback (most recent call last):
  File "/home/thussenot/.conda/envs/multinest/lib/python3.8/shutil.py", line 791, in move
    os.rename(src, real_dst)
FileNotFoundError: [Errno 2] No such file or directory: 'outdirSNgauss32cores/GRB230812B_result.json' -> 'outdirSNgauss32cores/GRB230812B_result.json.old'

During handling of the above exception, another exception occurred:

Traceback (most recent call last):
  File "/home/thussenot/.conda/envs/multinest/bin/lightcurve-analysis", line 8, in <module>
    sys.exit(main())
  File "/home/thussenot/.conda/envs/multinest/lib/python3.8/site-packages/nmma/em/analysis.py", line 912, in main
    analysis(args)
  File "/home/thussenot/.conda/envs/multinest/lib/python3.8/site-packages/nmma/em/analysis.py", line 658, in analysis
    result = bilby.run_sampler(
  File "/home/thussenot/.conda/envs/multinest/lib/python3.8/site-packages/bilby/core/sampler/__init__.py", line 262, in run_sampler
    result.save_to_file(extension=save, gzip=gzip, outdir=outdir)
  File "/home/thussenot/.conda/envs/multinest/lib/python3.8/site-packages/bilby/core/result.py", line 773, in save_to_file
    move_old_file(filename, overwrite)
  File "/home/thussenot/.conda/envs/multinest/lib/python3.8/site-packages/bilby/core/utils/io.py", line 408, in move_old_file
    shutil.move(filename, filename + ".old")
  File "/home/thussenot/.conda/envs/multinest/lib/python3.8/shutil.py", line 811, in move
    copy_function(src, real_dst)
  File "/home/thussenot/.conda/envs/multinest/lib/python3.8/shutil.py", line 435, in copy2
    copyfile(src, dst, follow_symlinks=follow_symlinks)
  File "/home/thussenot/.conda/envs/multinest/lib/python3.8/shutil.py", line 264, in copyfile
    with open(src, 'rb') as fsrc, open(dst, 'wb') as fdst:
FileNotFoundError: [Errno 2] No such file or directory: 'outdirSNgauss32cores/GRB230812B_result.json'
Traceback (most recent call last):
  File "/home/thussenot/.conda/envs/multinest/lib/python3.8/shutil.py", line 791, in move
    os.rename(src, real_dst)
FileNotFoundError: [Errno 2] No such file or directory: 'outdirSNgauss32cores/GRB230812B_result.json' -> 'outdirSNgauss32cores/GRB230812B_result.json.old'

During handling of the above exception, another exception occurred:

Traceback (most recent call last):
  File "/home/thussenot/.conda/envs/multinest/bin/lightcurve-analysis", line 8, in <module>
    sys.exit(main())
  File "/home/thussenot/.conda/envs/multinest/lib/python3.8/site-packages/nmma/em/analysis.py", line 912, in main
    analysis(args)
  File "/home/thussenot/.conda/envs/multinest/lib/python3.8/site-packages/nmma/em/analysis.py", line 658, in analysis
    result = bilby.run_sampler(
  File "/home/thussenot/.conda/envs/multinest/lib/python3.8/site-packages/bilby/core/sampler/__init__.py", line 262, in run_sampler
    result.save_to_file(extension=save, gzip=gzip, outdir=outdir)
  File "/home/thussenot/.conda/envs/multinest/lib/python3.8/site-packages/bilby/core/result.py", line 773, in save_to_file
    move_old_file(filename, overwrite)
  File "/home/thussenot/.conda/envs/multinest/lib/python3.8/site-packages/bilby/core/utils/io.py", line 408, in move_old_file
    shutil.move(filename, filename + ".old")
  File "/home/thussenot/.conda/envs/multinest/lib/python3.8/shutil.py", line 811, in move
    copy_function(src, real_dst)
  File "/home/thussenot/.conda/envs/multinest/lib/python3.8/shutil.py", line 435, in copy2
    copyfile(src, dst, follow_symlinks=follow_symlinks)
  File "/home/thussenot/.conda/envs/multinest/lib/python3.8/shutil.py", line 264, in copyfile
    with open(src, 'rb') as fsrc, open(dst, 'wb') as fdst:
FileNotFoundError: [Errno 2] No such file or directory: 'outdirSNgauss32cores/GRB230812B_result.json'
Traceback (most recent call last):
  File "/home/thussenot/.conda/envs/multinest/lib/python3.8/shutil.py", line 791, in move
    os.rename(src, real_dst)
FileNotFoundError: [Errno 2] No such file or directory: 'outdirSNgauss32cores/GRB230812B_result.json' -> 'outdirSNgauss32cores/GRB230812B_result.json.old'

During handling of the above exception, another exception occurred:

Traceback (most recent call last):
  File "/home/thussenot/.conda/envs/multinest/bin/lightcurve-analysis", line 8, in <module>
    sys.exit(main())
  File "/home/thussenot/.conda/envs/multinest/lib/python3.8/site-packages/nmma/em/analysis.py", line 912, in main
    analysis(args)
  File "/home/thussenot/.conda/envs/multinest/lib/python3.8/site-packages/nmma/em/analysis.py", line 658, in analysis
    result = bilby.run_sampler(
  File "/home/thussenot/.conda/envs/multinest/lib/python3.8/site-packages/bilby/core/sampler/__init__.py", line 262, in run_sampler
    result.save_to_file(extension=save, gzip=gzip, outdir=outdir)
  File "/home/thussenot/.conda/envs/multinest/lib/python3.8/site-packages/bilby/core/result.py", line 773, in save_to_file
    move_old_file(filename, overwrite)
  File "/home/thussenot/.conda/envs/multinest/lib/python3.8/site-packages/bilby/core/utils/io.py", line 408, in move_old_file
    shutil.move(filename, filename + ".old")
  File "/home/thussenot/.conda/envs/multinest/lib/python3.8/shutil.py", line 811, in move
    copy_function(src, real_dst)
  File "/home/thussenot/.conda/envs/multinest/lib/python3.8/shutil.py", line 435, in copy2
    copyfile(src, dst, follow_symlinks=follow_symlinks)
  File "/home/thussenot/.conda/envs/multinest/lib/python3.8/shutil.py", line 264, in copyfile
    with open(src, 'rb') as fsrc, open(dst, 'wb') as fdst:
FileNotFoundError: [Errno 2] No such file or directory: 'outdirSNgauss32cores/GRB230812B_result.json'
Traceback (most recent call last):
  File "/home/thussenot/.conda/envs/multinest/lib/python3.8/shutil.py", line 791, in move
    os.rename(src, real_dst)
FileNotFoundError: [Errno 2] No such file or directory: 'outdirSNgauss32cores/GRB230812B_result.json' -> 'outdirSNgauss32cores/GRB230812B_result.json.old'

During handling of the above exception, another exception occurred:

Traceback (most recent call last):
  File "/home/thussenot/.conda/envs/multinest/bin/lightcurve-analysis", line 8, in <module>
    sys.exit(main())
  File "/home/thussenot/.conda/envs/multinest/lib/python3.8/site-packages/nmma/em/analysis.py", line 912, in main
    analysis(args)
  File "/home/thussenot/.conda/envs/multinest/lib/python3.8/site-packages/nmma/em/analysis.py", line 658, in analysis
    result = bilby.run_sampler(
  File "/home/thussenot/.conda/envs/multinest/lib/python3.8/site-packages/bilby/core/sampler/__init__.py", line 262, in run_sampler
    result.save_to_file(extension=save, gzip=gzip, outdir=outdir)
  File "/home/thussenot/.conda/envs/multinest/lib/python3.8/site-packages/bilby/core/result.py", line 773, in save_to_file
    move_old_file(filename, overwrite)
  File "/home/thussenot/.conda/envs/multinest/lib/python3.8/site-packages/bilby/core/utils/io.py", line 408, in move_old_file
    shutil.move(filename, filename + ".old")
  File "/home/thussenot/.conda/envs/multinest/lib/python3.8/shutil.py", line 811, in move
    copy_function(src, real_dst)
  File "/home/thussenot/.conda/envs/multinest/lib/python3.8/shutil.py", line 435, in copy2
    copyfile(src, dst, follow_symlinks=follow_symlinks)
  File "/home/thussenot/.conda/envs/multinest/lib/python3.8/shutil.py", line 264, in copyfile
    with open(src, 'rb') as fsrc, open(dst, 'wb') as fdst:
FileNotFoundError: [Errno 2] No such file or directory: 'outdirSNgauss32cores/GRB230812B_result.json'
Traceback (most recent call last):
  File "/home/thussenot/.conda/envs/multinest/lib/python3.8/shutil.py", line 791, in move
    os.rename(src, real_dst)
FileNotFoundError: [Errno 2] No such file or directory: 'outdirSNgauss32cores/GRB230812B_result.json' -> 'outdirSNgauss32cores/GRB230812B_result.json.old'

During handling of the above exception, another exception occurred:

Traceback (most recent call last):
  File "/home/thussenot/.conda/envs/multinest/bin/lightcurve-analysis", line 8, in <module>
    sys.exit(main())
  File "/home/thussenot/.conda/envs/multinest/lib/python3.8/site-packages/nmma/em/analysis.py", line 912, in main
    analysis(args)
  File "/home/thussenot/.conda/envs/multinest/lib/python3.8/site-packages/nmma/em/analysis.py", line 658, in analysis
    result = bilby.run_sampler(
  File "/home/thussenot/.conda/envs/multinest/lib/python3.8/site-packages/bilby/core/sampler/__init__.py", line 262, in run_sampler
    result.save_to_file(extension=save, gzip=gzip, outdir=outdir)
  File "/home/thussenot/.conda/envs/multinest/lib/python3.8/site-packages/bilby/core/result.py", line 773, in save_to_file
    move_old_file(filename, overwrite)
  File "/home/thussenot/.conda/envs/multinest/lib/python3.8/site-packages/bilby/core/utils/io.py", line 408, in move_old_file
    shutil.move(filename, filename + ".old")
  File "/home/thussenot/.conda/envs/multinest/lib/python3.8/shutil.py", line 811, in move
    copy_function(src, real_dst)
  File "/home/thussenot/.conda/envs/multinest/lib/python3.8/shutil.py", line 435, in copy2
    copyfile(src, dst, follow_symlinks=follow_symlinks)
  File "/home/thussenot/.conda/envs/multinest/lib/python3.8/shutil.py", line 264, in copyfile
    with open(src, 'rb') as fsrc, open(dst, 'wb') as fdst:
FileNotFoundError: [Errno 2] No such file or directory: 'outdirSNgauss32cores/GRB230812B_result.json'
Traceback (most recent call last):
  File "/home/thussenot/.conda/envs/multinest/lib/python3.8/shutil.py", line 791, in move
    os.rename(src, real_dst)
FileNotFoundError: [Errno 2] No such file or directory: 'outdirSNgauss32cores/GRB230812B_result.json' -> 'outdirSNgauss32cores/GRB230812B_result.json.old'

During handling of the above exception, another exception occurred:

Traceback (most recent call last):
  File "/home/thussenot/.conda/envs/multinest/bin/lightcurve-analysis", line 8, in <module>
    sys.exit(main())
  File "/home/thussenot/.conda/envs/multinest/lib/python3.8/site-packages/nmma/em/analysis.py", line 912, in main
    analysis(args)
  File "/home/thussenot/.conda/envs/multinest/lib/python3.8/site-packages/nmma/em/analysis.py", line 658, in analysis
    result = bilby.run_sampler(
  File "/home/thussenot/.conda/envs/multinest/lib/python3.8/site-packages/bilby/core/sampler/__init__.py", line 262, in run_sampler
    result.save_to_file(extension=save, gzip=gzip, outdir=outdir)
  File "/home/thussenot/.conda/envs/multinest/lib/python3.8/site-packages/bilby/core/result.py", line 773, in save_to_file
    move_old_file(filename, overwrite)
  File "/home/thussenot/.conda/envs/multinest/lib/python3.8/site-packages/bilby/core/utils/io.py", line 408, in move_old_file
    shutil.move(filename, filename + ".old")
  File "/home/thussenot/.conda/envs/multinest/lib/python3.8/shutil.py", line 811, in move
    copy_function(src, real_dst)
  File "/home/thussenot/.conda/envs/multinest/lib/python3.8/shutil.py", line 435, in copy2
    copyfile(src, dst, follow_symlinks=follow_symlinks)
  File "/home/thussenot/.conda/envs/multinest/lib/python3.8/shutil.py", line 264, in copyfile
    with open(src, 'rb') as fsrc, open(dst, 'wb') as fdst:
FileNotFoundError: [Errno 2] No such file or directory: 'outdirSNgauss32cores/GRB230812B_result.json'
10:24 bilby INFO    : Sampling time: 16:35:07.030835
10:24 bilby INFO    : Sampling time: 16:35:27.671198
10:24 bilby INFO    : Sampling time: 16:35:50.228043
10:24 bilby INFO    : Sampling time: 16:35:18.560654
10:24 bilby INFO    : Sampling time: 16:35:06.801536
10:24 bilby INFO    : Sampling time: 16:35:20.010383
10:24 bilby INFO    : Sampling time: 16:35:20.161755
10:24 bilby INFO    : Sampling time: 16:35:28.538896
10:24 bilby INFO    : Sampling time: 16:35:59.930524
10:24 bilby INFO    : Sampling time: 16:35:05.731086
10:24 bilby INFO    : Sampling time: 16:35:10.913848
10:24 bilby INFO    : Sampling time: 16:34:44.427774
10:24 bilby INFO    : Sampling time: 16:34:39.692521
10:24 bilby INFO    : Sampling time: 16:35:31.973057
10:24 bilby INFO    : Sampling time: 16:35:21.839296
10:24 bilby INFO    : Sampling time: 16:35:50.778126
10:24 bilby INFO    : Sampling time: 16:35:10.874742
10:24 bilby INFO    : Sampling time: 16:35:02.038874
Traceback (most recent call last):
  File "/home/thussenot/.conda/envs/multinest/lib/python3.8/shutil.py", line 791, in move
    os.rename(src, real_dst)
FileNotFoundError: [Errno 2] No such file or directory: 'outdirSNgauss32cores/GRB230812B_result.json' -> 'outdirSNgauss32cores/GRB230812B_result.json.old'

During handling of the above exception, another exception occurred:

Traceback (most recent call last):
  File "/home/thussenot/.conda/envs/multinest/bin/lightcurve-analysis", line 8, in <module>
    sys.exit(main())
  File "/home/thussenot/.conda/envs/multinest/lib/python3.8/site-packages/nmma/em/analysis.py", line 912, in main
    analysis(args)
  File "/home/thussenot/.conda/envs/multinest/lib/python3.8/site-packages/nmma/em/analysis.py", line 658, in analysis
    result = bilby.run_sampler(
  File "/home/thussenot/.conda/envs/multinest/lib/python3.8/site-packages/bilby/core/sampler/__init__.py", line 262, in run_sampler
    result.save_to_file(extension=save, gzip=gzip, outdir=outdir)
  File "/home/thussenot/.conda/envs/multinest/lib/python3.8/site-packages/bilby/core/result.py", line 773, in save_to_file
    move_old_file(filename, overwrite)
  File "/home/thussenot/.conda/envs/multinest/lib/python3.8/site-packages/bilby/core/utils/io.py", line 408, in move_old_file
    shutil.move(filename, filename + ".old")
  File "/home/thussenot/.conda/envs/multinest/lib/python3.8/shutil.py", line 812, in move
    os.unlink(src)
FileNotFoundError: [Errno 2] No such file or directory: 'outdirSNgauss32cores/GRB230812B_result.json'
Traceback (most recent call last):
  File "/home/thussenot/.conda/envs/multinest/lib/python3.8/shutil.py", line 791, in move
    os.rename(src, real_dst)
FileNotFoundError: [Errno 2] No such file or directory: 'outdirSNgauss32cores/GRB230812B_result.json' -> 'outdirSNgauss32cores/GRB230812B_result.json.old'

During handling of the above exception, another exception occurred:

Traceback (most recent call last):
  File "/home/thussenot/.conda/envs/multinest/bin/lightcurve-analysis", line 8, in <module>
    sys.exit(main())
  File "/home/thussenot/.conda/envs/multinest/lib/python3.8/site-packages/nmma/em/analysis.py", line 912, in main
    analysis(args)
  File "/home/thussenot/.conda/envs/multinest/lib/python3.8/site-packages/nmma/em/analysis.py", line 658, in analysis
    result = bilby.run_sampler(
  File "/home/thussenot/.conda/envs/multinest/lib/python3.8/site-packages/bilby/core/sampler/__init__.py", line 262, in run_sampler
    result.save_to_file(extension=save, gzip=gzip, outdir=outdir)
  File "/home/thussenot/.conda/envs/multinest/lib/python3.8/site-packages/bilby/core/result.py", line 773, in save_to_file
    move_old_file(filename, overwrite)
  File "/home/thussenot/.conda/envs/multinest/lib/python3.8/site-packages/bilby/core/utils/io.py", line 408, in move_old_file
    shutil.move(filename, filename + ".old")
  File "/home/thussenot/.conda/envs/multinest/lib/python3.8/shutil.py", line 811, in move
    copy_function(src, real_dst)
  File "/home/thussenot/.conda/envs/multinest/lib/python3.8/shutil.py", line 436, in copy2
    copystat(src, dst, follow_symlinks=follow_symlinks)
  File "/home/thussenot/.conda/envs/multinest/lib/python3.8/shutil.py", line 379, in copystat
    _copyxattr(src, dst, follow_symlinks=follow)
  File "/home/thussenot/.conda/envs/multinest/lib/python3.8/shutil.py", line 321, in _copyxattr
    names = os.listxattr(src, follow_symlinks=follow_symlinks)
FileNotFoundError: [Errno 2] No such file or directory: 'outdirSNgauss32cores/GRB230812B_result.json'
Traceback (most recent call last):
  File "/home/thussenot/.conda/envs/multinest/lib/python3.8/shutil.py", line 791, in move
    os.rename(src, real_dst)
FileNotFoundError: [Errno 2] No such file or directory: 'outdirSNgauss32cores/GRB230812B_result.json' -> 'outdirSNgauss32cores/GRB230812B_result.json.old'

During handling of the above exception, another exception occurred:

Traceback (most recent call last):
  File "/home/thussenot/.conda/envs/multinest/bin/lightcurve-analysis", line 8, in <module>
    sys.exit(main())
  File "/home/thussenot/.conda/envs/multinest/lib/python3.8/site-packages/nmma/em/analysis.py", line 912, in main
    analysis(args)
  File "/home/thussenot/.conda/envs/multinest/lib/python3.8/site-packages/nmma/em/analysis.py", line 658, in analysis
    result = bilby.run_sampler(
  File "/home/thussenot/.conda/envs/multinest/lib/python3.8/site-packages/bilby/core/sampler/__init__.py", line 262, in run_sampler
    result.save_to_file(extension=save, gzip=gzip, outdir=outdir)
  File "/home/thussenot/.conda/envs/multinest/lib/python3.8/site-packages/bilby/core/result.py", line 773, in save_to_file
    move_old_file(filename, overwrite)
  File "/home/thussenot/.conda/envs/multinest/lib/python3.8/site-packages/bilby/core/utils/io.py", line 408, in move_old_file
    shutil.move(filename, filename + ".old")
  File "/home/thussenot/.conda/envs/multinest/lib/python3.8/shutil.py", line 812, in move
    os.unlink(src)
FileNotFoundError: [Errno 2] No such file or directory: 'outdirSNgauss32cores/GRB230812B_result.json'
Traceback (most recent call last):
  File "/home/thussenot/.conda/envs/multinest/lib/python3.8/shutil.py", line 791, in move
    os.rename(src, real_dst)
FileNotFoundError: [Errno 2] No such file or directory: 'outdirSNgauss32cores/GRB230812B_result.json' -> 'outdirSNgauss32cores/GRB230812B_result.json.old'

During handling of the above exception, another exception occurred:

Traceback (most recent call last):
  File "/home/thussenot/.conda/envs/multinest/bin/lightcurve-analysis", line 8, in <module>
    sys.exit(main())
  File "/home/thussenot/.conda/envs/multinest/lib/python3.8/site-packages/nmma/em/analysis.py", line 912, in main
    analysis(args)
  File "/home/thussenot/.conda/envs/multinest/lib/python3.8/site-packages/nmma/em/analysis.py", line 658, in analysis
    result = bilby.run_sampler(
  File "/home/thussenot/.conda/envs/multinest/lib/python3.8/site-packages/bilby/core/sampler/__init__.py", line 262, in run_sampler
    result.save_to_file(extension=save, gzip=gzip, outdir=outdir)
  File "/home/thussenot/.conda/envs/multinest/lib/python3.8/site-packages/bilby/core/result.py", line 773, in save_to_file
    move_old_file(filename, overwrite)
  File "/home/thussenot/.conda/envs/multinest/lib/python3.8/site-packages/bilby/core/utils/io.py", line 408, in move_old_file
    shutil.move(filename, filename + ".old")
  File "/home/thussenot/.conda/envs/multinest/lib/python3.8/shutil.py", line 812, in move
    os.unlink(src)
FileNotFoundError: [Errno 2] No such file or directory: 'outdirSNgauss32cores/GRB230812B_result.json'
Traceback (most recent call last):
  File "/home/thussenot/.conda/envs/multinest/lib/python3.8/shutil.py", line 791, in move
    os.rename(src, real_dst)
FileNotFoundError: [Errno 2] No such file or directory: 'outdirSNgauss32cores/GRB230812B_result.json' -> 'outdirSNgauss32cores/GRB230812B_result.json.old'

During handling of the above exception, another exception occurred:

Traceback (most recent call last):
  File "/home/thussenot/.conda/envs/multinest/bin/lightcurve-analysis", line 8, in <module>
    sys.exit(main())
  File "/home/thussenot/.conda/envs/multinest/lib/python3.8/site-packages/nmma/em/analysis.py", line 912, in main
    analysis(args)
  File "/home/thussenot/.conda/envs/multinest/lib/python3.8/site-packages/nmma/em/analysis.py", line 658, in analysis
    result = bilby.run_sampler(
  File "/home/thussenot/.conda/envs/multinest/lib/python3.8/site-packages/bilby/core/sampler/__init__.py", line 262, in run_sampler
    result.save_to_file(extension=save, gzip=gzip, outdir=outdir)
  File "/home/thussenot/.conda/envs/multinest/lib/python3.8/site-packages/bilby/core/result.py", line 773, in save_to_file
    move_old_file(filename, overwrite)
  File "/home/thussenot/.conda/envs/multinest/lib/python3.8/site-packages/bilby/core/utils/io.py", line 408, in move_old_file
    shutil.move(filename, filename + ".old")
  File "/home/thussenot/.conda/envs/multinest/lib/python3.8/shutil.py", line 812, in move
    os.unlink(src)
FileNotFoundError: [Errno 2] No such file or directory: 'outdirSNgauss32cores/GRB230812B_result.json'
Traceback (most recent call last):
  File "/home/thussenot/.conda/envs/multinest/lib/python3.8/shutil.py", line 791, in move
    os.rename(src, real_dst)
FileNotFoundError: [Errno 2] No such file or directory: 'outdirSNgauss32cores/GRB230812B_result.json' -> 'outdirSNgauss32cores/GRB230812B_result.json.old'

During handling of the above exception, another exception occurred:

Traceback (most recent call last):
  File "/home/thussenot/.conda/envs/multinest/bin/lightcurve-analysis", line 8, in <module>
    sys.exit(main())
  File "/home/thussenot/.conda/envs/multinest/lib/python3.8/site-packages/nmma/em/analysis.py", line 912, in main
    analysis(args)
  File "/home/thussenot/.conda/envs/multinest/lib/python3.8/site-packages/nmma/em/analysis.py", line 658, in analysis
    result = bilby.run_sampler(
  File "/home/thussenot/.conda/envs/multinest/lib/python3.8/site-packages/bilby/core/sampler/__init__.py", line 262, in run_sampler
    result.save_to_file(extension=save, gzip=gzip, outdir=outdir)
  File "/home/thussenot/.conda/envs/multinest/lib/python3.8/site-packages/bilby/core/result.py", line 773, in save_to_file
    move_old_file(filename, overwrite)
  File "/home/thussenot/.conda/envs/multinest/lib/python3.8/site-packages/bilby/core/utils/io.py", line 408, in move_old_file
    shutil.move(filename, filename + ".old")
  File "/home/thussenot/.conda/envs/multinest/lib/python3.8/shutil.py", line 812, in move
    os.unlink(src)
FileNotFoundError: [Errno 2] No such file or directory: 'outdirSNgauss32cores/GRB230812B_result.json'
Traceback (most recent call last):
  File "/home/thussenot/.conda/envs/multinest/bin/lightcurve-analysis", line 8, in <module>
    sys.exit(main())
  File "/home/thussenot/.conda/envs/multinest/lib/python3.8/site-packages/nmma/em/analysis.py", line 912, in main
    analysis(args)
  File "/home/thussenot/.conda/envs/multinest/lib/python3.8/site-packages/nmma/em/analysis.py", line 658, in analysis
    result = bilby.run_sampler(
  File "/home/thussenot/.conda/envs/multinest/lib/python3.8/site-packages/bilby/core/sampler/__init__.py", line 278, in run_sampler
    result.save_to_file(overwrite=True, extension=save, gzip=gzip, outdir=outdir)
  File "/home/thussenot/.conda/envs/multinest/lib/python3.8/site-packages/bilby/core/result.py", line 773, in save_to_file
    move_old_file(filename, overwrite)
  File "/home/thussenot/.conda/envs/multinest/lib/python3.8/site-packages/bilby/core/utils/io.py", line 403, in move_old_file
    os.remove(filename)
FileNotFoundError: [Errno 2] No such file or directory: 'outdirSNgauss32cores/GRB230812B_result.json'
10:24 bilby ERROR   : 

Saving the data has failed with the following message:
[Errno 116] Stale file handle
Data has been dumped to outdirSNgauss32cores/GRB230812B_result.pkl.


Traceback (most recent call last):
  File "/home/thussenot/.conda/envs/multinest/bin/lightcurve-analysis", line 8, in <module>
    sys.exit(main())
  File "/home/thussenot/.conda/envs/multinest/lib/python3.8/site-packages/nmma/em/analysis.py", line 912, in main
    analysis(args)
  File "/home/thussenot/.conda/envs/multinest/lib/python3.8/site-packages/nmma/em/analysis.py", line 658, in analysis
    result = bilby.run_sampler(
  File "/home/thussenot/.conda/envs/multinest/lib/python3.8/site-packages/bilby/core/sampler/__init__.py", line 278, in run_sampler
    result.save_to_file(overwrite=True, extension=save, gzip=gzip, outdir=outdir)
  File "/home/thussenot/.conda/envs/multinest/lib/python3.8/site-packages/bilby/core/result.py", line 773, in save_to_file
    move_old_file(filename, overwrite)
  File "/home/thussenot/.conda/envs/multinest/lib/python3.8/site-packages/bilby/core/utils/io.py", line 403, in move_old_file
    os.remove(filename)
FileNotFoundError: [Errno 2] No such file or directory: 'outdirSNgauss32cores/GRB230812B_result.json'
Traceback (most recent call last):
  File "/home/thussenot/.conda/envs/multinest/lib/python3.8/site-packages/bilby/core/result.py", line 796, in save_to_file
    json.dump(dictionary, file, indent=2, cls=BilbyJsonEncoder)
OSError: [Errno 116] Stale file handle

During handling of the above exception, another exception occurred:

Traceback (most recent call last):
  File "/home/thussenot/.conda/envs/multinest/lib/python3.8/shutil.py", line 791, in move
    os.rename(src, real_dst)
FileNotFoundError: [Errno 2] No such file or directory: 'outdirSNgauss32cores/GRB230812B_result.pkl.temp' -> 'outdirSNgauss32cores/GRB230812B_result.pkl'

During handling of the above exception, another exception occurred:

Traceback (most recent call last):
  File "/home/thussenot/.conda/envs/multinest/bin/lightcurve-analysis", line 8, in <module>
    sys.exit(main())
  File "/home/thussenot/.conda/envs/multinest/lib/python3.8/site-packages/nmma/em/analysis.py", line 912, in main
    analysis(args)
  File "/home/thussenot/.conda/envs/multinest/lib/python3.8/site-packages/nmma/em/analysis.py", line 658, in analysis
    result = bilby.run_sampler(
  File "/home/thussenot/.conda/envs/multinest/lib/python3.8/site-packages/bilby/core/sampler/__init__.py", line 262, in run_sampler
    result.save_to_file(extension=save, gzip=gzip, outdir=outdir)
  File "/home/thussenot/.conda/envs/multinest/lib/python3.8/site-packages/bilby/core/result.py", line 809, in save_to_file
    safe_file_dump(self, filename, "dill")
  File "/home/thussenot/.conda/envs/multinest/lib/python3.8/site-packages/bilby/core/utils/io.py", line 386, in safe_file_dump
    shutil.move(temp_filename, filename)
  File "/home/thussenot/.conda/envs/multinest/lib/python3.8/shutil.py", line 811, in move
    copy_function(src, real_dst)
  File "/home/thussenot/.conda/envs/multinest/lib/python3.8/shutil.py", line 435, in copy2
    copyfile(src, dst, follow_symlinks=follow_symlinks)
  File "/home/thussenot/.conda/envs/multinest/lib/python3.8/shutil.py", line 264, in copyfile
    with open(src, 'rb') as fsrc, open(dst, 'wb') as fdst:
FileNotFoundError: [Errno 2] No such file or directory: 'outdirSNgauss32cores/GRB230812B_result.pkl.temp'
Traceback (most recent call last):
  File "/home/thussenot/.conda/envs/multinest/bin/lightcurve-analysis", line 8, in <module>
    sys.exit(main())
  File "/home/thussenot/.conda/envs/multinest/lib/python3.8/site-packages/nmma/em/analysis.py", line 912, in main
    analysis(args)
  File "/home/thussenot/.conda/envs/multinest/lib/python3.8/site-packages/nmma/em/analysis.py", line 658, in analysis
    result = bilby.run_sampler(
  File "/home/thussenot/.conda/envs/multinest/lib/python3.8/site-packages/bilby/core/sampler/__init__.py", line 278, in run_sampler
    result.save_to_file(overwrite=True, extension=save, gzip=gzip, outdir=outdir)
  File "/home/thussenot/.conda/envs/multinest/lib/python3.8/site-packages/bilby/core/result.py", line 773, in save_to_file
    move_old_file(filename, overwrite)
  File "/home/thussenot/.conda/envs/multinest/lib/python3.8/site-packages/bilby/core/utils/io.py", line 403, in move_old_file
    os.remove(filename)
FileNotFoundError: [Errno 2] No such file or directory: 'outdirSNgauss32cores/GRB230812B_result.json'
Traceback (most recent call last):
  File "/home/thussenot/.conda/envs/multinest/bin/lightcurve-analysis", line 8, in <module>
    sys.exit(main())
  File "/home/thussenot/.conda/envs/multinest/lib/python3.8/site-packages/nmma/em/analysis.py", line 912, in main
    analysis(args)
  File "/home/thussenot/.conda/envs/multinest/lib/python3.8/site-packages/nmma/em/analysis.py", line 658, in analysis
    result = bilby.run_sampler(
  File "/home/thussenot/.conda/envs/multinest/lib/python3.8/site-packages/bilby/core/sampler/__init__.py", line 278, in run_sampler
    result.save_to_file(overwrite=True, extension=save, gzip=gzip, outdir=outdir)
  File "/home/thussenot/.conda/envs/multinest/lib/python3.8/site-packages/bilby/core/result.py", line 773, in save_to_file
    move_old_file(filename, overwrite)
  File "/home/thussenot/.conda/envs/multinest/lib/python3.8/site-packages/bilby/core/utils/io.py", line 403, in move_old_file
    os.remove(filename)
FileNotFoundError: [Errno 2] No such file or directory: 'outdirSNgauss32cores/GRB230812B_result.json'
Traceback (most recent call last):
  File "/home/thussenot/.conda/envs/multinest/bin/lightcurve-analysis", line 8, in <module>
    sys.exit(main())
  File "/home/thussenot/.conda/envs/multinest/lib/python3.8/site-packages/nmma/em/analysis.py", line 912, in main
    analysis(args)
  File "/home/thussenot/.conda/envs/multinest/lib/python3.8/site-packages/nmma/em/analysis.py", line 658, in analysis
    result = bilby.run_sampler(
  File "/home/thussenot/.conda/envs/multinest/lib/python3.8/site-packages/bilby/core/sampler/__init__.py", line 278, in run_sampler
    result.save_to_file(overwrite=True, extension=save, gzip=gzip, outdir=outdir)
  File "/home/thussenot/.conda/envs/multinest/lib/python3.8/site-packages/bilby/core/result.py", line 773, in save_to_file
    move_old_file(filename, overwrite)
  File "/home/thussenot/.conda/envs/multinest/lib/python3.8/site-packages/bilby/core/utils/io.py", line 403, in move_old_file
    os.remove(filename)
FileNotFoundError: [Errno 2] No such file or directory: 'outdirSNgauss32cores/GRB230812B_result.json'
Traceback (most recent call last):
  File "/home/thussenot/.conda/envs/multinest/bin/lightcurve-analysis", line 8, in <module>
    sys.exit(main())
  File "/home/thussenot/.conda/envs/multinest/lib/python3.8/site-packages/nmma/em/analysis.py", line 912, in main
    analysis(args)
  File "/home/thussenot/.conda/envs/multinest/lib/python3.8/site-packages/nmma/em/analysis.py", line 658, in analysis
    result = bilby.run_sampler(
  File "/home/thussenot/.conda/envs/multinest/lib/python3.8/site-packages/bilby/core/sampler/__init__.py", line 278, in run_sampler
    result.save_to_file(overwrite=True, extension=save, gzip=gzip, outdir=outdir)
  File "/home/thussenot/.conda/envs/multinest/lib/python3.8/site-packages/bilby/core/result.py", line 773, in save_to_file
    move_old_file(filename, overwrite)
  File "/home/thussenot/.conda/envs/multinest/lib/python3.8/site-packages/bilby/core/utils/io.py", line 403, in move_old_file
    os.remove(filename)
FileNotFoundError: [Errno 2] No such file or directory: 'outdirSNgauss32cores/GRB230812B_result.json'
Traceback (most recent call last):
  File "/home/thussenot/.conda/envs/multinest/bin/lightcurve-analysis", line 8, in <module>
    sys.exit(main())
  File "/home/thussenot/.conda/envs/multinest/lib/python3.8/site-packages/nmma/em/analysis.py", line 912, in main
    analysis(args)
  File "/home/thussenot/.conda/envs/multinest/lib/python3.8/site-packages/nmma/em/analysis.py", line 658, in analysis
    result = bilby.run_sampler(
  File "/home/thussenot/.conda/envs/multinest/lib/python3.8/site-packages/bilby/core/sampler/__init__.py", line 278, in run_sampler
    result.save_to_file(overwrite=True, extension=save, gzip=gzip, outdir=outdir)
  File "/home/thussenot/.conda/envs/multinest/lib/python3.8/site-packages/bilby/core/result.py", line 773, in save_to_file
    move_old_file(filename, overwrite)
  File "/home/thussenot/.conda/envs/multinest/lib/python3.8/site-packages/bilby/core/utils/io.py", line 403, in move_old_file
    os.remove(filename)
FileNotFoundError: [Errno 2] No such file or directory: 'outdirSNgauss32cores/GRB230812B_result.json'
Traceback (most recent call last):
  File "/home/thussenot/.conda/envs/multinest/bin/lightcurve-analysis", line 8, in <module>
    sys.exit(main())
  File "/home/thussenot/.conda/envs/multinest/lib/python3.8/site-packages/nmma/em/analysis.py", line 912, in main
    analysis(args)
  File "/home/thussenot/.conda/envs/multinest/lib/python3.8/site-packages/nmma/em/analysis.py", line 658, in analysis
    result = bilby.run_sampler(
  File "/home/thussenot/.conda/envs/multinest/lib/python3.8/site-packages/bilby/core/sampler/__init__.py", line 278, in run_sampler
    result.save_to_file(overwrite=True, extension=save, gzip=gzip, outdir=outdir)
  File "/home/thussenot/.conda/envs/multinest/lib/python3.8/site-packages/bilby/core/result.py", line 773, in save_to_file
    move_old_file(filename, overwrite)
  File "/home/thussenot/.conda/envs/multinest/lib/python3.8/site-packages/bilby/core/utils/io.py", line 403, in move_old_file
    os.remove(filename)
FileNotFoundError: [Errno 2] No such file or directory: 'outdirSNgauss32cores/GRB230812B_result.json'
Traceback (most recent call last):
  File "/home/thussenot/.conda/envs/multinest/bin/lightcurve-analysis", line 8, in <module>
    sys.exit(main())
  File "/home/thussenot/.conda/envs/multinest/lib/python3.8/site-packages/nmma/em/analysis.py", line 912, in main
    analysis(args)
  File "/home/thussenot/.conda/envs/multinest/lib/python3.8/site-packages/nmma/em/analysis.py", line 658, in analysis
    result = bilby.run_sampler(
  File "/home/thussenot/.conda/envs/multinest/lib/python3.8/site-packages/bilby/core/sampler/__init__.py", line 278, in run_sampler
    result.save_to_file(overwrite=True, extension=save, gzip=gzip, outdir=outdir)
  File "/home/thussenot/.conda/envs/multinest/lib/python3.8/site-packages/bilby/core/result.py", line 773, in save_to_file
    move_old_file(filename, overwrite)
  File "/home/thussenot/.conda/envs/multinest/lib/python3.8/site-packages/bilby/core/utils/io.py", line 403, in move_old_file
    os.remove(filename)
FileNotFoundError: [Errno 2] No such file or directory: 'outdirSNgauss32cores/GRB230812B_result.json'
Traceback (most recent call last):
  File "/home/thussenot/.conda/envs/multinest/bin/lightcurve-analysis", line 8, in <module>
    sys.exit(main())
  File "/home/thussenot/.conda/envs/multinest/lib/python3.8/site-packages/nmma/em/analysis.py", line 912, in main
    analysis(args)
  File "/home/thussenot/.conda/envs/multinest/lib/python3.8/site-packages/nmma/em/analysis.py", line 658, in analysis
    result = bilby.run_sampler(
  File "/home/thussenot/.conda/envs/multinest/lib/python3.8/site-packages/bilby/core/sampler/__init__.py", line 278, in run_sampler
    result.save_to_file(overwrite=True, extension=save, gzip=gzip, outdir=outdir)
  File "/home/thussenot/.conda/envs/multinest/lib/python3.8/site-packages/bilby/core/result.py", line 773, in save_to_file
    move_old_file(filename, overwrite)
  File "/home/thussenot/.conda/envs/multinest/lib/python3.8/site-packages/bilby/core/utils/io.py", line 403, in move_old_file
    os.remove(filename)
FileNotFoundError: [Errno 2] No such file or directory: 'outdirSNgauss32cores/GRB230812B_result.json'
Traceback (most recent call last):
  File "/home/thussenot/.conda/envs/multinest/bin/lightcurve-analysis", line 8, in <module>
    sys.exit(main())
  File "/home/thussenot/.conda/envs/multinest/lib/python3.8/site-packages/nmma/em/analysis.py", line 912, in main
    analysis(args)
  File "/home/thussenot/.conda/envs/multinest/lib/python3.8/site-packages/nmma/em/analysis.py", line 658, in analysis
    result = bilby.run_sampler(
  File "/home/thussenot/.conda/envs/multinest/lib/python3.8/site-packages/bilby/core/sampler/__init__.py", line 278, in run_sampler
    result.save_to_file(overwrite=True, extension=save, gzip=gzip, outdir=outdir)
  File "/home/thussenot/.conda/envs/multinest/lib/python3.8/site-packages/bilby/core/result.py", line 773, in save_to_file
    move_old_file(filename, overwrite)
  File "/home/thussenot/.conda/envs/multinest/lib/python3.8/site-packages/bilby/core/utils/io.py", line 403, in move_old_file
    os.remove(filename)
FileNotFoundError: [Errno 2] No such file or directory: 'outdirSNgauss32cores/GRB230812B_result.json'
10:24 bilby INFO    : Summary of results:
nsamples: 23710
ln_noise_evidence:  0.000
ln_evidence: -57.608 +/-  0.123
ln_bayes_factor: -57.608 +/-  0.123

10:24 bilby INFO    : Writing samples file to /home/thussenot/GRB230812B/Fullrun1/01SNGRB/Gauss/outdirSNgauss32cores/GRB230812B_posterior_samples.dat
10:24 bilby INFO    : Summary of results:
nsamples: 23710
ln_noise_evidence:  0.000
ln_evidence: -57.608 +/-  0.123
ln_bayes_factor: -57.608 +/-  0.123

10:24 bilby INFO    : Writing samples file to /home/thussenot/GRB230812B/Fullrun1/01SNGRB/Gauss/outdirSNgauss32cores/GRB230812B_posterior_samples.dat
10:24 bilby INFO    : Summary of results:
nsamples: 23710
ln_noise_evidence:  0.000
ln_evidence: -57.608 +/-  0.123
ln_bayes_factor: -57.608 +/-  0.123

10:24 bilby INFO    : Writing samples file to /home/thussenot/GRB230812B/Fullrun1/01SNGRB/Gauss/outdirSNgauss32cores/GRB230812B_posterior_samples.dat
10:24 bilby INFO    : Summary of results:
nsamples: 23710
ln_noise_evidence:  0.000
ln_evidence: -57.608 +/-  0.123
ln_bayes_factor: -57.608 +/-  0.123

10:24 bilby INFO    : Writing samples file to /home/thussenot/GRB230812B/Fullrun1/01SNGRB/Gauss/outdirSNgauss32cores/GRB230812B_posterior_samples.dat
10:24 bilby INFO    : Summary of results:
nsamples: 23710
ln_noise_evidence:  0.000
ln_evidence: -57.608 +/-  0.123
ln_bayes_factor: -57.608 +/-  0.123

10:24 bilby INFO    : Writing samples file to /home/thussenot/GRB230812B/Fullrun1/01SNGRB/Gauss/outdirSNgauss32cores/GRB230812B_posterior_samples.dat
10:24 bilby INFO    : Summary of results:
nsamples: 23710
ln_noise_evidence:  0.000
ln_evidence: -57.608 +/-  0.123
ln_bayes_factor: -57.608 +/-  0.123

10:24 bilby INFO    : Writing samples file to /home/thussenot/GRB230812B/Fullrun1/01SNGRB/Gauss/outdirSNgauss32cores/GRB230812B_posterior_samples.dat
/home/thussenot/.conda/envs/multinest/lib/python3.8/site-packages/matplotlib/axes/_base.py:2503: UserWarning: Warning: converting a masked element to nan.
  xys = np.asarray(xys)
/home/thussenot/.conda/envs/multinest/lib/python3.8/site-packages/matplotlib/axes/_base.py:2503: UserWarning: Warning: converting a masked element to nan.
  xys = np.asarray(xys)
/home/thussenot/.conda/envs/multinest/lib/python3.8/site-packages/matplotlib/axes/_base.py:2503: UserWarning: Warning: converting a masked element to nan.
  xys = np.asarray(xys)
/home/thussenot/.conda/envs/multinest/lib/python3.8/site-packages/matplotlib/axes/_base.py:2503: UserWarning: Warning: converting a masked element to nan.
  xys = np.asarray(xys)
/home/thussenot/.conda/envs/multinest/lib/python3.8/site-packages/matplotlib/axes/_base.py:2503: UserWarning: Warning: converting a masked element to nan.
  xys = np.asarray(xys)
/home/thussenot/.conda/envs/multinest/lib/python3.8/site-packages/matplotlib/axes/_base.py:2503: UserWarning: Warning: converting a masked element to nan.
  xys = np.asarray(xys)
--------------------------------------------------------------------------
Primary job  terminated normally, but 1 process returned
a non-zero exit code. Per user-direction, the job has been aborted.
--------------------------------------------------------------------------
--------------------------------------------------------------------------
mpiexec detected that one or more processes exited with non-zero status, thus causing
the job to be terminated. The first process to do so was:

  Process name: [[16885,1],0]
  Exit code:    1
--------------------------------------------------------------------------
