10:05 bilby INFO    : Running for label 'GRB230812B', output will be saved to 'outdirSNtophat32cores'
10:05 bilby INFO    : Running for label 'GRB230812B', output will be saved to 'outdirSNtophat32cores'
10:05 bilby INFO    : Running for label 'GRB230812B', output will be saved to 'outdirSNtophat32cores'
10:05 bilby INFO    : Running for label 'GRB230812B', output will be saved to 'outdirSNtophat32cores'
10:05 bilby INFO    : Running for label 'GRB230812B', output will be saved to 'outdirSNtophat32cores'
10:05 bilby INFO    : Running for label 'GRB230812B', output will be saved to 'outdirSNtophat32cores'
10:05 bilby INFO    : Running for label 'GRB230812B', output will be saved to 'outdirSNtophat32cores'
10:05 bilby INFO    : Running for label 'GRB230812B', output will be saved to 'outdirSNtophat32cores'
10:05 bilby INFO    : Running for label 'GRB230812B', output will be saved to 'outdirSNtophat32cores'
10:05 bilby INFO    : Running for label 'GRB230812B', output will be saved to 'outdirSNtophat32cores'
10:05 bilby INFO    : Running for label 'GRB230812B', output will be saved to 'outdirSNtophat32cores'
10:05 bilby INFO    : Running for label 'GRB230812B', output will be saved to 'outdirSNtophat32cores'
10:05 bilby INFO    : Running for label 'GRB230812B', output will be saved to 'outdirSNtophat32cores'
10:05 bilby INFO    : Running for label 'GRB230812B', output will be saved to 'outdirSNtophat32cores'
10:05 bilby INFO    : Running for label 'GRB230812B', output will be saved to 'outdirSNtophat32cores'
10:05 bilby INFO    : Running for label 'GRB230812B', output will be saved to 'outdirSNtophat32cores'
10:05 bilby INFO    : Running for label 'GRB230812B', output will be saved to 'outdirSNtophat32cores'
10:05 bilby INFO    : Running for label 'GRB230812B', output will be saved to 'outdirSNtophat32cores'
10:05 bilby INFO    : Running for label 'GRB230812B', output will be saved to 'outdirSNtophat32cores'
10:05 bilby INFO    : Running for label 'GRB230812B', output will be saved to 'outdirSNtophat32cores'
10:05 bilby INFO    : Running for label 'GRB230812B', output will be saved to 'outdirSNtophat32cores'
10:05 bilby INFO    : Running for label 'GRB230812B', output will be saved to 'outdirSNtophat32cores'
10:05 bilby INFO    : Running for label 'GRB230812B', output will be saved to 'outdirSNtophat32cores'
10:05 bilby INFO    : Running for label 'GRB230812B', output will be saved to 'outdirSNtophat32cores'
10:05 bilby INFO    : Running for label 'GRB230812B', output will be saved to 'outdirSNtophat32cores'
10:05 bilby INFO    : Running for label 'GRB230812B', output will be saved to 'outdirSNtophat32cores'
10:05 bilby INFO    : Running for label 'GRB230812B', output will be saved to 'outdirSNtophat32cores'
10:05 bilby INFO    : Running for label 'GRB230812B', output will be saved to 'outdirSNtophat32cores'
10:05 bilby INFO    : Running for label 'GRB230812B', output will be saved to 'outdirSNtophat32cores'
10:05 bilby INFO    : Running for label 'GRB230812B', output will be saved to 'outdirSNtophat32cores'
10:05 bilby INFO    : Running for label 'GRB230812B', output will be saved to 'outdirSNtophat32cores'
10:05 bilby INFO    : Running for label 'GRB230812B', output will be saved to 'outdirSNtophat32cores'
10:05 bilby INFO    : Analysis priors:
10:05 bilby INFO    : Analysis priors:
10:05 bilby INFO    : Analysis priors:
10:05 bilby INFO    : Analysis priors:
10:05 bilby INFO    : Analysis priors:
10:05 bilby INFO    : Analysis priors:
10:05 bilby INFO    : Analysis priors:
10:05 bilby INFO    : Analysis priors:
10:05 bilby INFO    : Analysis priors:
10:05 bilby INFO    : Analysis priors:
10:05 bilby INFO    : Analysis priors:
10:05 bilby INFO    : Analysis priors:
10:05 bilby INFO    : Analysis priors:
10:05 bilby INFO    : Analysis priors:
10:05 bilby INFO    : Analysis priors:
10:05 bilby INFO    : Analysis priors:
10:05 bilby INFO    : Analysis priors:
10:05 bilby INFO    : Analysis priors:
10:05 bilby INFO    : Analysis priors:
10:05 bilby INFO    : Analysis priors:
10:05 bilby INFO    : Analysis priors:
10:05 bilby INFO    : Analysis priors:
10:05 bilby INFO    : Analysis priors:
10:05 bilby INFO    : Analysis priors:
10:05 bilby INFO    : Analysis priors:
10:05 bilby INFO    : Analysis priors:
10:05 bilby INFO    : Analysis priors:
10:05 bilby INFO    : Analysis priors:
10:05 bilby INFO    : Analysis priors:
10:05 bilby INFO    : Analysis priors:
10:05 bilby INFO    : Analysis priors:
10:05 bilby INFO    : Analysis priors:
10:05 bilby INFO    : supernova_mag_boost=Uniform(minimum=-5, maximum=5, name='supernova_mag_boost', latex_label='$magboost$', unit=None, boundary=None)
10:05 bilby INFO    : supernova_mag_boost=Uniform(minimum=-5, maximum=5, name='supernova_mag_boost', latex_label='$magboost$', unit=None, boundary=None)
10:05 bilby INFO    : supernova_mag_boost=Uniform(minimum=-5, maximum=5, name='supernova_mag_boost', latex_label='$magboost$', unit=None, boundary=None)
10:05 bilby INFO    : supernova_mag_boost=Uniform(minimum=-5, maximum=5, name='supernova_mag_boost', latex_label='$magboost$', unit=None, boundary=None)
10:05 bilby INFO    : supernova_mag_boost=Uniform(minimum=-5, maximum=5, name='supernova_mag_boost', latex_label='$magboost$', unit=None, boundary=None)
10:05 bilby INFO    : supernova_mag_boost=Uniform(minimum=-5, maximum=5, name='supernova_mag_boost', latex_label='$magboost$', unit=None, boundary=None)
10:05 bilby INFO    : supernova_mag_boost=Uniform(minimum=-5, maximum=5, name='supernova_mag_boost', latex_label='$magboost$', unit=None, boundary=None)
10:05 bilby INFO    : supernova_mag_boost=Uniform(minimum=-5, maximum=5, name='supernova_mag_boost', latex_label='$magboost$', unit=None, boundary=None)
10:05 bilby INFO    : supernova_mag_boost=Uniform(minimum=-5, maximum=5, name='supernova_mag_boost', latex_label='$magboost$', unit=None, boundary=None)
10:05 bilby INFO    : supernova_mag_boost=Uniform(minimum=-5, maximum=5, name='supernova_mag_boost', latex_label='$magboost$', unit=None, boundary=None)
10:05 bilby INFO    : supernova_mag_stretch=Uniform(minimum=0.1, maximum=5.0, name='supernova_mag_stretch', latex_label='$stretch$', unit=None, boundary=None)
10:05 bilby INFO    : supernova_mag_boost=Uniform(minimum=-5, maximum=5, name='supernova_mag_boost', latex_label='$magboost$', unit=None, boundary=None)
10:05 bilby INFO    : supernova_mag_stretch=Uniform(minimum=0.1, maximum=5.0, name='supernova_mag_stretch', latex_label='$stretch$', unit=None, boundary=None)
10:05 bilby INFO    : supernova_mag_boost=Uniform(minimum=-5, maximum=5, name='supernova_mag_boost', latex_label='$magboost$', unit=None, boundary=None)
10:05 bilby INFO    : supernova_mag_boost=Uniform(minimum=-5, maximum=5, name='supernova_mag_boost', latex_label='$magboost$', unit=None, boundary=None)
10:05 bilby INFO    : supernova_mag_boost=Uniform(minimum=-5, maximum=5, name='supernova_mag_boost', latex_label='$magboost$', unit=None, boundary=None)
10:05 bilby INFO    : supernova_mag_boost=Uniform(minimum=-5, maximum=5, name='supernova_mag_boost', latex_label='$magboost$', unit=None, boundary=None)
10:05 bilby INFO    : supernova_mag_boost=Uniform(minimum=-5, maximum=5, name='supernova_mag_boost', latex_label='$magboost$', unit=None, boundary=None)
10:05 bilby INFO    : supernova_mag_boost=Uniform(minimum=-5, maximum=5, name='supernova_mag_boost', latex_label='$magboost$', unit=None, boundary=None)
10:05 bilby INFO    : supernova_mag_boost=Uniform(minimum=-5, maximum=5, name='supernova_mag_boost', latex_label='$magboost$', unit=None, boundary=None)
10:05 bilby INFO    : supernova_mag_boost=Uniform(minimum=-5, maximum=5, name='supernova_mag_boost', latex_label='$magboost$', unit=None, boundary=None)
10:05 bilby INFO    : supernova_mag_boost=Uniform(minimum=-5, maximum=5, name='supernova_mag_boost', latex_label='$magboost$', unit=None, boundary=None)
10:05 bilby INFO    : em_syserr=LogUniform(minimum=0.01, maximum=2.0, name='em_syserr', latex_label='$\\sigma$', unit=None, boundary=None)
10:05 bilby INFO    : supernova_mag_boost=Uniform(minimum=-5, maximum=5, name='supernova_mag_boost', latex_label='$magboost$', unit=None, boundary=None)
10:05 bilby INFO    : supernova_mag_boost=Uniform(minimum=-5, maximum=5, name='supernova_mag_boost', latex_label='$magboost$', unit=None, boundary=None)
10:05 bilby INFO    : supernova_mag_boost=Uniform(minimum=-5, maximum=5, name='supernova_mag_boost', latex_label='$magboost$', unit=None, boundary=None)
10:05 bilby INFO    : supernova_mag_boost=Uniform(minimum=-5, maximum=5, name='supernova_mag_boost', latex_label='$magboost$', unit=None, boundary=None)
10:05 bilby INFO    : supernova_mag_boost=Uniform(minimum=-5, maximum=5, name='supernova_mag_boost', latex_label='$magboost$', unit=None, boundary=None)
10:05 bilby INFO    : supernova_mag_boost=Uniform(minimum=-5, maximum=5, name='supernova_mag_boost', latex_label='$magboost$', unit=None, boundary=None)
10:05 bilby INFO    : supernova_mag_boost=Uniform(minimum=-5, maximum=5, name='supernova_mag_boost', latex_label='$magboost$', unit=None, boundary=None)
10:05 bilby INFO    : supernova_mag_boost=Uniform(minimum=-5, maximum=5, name='supernova_mag_boost', latex_label='$magboost$', unit=None, boundary=None)
10:05 bilby INFO    : supernova_mag_stretch=Uniform(minimum=0.1, maximum=5.0, name='supernova_mag_stretch', latex_label='$stretch$', unit=None, boundary=None)
10:05 bilby INFO    : supernova_mag_stretch=Uniform(minimum=0.1, maximum=5.0, name='supernova_mag_stretch', latex_label='$stretch$', unit=None, boundary=None)
10:05 bilby INFO    : supernova_mag_boost=Uniform(minimum=-5, maximum=5, name='supernova_mag_boost', latex_label='$magboost$', unit=None, boundary=None)
10:05 bilby INFO    : supernova_mag_stretch=Uniform(minimum=0.1, maximum=5.0, name='supernova_mag_stretch', latex_label='$stretch$', unit=None, boundary=None)
10:05 bilby INFO    : em_syserr=LogUniform(minimum=0.01, maximum=2.0, name='em_syserr', latex_label='$\\sigma$', unit=None, boundary=None)
10:05 bilby INFO    : supernova_mag_stretch=Uniform(minimum=0.1, maximum=5.0, name='supernova_mag_stretch', latex_label='$stretch$', unit=None, boundary=None)
10:05 bilby INFO    : supernova_mag_stretch=Uniform(minimum=0.1, maximum=5.0, name='supernova_mag_stretch', latex_label='$stretch$', unit=None, boundary=None)
10:05 bilby INFO    : supernova_mag_stretch=Uniform(minimum=0.1, maximum=5.0, name='supernova_mag_stretch', latex_label='$stretch$', unit=None, boundary=None)
10:05 bilby INFO    : supernova_mag_boost=Uniform(minimum=-5, maximum=5, name='supernova_mag_boost', latex_label='$magboost$', unit=None, boundary=None)
10:05 bilby INFO    : supernova_mag_stretch=Uniform(minimum=0.1, maximum=5.0, name='supernova_mag_stretch', latex_label='$stretch$', unit=None, boundary=None)
10:05 bilby INFO    : supernova_mag_boost=Uniform(minimum=-5, maximum=5, name='supernova_mag_boost', latex_label='$magboost$', unit=None, boundary=None)
10:05 bilby INFO    : supernova_mag_stretch=Uniform(minimum=0.1, maximum=5.0, name='supernova_mag_stretch', latex_label='$stretch$', unit=None, boundary=None)
10:05 bilby INFO    : inclination_EM=Uniform(minimum=0.0, maximum=0.7853981633974483, name='inclination_EM', latex_label='$\\iota$', unit=None, boundary=None)
10:05 bilby INFO    : supernova_mag_stretch=Uniform(minimum=0.1, maximum=5.0, name='supernova_mag_stretch', latex_label='$stretch$', unit=None, boundary=None)
10:05 bilby INFO    : inclination_EM=Uniform(minimum=0.0, maximum=0.7853981633974483, name='inclination_EM', latex_label='$\\iota$', unit=None, boundary=None)
10:05 bilby INFO    : supernova_mag_stretch=Uniform(minimum=0.1, maximum=5.0, name='supernova_mag_stretch', latex_label='$stretch$', unit=None, boundary=None)
10:05 bilby INFO    : supernova_mag_stretch=Uniform(minimum=0.1, maximum=5.0, name='supernova_mag_stretch', latex_label='$stretch$', unit=None, boundary=None)
10:05 bilby INFO    : supernova_mag_stretch=Uniform(minimum=0.1, maximum=5.0, name='supernova_mag_stretch', latex_label='$stretch$', unit=None, boundary=None)
10:05 bilby INFO    : supernova_mag_stretch=Uniform(minimum=0.1, maximum=5.0, name='supernova_mag_stretch', latex_label='$stretch$', unit=None, boundary=None)
10:05 bilby INFO    : em_syserr=LogUniform(minimum=0.01, maximum=2.0, name='em_syserr', latex_label='$\\sigma$', unit=None, boundary=None)
10:05 bilby INFO    : supernova_mag_stretch=Uniform(minimum=0.1, maximum=5.0, name='supernova_mag_stretch', latex_label='$stretch$', unit=None, boundary=None)
10:05 bilby INFO    : em_syserr=LogUniform(minimum=0.01, maximum=2.0, name='em_syserr', latex_label='$\\sigma$', unit=None, boundary=None)
10:05 bilby INFO    : log10_E0=Uniform(minimum=47.0, maximum=57.0, name='log10_E0', latex_label='$\\log_{10}E_0$', unit=None, boundary='reflective')
10:05 bilby INFO    : em_syserr=LogUniform(minimum=0.01, maximum=2.0, name='em_syserr', latex_label='$\\sigma$', unit=None, boundary=None)
10:05 bilby INFO    : em_syserr=LogUniform(minimum=0.01, maximum=2.0, name='em_syserr', latex_label='$\\sigma$', unit=None, boundary=None)
10:05 bilby INFO    : supernova_mag_stretch=Uniform(minimum=0.1, maximum=5.0, name='supernova_mag_stretch', latex_label='$stretch$', unit=None, boundary=None)
10:05 bilby INFO    : supernova_mag_stretch=Uniform(minimum=0.1, maximum=5.0, name='supernova_mag_stretch', latex_label='$stretch$', unit=None, boundary=None)
10:05 bilby INFO    : em_syserr=LogUniform(minimum=0.01, maximum=2.0, name='em_syserr', latex_label='$\\sigma$', unit=None, boundary=None)
10:05 bilby INFO    : supernova_mag_stretch=Uniform(minimum=0.1, maximum=5.0, name='supernova_mag_stretch', latex_label='$stretch$', unit=None, boundary=None)
10:05 bilby INFO    : em_syserr=LogUniform(minimum=0.01, maximum=2.0, name='em_syserr', latex_label='$\\sigma$', unit=None, boundary=None)
10:05 bilby INFO    : em_syserr=LogUniform(minimum=0.01, maximum=2.0, name='em_syserr', latex_label='$\\sigma$', unit=None, boundary=None)
10:05 bilby INFO    : em_syserr=LogUniform(minimum=0.01, maximum=2.0, name='em_syserr', latex_label='$\\sigma$', unit=None, boundary=None)
10:05 bilby INFO    : supernova_mag_stretch=Uniform(minimum=0.1, maximum=5.0, name='supernova_mag_stretch', latex_label='$stretch$', unit=None, boundary=None)
10:05 bilby INFO    : supernova_mag_stretch=Uniform(minimum=0.1, maximum=5.0, name='supernova_mag_stretch', latex_label='$stretch$', unit=None, boundary=None)
10:05 bilby INFO    : supernova_mag_stretch=Uniform(minimum=0.1, maximum=5.0, name='supernova_mag_stretch', latex_label='$stretch$', unit=None, boundary=None)
10:05 bilby INFO    : supernova_mag_stretch=Uniform(minimum=0.1, maximum=5.0, name='supernova_mag_stretch', latex_label='$stretch$', unit=None, boundary=None)
10:05 bilby INFO    : supernova_mag_stretch=Uniform(minimum=0.1, maximum=5.0, name='supernova_mag_stretch', latex_label='$stretch$', unit=None, boundary=None)
10:05 bilby INFO    : supernova_mag_stretch=Uniform(minimum=0.1, maximum=5.0, name='supernova_mag_stretch', latex_label='$stretch$', unit=None, boundary=None)
10:05 bilby INFO    : em_syserr=LogUniform(minimum=0.01, maximum=2.0, name='em_syserr', latex_label='$\\sigma$', unit=None, boundary=None)
10:05 bilby INFO    : supernova_mag_stretch=Uniform(minimum=0.1, maximum=5.0, name='supernova_mag_stretch', latex_label='$stretch$', unit=None, boundary=None)
10:05 bilby INFO    : supernova_mag_stretch=Uniform(minimum=0.1, maximum=5.0, name='supernova_mag_stretch', latex_label='$stretch$', unit=None, boundary=None)
10:05 bilby INFO    : supernova_mag_stretch=Uniform(minimum=0.1, maximum=5.0, name='supernova_mag_stretch', latex_label='$stretch$', unit=None, boundary=None)
10:05 bilby INFO    : log10_E0=Uniform(minimum=47.0, maximum=57.0, name='log10_E0', latex_label='$\\log_{10}E_0$', unit=None, boundary='reflective')
10:05 bilby INFO    : inclination_EM=Uniform(minimum=0.0, maximum=0.7853981633974483, name='inclination_EM', latex_label='$\\iota$', unit=None, boundary=None)
10:05 bilby INFO    : supernova_mag_stretch=Uniform(minimum=0.1, maximum=5.0, name='supernova_mag_stretch', latex_label='$stretch$', unit=None, boundary=None)
10:05 bilby INFO    : supernova_mag_stretch=Uniform(minimum=0.1, maximum=5.0, name='supernova_mag_stretch', latex_label='$stretch$', unit=None, boundary=None)
10:05 bilby INFO    : supernova_mag_stretch=Uniform(minimum=0.1, maximum=5.0, name='supernova_mag_stretch', latex_label='$stretch$', unit=None, boundary=None)
10:05 bilby INFO    : inclination_EM=Uniform(minimum=0.0, maximum=0.7853981633974483, name='inclination_EM', latex_label='$\\iota$', unit=None, boundary=None)
10:05 bilby INFO    : inclination_EM=Uniform(minimum=0.0, maximum=0.7853981633974483, name='inclination_EM', latex_label='$\\iota$', unit=None, boundary=None)
10:05 bilby INFO    : em_syserr=LogUniform(minimum=0.01, maximum=2.0, name='em_syserr', latex_label='$\\sigma$', unit=None, boundary=None)
10:05 bilby INFO    : em_syserr=LogUniform(minimum=0.01, maximum=2.0, name='em_syserr', latex_label='$\\sigma$', unit=None, boundary=None)
10:05 bilby INFO    : inclination_EM=Uniform(minimum=0.0, maximum=0.7853981633974483, name='inclination_EM', latex_label='$\\iota$', unit=None, boundary=None)
10:05 bilby INFO    : thetaCore=Uniform(minimum=0.01, maximum=0.3141592653589793, name='theta_core', latex_label='$\\theta_c$', unit=None, boundary='reflective')
10:05 bilby INFO    : inclination_EM=Uniform(minimum=0.0, maximum=0.7853981633974483, name='inclination_EM', latex_label='$\\iota$', unit=None, boundary=None)
10:05 bilby INFO    : inclination_EM=Uniform(minimum=0.0, maximum=0.7853981633974483, name='inclination_EM', latex_label='$\\iota$', unit=None, boundary=None)
10:05 bilby INFO    : inclination_EM=Uniform(minimum=0.0, maximum=0.7853981633974483, name='inclination_EM', latex_label='$\\iota$', unit=None, boundary=None)
10:05 bilby INFO    : em_syserr=LogUniform(minimum=0.01, maximum=2.0, name='em_syserr', latex_label='$\\sigma$', unit=None, boundary=None)
10:05 bilby INFO    : em_syserr=LogUniform(minimum=0.01, maximum=2.0, name='em_syserr', latex_label='$\\sigma$', unit=None, boundary=None)
10:05 bilby INFO    : em_syserr=LogUniform(minimum=0.01, maximum=2.0, name='em_syserr', latex_label='$\\sigma$', unit=None, boundary=None)
10:05 bilby INFO    : inclination_EM=Uniform(minimum=0.0, maximum=0.7853981633974483, name='inclination_EM', latex_label='$\\iota$', unit=None, boundary=None)
10:05 bilby INFO    : em_syserr=LogUniform(minimum=0.01, maximum=2.0, name='em_syserr', latex_label='$\\sigma$', unit=None, boundary=None)
10:05 bilby INFO    : inclination_EM=Uniform(minimum=0.0, maximum=0.7853981633974483, name='inclination_EM', latex_label='$\\iota$', unit=None, boundary=None)
10:05 bilby INFO    : em_syserr=LogUniform(minimum=0.01, maximum=2.0, name='em_syserr', latex_label='$\\sigma$', unit=None, boundary=None)
10:05 bilby INFO    : em_syserr=LogUniform(minimum=0.01, maximum=2.0, name='em_syserr', latex_label='$\\sigma$', unit=None, boundary=None)
10:05 bilby INFO    : em_syserr=LogUniform(minimum=0.01, maximum=2.0, name='em_syserr', latex_label='$\\sigma$', unit=None, boundary=None)
10:05 bilby INFO    : em_syserr=LogUniform(minimum=0.01, maximum=2.0, name='em_syserr', latex_label='$\\sigma$', unit=None, boundary=None)
10:05 bilby INFO    : em_syserr=LogUniform(minimum=0.01, maximum=2.0, name='em_syserr', latex_label='$\\sigma$', unit=None, boundary=None)
10:05 bilby INFO    : em_syserr=LogUniform(minimum=0.01, maximum=2.0, name='em_syserr', latex_label='$\\sigma$', unit=None, boundary=None)
10:05 bilby INFO    : thetaCore=Uniform(minimum=0.01, maximum=0.3141592653589793, name='theta_core', latex_label='$\\theta_c$', unit=None, boundary='reflective')
10:05 bilby INFO    : em_syserr=LogUniform(minimum=0.01, maximum=2.0, name='em_syserr', latex_label='$\\sigma$', unit=None, boundary=None)
10:05 bilby INFO    : em_syserr=LogUniform(minimum=0.01, maximum=2.0, name='em_syserr', latex_label='$\\sigma$', unit=None, boundary=None)
10:05 bilby INFO    : log10_E0=Uniform(minimum=47.0, maximum=57.0, name='log10_E0', latex_label='$\\log_{10}E_0$', unit=None, boundary='reflective')
10:05 bilby INFO    : em_syserr=LogUniform(minimum=0.01, maximum=2.0, name='em_syserr', latex_label='$\\sigma$', unit=None, boundary=None)
10:05 bilby INFO    : em_syserr=LogUniform(minimum=0.01, maximum=2.0, name='em_syserr', latex_label='$\\sigma$', unit=None, boundary=None)
10:05 bilby INFO    : em_syserr=LogUniform(minimum=0.01, maximum=2.0, name='em_syserr', latex_label='$\\sigma$', unit=None, boundary=None)
10:05 bilby INFO    : log10_E0=Uniform(minimum=47.0, maximum=57.0, name='log10_E0', latex_label='$\\log_{10}E_0$', unit=None, boundary='reflective')
10:05 bilby INFO    : log10_E0=Uniform(minimum=47.0, maximum=57.0, name='log10_E0', latex_label='$\\log_{10}E_0$', unit=None, boundary='reflective')
10:05 bilby INFO    : log10_E0=Uniform(minimum=47.0, maximum=57.0, name='log10_E0', latex_label='$\\log_{10}E_0$', unit=None, boundary='reflective')
10:05 bilby INFO    : inclination_EM=Uniform(minimum=0.0, maximum=0.7853981633974483, name='inclination_EM', latex_label='$\\iota$', unit=None, boundary=None)
10:05 bilby INFO    : inclination_EM=Uniform(minimum=0.0, maximum=0.7853981633974483, name='inclination_EM', latex_label='$\\iota$', unit=None, boundary=None)
10:05 bilby INFO    : em_syserr=LogUniform(minimum=0.01, maximum=2.0, name='em_syserr', latex_label='$\\sigma$', unit=None, boundary=None)
10:05 bilby INFO    : em_syserr=LogUniform(minimum=0.01, maximum=2.0, name='em_syserr', latex_label='$\\sigma$', unit=None, boundary=None)
10:05 bilby INFO    : log10_E0=Uniform(minimum=47.0, maximum=57.0, name='log10_E0', latex_label='$\\log_{10}E_0$', unit=None, boundary='reflective')
10:05 bilby INFO    : log10_n0=Uniform(minimum=-6, maximum=3.0, name='log10_n0', latex_label='$\\log_{10}n_0$', unit=None, boundary='reflective')
10:05 bilby INFO    : log10_E0=Uniform(minimum=47.0, maximum=57.0, name='log10_E0', latex_label='$\\log_{10}E_0$', unit=None, boundary='reflective')
10:05 bilby INFO    : inclination_EM=Uniform(minimum=0.0, maximum=0.7853981633974483, name='inclination_EM', latex_label='$\\iota$', unit=None, boundary=None)
10:05 bilby INFO    : log10_E0=Uniform(minimum=47.0, maximum=57.0, name='log10_E0', latex_label='$\\log_{10}E_0$', unit=None, boundary='reflective')
10:05 bilby INFO    : inclination_EM=Uniform(minimum=0.0, maximum=0.7853981633974483, name='inclination_EM', latex_label='$\\iota$', unit=None, boundary=None)
10:05 bilby INFO    : em_syserr=LogUniform(minimum=0.01, maximum=2.0, name='em_syserr', latex_label='$\\sigma$', unit=None, boundary=None)
10:05 bilby INFO    : log10_E0=Uniform(minimum=47.0, maximum=57.0, name='log10_E0', latex_label='$\\log_{10}E_0$', unit=None, boundary='reflective')
10:05 bilby INFO    : inclination_EM=Uniform(minimum=0.0, maximum=0.7853981633974483, name='inclination_EM', latex_label='$\\iota$', unit=None, boundary=None)
10:05 bilby INFO    : inclination_EM=Uniform(minimum=0.0, maximum=0.7853981633974483, name='inclination_EM', latex_label='$\\iota$', unit=None, boundary=None)
10:05 bilby INFO    : log10_E0=Uniform(minimum=47.0, maximum=57.0, name='log10_E0', latex_label='$\\log_{10}E_0$', unit=None, boundary='reflective')
10:05 bilby INFO    : inclination_EM=Uniform(minimum=0.0, maximum=0.7853981633974483, name='inclination_EM', latex_label='$\\iota$', unit=None, boundary=None)
10:05 bilby INFO    : inclination_EM=Uniform(minimum=0.0, maximum=0.7853981633974483, name='inclination_EM', latex_label='$\\iota$', unit=None, boundary=None)
10:05 bilby INFO    : inclination_EM=Uniform(minimum=0.0, maximum=0.7853981633974483, name='inclination_EM', latex_label='$\\iota$', unit=None, boundary=None)
10:05 bilby INFO    : inclination_EM=Uniform(minimum=0.0, maximum=0.7853981633974483, name='inclination_EM', latex_label='$\\iota$', unit=None, boundary=None)
10:05 bilby INFO    : inclination_EM=Uniform(minimum=0.0, maximum=0.7853981633974483, name='inclination_EM', latex_label='$\\iota$', unit=None, boundary=None)
10:05 bilby INFO    : inclination_EM=Uniform(minimum=0.0, maximum=0.7853981633974483, name='inclination_EM', latex_label='$\\iota$', unit=None, boundary=None)
10:05 bilby INFO    : log10_n0=Uniform(minimum=-6, maximum=3.0, name='log10_n0', latex_label='$\\log_{10}n_0$', unit=None, boundary='reflective')
10:05 bilby INFO    : inclination_EM=Uniform(minimum=0.0, maximum=0.7853981633974483, name='inclination_EM', latex_label='$\\iota$', unit=None, boundary=None)
10:05 bilby INFO    : inclination_EM=Uniform(minimum=0.0, maximum=0.7853981633974483, name='inclination_EM', latex_label='$\\iota$', unit=None, boundary=None)
10:05 bilby INFO    : inclination_EM=Uniform(minimum=0.0, maximum=0.7853981633974483, name='inclination_EM', latex_label='$\\iota$', unit=None, boundary=None)
10:05 bilby INFO    : inclination_EM=Uniform(minimum=0.0, maximum=0.7853981633974483, name='inclination_EM', latex_label='$\\iota$', unit=None, boundary=None)
10:05 bilby INFO    : thetaCore=Uniform(minimum=0.01, maximum=0.3141592653589793, name='theta_core', latex_label='$\\theta_c$', unit=None, boundary='reflective')
10:05 bilby INFO    : inclination_EM=Uniform(minimum=0.0, maximum=0.7853981633974483, name='inclination_EM', latex_label='$\\iota$', unit=None, boundary=None)
10:05 bilby INFO    : thetaCore=Uniform(minimum=0.01, maximum=0.3141592653589793, name='theta_core', latex_label='$\\theta_c$', unit=None, boundary='reflective')
10:05 bilby INFO    : thetaCore=Uniform(minimum=0.01, maximum=0.3141592653589793, name='theta_core', latex_label='$\\theta_c$', unit=None, boundary='reflective')
10:05 bilby INFO    : log10_E0=Uniform(minimum=47.0, maximum=57.0, name='log10_E0', latex_label='$\\log_{10}E_0$', unit=None, boundary='reflective')
10:05 bilby INFO    : log10_E0=Uniform(minimum=47.0, maximum=57.0, name='log10_E0', latex_label='$\\log_{10}E_0$', unit=None, boundary='reflective')
10:05 bilby INFO    : p=Uniform(minimum=2.01, maximum=3.0, name='p', latex_label='$p$', unit=None, boundary=None)
10:05 bilby INFO    : thetaCore=Uniform(minimum=0.01, maximum=0.3141592653589793, name='theta_core', latex_label='$\\theta_c$', unit=None, boundary='reflective')
10:05 bilby INFO    : thetaCore=Uniform(minimum=0.01, maximum=0.3141592653589793, name='theta_core', latex_label='$\\theta_c$', unit=None, boundary='reflective')
10:05 bilby INFO    : thetaCore=Uniform(minimum=0.01, maximum=0.3141592653589793, name='theta_core', latex_label='$\\theta_c$', unit=None, boundary='reflective')
10:05 bilby INFO    : inclination_EM=Uniform(minimum=0.0, maximum=0.7853981633974483, name='inclination_EM', latex_label='$\\iota$', unit=None, boundary=None)
10:05 bilby INFO    : inclination_EM=Uniform(minimum=0.0, maximum=0.7853981633974483, name='inclination_EM', latex_label='$\\iota$', unit=None, boundary=None)
10:05 bilby INFO    : inclination_EM=Uniform(minimum=0.0, maximum=0.7853981633974483, name='inclination_EM', latex_label='$\\iota$', unit=None, boundary=None)
10:05 bilby INFO    : log10_E0=Uniform(minimum=47.0, maximum=57.0, name='log10_E0', latex_label='$\\log_{10}E_0$', unit=None, boundary='reflective')
10:05 bilby INFO    : thetaCore=Uniform(minimum=0.01, maximum=0.3141592653589793, name='theta_core', latex_label='$\\theta_c$', unit=None, boundary='reflective')
10:05 bilby INFO    : log10_E0=Uniform(minimum=47.0, maximum=57.0, name='log10_E0', latex_label='$\\log_{10}E_0$', unit=None, boundary='reflective')
10:05 bilby INFO    : log10_E0=Uniform(minimum=47.0, maximum=57.0, name='log10_E0', latex_label='$\\log_{10}E_0$', unit=None, boundary='reflective')
10:05 bilby INFO    : thetaCore=Uniform(minimum=0.01, maximum=0.3141592653589793, name='theta_core', latex_label='$\\theta_c$', unit=None, boundary='reflective')
10:05 bilby INFO    : log10_E0=Uniform(minimum=47.0, maximum=57.0, name='log10_E0', latex_label='$\\log_{10}E_0$', unit=None, boundary='reflective')
10:05 bilby INFO    : thetaCore=Uniform(minimum=0.01, maximum=0.3141592653589793, name='theta_core', latex_label='$\\theta_c$', unit=None, boundary='reflective')
10:05 bilby INFO    : log10_E0=Uniform(minimum=47.0, maximum=57.0, name='log10_E0', latex_label='$\\log_{10}E_0$', unit=None, boundary='reflective')
10:05 bilby INFO    : log10_E0=Uniform(minimum=47.0, maximum=57.0, name='log10_E0', latex_label='$\\log_{10}E_0$', unit=None, boundary='reflective')
10:05 bilby INFO    : log10_E0=Uniform(minimum=47.0, maximum=57.0, name='log10_E0', latex_label='$\\log_{10}E_0$', unit=None, boundary='reflective')
10:05 bilby INFO    : log10_E0=Uniform(minimum=47.0, maximum=57.0, name='log10_E0', latex_label='$\\log_{10}E_0$', unit=None, boundary='reflective')
10:05 bilby INFO    : p=Uniform(minimum=2.01, maximum=3.0, name='p', latex_label='$p$', unit=None, boundary=None)
10:05 bilby INFO    : log10_E0=Uniform(minimum=47.0, maximum=57.0, name='log10_E0', latex_label='$\\log_{10}E_0$', unit=None, boundary='reflective')
10:05 bilby INFO    : log10_E0=Uniform(minimum=47.0, maximum=57.0, name='log10_E0', latex_label='$\\log_{10}E_0$', unit=None, boundary='reflective')
10:05 bilby INFO    : log10_E0=Uniform(minimum=47.0, maximum=57.0, name='log10_E0', latex_label='$\\log_{10}E_0$', unit=None, boundary='reflective')
10:05 bilby INFO    : log10_E0=Uniform(minimum=47.0, maximum=57.0, name='log10_E0', latex_label='$\\log_{10}E_0$', unit=None, boundary='reflective')
10:05 bilby INFO    : log10_E0=Uniform(minimum=47.0, maximum=57.0, name='log10_E0', latex_label='$\\log_{10}E_0$', unit=None, boundary='reflective')
10:05 bilby INFO    : log10_n0=Uniform(minimum=-6, maximum=3.0, name='log10_n0', latex_label='$\\log_{10}n_0$', unit=None, boundary='reflective')
10:05 bilby INFO    : log10_E0=Uniform(minimum=47.0, maximum=57.0, name='log10_E0', latex_label='$\\log_{10}E_0$', unit=None, boundary='reflective')
10:05 bilby INFO    : log10_n0=Uniform(minimum=-6, maximum=3.0, name='log10_n0', latex_label='$\\log_{10}n_0$', unit=None, boundary='reflective')
10:05 bilby INFO    : log10_E0=Uniform(minimum=47.0, maximum=57.0, name='log10_E0', latex_label='$\\log_{10}E_0$', unit=None, boundary='reflective')
10:05 bilby INFO    : log10_n0=Uniform(minimum=-6, maximum=3.0, name='log10_n0', latex_label='$\\log_{10}n_0$', unit=None, boundary='reflective')
10:05 bilby INFO    : thetaCore=Uniform(minimum=0.01, maximum=0.3141592653589793, name='theta_core', latex_label='$\\theta_c$', unit=None, boundary='reflective')
10:05 bilby INFO    : log10_n0=Uniform(minimum=-6, maximum=3.0, name='log10_n0', latex_label='$\\log_{10}n_0$', unit=None, boundary='reflective')
10:05 bilby INFO    : thetaCore=Uniform(minimum=0.01, maximum=0.3141592653589793, name='theta_core', latex_label='$\\theta_c$', unit=None, boundary='reflective')
10:05 bilby INFO    : log10_epsilon_e=Uniform(minimum=-5, maximum=0, name='log10_epsilon_e', latex_label='$\\log_{10}\\epsilon_e$', unit=None, boundary='reflective')
10:05 bilby INFO    : log10_n0=Uniform(minimum=-6, maximum=3.0, name='log10_n0', latex_label='$\\log_{10}n_0$', unit=None, boundary='reflective')
10:05 bilby INFO    : log10_n0=Uniform(minimum=-6, maximum=3.0, name='log10_n0', latex_label='$\\log_{10}n_0$', unit=None, boundary='reflective')
10:05 bilby INFO    : log10_E0=Uniform(minimum=47.0, maximum=57.0, name='log10_E0', latex_label='$\\log_{10}E_0$', unit=None, boundary='reflective')
10:05 bilby INFO    : thetaCore=Uniform(minimum=0.01, maximum=0.3141592653589793, name='theta_core', latex_label='$\\theta_c$', unit=None, boundary='reflective')
10:05 bilby INFO    : log10_n0=Uniform(minimum=-6, maximum=3.0, name='log10_n0', latex_label='$\\log_{10}n_0$', unit=None, boundary='reflective')
10:05 bilby INFO    : thetaCore=Uniform(minimum=0.01, maximum=0.3141592653589793, name='theta_core', latex_label='$\\theta_c$', unit=None, boundary='reflective')
10:05 bilby INFO    : thetaCore=Uniform(minimum=0.01, maximum=0.3141592653589793, name='theta_core', latex_label='$\\theta_c$', unit=None, boundary='reflective')
10:05 bilby INFO    : log10_n0=Uniform(minimum=-6, maximum=3.0, name='log10_n0', latex_label='$\\log_{10}n_0$', unit=None, boundary='reflective')
10:05 bilby INFO    : thetaCore=Uniform(minimum=0.01, maximum=0.3141592653589793, name='theta_core', latex_label='$\\theta_c$', unit=None, boundary='reflective')
10:05 bilby INFO    : log10_E0=Uniform(minimum=47.0, maximum=57.0, name='log10_E0', latex_label='$\\log_{10}E_0$', unit=None, boundary='reflective')
10:05 bilby INFO    : log10_E0=Uniform(minimum=47.0, maximum=57.0, name='log10_E0', latex_label='$\\log_{10}E_0$', unit=None, boundary='reflective')
10:05 bilby INFO    : log10_n0=Uniform(minimum=-6, maximum=3.0, name='log10_n0', latex_label='$\\log_{10}n_0$', unit=None, boundary='reflective')
10:05 bilby INFO    : thetaCore=Uniform(minimum=0.01, maximum=0.3141592653589793, name='theta_core', latex_label='$\\theta_c$', unit=None, boundary='reflective')
10:05 bilby INFO    : log10_epsilon_e=Uniform(minimum=-5, maximum=0, name='log10_epsilon_e', latex_label='$\\log_{10}\\epsilon_e$', unit=None, boundary='reflective')
10:05 bilby INFO    : thetaCore=Uniform(minimum=0.01, maximum=0.3141592653589793, name='theta_core', latex_label='$\\theta_c$', unit=None, boundary='reflective')
10:05 bilby INFO    : thetaCore=Uniform(minimum=0.01, maximum=0.3141592653589793, name='theta_core', latex_label='$\\theta_c$', unit=None, boundary='reflective')
10:05 bilby INFO    : thetaCore=Uniform(minimum=0.01, maximum=0.3141592653589793, name='theta_core', latex_label='$\\theta_c$', unit=None, boundary='reflective')
10:05 bilby INFO    : thetaCore=Uniform(minimum=0.01, maximum=0.3141592653589793, name='theta_core', latex_label='$\\theta_c$', unit=None, boundary='reflective')
10:05 bilby INFO    : thetaCore=Uniform(minimum=0.01, maximum=0.3141592653589793, name='theta_core', latex_label='$\\theta_c$', unit=None, boundary='reflective')
10:05 bilby INFO    : thetaCore=Uniform(minimum=0.01, maximum=0.3141592653589793, name='theta_core', latex_label='$\\theta_c$', unit=None, boundary='reflective')
10:05 bilby INFO    : thetaCore=Uniform(minimum=0.01, maximum=0.3141592653589793, name='theta_core', latex_label='$\\theta_c$', unit=None, boundary='reflective')
10:05 bilby INFO    : thetaCore=Uniform(minimum=0.01, maximum=0.3141592653589793, name='theta_core', latex_label='$\\theta_c$', unit=None, boundary='reflective')
10:05 bilby INFO    : thetaCore=Uniform(minimum=0.01, maximum=0.3141592653589793, name='theta_core', latex_label='$\\theta_c$', unit=None, boundary='reflective')
10:05 bilby INFO    : p=Uniform(minimum=2.01, maximum=3.0, name='p', latex_label='$p$', unit=None, boundary=None)
10:05 bilby INFO    : p=Uniform(minimum=2.01, maximum=3.0, name='p', latex_label='$p$', unit=None, boundary=None)
10:05 bilby INFO    : p=Uniform(minimum=2.01, maximum=3.0, name='p', latex_label='$p$', unit=None, boundary=None)
10:05 bilby INFO    : log10_n0=Uniform(minimum=-6, maximum=3.0, name='log10_n0', latex_label='$\\log_{10}n_0$', unit=None, boundary='reflective')
10:05 bilby INFO    : p=Uniform(minimum=2.01, maximum=3.0, name='p', latex_label='$p$', unit=None, boundary=None)
10:05 bilby INFO    : log10_epsilon_B=Uniform(minimum=-10, maximum=0, name='log10_epsilon_B', latex_label='$\\log_{10}\\epsilon_B$', unit=None, boundary='reflective')
10:05 bilby INFO    : p=Uniform(minimum=2.01, maximum=3.0, name='p', latex_label='$p$', unit=None, boundary=None)
10:05 bilby INFO    : p=Uniform(minimum=2.01, maximum=3.0, name='p', latex_label='$p$', unit=None, boundary=None)
10:05 bilby INFO    : log10_n0=Uniform(minimum=-6, maximum=3.0, name='log10_n0', latex_label='$\\log_{10}n_0$', unit=None, boundary='reflective')
10:05 bilby INFO    : thetaCore=Uniform(minimum=0.01, maximum=0.3141592653589793, name='theta_core', latex_label='$\\theta_c$', unit=None, boundary='reflective')
10:05 bilby INFO    : log10_n0=Uniform(minimum=-6, maximum=3.0, name='log10_n0', latex_label='$\\log_{10}n_0$', unit=None, boundary='reflective')
10:05 bilby INFO    : thetaCore=Uniform(minimum=0.01, maximum=0.3141592653589793, name='theta_core', latex_label='$\\theta_c$', unit=None, boundary='reflective')
10:05 bilby INFO    : thetaCore=Uniform(minimum=0.01, maximum=0.3141592653589793, name='theta_core', latex_label='$\\theta_c$', unit=None, boundary='reflective')
10:05 bilby INFO    : p=Uniform(minimum=2.01, maximum=3.0, name='p', latex_label='$p$', unit=None, boundary=None)
10:05 bilby INFO    : log10_n0=Uniform(minimum=-6, maximum=3.0, name='log10_n0', latex_label='$\\log_{10}n_0$', unit=None, boundary='reflective')
10:05 bilby INFO    : log10_n0=Uniform(minimum=-6, maximum=3.0, name='log10_n0', latex_label='$\\log_{10}n_0$', unit=None, boundary='reflective')
10:05 bilby INFO    : timeshift=0.0
10:05 bilby INFO    : p=Uniform(minimum=2.01, maximum=3.0, name='p', latex_label='$p$', unit=None, boundary=None)
10:05 bilby INFO    : log10_n0=Uniform(minimum=-6, maximum=3.0, name='log10_n0', latex_label='$\\log_{10}n_0$', unit=None, boundary='reflective')
10:05 bilby INFO    : log10_n0=Uniform(minimum=-6, maximum=3.0, name='log10_n0', latex_label='$\\log_{10}n_0$', unit=None, boundary='reflective')
10:05 bilby INFO    : log10_n0=Uniform(minimum=-6, maximum=3.0, name='log10_n0', latex_label='$\\log_{10}n_0$', unit=None, boundary='reflective')
10:05 bilby INFO    : p=Uniform(minimum=2.01, maximum=3.0, name='p', latex_label='$p$', unit=None, boundary=None)
10:05 bilby INFO    : log10_n0=Uniform(minimum=-6, maximum=3.0, name='log10_n0', latex_label='$\\log_{10}n_0$', unit=None, boundary='reflective')
10:05 bilby INFO    : log10_epsilon_B=Uniform(minimum=-10, maximum=0, name='log10_epsilon_B', latex_label='$\\log_{10}\\epsilon_B$', unit=None, boundary='reflective')
10:05 bilby INFO    : log10_n0=Uniform(minimum=-6, maximum=3.0, name='log10_n0', latex_label='$\\log_{10}n_0$', unit=None, boundary='reflective')
10:05 bilby INFO    : log10_n0=Uniform(minimum=-6, maximum=3.0, name='log10_n0', latex_label='$\\log_{10}n_0$', unit=None, boundary='reflective')
10:05 bilby INFO    : log10_n0=Uniform(minimum=-6, maximum=3.0, name='log10_n0', latex_label='$\\log_{10}n_0$', unit=None, boundary='reflective')
10:05 bilby INFO    : log10_n0=Uniform(minimum=-6, maximum=3.0, name='log10_n0', latex_label='$\\log_{10}n_0$', unit=None, boundary='reflective')
10:05 bilby INFO    : luminosity_distance=1981.0
10:05 bilby INFO    : log10_epsilon_e=Uniform(minimum=-5, maximum=0, name='log10_epsilon_e', latex_label='$\\log_{10}\\epsilon_e$', unit=None, boundary='reflective')
10:05 bilby INFO    : log10_epsilon_e=Uniform(minimum=-5, maximum=0, name='log10_epsilon_e', latex_label='$\\log_{10}\\epsilon_e$', unit=None, boundary='reflective')
10:05 bilby INFO    : log10_n0=Uniform(minimum=-6, maximum=3.0, name='log10_n0', latex_label='$\\log_{10}n_0$', unit=None, boundary='reflective')
10:05 bilby INFO    : log10_n0=Uniform(minimum=-6, maximum=3.0, name='log10_n0', latex_label='$\\log_{10}n_0$', unit=None, boundary='reflective')
10:05 bilby INFO    : log10_n0=Uniform(minimum=-6, maximum=3.0, name='log10_n0', latex_label='$\\log_{10}n_0$', unit=None, boundary='reflective')
10:05 bilby INFO    : log10_epsilon_e=Uniform(minimum=-5, maximum=0, name='log10_epsilon_e', latex_label='$\\log_{10}\\epsilon_e$', unit=None, boundary='reflective')
10:05 bilby INFO    : p=Uniform(minimum=2.01, maximum=3.0, name='p', latex_label='$p$', unit=None, boundary=None)
10:05 bilby INFO    : p=Uniform(minimum=2.01, maximum=3.0, name='p', latex_label='$p$', unit=None, boundary=None)
10:05 bilby INFO    : log10_epsilon_e=Uniform(minimum=-5, maximum=0, name='log10_epsilon_e', latex_label='$\\log_{10}\\epsilon_e$', unit=None, boundary='reflective')
10:05 bilby INFO    : timeshift=0.0
10:05 bilby INFO    : log10_epsilon_e=Uniform(minimum=-5, maximum=0, name='log10_epsilon_e', latex_label='$\\log_{10}\\epsilon_e$', unit=None, boundary='reflective')
10:05 bilby INFO    : log10_epsilon_e=Uniform(minimum=-5, maximum=0, name='log10_epsilon_e', latex_label='$\\log_{10}\\epsilon_e$', unit=None, boundary='reflective')
10:05 bilby INFO    : log10_n0=Uniform(minimum=-6, maximum=3.0, name='log10_n0', latex_label='$\\log_{10}n_0$', unit=None, boundary='reflective')
10:05 bilby INFO    : Ebv=0.0
10:05 bilby INFO    : p=Uniform(minimum=2.01, maximum=3.0, name='p', latex_label='$p$', unit=None, boundary=None)
10:05 bilby INFO    : log10_n0=Uniform(minimum=-6, maximum=3.0, name='log10_n0', latex_label='$\\log_{10}n_0$', unit=None, boundary='reflective')
10:05 bilby INFO    : p=Uniform(minimum=2.01, maximum=3.0, name='p', latex_label='$p$', unit=None, boundary=None)
10:05 bilby INFO    : log10_n0=Uniform(minimum=-6, maximum=3.0, name='log10_n0', latex_label='$\\log_{10}n_0$', unit=None, boundary='reflective')
10:05 bilby INFO    : log10_epsilon_e=Uniform(minimum=-5, maximum=0, name='log10_epsilon_e', latex_label='$\\log_{10}\\epsilon_e$', unit=None, boundary='reflective')
10:05 bilby INFO    : p=Uniform(minimum=2.01, maximum=3.0, name='p', latex_label='$p$', unit=None, boundary=None)
10:05 bilby INFO    : p=Uniform(minimum=2.01, maximum=3.0, name='p', latex_label='$p$', unit=None, boundary=None)
10:05 bilby INFO    : log10_epsilon_e=Uniform(minimum=-5, maximum=0, name='log10_epsilon_e', latex_label='$\\log_{10}\\epsilon_e$', unit=None, boundary='reflective')
10:05 bilby INFO    : luminosity_distance=1981.0
10:05 bilby INFO    : p=Uniform(minimum=2.01, maximum=3.0, name='p', latex_label='$p$', unit=None, boundary=None)
10:05 bilby INFO    : p=Uniform(minimum=2.01, maximum=3.0, name='p', latex_label='$p$', unit=None, boundary=None)
10:05 bilby INFO    : p=Uniform(minimum=2.01, maximum=3.0, name='p', latex_label='$p$', unit=None, boundary=None)
10:05 bilby INFO    : log10_epsilon_e=Uniform(minimum=-5, maximum=0, name='log10_epsilon_e', latex_label='$\\log_{10}\\epsilon_e$', unit=None, boundary='reflective')
10:05 bilby INFO    : p=Uniform(minimum=2.01, maximum=3.0, name='p', latex_label='$p$', unit=None, boundary=None)
10:05 bilby INFO    : p=Uniform(minimum=2.01, maximum=3.0, name='p', latex_label='$p$', unit=None, boundary=None)
10:05 bilby INFO    : Analysis likelihood class: <class 'nmma.em.likelihood.OpticalLightCurve'>
10:05 bilby INFO    : p=Uniform(minimum=2.01, maximum=3.0, name='p', latex_label='$p$', unit=None, boundary=None)
10:05 bilby INFO    : Ebv=0.0
10:05 bilby INFO    : log10_epsilon_B=Uniform(minimum=-10, maximum=0, name='log10_epsilon_B', latex_label='$\\log_{10}\\epsilon_B$', unit=None, boundary='reflective')
10:05 bilby INFO    : p=Uniform(minimum=2.01, maximum=3.0, name='p', latex_label='$p$', unit=None, boundary=None)
10:05 bilby INFO    : p=Uniform(minimum=2.01, maximum=3.0, name='p', latex_label='$p$', unit=None, boundary=None)
10:05 bilby INFO    : log10_epsilon_B=Uniform(minimum=-10, maximum=0, name='log10_epsilon_B', latex_label='$\\log_{10}\\epsilon_B$', unit=None, boundary='reflective')
10:05 bilby INFO    : log10_epsilon_e=Uniform(minimum=-5, maximum=0, name='log10_epsilon_e', latex_label='$\\log_{10}\\epsilon_e$', unit=None, boundary='reflective')
10:05 bilby INFO    : p=Uniform(minimum=2.01, maximum=3.0, name='p', latex_label='$p$', unit=None, boundary=None)
10:05 bilby INFO    : Analysis likelihood class: <class 'nmma.em.likelihood.OpticalLightCurve'>
10:05 bilby INFO    : log10_epsilon_B=Uniform(minimum=-10, maximum=0, name='log10_epsilon_B', latex_label='$\\log_{10}\\epsilon_B$', unit=None, boundary='reflective')
10:05 bilby INFO    : log10_epsilon_B=Uniform(minimum=-10, maximum=0, name='log10_epsilon_B', latex_label='$\\log_{10}\\epsilon_B$', unit=None, boundary='reflective')
10:05 bilby INFO    : p=Uniform(minimum=2.01, maximum=3.0, name='p', latex_label='$p$', unit=None, boundary=None)
10:05 bilby INFO    : Analysis likelihood noise evidence: 0.0
10:05 bilby INFO    : log10_epsilon_B=Uniform(minimum=-10, maximum=0, name='log10_epsilon_B', latex_label='$\\log_{10}\\epsilon_B$', unit=None, boundary='reflective')
10:05 bilby INFO    : timeshift=0.0
10:05 bilby INFO    : log10_epsilon_e=Uniform(minimum=-5, maximum=0, name='log10_epsilon_e', latex_label='$\\log_{10}\\epsilon_e$', unit=None, boundary='reflective')
10:05 bilby INFO    : log10_epsilon_B=Uniform(minimum=-10, maximum=0, name='log10_epsilon_B', latex_label='$\\log_{10}\\epsilon_B$', unit=None, boundary='reflective')
10:05 bilby INFO    : log10_epsilon_B=Uniform(minimum=-10, maximum=0, name='log10_epsilon_B', latex_label='$\\log_{10}\\epsilon_B$', unit=None, boundary='reflective')
10:05 bilby INFO    : p=Uniform(minimum=2.01, maximum=3.0, name='p', latex_label='$p$', unit=None, boundary=None)
10:05 bilby INFO    : timeshift=0.0
10:05 bilby INFO    : timeshift=0.0
10:05 bilby INFO    : log10_epsilon_B=Uniform(minimum=-10, maximum=0, name='log10_epsilon_B', latex_label='$\\log_{10}\\epsilon_B$', unit=None, boundary='reflective')
10:05 bilby INFO    : log10_epsilon_e=Uniform(minimum=-5, maximum=0, name='log10_epsilon_e', latex_label='$\\log_{10}\\epsilon_e$', unit=None, boundary='reflective')
10:05 bilby INFO    : p=Uniform(minimum=2.01, maximum=3.0, name='p', latex_label='$p$', unit=None, boundary=None)
10:05 bilby INFO    : timeshift=0.0
10:05 bilby INFO    : luminosity_distance=1981.0
10:05 bilby INFO    : log10_epsilon_e=Uniform(minimum=-5, maximum=0, name='log10_epsilon_e', latex_label='$\\log_{10}\\epsilon_e$', unit=None, boundary='reflective')
10:05 bilby INFO    : log10_epsilon_e=Uniform(minimum=-5, maximum=0, name='log10_epsilon_e', latex_label='$\\log_{10}\\epsilon_e$', unit=None, boundary='reflective')
10:05 bilby INFO    : log10_epsilon_e=Uniform(minimum=-5, maximum=0, name='log10_epsilon_e', latex_label='$\\log_{10}\\epsilon_e$', unit=None, boundary='reflective')
10:05 bilby INFO    : log10_epsilon_e=Uniform(minimum=-5, maximum=0, name='log10_epsilon_e', latex_label='$\\log_{10}\\epsilon_e$', unit=None, boundary='reflective')
10:05 bilby INFO    : p=Uniform(minimum=2.01, maximum=3.0, name='p', latex_label='$p$', unit=None, boundary=None)
10:05 bilby INFO    : timeshift=0.0
10:05 bilby INFO    : log10_epsilon_B=Uniform(minimum=-10, maximum=0, name='log10_epsilon_B', latex_label='$\\log_{10}\\epsilon_B$', unit=None, boundary='reflective')
10:05 bilby INFO    : log10_epsilon_e=Uniform(minimum=-5, maximum=0, name='log10_epsilon_e', latex_label='$\\log_{10}\\epsilon_e$', unit=None, boundary='reflective')
10:05 bilby INFO    : log10_epsilon_e=Uniform(minimum=-5, maximum=0, name='log10_epsilon_e', latex_label='$\\log_{10}\\epsilon_e$', unit=None, boundary='reflective')
10:05 bilby INFO    : Analysis likelihood noise evidence: 0.0
10:05 bilby INFO    : luminosity_distance=1981.0
10:05 bilby INFO    : log10_epsilon_e=Uniform(minimum=-5, maximum=0, name='log10_epsilon_e', latex_label='$\\log_{10}\\epsilon_e$', unit=None, boundary='reflective')
10:05 bilby INFO    : luminosity_distance=1981.0
10:05 bilby INFO    : timeshift=0.0
10:05 bilby INFO    : luminosity_distance=1981.0
10:05 bilby INFO    : luminosity_distance=1981.0
10:05 bilby INFO    : Ebv=0.0
10:05 bilby INFO    : log10_epsilon_B=Uniform(minimum=-10, maximum=0, name='log10_epsilon_B', latex_label='$\\log_{10}\\epsilon_B$', unit=None, boundary='reflective')
10:05 bilby INFO    : log10_epsilon_e=Uniform(minimum=-5, maximum=0, name='log10_epsilon_e', latex_label='$\\log_{10}\\epsilon_e$', unit=None, boundary='reflective')
10:05 bilby INFO    : luminosity_distance=1981.0
10:05 bilby INFO    : timeshift=0.0
10:05 bilby INFO    : timeshift=0.0
10:05 bilby INFO    : luminosity_distance=1981.0
10:05 bilby INFO    : log10_epsilon_e=Uniform(minimum=-5, maximum=0, name='log10_epsilon_e', latex_label='$\\log_{10}\\epsilon_e$', unit=None, boundary='reflective')
10:05 bilby INFO    : Ebv=0.0
10:05 bilby INFO    : log10_epsilon_e=Uniform(minimum=-5, maximum=0, name='log10_epsilon_e', latex_label='$\\log_{10}\\epsilon_e$', unit=None, boundary='reflective')
10:05 bilby INFO    : Ebv=0.0
10:05 bilby INFO    : log10_epsilon_e=Uniform(minimum=-5, maximum=0, name='log10_epsilon_e', latex_label='$\\log_{10}\\epsilon_e$', unit=None, boundary='reflective')
10:05 bilby INFO    : log10_epsilon_e=Uniform(minimum=-5, maximum=0, name='log10_epsilon_e', latex_label='$\\log_{10}\\epsilon_e$', unit=None, boundary='reflective')
10:05 bilby INFO    : timeshift=0.0
10:05 bilby INFO    : luminosity_distance=1981.0
10:05 bilby INFO    : log10_epsilon_B=Uniform(minimum=-10, maximum=0, name='log10_epsilon_B', latex_label='$\\log_{10}\\epsilon_B$', unit=None, boundary='reflective')
10:05 bilby INFO    : log10_epsilon_e=Uniform(minimum=-5, maximum=0, name='log10_epsilon_e', latex_label='$\\log_{10}\\epsilon_e$', unit=None, boundary='reflective')
10:05 bilby INFO    : Ebv=0.0
10:05 bilby INFO    : Analysis likelihood class: <class 'nmma.em.likelihood.OpticalLightCurve'>
10:05 bilby INFO    : log10_epsilon_B=Uniform(minimum=-10, maximum=0, name='log10_epsilon_B', latex_label='$\\log_{10}\\epsilon_B$', unit=None, boundary='reflective')
10:05 bilby INFO    : timeshift=0.0
10:05 bilby INFO    : Ebv=0.0
10:05 bilby INFO    : Analysis likelihood class: <class 'nmma.em.likelihood.OpticalLightCurve'>
10:05 bilby INFO    : log10_epsilon_B=Uniform(minimum=-10, maximum=0, name='log10_epsilon_B', latex_label='$\\log_{10}\\epsilon_B$', unit=None, boundary='reflective')
10:05 bilby INFO    : Analysis likelihood class: <class 'nmma.em.likelihood.OpticalLightCurve'>
10:05 bilby INFO    : Analysis likelihood noise evidence: 0.0
10:05 bilby INFO    : timeshift=0.0
10:05 bilby INFO    : luminosity_distance=1981.0
10:05 bilby INFO    : log10_epsilon_e=Uniform(minimum=-5, maximum=0, name='log10_epsilon_e', latex_label='$\\log_{10}\\epsilon_e$', unit=None, boundary='reflective')
10:05 bilby INFO    : Ebv=0.0
10:05 bilby INFO    : Analysis likelihood class: <class 'nmma.em.likelihood.OpticalLightCurve'>
10:05 bilby INFO    : luminosity_distance=1981.0
10:05 bilby INFO    : Ebv=0.0
10:05 bilby INFO    : Ebv=0.0
10:05 bilby INFO    : log10_epsilon_e=Uniform(minimum=-5, maximum=0, name='log10_epsilon_e', latex_label='$\\log_{10}\\epsilon_e$', unit=None, boundary='reflective')
10:05 bilby INFO    : Analysis likelihood class: <class 'nmma.em.likelihood.OpticalLightCurve'>
10:05 bilby INFO    : Analysis likelihood noise evidence: 0.0
10:05 bilby INFO    : log10_epsilon_B=Uniform(minimum=-10, maximum=0, name='log10_epsilon_B', latex_label='$\\log_{10}\\epsilon_B$', unit=None, boundary='reflective')
10:05 bilby INFO    : Analysis likelihood class: <class 'nmma.em.likelihood.OpticalLightCurve'>
10:05 bilby INFO    : Analysis likelihood noise evidence: 0.0
10:05 bilby INFO    : log10_epsilon_e=Uniform(minimum=-5, maximum=0, name='log10_epsilon_e', latex_label='$\\log_{10}\\epsilon_e$', unit=None, boundary='reflective')
10:05 bilby INFO    : Ebv=0.0
10:05 bilby INFO    : Analysis likelihood class: <class 'nmma.em.likelihood.OpticalLightCurve'>
10:05 bilby INFO    : timeshift=0.0
10:05 bilby INFO    : luminosity_distance=1981.0
10:05 bilby INFO    : Analysis likelihood noise evidence: 0.0
10:05 bilby INFO    : luminosity_distance=1981.0
10:05 bilby INFO    : log10_epsilon_B=Uniform(minimum=-10, maximum=0, name='log10_epsilon_B', latex_label='$\\log_{10}\\epsilon_B$', unit=None, boundary='reflective')
10:05 bilby INFO    : timeshift=0.0
10:05 bilby INFO    : Analysis likelihood noise evidence: 0.0
10:05 bilby INFO    : timeshift=0.0
10:05 bilby INFO    : luminosity_distance=1981.0
10:05 bilby INFO    : log10_epsilon_B=Uniform(minimum=-10, maximum=0, name='log10_epsilon_B', latex_label='$\\log_{10}\\epsilon_B$', unit=None, boundary='reflective')
10:05 bilby INFO    : timeshift=0.0
10:05 bilby INFO    : log10_epsilon_B=Uniform(minimum=-10, maximum=0, name='log10_epsilon_B', latex_label='$\\log_{10}\\epsilon_B$', unit=None, boundary='reflective')
10:05 bilby INFO    : timeshift=0.0
10:05 bilby INFO    : Ebv=0.0
10:05 bilby INFO    : log10_epsilon_B=Uniform(minimum=-10, maximum=0, name='log10_epsilon_B', latex_label='$\\log_{10}\\epsilon_B$', unit=None, boundary='reflective')
10:05 bilby INFO    : timeshift=0.0
10:05 bilby INFO    : log10_epsilon_B=Uniform(minimum=-10, maximum=0, name='log10_epsilon_B', latex_label='$\\log_{10}\\epsilon_B$', unit=None, boundary='reflective')
10:05 bilby INFO    : timeshift=0.0
10:05 bilby INFO    : Analysis likelihood noise evidence: 0.0
10:05 bilby INFO    : Analysis likelihood class: <class 'nmma.em.likelihood.OpticalLightCurve'>
10:05 bilby INFO    : log10_epsilon_B=Uniform(minimum=-10, maximum=0, name='log10_epsilon_B', latex_label='$\\log_{10}\\epsilon_B$', unit=None, boundary='reflective')
10:05 bilby INFO    : timeshift=0.0
10:05 bilby INFO    : Analysis likelihood class: <class 'nmma.em.likelihood.OpticalLightCurve'>
10:05 bilby INFO    : Analysis likelihood noise evidence: 0.0
10:05 bilby INFO    : log10_epsilon_B=Uniform(minimum=-10, maximum=0, name='log10_epsilon_B', latex_label='$\\log_{10}\\epsilon_B$', unit=None, boundary='reflective')
10:05 bilby INFO    : log10_epsilon_B=Uniform(minimum=-10, maximum=0, name='log10_epsilon_B', latex_label='$\\log_{10}\\epsilon_B$', unit=None, boundary='reflective')
10:05 bilby INFO    : timeshift=0.0
10:05 bilby INFO    : timeshift=0.0
10:05 bilby INFO    : luminosity_distance=1981.0
10:05 bilby INFO    : log10_epsilon_B=Uniform(minimum=-10, maximum=0, name='log10_epsilon_B', latex_label='$\\log_{10}\\epsilon_B$', unit=None, boundary='reflective')
10:05 bilby INFO    : timeshift=0.0
10:05 bilby INFO    : log10_epsilon_B=Uniform(minimum=-10, maximum=0, name='log10_epsilon_B', latex_label='$\\log_{10}\\epsilon_B$', unit=None, boundary='reflective')
10:05 bilby INFO    : timeshift=0.0
10:05 bilby INFO    : log10_epsilon_B=Uniform(minimum=-10, maximum=0, name='log10_epsilon_B', latex_label='$\\log_{10}\\epsilon_B$', unit=None, boundary='reflective')
10:05 bilby INFO    : timeshift=0.0
10:05 bilby INFO    : Analysis likelihood noise evidence: 0.0
10:05 bilby INFO    : log10_epsilon_B=Uniform(minimum=-10, maximum=0, name='log10_epsilon_B', latex_label='$\\log_{10}\\epsilon_B$', unit=None, boundary='reflective')
10:05 bilby INFO    : Ebv=0.0
10:05 bilby INFO    : Analysis likelihood class: <class 'nmma.em.likelihood.OpticalLightCurve'>
10:05 bilby INFO    : Ebv=0.0
10:05 bilby INFO    : Analysis likelihood class: <class 'nmma.em.likelihood.OpticalLightCurve'>
10:05 bilby INFO    : luminosity_distance=1981.0
10:05 bilby INFO    : Ebv=0.0
10:05 bilby INFO    : Ebv=0.0
10:05 bilby INFO    : luminosity_distance=1981.0
10:05 bilby INFO    : luminosity_distance=1981.0
10:05 bilby INFO    : Analysis likelihood class: <class 'nmma.em.likelihood.OpticalLightCurve'>
10:05 bilby INFO    : log10_epsilon_B=Uniform(minimum=-10, maximum=0, name='log10_epsilon_B', latex_label='$\\log_{10}\\epsilon_B$', unit=None, boundary='reflective')
10:05 bilby INFO    : timeshift=0.0
10:05 bilby INFO    : luminosity_distance=1981.0
10:05 bilby INFO    : luminosity_distance=1981.0
10:05 bilby INFO    : Ebv=0.0
10:05 bilby INFO    : Analysis likelihood noise evidence: 0.0
10:05 bilby INFO    : luminosity_distance=1981.0
10:05 bilby INFO    : Ebv=0.0
10:05 bilby INFO    : log10_epsilon_B=Uniform(minimum=-10, maximum=0, name='log10_epsilon_B', latex_label='$\\log_{10}\\epsilon_B$', unit=None, boundary='reflective')
10:05 bilby INFO    : timeshift=0.0
10:05 bilby INFO    : timeshift=0.0
10:05 bilby INFO    : luminosity_distance=1981.0
10:05 bilby INFO    : luminosity_distance=1981.0
10:05 bilby INFO    : Ebv=0.0
10:05 bilby INFO    : Ebv=0.0
10:05 bilby INFO    : Analysis likelihood class: <class 'nmma.em.likelihood.OpticalLightCurve'>
10:05 bilby INFO    : luminosity_distance=1981.0
10:05 bilby INFO    : Ebv=0.0
10:05 bilby INFO    : luminosity_distance=1981.0
10:05 bilby INFO    : Ebv=0.0
10:05 bilby INFO    : timeshift=0.0
10:05 bilby INFO    : luminosity_distance=1981.0
10:05 bilby INFO    : Analysis likelihood noise evidence: 0.0
10:05 bilby INFO    : Analysis likelihood noise evidence: 0.0
10:05 bilby INFO    : Analysis likelihood class: <class 'nmma.em.likelihood.OpticalLightCurve'>
10:05 bilby INFO    : Analysis likelihood class: <class 'nmma.em.likelihood.OpticalLightCurve'>
10:05 bilby INFO    : Analysis likelihood noise evidence: 0.0
10:05 bilby INFO    : Ebv=0.0
10:05 bilby INFO    : Analysis likelihood class: <class 'nmma.em.likelihood.OpticalLightCurve'>
10:05 bilby INFO    : Ebv=0.0
10:05 bilby INFO    : Analysis likelihood class: <class 'nmma.em.likelihood.OpticalLightCurve'>
10:05 bilby INFO    : Analysis likelihood noise evidence: 0.0
10:05 bilby INFO    : luminosity_distance=1981.0
10:05 bilby INFO    : Ebv=0.0
10:05 bilby INFO    : Analysis likelihood class: <class 'nmma.em.likelihood.OpticalLightCurve'>
10:05 bilby INFO    : Analysis likelihood class: <class 'nmma.em.likelihood.OpticalLightCurve'>
10:05 bilby INFO    : Analysis likelihood class: <class 'nmma.em.likelihood.OpticalLightCurve'>
10:05 bilby INFO    : luminosity_distance=1981.0
10:05 bilby INFO    : Ebv=0.0
10:05 bilby INFO    : Ebv=0.0
10:05 bilby INFO    : luminosity_distance=1981.0
10:05 bilby INFO    : Ebv=0.0
10:05 bilby INFO    : Analysis likelihood class: <class 'nmma.em.likelihood.OpticalLightCurve'>
10:05 bilby INFO    : Analysis likelihood noise evidence: 0.0
10:05 bilby INFO    : Analysis likelihood class: <class 'nmma.em.likelihood.OpticalLightCurve'>
10:05 bilby INFO    : Analysis likelihood noise evidence: 0.0
10:05 bilby INFO    : Ebv=0.0
10:05 bilby INFO    : Analysis likelihood noise evidence: 0.0
10:05 bilby INFO    : Analysis likelihood noise evidence: 0.0
10:05 bilby INFO    : Analysis likelihood noise evidence: 0.0
10:05 bilby INFO    : Ebv=0.0
10:05 bilby INFO    : Analysis likelihood noise evidence: 0.0
10:05 bilby INFO    : Analysis likelihood noise evidence: 0.0
10:05 bilby INFO    : Analysis likelihood noise evidence: 0.0
10:05 bilby INFO    : Analysis likelihood class: <class 'nmma.em.likelihood.OpticalLightCurve'>
10:05 bilby INFO    : Analysis likelihood noise evidence: 0.0
10:05 bilby INFO    : Analysis likelihood class: <class 'nmma.em.likelihood.OpticalLightCurve'>
10:05 bilby INFO    : Analysis likelihood noise evidence: 0.0
10:05 bilby INFO    : Analysis likelihood class: <class 'nmma.em.likelihood.OpticalLightCurve'>
10:05 bilby INFO    : Analysis likelihood noise evidence: 0.0
10:05 bilby INFO    : Analysis likelihood class: <class 'nmma.em.likelihood.OpticalLightCurve'>
10:05 bilby INFO    : Analysis likelihood class: <class 'nmma.em.likelihood.OpticalLightCurve'>
10:05 bilby INFO    : Analysis likelihood class: <class 'nmma.em.likelihood.OpticalLightCurve'>
10:05 bilby INFO    : Analysis likelihood noise evidence: 0.0
10:05 bilby INFO    : Analysis likelihood noise evidence: 0.0
10:05 bilby INFO    : Analysis likelihood noise evidence: 0.0
10:05 bilby INFO    : Analysis likelihood noise evidence: 0.0
10:05 bilby INFO    : supernova_mag_boost=Uniform(minimum=-5, maximum=5, name='supernova_mag_boost', latex_label='$magboost$', unit=None, boundary=None)
10:05 bilby INFO    : supernova_mag_stretch=Uniform(minimum=0.1, maximum=5.0, name='supernova_mag_stretch', latex_label='$stretch$', unit=None, boundary=None)
10:05 bilby INFO    : em_syserr=LogUniform(minimum=0.01, maximum=2.0, name='em_syserr', latex_label='$\\sigma$', unit=None, boundary=None)
10:05 bilby INFO    : inclination_EM=Uniform(minimum=0.0, maximum=0.7853981633974483, name='inclination_EM', latex_label='$\\iota$', unit=None, boundary=None)
10:05 bilby INFO    : thetaCore=Uniform(minimum=0.01, maximum=0.3141592653589793, name='theta_core', latex_label='$\\theta_c$', unit=None, boundary='reflective')
10:05 bilby INFO    : log10_n0=Uniform(minimum=-6, maximum=3.0, name='log10_n0', latex_label='$\\log_{10}n_0$', unit=None, boundary='reflective')
10:05 bilby INFO    : log10_E0=Uniform(minimum=47.0, maximum=57.0, name='log10_E0', latex_label='$\\log_{10}E_0$', unit=None, boundary='reflective')
10:05 bilby INFO    : p=Uniform(minimum=2.01, maximum=3.0, name='p', latex_label='$p$', unit=None, boundary=None)
10:05 bilby INFO    : log10_epsilon_e=Uniform(minimum=-5, maximum=0, name='log10_epsilon_e', latex_label='$\\log_{10}\\epsilon_e$', unit=None, boundary='reflective')
10:05 bilby INFO    : thetaCore=Uniform(minimum=0.01, maximum=0.3141592653589793, name='theta_core', latex_label='$\\theta_c$', unit=None, boundary='reflective')
10:05 bilby INFO    : log10_epsilon_B=Uniform(minimum=-10, maximum=0, name='log10_epsilon_B', latex_label='$\\log_{10}\\epsilon_B$', unit=None, boundary='reflective')
10:05 bilby INFO    : timeshift=0.0
10:05 bilby INFO    : luminosity_distance=1981.0
10:05 bilby INFO    : Ebv=0.0
10:05 bilby INFO    : Analysis likelihood class: <class 'nmma.em.likelihood.OpticalLightCurve'>
10:05 bilby INFO    : Analysis likelihood noise evidence: 0.0
10:05 bilby INFO    : log10_n0=Uniform(minimum=-6, maximum=3.0, name='log10_n0', latex_label='$\\log_{10}n_0$', unit=None, boundary='reflective')
10:05 bilby INFO    : p=Uniform(minimum=2.01, maximum=3.0, name='p', latex_label='$p$', unit=None, boundary=None)
10:05 bilby INFO    : log10_epsilon_e=Uniform(minimum=-5, maximum=0, name='log10_epsilon_e', latex_label='$\\log_{10}\\epsilon_e$', unit=None, boundary='reflective')
10:05 bilby INFO    : log10_epsilon_B=Uniform(minimum=-10, maximum=0, name='log10_epsilon_B', latex_label='$\\log_{10}\\epsilon_B$', unit=None, boundary='reflective')
10:05 bilby INFO    : timeshift=0.0
10:05 bilby INFO    : luminosity_distance=1981.0
10:05 bilby INFO    : Ebv=0.0
10:05 bilby INFO    : Analysis likelihood class: <class 'nmma.em.likelihood.OpticalLightCurve'>
10:05 bilby INFO    : Analysis likelihood noise evidence: 0.0
10:06 bilby INFO    : Single likelihood evaluation took 5.458e-01 s
10:06 bilby WARNING : Supplied argument 'queue_size' not an argument of 'Pymultinest', removing.
10:06 bilby WARNING : Supplied argument 'check_point_delta_t' not an argument of 'Pymultinest', removing.
10:06 bilby INFO    : Using sampler Pymultinest with kwargs {'importance_nested_sampling': False, 'resume': True, 'verbose': True, 'sampling_efficiency': 'parameter', 'n_live_points': 2048, 'n_params': 10, 'n_clustering_params': None, 'wrapped_params': None, 'multimodal': True, 'const_efficiency_mode': False, 'evidence_tolerance': 0.5, 'n_iter_before_update': 100, 'null_log_evidence': -1e+90, 'max_modes': 100, 'mode_tolerance': -1e+90, 'seed': 42, 'context': 0, 'write_output': True, 'log_zero': -1e+100, 'max_iter': 0, 'init_MPI': False, 'dump_callback': <bound method Pymultinest._dump_callback of <bilby.core.sampler.pymultinest.Pymultinest object at 0x1555544f31c0>>}
10:06 bilby INFO    : Temporary directory incompatible with MPI, will run in original directory
10:06 bilby INFO    : Using output file outdirSNtophat32cores/pm_GRB230812B/
10:06 bilby INFO    : Single likelihood evaluation took 5.642e-01 s
10:06 bilby WARNING : Supplied argument 'queue_size' not an argument of 'Pymultinest', removing.
10:06 bilby WARNING : Supplied argument 'check_point_delta_t' not an argument of 'Pymultinest', removing.
10:06 bilby INFO    : Using sampler Pymultinest with kwargs {'importance_nested_sampling': False, 'resume': True, 'verbose': True, 'sampling_efficiency': 'parameter', 'n_live_points': 2048, 'n_params': 10, 'n_clustering_params': None, 'wrapped_params': None, 'multimodal': True, 'const_efficiency_mode': False, 'evidence_tolerance': 0.5, 'n_iter_before_update': 100, 'null_log_evidence': -1e+90, 'max_modes': 100, 'mode_tolerance': -1e+90, 'seed': 42, 'context': 0, 'write_output': True, 'log_zero': -1e+100, 'max_iter': 0, 'init_MPI': False, 'dump_callback': <bound method Pymultinest._dump_callback of <bilby.core.sampler.pymultinest.Pymultinest object at 0x1555085d2cd0>>}
10:06 bilby INFO    : Temporary directory incompatible with MPI, will run in original directory
10:06 bilby INFO    : Using output file outdirSNtophat32cores/pm_GRB230812B/
10:06 bilby INFO    : Single likelihood evaluation took 5.936e-01 s
10:06 bilby INFO    : Single likelihood evaluation took 5.821e-01 s
10:06 bilby INFO    : Single likelihood evaluation took 5.882e-01 s
10:06 bilby WARNING : Supplied argument 'queue_size' not an argument of 'Pymultinest', removing.
10:06 bilby WARNING : Supplied argument 'check_point_delta_t' not an argument of 'Pymultinest', removing.
10:06 bilby INFO    : Using sampler Pymultinest with kwargs {'importance_nested_sampling': False, 'resume': True, 'verbose': True, 'sampling_efficiency': 'parameter', 'n_live_points': 2048, 'n_params': 10, 'n_clustering_params': None, 'wrapped_params': None, 'multimodal': True, 'const_efficiency_mode': False, 'evidence_tolerance': 0.5, 'n_iter_before_update': 100, 'null_log_evidence': -1e+90, 'max_modes': 100, 'mode_tolerance': -1e+90, 'seed': 42, 'context': 0, 'write_output': True, 'log_zero': -1e+100, 'max_iter': 0, 'init_MPI': False, 'dump_callback': <bound method Pymultinest._dump_callback of <bilby.core.sampler.pymultinest.Pymultinest object at 0x155535bddee0>>}
10:06 bilby INFO    : Temporary directory incompatible with MPI, will run in original directory
10:06 bilby INFO    : Using output file outdirSNtophat32cores/pm_GRB230812B/
10:06 bilby WARNING : Supplied argument 'queue_size' not an argument of 'Pymultinest', removing.
10:06 bilby WARNING : Supplied argument 'check_point_delta_t' not an argument of 'Pymultinest', removing.
10:06 bilby INFO    : Using sampler Pymultinest with kwargs {'importance_nested_sampling': False, 'resume': True, 'verbose': True, 'sampling_efficiency': 'parameter', 'n_live_points': 2048, 'n_params': 10, 'n_clustering_params': None, 'wrapped_params': None, 'multimodal': True, 'const_efficiency_mode': False, 'evidence_tolerance': 0.5, 'n_iter_before_update': 100, 'null_log_evidence': -1e+90, 'max_modes': 100, 'mode_tolerance': -1e+90, 'seed': 42, 'context': 0, 'write_output': True, 'log_zero': -1e+100, 'max_iter': 0, 'init_MPI': False, 'dump_callback': <bound method Pymultinest._dump_callback of <bilby.core.sampler.pymultinest.Pymultinest object at 0x1555105cccd0>>}
10:06 bilby INFO    : Temporary directory incompatible with MPI, will run in original directory
10:06 bilby INFO    : Using output file outdirSNtophat32cores/pm_GRB230812B/
10:06 bilby WARNING : Supplied argument 'queue_size' not an argument of 'Pymultinest', removing.
10:06 bilby INFO    : Single likelihood evaluation took 6.034e-01 s
10:06 bilby WARNING : Supplied argument 'check_point_delta_t' not an argument of 'Pymultinest', removing.
10:06 bilby INFO    : Using sampler Pymultinest with kwargs {'importance_nested_sampling': False, 'resume': True, 'verbose': True, 'sampling_efficiency': 'parameter', 'n_live_points': 2048, 'n_params': 10, 'n_clustering_params': None, 'wrapped_params': None, 'multimodal': True, 'const_efficiency_mode': False, 'evidence_tolerance': 0.5, 'n_iter_before_update': 100, 'null_log_evidence': -1e+90, 'max_modes': 100, 'mode_tolerance': -1e+90, 'seed': 42, 'context': 0, 'write_output': True, 'log_zero': -1e+100, 'max_iter': 0, 'init_MPI': False, 'dump_callback': <bound method Pymultinest._dump_callback of <bilby.core.sampler.pymultinest.Pymultinest object at 0x1555105cfee0>>}
10:06 bilby INFO    : Temporary directory incompatible with MPI, will run in original directory
10:06 bilby INFO    : Using output file outdirSNtophat32cores/pm_GRB230812B/
10:06 bilby WARNING : Supplied argument 'queue_size' not an argument of 'Pymultinest', removing.
10:06 bilby WARNING : Supplied argument 'check_point_delta_t' not an argument of 'Pymultinest', removing.
10:06 bilby INFO    : Using sampler Pymultinest with kwargs {'importance_nested_sampling': False, 'resume': True, 'verbose': True, 'sampling_efficiency': 'parameter', 'n_live_points': 2048, 'n_params': 10, 'n_clustering_params': None, 'wrapped_params': None, 'multimodal': True, 'const_efficiency_mode': False, 'evidence_tolerance': 0.5, 'n_iter_before_update': 100, 'null_log_evidence': -1e+90, 'max_modes': 100, 'mode_tolerance': -1e+90, 'seed': 42, 'context': 0, 'write_output': True, 'log_zero': -1e+100, 'max_iter': 0, 'init_MPI': False, 'dump_callback': <bound method Pymultinest._dump_callback of <bilby.core.sampler.pymultinest.Pymultinest object at 0x1555544f31c0>>}
10:06 bilby INFO    : Temporary directory incompatible with MPI, will run in original directory
10:06 bilby INFO    : Using output file outdirSNtophat32cores/pm_GRB230812B/
10:06 bilby INFO    : Single likelihood evaluation took 6.139e-01 s
10:06 bilby INFO    : Single likelihood evaluation took 6.101e-01 s
10:06 bilby INFO    : Single likelihood evaluation took 6.168e-01 s
10:06 bilby INFO    : Single likelihood evaluation took 6.213e-01 s
10:06 bilby WARNING : Supplied argument 'queue_size' not an argument of 'Pymultinest', removing.
10:06 bilby WARNING : Supplied argument 'check_point_delta_t' not an argument of 'Pymultinest', removing.
10:06 bilby INFO    : Using sampler Pymultinest with kwargs {'importance_nested_sampling': False, 'resume': True, 'verbose': True, 'sampling_efficiency': 'parameter', 'n_live_points': 2048, 'n_params': 10, 'n_clustering_params': None, 'wrapped_params': None, 'multimodal': True, 'const_efficiency_mode': False, 'evidence_tolerance': 0.5, 'n_iter_before_update': 100, 'null_log_evidence': -1e+90, 'max_modes': 100, 'mode_tolerance': -1e+90, 'seed': 42, 'context': 0, 'write_output': True, 'log_zero': -1e+100, 'max_iter': 0, 'init_MPI': False, 'dump_callback': <bound method Pymultinest._dump_callback of <bilby.core.sampler.pymultinest.Pymultinest object at 0x1555085d38e0>>}
10:06 bilby INFO    : Temporary directory incompatible with MPI, will run in original directory
10:06 bilby INFO    : Using output file outdirSNtophat32cores/pm_GRB230812B/
10:06 bilby WARNING : Supplied argument 'queue_size' not an argument of 'Pymultinest', removing.
10:06 bilby WARNING : Supplied argument 'check_point_delta_t' not an argument of 'Pymultinest', removing.
10:06 bilby INFO    : Using sampler Pymultinest with kwargs {'importance_nested_sampling': False, 'resume': True, 'verbose': True, 'sampling_efficiency': 'parameter', 'n_live_points': 2048, 'n_params': 10, 'n_clustering_params': None, 'wrapped_params': None, 'multimodal': True, 'const_efficiency_mode': False, 'evidence_tolerance': 0.5, 'n_iter_before_update': 100, 'null_log_evidence': -1e+90, 'max_modes': 100, 'mode_tolerance': -1e+90, 'seed': 42, 'context': 0, 'write_output': True, 'log_zero': -1e+100, 'max_iter': 0, 'init_MPI': False, 'dump_callback': <bound method Pymultinest._dump_callback of <bilby.core.sampler.pymultinest.Pymultinest object at 0x1555105d0eb0>>}
10:06 bilby INFO    : Temporary directory incompatible with MPI, will run in original directory
10:06 bilby INFO    : Using output file outdirSNtophat32cores/pm_GRB230812B/
10:06 bilby WARNING : Supplied argument 'queue_size' not an argument of 'Pymultinest', removing.
10:06 bilby WARNING : Supplied argument 'check_point_delta_t' not an argument of 'Pymultinest', removing.
10:06 bilby INFO    : Using sampler Pymultinest with kwargs {'importance_nested_sampling': False, 'resume': True, 'verbose': True, 'sampling_efficiency': 'parameter', 'n_live_points': 2048, 'n_params': 10, 'n_clustering_params': None, 'wrapped_params': None, 'multimodal': True, 'const_efficiency_mode': False, 'evidence_tolerance': 0.5, 'n_iter_before_update': 100, 'null_log_evidence': -1e+90, 'max_modes': 100, 'mode_tolerance': -1e+90, 'seed': 42, 'context': 0, 'write_output': True, 'log_zero': -1e+100, 'max_iter': 0, 'init_MPI': False, 'dump_callback': <bound method Pymultinest._dump_callback of <bilby.core.sampler.pymultinest.Pymultinest object at 0x155535bdca90>>}
10:06 bilby INFO    : Temporary directory incompatible with MPI, will run in original directory
10:06 bilby INFO    : Using output file outdirSNtophat32cores/pm_GRB230812B/
10:06 bilby INFO    : Single likelihood evaluation took 6.274e-01 s
10:06 bilby WARNING : Supplied argument 'queue_size' not an argument of 'Pymultinest', removing.
10:06 bilby WARNING : Supplied argument 'check_point_delta_t' not an argument of 'Pymultinest', removing.
10:06 bilby INFO    : Using sampler Pymultinest with kwargs {'importance_nested_sampling': False, 'resume': True, 'verbose': True, 'sampling_efficiency': 'parameter', 'n_live_points': 2048, 'n_params': 10, 'n_clustering_params': None, 'wrapped_params': None, 'multimodal': True, 'const_efficiency_mode': False, 'evidence_tolerance': 0.5, 'n_iter_before_update': 100, 'null_log_evidence': -1e+90, 'max_modes': 100, 'mode_tolerance': -1e+90, 'seed': 42, 'context': 0, 'write_output': True, 'log_zero': -1e+100, 'max_iter': 0, 'init_MPI': False, 'dump_callback': <bound method Pymultinest._dump_callback of <bilby.core.sampler.pymultinest.Pymultinest object at 0x1555544f31c0>>}
10:06 bilby INFO    : Temporary directory incompatible with MPI, will run in original directory
10:06 bilby INFO    : Using output file outdirSNtophat32cores/pm_GRB230812B/
10:06 bilby INFO    : Single likelihood evaluation took 6.269e-01 s
10:06 bilby WARNING : Supplied argument 'queue_size' not an argument of 'Pymultinest', removing.
10:06 bilby WARNING : Supplied argument 'check_point_delta_t' not an argument of 'Pymultinest', removing.
10:06 bilby INFO    : Using sampler Pymultinest with kwargs {'importance_nested_sampling': False, 'resume': True, 'verbose': True, 'sampling_efficiency': 'parameter', 'n_live_points': 2048, 'n_params': 10, 'n_clustering_params': None, 'wrapped_params': None, 'multimodal': True, 'const_efficiency_mode': False, 'evidence_tolerance': 0.5, 'n_iter_before_update': 100, 'null_log_evidence': -1e+90, 'max_modes': 100, 'mode_tolerance': -1e+90, 'seed': 42, 'context': 0, 'write_output': True, 'log_zero': -1e+100, 'max_iter': 0, 'init_MPI': False, 'dump_callback': <bound method Pymultinest._dump_callback of <bilby.core.sampler.pymultinest.Pymultinest object at 0x1555085cbd00>>}
10:06 bilby INFO    : Temporary directory incompatible with MPI, will run in original directory
10:06 bilby INFO    : Using output file outdirSNtophat32cores/pm_GRB230812B/
10:06 bilby INFO    : Single likelihood evaluation took 6.329e-01 s
10:06 bilby WARNING : Supplied argument 'queue_size' not an argument of 'Pymultinest', removing.
10:06 bilby WARNING : Supplied argument 'check_point_delta_t' not an argument of 'Pymultinest', removing.
10:06 bilby INFO    : Using sampler Pymultinest with kwargs {'importance_nested_sampling': False, 'resume': True, 'verbose': True, 'sampling_efficiency': 'parameter', 'n_live_points': 2048, 'n_params': 10, 'n_clustering_params': None, 'wrapped_params': None, 'multimodal': True, 'const_efficiency_mode': False, 'evidence_tolerance': 0.5, 'n_iter_before_update': 100, 'null_log_evidence': -1e+90, 'max_modes': 100, 'mode_tolerance': -1e+90, 'seed': 42, 'context': 0, 'write_output': True, 'log_zero': -1e+100, 'max_iter': 0, 'init_MPI': False, 'dump_callback': <bound method Pymultinest._dump_callback of <bilby.core.sampler.pymultinest.Pymultinest object at 0x1555105d0cd0>>}
10:06 bilby INFO    : Temporary directory incompatible with MPI, will run in original directory
10:06 bilby INFO    : Using output file outdirSNtophat32cores/pm_GRB230812B/
10:07 bilby INFO    : Single likelihood evaluation took 6.424e-01 s
10:07 bilby INFO    : Single likelihood evaluation took 6.416e-01 s
10:07 bilby WARNING : Supplied argument 'queue_size' not an argument of 'Pymultinest', removing.
10:07 bilby WARNING : Supplied argument 'check_point_delta_t' not an argument of 'Pymultinest', removing.
10:07 bilby INFO    : Using sampler Pymultinest with kwargs {'importance_nested_sampling': False, 'resume': True, 'verbose': True, 'sampling_efficiency': 'parameter', 'n_live_points': 2048, 'n_params': 10, 'n_clustering_params': None, 'wrapped_params': None, 'multimodal': True, 'const_efficiency_mode': False, 'evidence_tolerance': 0.5, 'n_iter_before_update': 100, 'null_log_evidence': -1e+90, 'max_modes': 100, 'mode_tolerance': -1e+90, 'seed': 42, 'context': 0, 'write_output': True, 'log_zero': -1e+100, 'max_iter': 0, 'init_MPI': False, 'dump_callback': <bound method Pymultinest._dump_callback of <bilby.core.sampler.pymultinest.Pymultinest object at 0x1555085d3e80>>}
10:07 bilby INFO    : Temporary directory incompatible with MPI, will run in original directory
10:07 bilby INFO    : Using output file outdirSNtophat32cores/pm_GRB230812B/
10:07 bilby WARNING : Supplied argument 'queue_size' not an argument of 'Pymultinest', removing.
10:07 bilby WARNING : Supplied argument 'check_point_delta_t' not an argument of 'Pymultinest', removing.
10:07 bilby INFO    : Using sampler Pymultinest with kwargs {'importance_nested_sampling': False, 'resume': True, 'verbose': True, 'sampling_efficiency': 'parameter', 'n_live_points': 2048, 'n_params': 10, 'n_clustering_params': None, 'wrapped_params': None, 'multimodal': True, 'const_efficiency_mode': False, 'evidence_tolerance': 0.5, 'n_iter_before_update': 100, 'null_log_evidence': -1e+90, 'max_modes': 100, 'mode_tolerance': -1e+90, 'seed': 42, 'context': 0, 'write_output': True, 'log_zero': -1e+100, 'max_iter': 0, 'init_MPI': False, 'dump_callback': <bound method Pymultinest._dump_callback of <bilby.core.sampler.pymultinest.Pymultinest object at 0x1555105cfe50>>}
10:07 bilby INFO    : Temporary directory incompatible with MPI, will run in original directory
10:07 bilby INFO    : Using output file outdirSNtophat32cores/pm_GRB230812B/
10:07 bilby WARNING : Supplied argument 'queue_size' not an argument of 'Pymultinest', removing.
10:07 bilby WARNING : Supplied argument 'check_point_delta_t' not an argument of 'Pymultinest', removing.
10:07 bilby INFO    : Using sampler Pymultinest with kwargs {'importance_nested_sampling': False, 'resume': True, 'verbose': True, 'sampling_efficiency': 'parameter', 'n_live_points': 2048, 'n_params': 10, 'n_clustering_params': None, 'wrapped_params': None, 'multimodal': True, 'const_efficiency_mode': False, 'evidence_tolerance': 0.5, 'n_iter_before_update': 100, 'null_log_evidence': -1e+90, 'max_modes': 100, 'mode_tolerance': -1e+90, 'seed': 42, 'context': 0, 'write_output': True, 'log_zero': -1e+100, 'max_iter': 0, 'init_MPI': False, 'dump_callback': <bound method Pymultinest._dump_callback of <bilby.core.sampler.pymultinest.Pymultinest object at 0x1555105d4f40>>}
10:07 bilby INFO    : Temporary directory incompatible with MPI, will run in original directory
10:07 bilby INFO    : Using output file outdirSNtophat32cores/pm_GRB230812B/
10:07 bilby INFO    : Single likelihood evaluation took 6.473e-01 s
10:07 bilby INFO    : Single likelihood evaluation took 6.468e-01 s
10:07 bilby INFO    : Single likelihood evaluation took 6.513e-01 s
10:07 bilby WARNING : Supplied argument 'queue_size' not an argument of 'Pymultinest', removing.
10:07 bilby WARNING : Supplied argument 'check_point_delta_t' not an argument of 'Pymultinest', removing.
10:07 bilby INFO    : Using sampler Pymultinest with kwargs {'importance_nested_sampling': False, 'resume': True, 'verbose': True, 'sampling_efficiency': 'parameter', 'n_live_points': 2048, 'n_params': 10, 'n_clustering_params': None, 'wrapped_params': None, 'multimodal': True, 'const_efficiency_mode': False, 'evidence_tolerance': 0.5, 'n_iter_before_update': 100, 'null_log_evidence': -1e+90, 'max_modes': 100, 'mode_tolerance': -1e+90, 'seed': 42, 'context': 0, 'write_output': True, 'log_zero': -1e+100, 'max_iter': 0, 'init_MPI': False, 'dump_callback': <bound method Pymultinest._dump_callback of <bilby.core.sampler.pymultinest.Pymultinest object at 0x1555085d2cd0>>}
10:07 bilby INFO    : Temporary directory incompatible with MPI, will run in original directory
10:07 bilby INFO    : Using output file outdirSNtophat32cores/pm_GRB230812B/
10:07 bilby WARNING : Supplied argument 'queue_size' not an argument of 'Pymultinest', removing.
10:07 bilby WARNING : Supplied argument 'check_point_delta_t' not an argument of 'Pymultinest', removing.
10:07 bilby INFO    : Using sampler Pymultinest with kwargs {'importance_nested_sampling': False, 'resume': True, 'verbose': True, 'sampling_efficiency': 'parameter', 'n_live_points': 2048, 'n_params': 10, 'n_clustering_params': None, 'wrapped_params': None, 'multimodal': True, 'const_efficiency_mode': False, 'evidence_tolerance': 0.5, 'n_iter_before_update': 100, 'null_log_evidence': -1e+90, 'max_modes': 100, 'mode_tolerance': -1e+90, 'seed': 42, 'context': 0, 'write_output': True, 'log_zero': -1e+100, 'max_iter': 0, 'init_MPI': False, 'dump_callback': <bound method Pymultinest._dump_callback of <bilby.core.sampler.pymultinest.Pymultinest object at 0x1555544f31c0>>}
10:07 bilby INFO    : Temporary directory incompatible with MPI, will run in original directory
10:07 bilby INFO    : Using output file outdirSNtophat32cores/pm_GRB230812B/
10:07 bilby WARNING : Supplied argument 'queue_size' not an argument of 'Pymultinest', removing.
10:07 bilby WARNING : Supplied argument 'check_point_delta_t' not an argument of 'Pymultinest', removing.
10:07 bilby INFO    : Using sampler Pymultinest with kwargs {'importance_nested_sampling': False, 'resume': True, 'verbose': True, 'sampling_efficiency': 'parameter', 'n_live_points': 2048, 'n_params': 10, 'n_clustering_params': None, 'wrapped_params': None, 'multimodal': True, 'const_efficiency_mode': False, 'evidence_tolerance': 0.5, 'n_iter_before_update': 100, 'null_log_evidence': -1e+90, 'max_modes': 100, 'mode_tolerance': -1e+90, 'seed': 42, 'context': 0, 'write_output': True, 'log_zero': -1e+100, 'max_iter': 0, 'init_MPI': False, 'dump_callback': <bound method Pymultinest._dump_callback of <bilby.core.sampler.pymultinest.Pymultinest object at 0x1555085d2b50>>}
10:07 bilby INFO    : Temporary directory incompatible with MPI, will run in original directory
10:07 bilby INFO    : Using output file outdirSNtophat32cores/pm_GRB230812B/
10:07 bilby INFO    : Single likelihood evaluation took 6.575e-01 s
10:07 bilby INFO    : Single likelihood evaluation took 6.585e-01 s
10:07 bilby INFO    : Single likelihood evaluation took 6.631e-01 s
10:07 bilby WARNING : Supplied argument 'queue_size' not an argument of 'Pymultinest', removing.
10:07 bilby WARNING : Supplied argument 'check_point_delta_t' not an argument of 'Pymultinest', removing.
10:07 bilby INFO    : Using sampler Pymultinest with kwargs {'importance_nested_sampling': False, 'resume': True, 'verbose': True, 'sampling_efficiency': 'parameter', 'n_live_points': 2048, 'n_params': 10, 'n_clustering_params': None, 'wrapped_params': None, 'multimodal': True, 'const_efficiency_mode': False, 'evidence_tolerance': 0.5, 'n_iter_before_update': 100, 'null_log_evidence': -1e+90, 'max_modes': 100, 'mode_tolerance': -1e+90, 'seed': 42, 'context': 0, 'write_output': True, 'log_zero': -1e+100, 'max_iter': 0, 'init_MPI': False, 'dump_callback': <bound method Pymultinest._dump_callback of <bilby.core.sampler.pymultinest.Pymultinest object at 0x1555085c9ee0>>}
10:07 bilby INFO    : Temporary directory incompatible with MPI, will run in original directory
10:07 bilby INFO    : Using output file outdirSNtophat32cores/pm_GRB230812B/
10:07 bilby WARNING : Supplied argument 'queue_size' not an argument of 'Pymultinest', removing.
10:07 bilby WARNING : Supplied argument 'check_point_delta_t' not an argument of 'Pymultinest', removing.
10:07 bilby INFO    : Using sampler Pymultinest with kwargs {'importance_nested_sampling': False, 'resume': True, 'verbose': True, 'sampling_efficiency': 'parameter', 'n_live_points': 2048, 'n_params': 10, 'n_clustering_params': None, 'wrapped_params': None, 'multimodal': True, 'const_efficiency_mode': False, 'evidence_tolerance': 0.5, 'n_iter_before_update': 100, 'null_log_evidence': -1e+90, 'max_modes': 100, 'mode_tolerance': -1e+90, 'seed': 42, 'context': 0, 'write_output': True, 'log_zero': -1e+100, 'max_iter': 0, 'init_MPI': False, 'dump_callback': <bound method Pymultinest._dump_callback of <bilby.core.sampler.pymultinest.Pymultinest object at 0x155554476040>>}
10:07 bilby INFO    : Temporary directory incompatible with MPI, will run in original directory
10:07 bilby INFO    : Using output file outdirSNtophat32cores/pm_GRB230812B/
10:07 bilby INFO    : Single likelihood evaluation took 6.652e-01 s
10:07 bilby INFO    : Single likelihood evaluation took 6.732e-01 s
10:07 bilby INFO    : Single likelihood evaluation took 6.759e-01 s
10:07 bilby WARNING : Supplied argument 'queue_size' not an argument of 'Pymultinest', removing.
10:07 bilby WARNING : Supplied argument 'check_point_delta_t' not an argument of 'Pymultinest', removing.
10:07 bilby INFO    : Using sampler Pymultinest with kwargs {'importance_nested_sampling': False, 'resume': True, 'verbose': True, 'sampling_efficiency': 'parameter', 'n_live_points': 2048, 'n_params': 10, 'n_clustering_params': None, 'wrapped_params': None, 'multimodal': True, 'const_efficiency_mode': False, 'evidence_tolerance': 0.5, 'n_iter_before_update': 100, 'null_log_evidence': -1e+90, 'max_modes': 100, 'mode_tolerance': -1e+90, 'seed': 42, 'context': 0, 'write_output': True, 'log_zero': -1e+100, 'max_iter': 0, 'init_MPI': False, 'dump_callback': <bound method Pymultinest._dump_callback of <bilby.core.sampler.pymultinest.Pymultinest object at 0x1555085cde80>>}
10:07 bilby INFO    : Temporary directory incompatible with MPI, will run in original directory
10:07 bilby INFO    : Using output file outdirSNtophat32cores/pm_GRB230812B/
10:07 bilby WARNING : Supplied argument 'queue_size' not an argument of 'Pymultinest', removing.
10:07 bilby WARNING : Supplied argument 'check_point_delta_t' not an argument of 'Pymultinest', removing.
10:07 bilby INFO    : Using sampler Pymultinest with kwargs {'importance_nested_sampling': False, 'resume': True, 'verbose': True, 'sampling_efficiency': 'parameter', 'n_live_points': 2048, 'n_params': 10, 'n_clustering_params': None, 'wrapped_params': None, 'multimodal': True, 'const_efficiency_mode': False, 'evidence_tolerance': 0.5, 'n_iter_before_update': 100, 'null_log_evidence': -1e+90, 'max_modes': 100, 'mode_tolerance': -1e+90, 'seed': 42, 'context': 0, 'write_output': True, 'log_zero': -1e+100, 'max_iter': 0, 'init_MPI': False, 'dump_callback': <bound method Pymultinest._dump_callback of <bilby.core.sampler.pymultinest.Pymultinest object at 0x1555105d5730>>}
10:07 bilby INFO    : Temporary directory incompatible with MPI, will run in original directory
10:07 bilby INFO    : Using output file outdirSNtophat32cores/pm_GRB230812B/
10:07 bilby INFO    : Single likelihood evaluation took 6.817e-01 s
10:07 bilby WARNING : Supplied argument 'queue_size' not an argument of 'Pymultinest', removing.
10:07 bilby WARNING : Supplied argument 'check_point_delta_t' not an argument of 'Pymultinest', removing.
10:07 bilby INFO    : Using sampler Pymultinest with kwargs {'importance_nested_sampling': False, 'resume': True, 'verbose': True, 'sampling_efficiency': 'parameter', 'n_live_points': 2048, 'n_params': 10, 'n_clustering_params': None, 'wrapped_params': None, 'multimodal': True, 'const_efficiency_mode': False, 'evidence_tolerance': 0.5, 'n_iter_before_update': 100, 'null_log_evidence': -1e+90, 'max_modes': 100, 'mode_tolerance': -1e+90, 'seed': 42, 'context': 0, 'write_output': True, 'log_zero': -1e+100, 'max_iter': 0, 'init_MPI': False, 'dump_callback': <bound method Pymultinest._dump_callback of <bilby.core.sampler.pymultinest.Pymultinest object at 0x1555105d1ee0>>}
10:07 bilby INFO    : Temporary directory incompatible with MPI, will run in original directory
10:07 bilby INFO    : Using output file outdirSNtophat32cores/pm_GRB230812B/
10:07 bilby WARNING : Supplied argument 'queue_size' not an argument of 'Pymultinest', removing.
10:07 bilby WARNING : Supplied argument 'check_point_delta_t' not an argument of 'Pymultinest', removing.
10:07 bilby INFO    : Using sampler Pymultinest with kwargs {'importance_nested_sampling': False, 'resume': True, 'verbose': True, 'sampling_efficiency': 'parameter', 'n_live_points': 2048, 'n_params': 10, 'n_clustering_params': None, 'wrapped_params': None, 'multimodal': True, 'const_efficiency_mode': False, 'evidence_tolerance': 0.5, 'n_iter_before_update': 100, 'null_log_evidence': -1e+90, 'max_modes': 100, 'mode_tolerance': -1e+90, 'seed': 42, 'context': 0, 'write_output': True, 'log_zero': -1e+100, 'max_iter': 0, 'init_MPI': False, 'dump_callback': <bound method Pymultinest._dump_callback of <bilby.core.sampler.pymultinest.Pymultinest object at 0x1555105d2af0>>}
10:07 bilby INFO    : Temporary directory incompatible with MPI, will run in original directory
10:07 bilby INFO    : Using output file outdirSNtophat32cores/pm_GRB230812B/
10:07 bilby INFO    : Single likelihood evaluation took 6.899e-01 s
10:07 bilby WARNING : Supplied argument 'queue_size' not an argument of 'Pymultinest', removing.
10:07 bilby WARNING : Supplied argument 'check_point_delta_t' not an argument of 'Pymultinest', removing.
10:07 bilby INFO    : Using sampler Pymultinest with kwargs {'importance_nested_sampling': False, 'resume': True, 'verbose': True, 'sampling_efficiency': 'parameter', 'n_live_points': 2048, 'n_params': 10, 'n_clustering_params': None, 'wrapped_params': None, 'multimodal': True, 'const_efficiency_mode': False, 'evidence_tolerance': 0.5, 'n_iter_before_update': 100, 'null_log_evidence': -1e+90, 'max_modes': 100, 'mode_tolerance': -1e+90, 'seed': 42, 'context': 0, 'write_output': True, 'log_zero': -1e+100, 'max_iter': 0, 'init_MPI': False, 'dump_callback': <bound method Pymultinest._dump_callback of <bilby.core.sampler.pymultinest.Pymultinest object at 0x1555544760d0>>}
10:07 bilby INFO    : Temporary directory incompatible with MPI, will run in original directory
10:07 bilby INFO    : Using output file outdirSNtophat32cores/pm_GRB230812B/
10:07 bilby WARNING : Supplied argument 'queue_size' not an argument of 'Pymultinest', removing.
10:07 bilby WARNING : Supplied argument 'check_point_delta_t' not an argument of 'Pymultinest', removing.
10:07 bilby INFO    : Using sampler Pymultinest with kwargs {'importance_nested_sampling': False, 'resume': True, 'verbose': True, 'sampling_efficiency': 'parameter', 'n_live_points': 2048, 'n_params': 10, 'n_clustering_params': None, 'wrapped_params': None, 'multimodal': True, 'const_efficiency_mode': False, 'evidence_tolerance': 0.5, 'n_iter_before_update': 100, 'null_log_evidence': -1e+90, 'max_modes': 100, 'mode_tolerance': -1e+90, 'seed': 42, 'context': 0, 'write_output': True, 'log_zero': -1e+100, 'max_iter': 0, 'init_MPI': False, 'dump_callback': <bound method Pymultinest._dump_callback of <bilby.core.sampler.pymultinest.Pymultinest object at 0x1555085d4be0>>}
10:07 bilby INFO    : Temporary directory incompatible with MPI, will run in original directory
10:07 bilby INFO    : Using output file outdirSNtophat32cores/pm_GRB230812B/
10:07 bilby INFO    : Single likelihood evaluation took 6.960e-01 s
10:07 bilby WARNING : Supplied argument 'queue_size' not an argument of 'Pymultinest', removing.
10:07 bilby WARNING : Supplied argument 'check_point_delta_t' not an argument of 'Pymultinest', removing.
10:07 bilby INFO    : Using sampler Pymultinest with kwargs {'importance_nested_sampling': False, 'resume': True, 'verbose': True, 'sampling_efficiency': 'parameter', 'n_live_points': 2048, 'n_params': 10, 'n_clustering_params': None, 'wrapped_params': None, 'multimodal': True, 'const_efficiency_mode': False, 'evidence_tolerance': 0.5, 'n_iter_before_update': 100, 'null_log_evidence': -1e+90, 'max_modes': 100, 'mode_tolerance': -1e+90, 'seed': 42, 'context': 0, 'write_output': True, 'log_zero': -1e+100, 'max_iter': 0, 'init_MPI': False, 'dump_callback': <bound method Pymultinest._dump_callback of <bilby.core.sampler.pymultinest.Pymultinest object at 0x1555085cddf0>>}
10:07 bilby INFO    : Temporary directory incompatible with MPI, will run in original directory
10:07 bilby INFO    : Using output file outdirSNtophat32cores/pm_GRB230812B/
10:07 bilby INFO    : Single likelihood evaluation took 7.036e-01 s
10:07 bilby WARNING : Supplied argument 'queue_size' not an argument of 'Pymultinest', removing.
10:07 bilby WARNING : Supplied argument 'check_point_delta_t' not an argument of 'Pymultinest', removing.
10:07 bilby INFO    : Using sampler Pymultinest with kwargs {'importance_nested_sampling': False, 'resume': True, 'verbose': True, 'sampling_efficiency': 'parameter', 'n_live_points': 2048, 'n_params': 10, 'n_clustering_params': None, 'wrapped_params': None, 'multimodal': True, 'const_efficiency_mode': False, 'evidence_tolerance': 0.5, 'n_iter_before_update': 100, 'null_log_evidence': -1e+90, 'max_modes': 100, 'mode_tolerance': -1e+90, 'seed': 42, 'context': 0, 'write_output': True, 'log_zero': -1e+100, 'max_iter': 0, 'init_MPI': False, 'dump_callback': <bound method Pymultinest._dump_callback of <bilby.core.sampler.pymultinest.Pymultinest object at 0x155535bddf40>>}
10:07 bilby INFO    : Temporary directory incompatible with MPI, will run in original directory
10:07 bilby INFO    : Using output file outdirSNtophat32cores/pm_GRB230812B/
10:07 bilby INFO    : Single likelihood evaluation took 7.248e-01 s
10:07 bilby WARNING : Supplied argument 'queue_size' not an argument of 'Pymultinest', removing.
10:07 bilby WARNING : Supplied argument 'check_point_delta_t' not an argument of 'Pymultinest', removing.
10:07 bilby INFO    : Using sampler Pymultinest with kwargs {'importance_nested_sampling': False, 'resume': True, 'verbose': True, 'sampling_efficiency': 'parameter', 'n_live_points': 2048, 'n_params': 10, 'n_clustering_params': None, 'wrapped_params': None, 'multimodal': True, 'const_efficiency_mode': False, 'evidence_tolerance': 0.5, 'n_iter_before_update': 100, 'null_log_evidence': -1e+90, 'max_modes': 100, 'mode_tolerance': -1e+90, 'seed': 42, 'context': 0, 'write_output': True, 'log_zero': -1e+100, 'max_iter': 0, 'init_MPI': False, 'dump_callback': <bound method Pymultinest._dump_callback of <bilby.core.sampler.pymultinest.Pymultinest object at 0x1555105d49a0>>}
10:07 bilby INFO    : Temporary directory incompatible with MPI, will run in original directory
10:07 bilby INFO    : Using output file outdirSNtophat32cores/pm_GRB230812B/
10:07 bilby INFO    : Single likelihood evaluation took 7.253e-01 s
10:07 bilby WARNING : Supplied argument 'queue_size' not an argument of 'Pymultinest', removing.
10:07 bilby WARNING : Supplied argument 'check_point_delta_t' not an argument of 'Pymultinest', removing.
10:07 bilby INFO    : Using sampler Pymultinest with kwargs {'importance_nested_sampling': False, 'resume': True, 'verbose': True, 'sampling_efficiency': 'parameter', 'n_live_points': 2048, 'n_params': 10, 'n_clustering_params': None, 'wrapped_params': None, 'multimodal': True, 'const_efficiency_mode': False, 'evidence_tolerance': 0.5, 'n_iter_before_update': 100, 'null_log_evidence': -1e+90, 'max_modes': 100, 'mode_tolerance': -1e+90, 'seed': 42, 'context': 0, 'write_output': True, 'log_zero': -1e+100, 'max_iter': 0, 'init_MPI': False, 'dump_callback': <bound method Pymultinest._dump_callback of <bilby.core.sampler.pymultinest.Pymultinest object at 0x1555085d16d0>>}
10:07 bilby INFO    : Temporary directory incompatible with MPI, will run in original directory
10:07 bilby INFO    : Using output file outdirSNtophat32cores/pm_GRB230812B/
10:07 bilby INFO    : Single likelihood evaluation took 7.369e-01 s
10:07 bilby WARNING : Supplied argument 'queue_size' not an argument of 'Pymultinest', removing.
10:07 bilby WARNING : Supplied argument 'check_point_delta_t' not an argument of 'Pymultinest', removing.
10:07 bilby INFO    : Using sampler Pymultinest with kwargs {'importance_nested_sampling': False, 'resume': True, 'verbose': True, 'sampling_efficiency': 'parameter', 'n_live_points': 2048, 'n_params': 10, 'n_clustering_params': None, 'wrapped_params': None, 'multimodal': True, 'const_efficiency_mode': False, 'evidence_tolerance': 0.5, 'n_iter_before_update': 100, 'null_log_evidence': -1e+90, 'max_modes': 100, 'mode_tolerance': -1e+90, 'seed': 42, 'context': 0, 'write_output': True, 'log_zero': -1e+100, 'max_iter': 0, 'init_MPI': False, 'dump_callback': <bound method Pymultinest._dump_callback of <bilby.core.sampler.pymultinest.Pymultinest object at 0x1555085c9cd0>>}
10:07 bilby INFO    : Temporary directory incompatible with MPI, will run in original directory
10:07 bilby INFO    : Using output file outdirSNtophat32cores/pm_GRB230812B/
10:07 bilby INFO    : Single likelihood evaluation took 7.432e-01 s
10:07 bilby WARNING : Supplied argument 'queue_size' not an argument of 'Pymultinest', removing.
10:07 bilby WARNING : Supplied argument 'check_point_delta_t' not an argument of 'Pymultinest', removing.
10:07 bilby INFO    : Using sampler Pymultinest with kwargs {'importance_nested_sampling': False, 'resume': True, 'verbose': True, 'sampling_efficiency': 'parameter', 'n_live_points': 2048, 'n_params': 10, 'n_clustering_params': None, 'wrapped_params': None, 'multimodal': True, 'const_efficiency_mode': False, 'evidence_tolerance': 0.5, 'n_iter_before_update': 100, 'null_log_evidence': -1e+90, 'max_modes': 100, 'mode_tolerance': -1e+90, 'seed': 42, 'context': 0, 'write_output': True, 'log_zero': -1e+100, 'max_iter': 0, 'init_MPI': False, 'dump_callback': <bound method Pymultinest._dump_callback of <bilby.core.sampler.pymultinest.Pymultinest object at 0x1555544f3130>>}
10:07 bilby INFO    : Temporary directory incompatible with MPI, will run in original directory
10:07 bilby INFO    : Using output file outdirSNtophat32cores/pm_GRB230812B/
15:57 bilby INFO    : Sampling time: 5:50:24.291096
15:57 bilby INFO    : Sampling time: 5:50:21.755289
15:57 bilby INFO    : Sampling time: 5:50:11.997872
Traceback (most recent call last):
  File "/home/thussenot/.conda/envs/multinest/lib/python3.8/shutil.py", line 791, in move
    os.rename(src, real_dst)
FileNotFoundError: [Errno 2] No such file or directory: 'outdirSNtophat32cores/GRB230812B_result.json' -> 'outdirSNtophat32cores/GRB230812B_result.json.old'

During handling of the above exception, another exception occurred:

Traceback (most recent call last):
  File "/home/thussenot/.conda/envs/multinest/bin/lightcurve-analysis", line 8, in <module>
    sys.exit(main())
  File "/home/thussenot/.conda/envs/multinest/lib/python3.8/site-packages/nmma/em/analysis.py", line 912, in main
    analysis(args)
  File "/home/thussenot/.conda/envs/multinest/lib/python3.8/site-packages/nmma/em/analysis.py", line 658, in analysis
    result = bilby.run_sampler(
  File "/home/thussenot/.conda/envs/multinest/lib/python3.8/site-packages/bilby/core/sampler/__init__.py", line 262, in run_sampler
    result.save_to_file(extension=save, gzip=gzip, outdir=outdir)
  File "/home/thussenot/.conda/envs/multinest/lib/python3.8/site-packages/bilby/core/result.py", line 773, in save_to_file
    move_old_file(filename, overwrite)
  File "/home/thussenot/.conda/envs/multinest/lib/python3.8/site-packages/bilby/core/utils/io.py", line 408, in move_old_file
    shutil.move(filename, filename + ".old")
  File "/home/thussenot/.conda/envs/multinest/lib/python3.8/shutil.py", line 811, in move
    copy_function(src, real_dst)
  File "/home/thussenot/.conda/envs/multinest/lib/python3.8/shutil.py", line 435, in copy2
    copyfile(src, dst, follow_symlinks=follow_symlinks)
  File "/home/thussenot/.conda/envs/multinest/lib/python3.8/shutil.py", line 264, in copyfile
    with open(src, 'rb') as fsrc, open(dst, 'wb') as fdst:
FileNotFoundError: [Errno 2] No such file or directory: 'outdirSNtophat32cores/GRB230812B_result.json'
15:57 bilby INFO    : Sampling time: 5:50:21.455069
15:57 bilby INFO    : Sampling time: 5:50:19.001426
15:57 bilby INFO    : Sampling time: 5:50:21.277552
Traceback (most recent call last):
  File "/home/thussenot/.conda/envs/multinest/lib/python3.8/shutil.py", line 791, in move
    os.rename(src, real_dst)
FileNotFoundError: [Errno 2] No such file or directory: 'outdirSNtophat32cores/GRB230812B_result.json' -> 'outdirSNtophat32cores/GRB230812B_result.json.old'

During handling of the above exception, another exception occurred:

Traceback (most recent call last):
  File "/home/thussenot/.conda/envs/multinest/bin/lightcurve-analysis", line 8, in <module>
    sys.exit(main())
  File "/home/thussenot/.conda/envs/multinest/lib/python3.8/site-packages/nmma/em/analysis.py", line 912, in main
    analysis(args)
  File "/home/thussenot/.conda/envs/multinest/lib/python3.8/site-packages/nmma/em/analysis.py", line 658, in analysis
    result = bilby.run_sampler(
  File "/home/thussenot/.conda/envs/multinest/lib/python3.8/site-packages/bilby/core/sampler/__init__.py", line 262, in run_sampler
    result.save_to_file(extension=save, gzip=gzip, outdir=outdir)
  File "/home/thussenot/.conda/envs/multinest/lib/python3.8/site-packages/bilby/core/result.py", line 773, in save_to_file
    move_old_file(filename, overwrite)
  File "/home/thussenot/.conda/envs/multinest/lib/python3.8/site-packages/bilby/core/utils/io.py", line 408, in move_old_file
    shutil.move(filename, filename + ".old")
  File "/home/thussenot/.conda/envs/multinest/lib/python3.8/shutil.py", line 811, in move
    copy_function(src, real_dst)
  File "/home/thussenot/.conda/envs/multinest/lib/python3.8/shutil.py", line 435, in copy2
    copyfile(src, dst, follow_symlinks=follow_symlinks)
  File "/home/thussenot/.conda/envs/multinest/lib/python3.8/shutil.py", line 264, in copyfile
    with open(src, 'rb') as fsrc, open(dst, 'wb') as fdst:
FileNotFoundError: [Errno 2] No such file or directory: 'outdirSNtophat32cores/GRB230812B_result.json'
15:57 bilby INFO    : Sampling time: 5:50:14.327530
15:57 bilby INFO    : Sampling time: 5:50:24.261488
15:57 bilby INFO    : Sampling time: 5:50:13.034887
15:57 bilby INFO    : Sampling time: 5:50:11.479947
15:57 bilby INFO    : Sampling time: 5:50:08.759953
15:57 bilby INFO    : Sampling time: 5:50:15.336182
15:57 bilby INFO    : Sampling time: 5:50:28.403007
15:57 bilby INFO    : Sampling time: 5:50:19.508784
15:57 bilby INFO    : Sampling time: 5:50:23.670995
15:57 bilby INFO    : Sampling time: 5:50:20.134849
15:57 bilby INFO    : Sampling time: 5:50:18.489515
15:57 bilby INFO    : Sampling time: 5:50:15.998370
15:57 bilby INFO    : Sampling time: 5:50:15.463409
15:57 bilby INFO    : Sampling time: 5:50:23.206167
15:57 bilby INFO    : Sampling time: 5:50:09.912624
15:57 bilby INFO    : Sampling time: 5:50:14.023666
Traceback (most recent call last):
  File "/home/thussenot/.conda/envs/multinest/lib/python3.8/shutil.py", line 791, in move
    os.rename(src, real_dst)
FileNotFoundError: [Errno 2] No such file or directory: 'outdirSNtophat32cores/GRB230812B_result.json' -> 'outdirSNtophat32cores/GRB230812B_result.json.old'

During handling of the above exception, another exception occurred:

Traceback (most recent call last):
  File "/home/thussenot/.conda/envs/multinest/bin/lightcurve-analysis", line 8, in <module>
    sys.exit(main())
  File "/home/thussenot/.conda/envs/multinest/lib/python3.8/site-packages/nmma/em/analysis.py", line 912, in main
    analysis(args)
  File "/home/thussenot/.conda/envs/multinest/lib/python3.8/site-packages/nmma/em/analysis.py", line 658, in analysis
    result = bilby.run_sampler(
  File "/home/thussenot/.conda/envs/multinest/lib/python3.8/site-packages/bilby/core/sampler/__init__.py", line 262, in run_sampler
    result.save_to_file(extension=save, gzip=gzip, outdir=outdir)
  File "/home/thussenot/.conda/envs/multinest/lib/python3.8/site-packages/bilby/core/result.py", line 773, in save_to_file
    move_old_file(filename, overwrite)
  File "/home/thussenot/.conda/envs/multinest/lib/python3.8/site-packages/bilby/core/utils/io.py", line 408, in move_old_file
    shutil.move(filename, filename + ".old")
  File "/home/thussenot/.conda/envs/multinest/lib/python3.8/shutil.py", line 811, in move
    copy_function(src, real_dst)
  File "/home/thussenot/.conda/envs/multinest/lib/python3.8/shutil.py", line 435, in copy2
    copyfile(src, dst, follow_symlinks=follow_symlinks)
  File "/home/thussenot/.conda/envs/multinest/lib/python3.8/shutil.py", line 264, in copyfile
    with open(src, 'rb') as fsrc, open(dst, 'wb') as fdst:
FileNotFoundError: [Errno 2] No such file or directory: 'outdirSNtophat32cores/GRB230812B_result.json'
Traceback (most recent call last):
  File "/home/thussenot/.conda/envs/multinest/lib/python3.8/shutil.py", line 791, in move
    os.rename(src, real_dst)
FileNotFoundError: [Errno 2] No such file or directory: 'outdirSNtophat32cores/GRB230812B_result.json' -> 'outdirSNtophat32cores/GRB230812B_result.json.old'

During handling of the above exception, another exception occurred:

Traceback (most recent call last):
  File "/home/thussenot/.conda/envs/multinest/bin/lightcurve-analysis", line 8, in <module>
    sys.exit(main())
  File "/home/thussenot/.conda/envs/multinest/lib/python3.8/site-packages/nmma/em/analysis.py", line 912, in main
    analysis(args)
  File "/home/thussenot/.conda/envs/multinest/lib/python3.8/site-packages/nmma/em/analysis.py", line 658, in analysis
    result = bilby.run_sampler(
  File "/home/thussenot/.conda/envs/multinest/lib/python3.8/site-packages/bilby/core/sampler/__init__.py", line 262, in run_sampler
    result.save_to_file(extension=save, gzip=gzip, outdir=outdir)
  File "/home/thussenot/.conda/envs/multinest/lib/python3.8/site-packages/bilby/core/result.py", line 773, in save_to_file
    move_old_file(filename, overwrite)
  File "/home/thussenot/.conda/envs/multinest/lib/python3.8/site-packages/bilby/core/utils/io.py", line 408, in move_old_file
    shutil.move(filename, filename + ".old")
  File "/home/thussenot/.conda/envs/multinest/lib/python3.8/shutil.py", line 811, in move
    copy_function(src, real_dst)
  File "/home/thussenot/.conda/envs/multinest/lib/python3.8/shutil.py", line 435, in copy2
    copyfile(src, dst, follow_symlinks=follow_symlinks)
  File "/home/thussenot/.conda/envs/multinest/lib/python3.8/shutil.py", line 264, in copyfile
    with open(src, 'rb') as fsrc, open(dst, 'wb') as fdst:
FileNotFoundError: [Errno 2] No such file or directory: 'outdirSNtophat32cores/GRB230812B_result.json'
Traceback (most recent call last):
  File "/home/thussenot/.conda/envs/multinest/lib/python3.8/shutil.py", line 791, in move
    os.rename(src, real_dst)
FileNotFoundError: [Errno 2] No such file or directory: 'outdirSNtophat32cores/GRB230812B_result.json' -> 'outdirSNtophat32cores/GRB230812B_result.json.old'

During handling of the above exception, another exception occurred:

Traceback (most recent call last):
  File "/home/thussenot/.conda/envs/multinest/bin/lightcurve-analysis", line 8, in <module>
    sys.exit(main())
  File "/home/thussenot/.conda/envs/multinest/lib/python3.8/site-packages/nmma/em/analysis.py", line 912, in main
    analysis(args)
  File "/home/thussenot/.conda/envs/multinest/lib/python3.8/site-packages/nmma/em/analysis.py", line 658, in analysis
    result = bilby.run_sampler(
  File "/home/thussenot/.conda/envs/multinest/lib/python3.8/site-packages/bilby/core/sampler/__init__.py", line 262, in run_sampler
    result.save_to_file(extension=save, gzip=gzip, outdir=outdir)
  File "/home/thussenot/.conda/envs/multinest/lib/python3.8/site-packages/bilby/core/result.py", line 773, in save_to_file
    move_old_file(filename, overwrite)
  File "/home/thussenot/.conda/envs/multinest/lib/python3.8/site-packages/bilby/core/utils/io.py", line 408, in move_old_file
    shutil.move(filename, filename + ".old")
  File "/home/thussenot/.conda/envs/multinest/lib/python3.8/shutil.py", line 811, in move
    copy_function(src, real_dst)
  File "/home/thussenot/.conda/envs/multinest/lib/python3.8/shutil.py", line 435, in copy2
    copyfile(src, dst, follow_symlinks=follow_symlinks)
  File "/home/thussenot/.conda/envs/multinest/lib/python3.8/shutil.py", line 264, in copyfile
    with open(src, 'rb') as fsrc, open(dst, 'wb') as fdst:
FileNotFoundError: [Errno 2] No such file or directory: 'outdirSNtophat32cores/GRB230812B_result.json'
Traceback (most recent call last):
  File "/home/thussenot/.conda/envs/multinest/lib/python3.8/shutil.py", line 791, in move
    os.rename(src, real_dst)
FileNotFoundError: [Errno 2] No such file or directory: 'outdirSNtophat32cores/GRB230812B_result.json' -> 'outdirSNtophat32cores/GRB230812B_result.json.old'

During handling of the above exception, another exception occurred:

Traceback (most recent call last):
  File "/home/thussenot/.conda/envs/multinest/bin/lightcurve-analysis", line 8, in <module>
    sys.exit(main())
  File "/home/thussenot/.conda/envs/multinest/lib/python3.8/site-packages/nmma/em/analysis.py", line 912, in main
    analysis(args)
  File "/home/thussenot/.conda/envs/multinest/lib/python3.8/site-packages/nmma/em/analysis.py", line 658, in analysis
    result = bilby.run_sampler(
  File "/home/thussenot/.conda/envs/multinest/lib/python3.8/site-packages/bilby/core/sampler/__init__.py", line 262, in run_sampler
    result.save_to_file(extension=save, gzip=gzip, outdir=outdir)
  File "/home/thussenot/.conda/envs/multinest/lib/python3.8/site-packages/bilby/core/result.py", line 773, in save_to_file
    move_old_file(filename, overwrite)
  File "/home/thussenot/.conda/envs/multinest/lib/python3.8/site-packages/bilby/core/utils/io.py", line 408, in move_old_file
    shutil.move(filename, filename + ".old")
  File "/home/thussenot/.conda/envs/multinest/lib/python3.8/shutil.py", line 811, in move
    copy_function(src, real_dst)
  File "/home/thussenot/.conda/envs/multinest/lib/python3.8/shutil.py", line 435, in copy2
    copyfile(src, dst, follow_symlinks=follow_symlinks)
  File "/home/thussenot/.conda/envs/multinest/lib/python3.8/shutil.py", line 264, in copyfile
    with open(src, 'rb') as fsrc, open(dst, 'wb') as fdst:
FileNotFoundError: [Errno 2] No such file or directory: 'outdirSNtophat32cores/GRB230812B_result.json'
Traceback (most recent call last):
  File "/home/thussenot/.conda/envs/multinest/lib/python3.8/shutil.py", line 791, in move
    os.rename(src, real_dst)
FileNotFoundError: [Errno 2] No such file or directory: 'outdirSNtophat32cores/GRB230812B_result.json' -> 'outdirSNtophat32cores/GRB230812B_result.json.old'

During handling of the above exception, another exception occurred:

Traceback (most recent call last):
  File "/home/thussenot/.conda/envs/multinest/bin/lightcurve-analysis", line 8, in <module>
    sys.exit(main())
  File "/home/thussenot/.conda/envs/multinest/lib/python3.8/site-packages/nmma/em/analysis.py", line 912, in main
    analysis(args)
  File "/home/thussenot/.conda/envs/multinest/lib/python3.8/site-packages/nmma/em/analysis.py", line 658, in analysis
    result = bilby.run_sampler(
  File "/home/thussenot/.conda/envs/multinest/lib/python3.8/site-packages/bilby/core/sampler/__init__.py", line 262, in run_sampler
    result.save_to_file(extension=save, gzip=gzip, outdir=outdir)
  File "/home/thussenot/.conda/envs/multinest/lib/python3.8/site-packages/bilby/core/result.py", line 773, in save_to_file
    move_old_file(filename, overwrite)
  File "/home/thussenot/.conda/envs/multinest/lib/python3.8/site-packages/bilby/core/utils/io.py", line 408, in move_old_file
    shutil.move(filename, filename + ".old")
  File "/home/thussenot/.conda/envs/multinest/lib/python3.8/shutil.py", line 811, in move
    copy_function(src, real_dst)
  File "/home/thussenot/.conda/envs/multinest/lib/python3.8/shutil.py", line 435, in copy2
    copyfile(src, dst, follow_symlinks=follow_symlinks)
  File "/home/thussenot/.conda/envs/multinest/lib/python3.8/shutil.py", line 264, in copyfile
    with open(src, 'rb') as fsrc, open(dst, 'wb') as fdst:
FileNotFoundError: [Errno 2] No such file or directory: 'outdirSNtophat32cores/GRB230812B_result.json'
Traceback (most recent call last):
  File "/home/thussenot/.conda/envs/multinest/lib/python3.8/shutil.py", line 791, in move
    os.rename(src, real_dst)
FileNotFoundError: [Errno 2] No such file or directory: 'outdirSNtophat32cores/GRB230812B_result.json' -> 'outdirSNtophat32cores/GRB230812B_result.json.old'

During handling of the above exception, another exception occurred:

Traceback (most recent call last):
  File "/home/thussenot/.conda/envs/multinest/bin/lightcurve-analysis", line 8, in <module>
    sys.exit(main())
  File "/home/thussenot/.conda/envs/multinest/lib/python3.8/site-packages/nmma/em/analysis.py", line 912, in main
    analysis(args)
  File "/home/thussenot/.conda/envs/multinest/lib/python3.8/site-packages/nmma/em/analysis.py", line 658, in analysis
    result = bilby.run_sampler(
  File "/home/thussenot/.conda/envs/multinest/lib/python3.8/site-packages/bilby/core/sampler/__init__.py", line 262, in run_sampler
    result.save_to_file(extension=save, gzip=gzip, outdir=outdir)
  File "/home/thussenot/.conda/envs/multinest/lib/python3.8/site-packages/bilby/core/result.py", line 773, in save_to_file
    move_old_file(filename, overwrite)
  File "/home/thussenot/.conda/envs/multinest/lib/python3.8/site-packages/bilby/core/utils/io.py", line 408, in move_old_file
    shutil.move(filename, filename + ".old")
  File "/home/thussenot/.conda/envs/multinest/lib/python3.8/shutil.py", line 811, in move
    copy_function(src, real_dst)
  File "/home/thussenot/.conda/envs/multinest/lib/python3.8/shutil.py", line 435, in copy2
    copyfile(src, dst, follow_symlinks=follow_symlinks)
  File "/home/thussenot/.conda/envs/multinest/lib/python3.8/shutil.py", line 264, in copyfile
    with open(src, 'rb') as fsrc, open(dst, 'wb') as fdst:
FileNotFoundError: [Errno 2] No such file or directory: 'outdirSNtophat32cores/GRB230812B_result.json'
Traceback (most recent call last):
  File "/home/thussenot/.conda/envs/multinest/lib/python3.8/shutil.py", line 791, in move
    os.rename(src, real_dst)
FileNotFoundError: [Errno 2] No such file or directory: 'outdirSNtophat32cores/GRB230812B_result.json' -> 'outdirSNtophat32cores/GRB230812B_result.json.old'

During handling of the above exception, another exception occurred:

Traceback (most recent call last):
  File "/home/thussenot/.conda/envs/multinest/bin/lightcurve-analysis", line 8, in <module>
    sys.exit(main())
  File "/home/thussenot/.conda/envs/multinest/lib/python3.8/site-packages/nmma/em/analysis.py", line 912, in main
    analysis(args)
  File "/home/thussenot/.conda/envs/multinest/lib/python3.8/site-packages/nmma/em/analysis.py", line 658, in analysis
    result = bilby.run_sampler(
  File "/home/thussenot/.conda/envs/multinest/lib/python3.8/site-packages/bilby/core/sampler/__init__.py", line 262, in run_sampler
    result.save_to_file(extension=save, gzip=gzip, outdir=outdir)
  File "/home/thussenot/.conda/envs/multinest/lib/python3.8/site-packages/bilby/core/result.py", line 773, in save_to_file
    move_old_file(filename, overwrite)
  File "/home/thussenot/.conda/envs/multinest/lib/python3.8/site-packages/bilby/core/utils/io.py", line 408, in move_old_file
    shutil.move(filename, filename + ".old")
  File "/home/thussenot/.conda/envs/multinest/lib/python3.8/shutil.py", line 811, in move
    copy_function(src, real_dst)
  File "/home/thussenot/.conda/envs/multinest/lib/python3.8/shutil.py", line 435, in copy2
    copyfile(src, dst, follow_symlinks=follow_symlinks)
  File "/home/thussenot/.conda/envs/multinest/lib/python3.8/shutil.py", line 264, in copyfile
    with open(src, 'rb') as fsrc, open(dst, 'wb') as fdst:
FileNotFoundError: [Errno 2] No such file or directory: 'outdirSNtophat32cores/GRB230812B_result.json'
Traceback (most recent call last):
  File "/home/thussenot/.conda/envs/multinest/lib/python3.8/shutil.py", line 791, in move
    os.rename(src, real_dst)
FileNotFoundError: [Errno 2] No such file or directory: 'outdirSNtophat32cores/GRB230812B_result.json' -> 'outdirSNtophat32cores/GRB230812B_result.json.old'

During handling of the above exception, another exception occurred:

Traceback (most recent call last):
  File "/home/thussenot/.conda/envs/multinest/bin/lightcurve-analysis", line 8, in <module>
    sys.exit(main())
  File "/home/thussenot/.conda/envs/multinest/lib/python3.8/site-packages/nmma/em/analysis.py", line 912, in main
    analysis(args)
  File "/home/thussenot/.conda/envs/multinest/lib/python3.8/site-packages/nmma/em/analysis.py", line 658, in analysis
    result = bilby.run_sampler(
  File "/home/thussenot/.conda/envs/multinest/lib/python3.8/site-packages/bilby/core/sampler/__init__.py", line 262, in run_sampler
    result.save_to_file(extension=save, gzip=gzip, outdir=outdir)
  File "/home/thussenot/.conda/envs/multinest/lib/python3.8/site-packages/bilby/core/result.py", line 773, in save_to_file
    move_old_file(filename, overwrite)
  File "/home/thussenot/.conda/envs/multinest/lib/python3.8/site-packages/bilby/core/utils/io.py", line 408, in move_old_file
    shutil.move(filename, filename + ".old")
  File "/home/thussenot/.conda/envs/multinest/lib/python3.8/shutil.py", line 811, in move
    copy_function(src, real_dst)
  File "/home/thussenot/.conda/envs/multinest/lib/python3.8/shutil.py", line 435, in copy2
    copyfile(src, dst, follow_symlinks=follow_symlinks)
  File "/home/thussenot/.conda/envs/multinest/lib/python3.8/shutil.py", line 264, in copyfile
    with open(src, 'rb') as fsrc, open(dst, 'wb') as fdst:
FileNotFoundError: [Errno 2] No such file or directory: 'outdirSNtophat32cores/GRB230812B_result.json'
Traceback (most recent call last):
  File "/home/thussenot/.conda/envs/multinest/lib/python3.8/shutil.py", line 791, in move
    os.rename(src, real_dst)
FileNotFoundError: [Errno 2] No such file or directory: 'outdirSNtophat32cores/GRB230812B_result.json' -> 'outdirSNtophat32cores/GRB230812B_result.json.old'

During handling of the above exception, another exception occurred:

Traceback (most recent call last):
  File "/home/thussenot/.conda/envs/multinest/bin/lightcurve-analysis", line 8, in <module>
    sys.exit(main())
  File "/home/thussenot/.conda/envs/multinest/lib/python3.8/site-packages/nmma/em/analysis.py", line 912, in main
    analysis(args)
  File "/home/thussenot/.conda/envs/multinest/lib/python3.8/site-packages/nmma/em/analysis.py", line 658, in analysis
    result = bilby.run_sampler(
  File "/home/thussenot/.conda/envs/multinest/lib/python3.8/site-packages/bilby/core/sampler/__init__.py", line 262, in run_sampler
    result.save_to_file(extension=save, gzip=gzip, outdir=outdir)
  File "/home/thussenot/.conda/envs/multinest/lib/python3.8/site-packages/bilby/core/result.py", line 773, in save_to_file
    move_old_file(filename, overwrite)
  File "/home/thussenot/.conda/envs/multinest/lib/python3.8/site-packages/bilby/core/utils/io.py", line 408, in move_old_file
    shutil.move(filename, filename + ".old")
  File "/home/thussenot/.conda/envs/multinest/lib/python3.8/shutil.py", line 811, in move
    copy_function(src, real_dst)
  File "/home/thussenot/.conda/envs/multinest/lib/python3.8/shutil.py", line 435, in copy2
    copyfile(src, dst, follow_symlinks=follow_symlinks)
  File "/home/thussenot/.conda/envs/multinest/lib/python3.8/shutil.py", line 264, in copyfile
    with open(src, 'rb') as fsrc, open(dst, 'wb') as fdst:
FileNotFoundError: [Errno 2] No such file or directory: 'outdirSNtophat32cores/GRB230812B_result.json'
15:57 bilby INFO    : Sampling time: 5:50:27.348583
15:57 bilby INFO    : Sampling time: 5:50:17.885051
15:57 bilby INFO    : Sampling time: 5:50:18.615819
15:57 bilby INFO    : Sampling time: 5:50:18.365661
15:57 bilby INFO    : Sampling time: 5:50:10.985354
15:57 bilby INFO    : Sampling time: 5:50:17.742740
15:57 bilby INFO    : Sampling time: 5:50:19.596638
15:57 bilby INFO    : Sampling time: 5:50:16.439904
15:57 bilby INFO    : Sampling time: 5:50:21.180583
15:57 bilby INFO    : Sampling time: 5:50:22.034477
Traceback (most recent call last):
  File "/home/thussenot/.conda/envs/multinest/lib/python3.8/shutil.py", line 791, in move
    os.rename(src, real_dst)
FileNotFoundError: [Errno 2] No such file or directory: 'outdirSNtophat32cores/GRB230812B_result.json' -> 'outdirSNtophat32cores/GRB230812B_result.json.old'

During handling of the above exception, another exception occurred:

Traceback (most recent call last):
  File "/home/thussenot/.conda/envs/multinest/bin/lightcurve-analysis", line 8, in <module>
    sys.exit(main())
  File "/home/thussenot/.conda/envs/multinest/lib/python3.8/site-packages/nmma/em/analysis.py", line 912, in main
    analysis(args)
  File "/home/thussenot/.conda/envs/multinest/lib/python3.8/site-packages/nmma/em/analysis.py", line 658, in analysis
    result = bilby.run_sampler(
  File "/home/thussenot/.conda/envs/multinest/lib/python3.8/site-packages/bilby/core/sampler/__init__.py", line 262, in run_sampler
    result.save_to_file(extension=save, gzip=gzip, outdir=outdir)
  File "/home/thussenot/.conda/envs/multinest/lib/python3.8/site-packages/bilby/core/result.py", line 773, in save_to_file
    move_old_file(filename, overwrite)
  File "/home/thussenot/.conda/envs/multinest/lib/python3.8/site-packages/bilby/core/utils/io.py", line 408, in move_old_file
    shutil.move(filename, filename + ".old")
  File "/home/thussenot/.conda/envs/multinest/lib/python3.8/shutil.py", line 811, in move
    copy_function(src, real_dst)
  File "/home/thussenot/.conda/envs/multinest/lib/python3.8/shutil.py", line 436, in copy2
    copystat(src, dst, follow_symlinks=follow_symlinks)
  File "/home/thussenot/.conda/envs/multinest/lib/python3.8/shutil.py", line 373, in copystat
    st = lookup("stat")(src, follow_symlinks=follow)
FileNotFoundError: [Errno 2] No such file or directory: 'outdirSNtophat32cores/GRB230812B_result.json'
Traceback (most recent call last):
  File "/home/thussenot/.conda/envs/multinest/lib/python3.8/shutil.py", line 791, in move
    os.rename(src, real_dst)
FileNotFoundError: [Errno 2] No such file or directory: 'outdirSNtophat32cores/GRB230812B_result.json' -> 'outdirSNtophat32cores/GRB230812B_result.json.old'

During handling of the above exception, another exception occurred:

Traceback (most recent call last):
  File "/home/thussenot/.conda/envs/multinest/bin/lightcurve-analysis", line 8, in <module>
    sys.exit(main())
  File "/home/thussenot/.conda/envs/multinest/lib/python3.8/site-packages/nmma/em/analysis.py", line 912, in main
    analysis(args)
  File "/home/thussenot/.conda/envs/multinest/lib/python3.8/site-packages/nmma/em/analysis.py", line 658, in analysis
    result = bilby.run_sampler(
  File "/home/thussenot/.conda/envs/multinest/lib/python3.8/site-packages/bilby/core/sampler/__init__.py", line 262, in run_sampler
    result.save_to_file(extension=save, gzip=gzip, outdir=outdir)
  File "/home/thussenot/.conda/envs/multinest/lib/python3.8/site-packages/bilby/core/result.py", line 773, in save_to_file
    move_old_file(filename, overwrite)
  File "/home/thussenot/.conda/envs/multinest/lib/python3.8/site-packages/bilby/core/utils/io.py", line 408, in move_old_file
    shutil.move(filename, filename + ".old")
  File "/home/thussenot/.conda/envs/multinest/lib/python3.8/shutil.py", line 811, in move
    copy_function(src, real_dst)
  File "/home/thussenot/.conda/envs/multinest/lib/python3.8/shutil.py", line 436, in copy2
    copystat(src, dst, follow_symlinks=follow_symlinks)
  File "/home/thussenot/.conda/envs/multinest/lib/python3.8/shutil.py", line 373, in copystat
    st = lookup("stat")(src, follow_symlinks=follow)
FileNotFoundError: [Errno 2] No such file or directory: 'outdirSNtophat32cores/GRB230812B_result.json'
Traceback (most recent call last):
  File "/home/thussenot/.conda/envs/multinest/lib/python3.8/shutil.py", line 791, in move
    os.rename(src, real_dst)
FileNotFoundError: [Errno 2] No such file or directory: 'outdirSNtophat32cores/GRB230812B_result.json' -> 'outdirSNtophat32cores/GRB230812B_result.json.old'

During handling of the above exception, another exception occurred:

Traceback (most recent call last):
  File "/home/thussenot/.conda/envs/multinest/bin/lightcurve-analysis", line 8, in <module>
    sys.exit(main())
  File "/home/thussenot/.conda/envs/multinest/lib/python3.8/site-packages/nmma/em/analysis.py", line 912, in main
    analysis(args)
  File "/home/thussenot/.conda/envs/multinest/lib/python3.8/site-packages/nmma/em/analysis.py", line 658, in analysis
    result = bilby.run_sampler(
  File "/home/thussenot/.conda/envs/multinest/lib/python3.8/site-packages/bilby/core/sampler/__init__.py", line 262, in run_sampler
    result.save_to_file(extension=save, gzip=gzip, outdir=outdir)
  File "/home/thussenot/.conda/envs/multinest/lib/python3.8/site-packages/bilby/core/result.py", line 773, in save_to_file
    move_old_file(filename, overwrite)
  File "/home/thussenot/.conda/envs/multinest/lib/python3.8/site-packages/bilby/core/utils/io.py", line 408, in move_old_file
    shutil.move(filename, filename + ".old")
  File "/home/thussenot/.conda/envs/multinest/lib/python3.8/shutil.py", line 811, in move
    copy_function(src, real_dst)
  File "/home/thussenot/.conda/envs/multinest/lib/python3.8/shutil.py", line 436, in copy2
    copystat(src, dst, follow_symlinks=follow_symlinks)
  File "/home/thussenot/.conda/envs/multinest/lib/python3.8/shutil.py", line 373, in copystat
    st = lookup("stat")(src, follow_symlinks=follow)
FileNotFoundError: [Errno 2] No such file or directory: 'outdirSNtophat32cores/GRB230812B_result.json'
Traceback (most recent call last):
  File "/home/thussenot/.conda/envs/multinest/lib/python3.8/shutil.py", line 791, in move
    os.rename(src, real_dst)
FileNotFoundError: [Errno 2] No such file or directory: 'outdirSNtophat32cores/GRB230812B_result.json' -> 'outdirSNtophat32cores/GRB230812B_result.json.old'

During handling of the above exception, another exception occurred:

Traceback (most recent call last):
  File "/home/thussenot/.conda/envs/multinest/bin/lightcurve-analysis", line 8, in <module>
    sys.exit(main())
  File "/home/thussenot/.conda/envs/multinest/lib/python3.8/site-packages/nmma/em/analysis.py", line 912, in main
    analysis(args)
  File "/home/thussenot/.conda/envs/multinest/lib/python3.8/site-packages/nmma/em/analysis.py", line 658, in analysis
    result = bilby.run_sampler(
  File "/home/thussenot/.conda/envs/multinest/lib/python3.8/site-packages/bilby/core/sampler/__init__.py", line 262, in run_sampler
    result.save_to_file(extension=save, gzip=gzip, outdir=outdir)
  File "/home/thussenot/.conda/envs/multinest/lib/python3.8/site-packages/bilby/core/result.py", line 773, in save_to_file
    move_old_file(filename, overwrite)
  File "/home/thussenot/.conda/envs/multinest/lib/python3.8/site-packages/bilby/core/utils/io.py", line 408, in move_old_file
    shutil.move(filename, filename + ".old")
  File "/home/thussenot/.conda/envs/multinest/lib/python3.8/shutil.py", line 811, in move
    copy_function(src, real_dst)
  File "/home/thussenot/.conda/envs/multinest/lib/python3.8/shutil.py", line 436, in copy2
    copystat(src, dst, follow_symlinks=follow_symlinks)
  File "/home/thussenot/.conda/envs/multinest/lib/python3.8/shutil.py", line 373, in copystat
    st = lookup("stat")(src, follow_symlinks=follow)
FileNotFoundError: [Errno 2] No such file or directory: 'outdirSNtophat32cores/GRB230812B_result.json'
Traceback (most recent call last):
  File "/home/thussenot/.conda/envs/multinest/lib/python3.8/shutil.py", line 791, in move
    os.rename(src, real_dst)
FileNotFoundError: [Errno 2] No such file or directory: 'outdirSNtophat32cores/GRB230812B_result.json' -> 'outdirSNtophat32cores/GRB230812B_result.json.old'

During handling of the above exception, another exception occurred:

Traceback (most recent call last):
  File "/home/thussenot/.conda/envs/multinest/bin/lightcurve-analysis", line 8, in <module>
    sys.exit(main())
  File "/home/thussenot/.conda/envs/multinest/lib/python3.8/site-packages/nmma/em/analysis.py", line 912, in main
    analysis(args)
  File "/home/thussenot/.conda/envs/multinest/lib/python3.8/site-packages/nmma/em/analysis.py", line 658, in analysis
    result = bilby.run_sampler(
  File "/home/thussenot/.conda/envs/multinest/lib/python3.8/site-packages/bilby/core/sampler/__init__.py", line 262, in run_sampler
    result.save_to_file(extension=save, gzip=gzip, outdir=outdir)
  File "/home/thussenot/.conda/envs/multinest/lib/python3.8/site-packages/bilby/core/result.py", line 773, in save_to_file
    move_old_file(filename, overwrite)
  File "/home/thussenot/.conda/envs/multinest/lib/python3.8/site-packages/bilby/core/utils/io.py", line 408, in move_old_file
    shutil.move(filename, filename + ".old")
  File "/home/thussenot/.conda/envs/multinest/lib/python3.8/shutil.py", line 811, in move
    copy_function(src, real_dst)
  File "/home/thussenot/.conda/envs/multinest/lib/python3.8/shutil.py", line 436, in copy2
    copystat(src, dst, follow_symlinks=follow_symlinks)
  File "/home/thussenot/.conda/envs/multinest/lib/python3.8/shutil.py", line 373, in copystat
    st = lookup("stat")(src, follow_symlinks=follow)
FileNotFoundError: [Errno 2] No such file or directory: 'outdirSNtophat32cores/GRB230812B_result.json'
Traceback (most recent call last):
  File "/home/thussenot/.conda/envs/multinest/lib/python3.8/shutil.py", line 791, in move
    os.rename(src, real_dst)
FileNotFoundError: [Errno 2] No such file or directory: 'outdirSNtophat32cores/GRB230812B_result.json' -> 'outdirSNtophat32cores/GRB230812B_result.json.old'

During handling of the above exception, another exception occurred:

Traceback (most recent call last):
  File "/home/thussenot/.conda/envs/multinest/bin/lightcurve-analysis", line 8, in <module>
    sys.exit(main())
  File "/home/thussenot/.conda/envs/multinest/lib/python3.8/site-packages/nmma/em/analysis.py", line 912, in main
    analysis(args)
  File "/home/thussenot/.conda/envs/multinest/lib/python3.8/site-packages/nmma/em/analysis.py", line 658, in analysis
    result = bilby.run_sampler(
  File "/home/thussenot/.conda/envs/multinest/lib/python3.8/site-packages/bilby/core/sampler/__init__.py", line 262, in run_sampler
    result.save_to_file(extension=save, gzip=gzip, outdir=outdir)
  File "/home/thussenot/.conda/envs/multinest/lib/python3.8/site-packages/bilby/core/result.py", line 773, in save_to_file
    move_old_file(filename, overwrite)
  File "/home/thussenot/.conda/envs/multinest/lib/python3.8/site-packages/bilby/core/utils/io.py", line 408, in move_old_file
    shutil.move(filename, filename + ".old")
  File "/home/thussenot/.conda/envs/multinest/lib/python3.8/shutil.py", line 811, in move
    copy_function(src, real_dst)
  File "/home/thussenot/.conda/envs/multinest/lib/python3.8/shutil.py", line 436, in copy2
    copystat(src, dst, follow_symlinks=follow_symlinks)
  File "/home/thussenot/.conda/envs/multinest/lib/python3.8/shutil.py", line 373, in copystat
    st = lookup("stat")(src, follow_symlinks=follow)
FileNotFoundError: [Errno 2] No such file or directory: 'outdirSNtophat32cores/GRB230812B_result.json'
Traceback (most recent call last):
  File "/home/thussenot/.conda/envs/multinest/bin/lightcurve-analysis", line 8, in <module>
    sys.exit(main())
  File "/home/thussenot/.conda/envs/multinest/lib/python3.8/site-packages/nmma/em/analysis.py", line 912, in main
    analysis(args)
  File "/home/thussenot/.conda/envs/multinest/lib/python3.8/site-packages/nmma/em/analysis.py", line 658, in analysis
    result = bilby.run_sampler(
  File "/home/thussenot/.conda/envs/multinest/lib/python3.8/site-packages/bilby/core/sampler/__init__.py", line 278, in run_sampler
    result.save_to_file(overwrite=True, extension=save, gzip=gzip, outdir=outdir)
  File "/home/thussenot/.conda/envs/multinest/lib/python3.8/site-packages/bilby/core/result.py", line 773, in save_to_file
    move_old_file(filename, overwrite)
  File "/home/thussenot/.conda/envs/multinest/lib/python3.8/site-packages/bilby/core/utils/io.py", line 403, in move_old_file
    os.remove(filename)
FileNotFoundError: [Errno 2] No such file or directory: 'outdirSNtophat32cores/GRB230812B_result.json'
Traceback (most recent call last):
  File "/home/thussenot/.conda/envs/multinest/bin/lightcurve-analysis", line 8, in <module>
    sys.exit(main())
  File "/home/thussenot/.conda/envs/multinest/lib/python3.8/site-packages/nmma/em/analysis.py", line 912, in main
    analysis(args)
  File "/home/thussenot/.conda/envs/multinest/lib/python3.8/site-packages/nmma/em/analysis.py", line 658, in analysis
    result = bilby.run_sampler(
  File "/home/thussenot/.conda/envs/multinest/lib/python3.8/site-packages/bilby/core/sampler/__init__.py", line 278, in run_sampler
    result.save_to_file(overwrite=True, extension=save, gzip=gzip, outdir=outdir)
  File "/home/thussenot/.conda/envs/multinest/lib/python3.8/site-packages/bilby/core/result.py", line 773, in save_to_file
    move_old_file(filename, overwrite)
  File "/home/thussenot/.conda/envs/multinest/lib/python3.8/site-packages/bilby/core/utils/io.py", line 403, in move_old_file
    os.remove(filename)
FileNotFoundError: [Errno 2] No such file or directory: 'outdirSNtophat32cores/GRB230812B_result.json'
15:57 bilby ERROR   : 

Saving the data has failed with the following message:
[Errno 116] Stale file handle
Data has been dumped to outdirSNtophat32cores/GRB230812B_result.pkl.


OSError: [Errno 5] Input/output error

During handling of the above exception, another exception occurred:

Traceback (most recent call last):
  File "/home/thussenot/.conda/envs/multinest/lib/python3.8/site-packages/bilby/core/result.py", line 796, in save_to_file
    json.dump(dictionary, file, indent=2, cls=BilbyJsonEncoder)
OSError: [Errno 116] Stale file handle

During handling of the above exception, another exception occurred:

Traceback (most recent call last):
  File "/home/thussenot/.conda/envs/multinest/lib/python3.8/shutil.py", line 791, in move
    os.rename(src, real_dst)
FileNotFoundError: [Errno 2] No such file or directory: 'outdirSNtophat32cores/GRB230812B_result.pkl.temp' -> 'outdirSNtophat32cores/GRB230812B_result.pkl'

During handling of the above exception, another exception occurred:

Traceback (most recent call last):
  File "/home/thussenot/.conda/envs/multinest/bin/lightcurve-analysis", line 8, in <module>
    sys.exit(main())
  File "/home/thussenot/.conda/envs/multinest/lib/python3.8/site-packages/nmma/em/analysis.py", line 912, in main
    analysis(args)
  File "/home/thussenot/.conda/envs/multinest/lib/python3.8/site-packages/nmma/em/analysis.py", line 658, in analysis
    result = bilby.run_sampler(
  File "/home/thussenot/.conda/envs/multinest/lib/python3.8/site-packages/bilby/core/sampler/__init__.py", line 262, in run_sampler
    result.save_to_file(extension=save, gzip=gzip, outdir=outdir)
  File "/home/thussenot/.conda/envs/multinest/lib/python3.8/site-packages/bilby/core/result.py", line 809, in save_to_file
    safe_file_dump(self, filename, "dill")
  File "/home/thussenot/.conda/envs/multinest/lib/python3.8/site-packages/bilby/core/utils/io.py", line 386, in safe_file_dump
    shutil.move(temp_filename, filename)
  File "/home/thussenot/.conda/envs/multinest/lib/python3.8/shutil.py", line 811, in move
    copy_function(src, real_dst)
  File "/home/thussenot/.conda/envs/multinest/lib/python3.8/shutil.py", line 435, in copy2
    copyfile(src, dst, follow_symlinks=follow_symlinks)
  File "/home/thussenot/.conda/envs/multinest/lib/python3.8/shutil.py", line 264, in copyfile
    with open(src, 'rb') as fsrc, open(dst, 'wb') as fdst:
FileNotFoundError: [Errno 2] No such file or directory: 'outdirSNtophat32cores/GRB230812B_result.pkl.temp'
Traceback (most recent call last):
  File "/home/thussenot/.conda/envs/multinest/bin/lightcurve-analysis", line 8, in <module>
    sys.exit(main())
  File "/home/thussenot/.conda/envs/multinest/lib/python3.8/site-packages/nmma/em/analysis.py", line 912, in main
    analysis(args)
  File "/home/thussenot/.conda/envs/multinest/lib/python3.8/site-packages/nmma/em/analysis.py", line 658, in analysis
    result = bilby.run_sampler(
  File "/home/thussenot/.conda/envs/multinest/lib/python3.8/site-packages/bilby/core/sampler/__init__.py", line 278, in run_sampler
    result.save_to_file(overwrite=True, extension=save, gzip=gzip, outdir=outdir)
  File "/home/thussenot/.conda/envs/multinest/lib/python3.8/site-packages/bilby/core/result.py", line 773, in save_to_file
    move_old_file(filename, overwrite)
  File "/home/thussenot/.conda/envs/multinest/lib/python3.8/site-packages/bilby/core/utils/io.py", line 403, in move_old_file
    os.remove(filename)
FileNotFoundError: [Errno 2] No such file or directory: 'outdirSNtophat32cores/GRB230812B_result.json'
Traceback (most recent call last):
  File "/home/thussenot/.conda/envs/multinest/bin/lightcurve-analysis", line 8, in <module>
    sys.exit(main())
  File "/home/thussenot/.conda/envs/multinest/lib/python3.8/site-packages/nmma/em/analysis.py", line 912, in main
    analysis(args)
  File "/home/thussenot/.conda/envs/multinest/lib/python3.8/site-packages/nmma/em/analysis.py", line 658, in analysis
    result = bilby.run_sampler(
  File "/home/thussenot/.conda/envs/multinest/lib/python3.8/site-packages/bilby/core/sampler/__init__.py", line 278, in run_sampler
    result.save_to_file(overwrite=True, extension=save, gzip=gzip, outdir=outdir)
  File "/home/thussenot/.conda/envs/multinest/lib/python3.8/site-packages/bilby/core/result.py", line 773, in save_to_file
    move_old_file(filename, overwrite)
  File "/home/thussenot/.conda/envs/multinest/lib/python3.8/site-packages/bilby/core/utils/io.py", line 403, in move_old_file
    os.remove(filename)
FileNotFoundError: [Errno 2] No such file or directory: 'outdirSNtophat32cores/GRB230812B_result.json'
Traceback (most recent call last):
  File "/home/thussenot/.conda/envs/multinest/bin/lightcurve-analysis", line 8, in <module>
    sys.exit(main())
  File "/home/thussenot/.conda/envs/multinest/lib/python3.8/site-packages/nmma/em/analysis.py", line 912, in main
    analysis(args)
  File "/home/thussenot/.conda/envs/multinest/lib/python3.8/site-packages/nmma/em/analysis.py", line 658, in analysis
    result = bilby.run_sampler(
  File "/home/thussenot/.conda/envs/multinest/lib/python3.8/site-packages/bilby/core/sampler/__init__.py", line 278, in run_sampler
    result.save_to_file(overwrite=True, extension=save, gzip=gzip, outdir=outdir)
  File "/home/thussenot/.conda/envs/multinest/lib/python3.8/site-packages/bilby/core/result.py", line 773, in save_to_file
    move_old_file(filename, overwrite)
  File "/home/thussenot/.conda/envs/multinest/lib/python3.8/site-packages/bilby/core/utils/io.py", line 403, in move_old_file
    os.remove(filename)
FileNotFoundError: [Errno 2] No such file or directory: 'outdirSNtophat32cores/GRB230812B_result.json'
15:57 bilby INFO    : Summary of results:
nsamples: 18363
ln_noise_evidence:  0.000
ln_evidence: -59.318 +/-  0.113
ln_bayes_factor: -59.318 +/-  0.113

15:57 bilby INFO    : Writing samples file to /home/thussenot/GRB230812B/Fullrun2/01SNGRB/Tophat/outdirSNtophat32cores/GRB230812B_posterior_samples.dat
15:57 bilby INFO    : Summary of results:
nsamples: 18363
ln_noise_evidence:  0.000
ln_evidence: -59.318 +/-  0.113
ln_bayes_factor: -59.318 +/-  0.113

15:57 bilby INFO    : Writing samples file to /home/thussenot/GRB230812B/Fullrun2/01SNGRB/Tophat/outdirSNtophat32cores/GRB230812B_posterior_samples.dat
15:57 bilby INFO    : Summary of results:
nsamples: 18363
ln_noise_evidence:  0.000
ln_evidence: -59.318 +/-  0.113
ln_bayes_factor: -59.318 +/-  0.113

15:57 bilby INFO    : Writing samples file to /home/thussenot/GRB230812B/Fullrun2/01SNGRB/Tophat/outdirSNtophat32cores/GRB230812B_posterior_samples.dat
15:57 bilby INFO    : Summary of results:
nsamples: 18363
ln_noise_evidence:  0.000
ln_evidence: -59.318 +/-  0.113
ln_bayes_factor: -59.318 +/-  0.113

15:57 bilby INFO    : Writing samples file to /home/thussenot/GRB230812B/Fullrun2/01SNGRB/Tophat/outdirSNtophat32cores/GRB230812B_posterior_samples.dat
15:57 bilby INFO    : Summary of results:
nsamples: 18363
ln_noise_evidence:  0.000
ln_evidence: -59.318 +/-  0.113
ln_bayes_factor: -59.318 +/-  0.113

15:57 bilby INFO    : Summary of results:
nsamples: 18363
ln_noise_evidence:  0.000
ln_evidence: -59.318 +/-  0.113
ln_bayes_factor: -59.318 +/-  0.113

15:57 bilby INFO    : Writing samples file to /home/thussenot/GRB230812B/Fullrun2/01SNGRB/Tophat/outdirSNtophat32cores/GRB230812B_posterior_samples.dat
15:57 bilby INFO    : Summary of results:
nsamples: 18363
ln_noise_evidence:  0.000
ln_evidence: -59.318 +/-  0.113
ln_bayes_factor: -59.318 +/-  0.113

15:57 bilby INFO    : Summary of results:
nsamples: 18363
ln_noise_evidence:  0.000
ln_evidence: -59.318 +/-  0.113
ln_bayes_factor: -59.318 +/-  0.113

15:57 bilby INFO    : Summary of results:
nsamples: 18363
ln_noise_evidence:  0.000
ln_evidence: -59.318 +/-  0.113
ln_bayes_factor: -59.318 +/-  0.113

15:57 bilby INFO    : Writing samples file to /home/thussenot/GRB230812B/Fullrun2/01SNGRB/Tophat/outdirSNtophat32cores/GRB230812B_posterior_samples.dat
15:57 bilby INFO    : Writing samples file to /home/thussenot/GRB230812B/Fullrun2/01SNGRB/Tophat/outdirSNtophat32cores/GRB230812B_posterior_samples.dat
15:57 bilby INFO    : Writing samples file to /home/thussenot/GRB230812B/Fullrun2/01SNGRB/Tophat/outdirSNtophat32cores/GRB230812B_posterior_samples.dat
15:57 bilby INFO    : Writing samples file to /home/thussenot/GRB230812B/Fullrun2/01SNGRB/Tophat/outdirSNtophat32cores/GRB230812B_posterior_samples.dat
/home/thussenot/.conda/envs/multinest/lib/python3.8/site-packages/matplotlib/axes/_base.py:2503: UserWarning: Warning: converting a masked element to nan.
  xys = np.asarray(xys)
/home/thussenot/.conda/envs/multinest/lib/python3.8/site-packages/matplotlib/axes/_base.py:2503: UserWarning: Warning: converting a masked element to nan.
  xys = np.asarray(xys)
/home/thussenot/.conda/envs/multinest/lib/python3.8/site-packages/matplotlib/axes/_base.py:2503: UserWarning: Warning: converting a masked element to nan.
  xys = np.asarray(xys)
/home/thussenot/.conda/envs/multinest/lib/python3.8/site-packages/matplotlib/axes/_base.py:2503: UserWarning: Warning: converting a masked element to nan.
  xys = np.asarray(xys)
/home/thussenot/.conda/envs/multinest/lib/python3.8/site-packages/matplotlib/axes/_base.py:2503: UserWarning: Warning: converting a masked element to nan.
  xys = np.asarray(xys)
/home/thussenot/.conda/envs/multinest/lib/python3.8/site-packages/matplotlib/axes/_base.py:2503: UserWarning: Warning: converting a masked element to nan.
  xys = np.asarray(xys)
/home/thussenot/.conda/envs/multinest/lib/python3.8/site-packages/matplotlib/axes/_base.py:2503: UserWarning: Warning: converting a masked element to nan.
  xys = np.asarray(xys)
/home/thussenot/.conda/envs/multinest/lib/python3.8/site-packages/matplotlib/axes/_base.py:2503: UserWarning: Warning: converting a masked element to nan.
  xys = np.asarray(xys)
/home/thussenot/.conda/envs/multinest/lib/python3.8/site-packages/matplotlib/axes/_base.py:2503: UserWarning: Warning: converting a masked element to nan.
  xys = np.asarray(xys)
--------------------------------------------------------------------------
Primary job  terminated normally, but 1 process returned
a non-zero exit code. Per user-direction, the job has been aborted.
--------------------------------------------------------------------------
--------------------------------------------------------------------------
mpiexec detected that one or more processes exited with non-zero status, thus causing
the job to be terminated. The first process to do so was:

  Process name: [[48969,1],16]
  Exit code:    1
--------------------------------------------------------------------------
