05:50 bilby INFO    : Running for label 'GRB230812B', output will be saved to 'outdirSNtophat32cores'
05:50 bilby INFO    : Running for label 'GRB230812B', output will be saved to 'outdirSNtophat32cores'
05:50 bilby INFO    : Running for label 'GRB230812B', output will be saved to 'outdirSNtophat32cores'
05:50 bilby INFO    : Running for label 'GRB230812B', output will be saved to 'outdirSNtophat32cores'
05:50 bilby INFO    : Running for label 'GRB230812B', output will be saved to 'outdirSNtophat32cores'
05:50 bilby INFO    : Running for label 'GRB230812B', output will be saved to 'outdirSNtophat32cores'
05:50 bilby INFO    : Running for label 'GRB230812B', output will be saved to 'outdirSNtophat32cores'
05:50 bilby INFO    : Running for label 'GRB230812B', output will be saved to 'outdirSNtophat32cores'
05:50 bilby INFO    : Running for label 'GRB230812B', output will be saved to 'outdirSNtophat32cores'
05:50 bilby INFO    : Running for label 'GRB230812B', output will be saved to 'outdirSNtophat32cores'
05:50 bilby INFO    : Running for label 'GRB230812B', output will be saved to 'outdirSNtophat32cores'
05:50 bilby INFO    : Running for label 'GRB230812B', output will be saved to 'outdirSNtophat32cores'
05:50 bilby INFO    : Running for label 'GRB230812B', output will be saved to 'outdirSNtophat32cores'
05:50 bilby INFO    : Running for label 'GRB230812B', output will be saved to 'outdirSNtophat32cores'
05:50 bilby INFO    : Running for label 'GRB230812B', output will be saved to 'outdirSNtophat32cores'
05:50 bilby INFO    : Running for label 'GRB230812B', output will be saved to 'outdirSNtophat32cores'
05:50 bilby INFO    : Running for label 'GRB230812B', output will be saved to 'outdirSNtophat32cores'
05:50 bilby INFO    : Running for label 'GRB230812B', output will be saved to 'outdirSNtophat32cores'
05:50 bilby INFO    : Running for label 'GRB230812B', output will be saved to 'outdirSNtophat32cores'
05:50 bilby INFO    : Running for label 'GRB230812B', output will be saved to 'outdirSNtophat32cores'
05:50 bilby INFO    : Running for label 'GRB230812B', output will be saved to 'outdirSNtophat32cores'
05:50 bilby INFO    : Running for label 'GRB230812B', output will be saved to 'outdirSNtophat32cores'
05:50 bilby INFO    : Running for label 'GRB230812B', output will be saved to 'outdirSNtophat32cores'
05:50 bilby INFO    : Running for label 'GRB230812B', output will be saved to 'outdirSNtophat32cores'
05:50 bilby INFO    : Running for label 'GRB230812B', output will be saved to 'outdirSNtophat32cores'
05:50 bilby INFO    : Running for label 'GRB230812B', output will be saved to 'outdirSNtophat32cores'
05:50 bilby INFO    : Running for label 'GRB230812B', output will be saved to 'outdirSNtophat32cores'
05:50 bilby INFO    : Running for label 'GRB230812B', output will be saved to 'outdirSNtophat32cores'
05:50 bilby INFO    : Running for label 'GRB230812B', output will be saved to 'outdirSNtophat32cores'
05:50 bilby INFO    : Running for label 'GRB230812B', output will be saved to 'outdirSNtophat32cores'
05:50 bilby INFO    : Running for label 'GRB230812B', output will be saved to 'outdirSNtophat32cores'
05:50 bilby INFO    : Running for label 'GRB230812B', output will be saved to 'outdirSNtophat32cores'
05:50 bilby INFO    : Analysis priors:
05:50 bilby INFO    : Analysis priors:
05:50 bilby INFO    : Analysis priors:
05:50 bilby INFO    : Analysis priors:
05:50 bilby INFO    : Analysis priors:
05:50 bilby INFO    : Analysis priors:
05:50 bilby INFO    : Analysis priors:
05:50 bilby INFO    : Analysis priors:
05:50 bilby INFO    : Analysis priors:
05:50 bilby INFO    : Analysis priors:
05:50 bilby INFO    : Analysis priors:
05:50 bilby INFO    : Analysis priors:
05:50 bilby INFO    : Analysis priors:
05:50 bilby INFO    : Analysis priors:
05:50 bilby INFO    : Analysis priors:
05:50 bilby INFO    : Analysis priors:
05:50 bilby INFO    : Analysis priors:
05:50 bilby INFO    : Analysis priors:
05:50 bilby INFO    : Analysis priors:
05:50 bilby INFO    : Analysis priors:
05:50 bilby INFO    : Analysis priors:
05:50 bilby INFO    : Analysis priors:
05:50 bilby INFO    : Analysis priors:
05:50 bilby INFO    : Analysis priors:
05:50 bilby INFO    : Analysis priors:
05:50 bilby INFO    : Analysis priors:
05:50 bilby INFO    : Analysis priors:
05:50 bilby INFO    : Analysis priors:
05:50 bilby INFO    : Analysis priors:
05:50 bilby INFO    : Analysis priors:
05:50 bilby INFO    : supernova_mag_boost=Uniform(minimum=0, maximum=60, name='supernova_mag_boost', latex_label='$mag$', unit=None, boundary='reflective')
05:50 bilby INFO    : supernova_mag_boost=Uniform(minimum=0, maximum=60, name='supernova_mag_boost', latex_label='$mag$', unit=None, boundary='reflective')
05:50 bilby INFO    : Analysis priors:
05:50 bilby INFO    : supernova_mag_boost=Uniform(minimum=0, maximum=60, name='supernova_mag_boost', latex_label='$mag$', unit=None, boundary='reflective')
05:50 bilby INFO    : supernova_mag_boost=Uniform(minimum=0, maximum=60, name='supernova_mag_boost', latex_label='$mag$', unit=None, boundary='reflective')
05:50 bilby INFO    : supernova_mag_boost=Uniform(minimum=0, maximum=60, name='supernova_mag_boost', latex_label='$mag$', unit=None, boundary='reflective')
05:50 bilby INFO    : supernova_mag_boost=Uniform(minimum=0, maximum=60, name='supernova_mag_boost', latex_label='$mag$', unit=None, boundary='reflective')
05:50 bilby INFO    : supernova_mag_boost=Uniform(minimum=0, maximum=60, name='supernova_mag_boost', latex_label='$mag$', unit=None, boundary='reflective')
05:50 bilby INFO    : supernova_mag_boost=Uniform(minimum=0, maximum=60, name='supernova_mag_boost', latex_label='$mag$', unit=None, boundary='reflective')
05:50 bilby INFO    : supernova_mag_boost=Uniform(minimum=0, maximum=60, name='supernova_mag_boost', latex_label='$mag$', unit=None, boundary='reflective')
05:50 bilby INFO    : supernova_mag_boost=Uniform(minimum=0, maximum=60, name='supernova_mag_boost', latex_label='$mag$', unit=None, boundary='reflective')
05:50 bilby INFO    : supernova_mag_boost=Uniform(minimum=0, maximum=60, name='supernova_mag_boost', latex_label='$mag$', unit=None, boundary='reflective')
05:50 bilby INFO    : inclination_EM=nmma.em.prior.ConditionalGaussianIotaGivenThetaCore(minimum=0.0, maximum=0.7853981633974483, name='inclination_EM', N_sigma=1.0, latex_label='$\\iota$', unit=None, boundary=None)
05:50 bilby INFO    : Analysis priors:
05:50 bilby INFO    : supernova_mag_boost=Uniform(minimum=0, maximum=60, name='supernova_mag_boost', latex_label='$mag$', unit=None, boundary='reflective')
05:50 bilby INFO    : supernova_mag_boost=Uniform(minimum=0, maximum=60, name='supernova_mag_boost', latex_label='$mag$', unit=None, boundary='reflective')
05:50 bilby INFO    : supernova_mag_boost=Uniform(minimum=0, maximum=60, name='supernova_mag_boost', latex_label='$mag$', unit=None, boundary='reflective')
05:50 bilby INFO    : supernova_mag_boost=Uniform(minimum=0, maximum=60, name='supernova_mag_boost', latex_label='$mag$', unit=None, boundary='reflective')
05:50 bilby INFO    : supernova_mag_boost=Uniform(minimum=0, maximum=60, name='supernova_mag_boost', latex_label='$mag$', unit=None, boundary='reflective')
05:50 bilby INFO    : supernova_mag_boost=Uniform(minimum=0, maximum=60, name='supernova_mag_boost', latex_label='$mag$', unit=None, boundary='reflective')
05:50 bilby INFO    : supernova_mag_boost=Uniform(minimum=0, maximum=60, name='supernova_mag_boost', latex_label='$mag$', unit=None, boundary='reflective')
05:50 bilby INFO    : supernova_mag_boost=Uniform(minimum=0, maximum=60, name='supernova_mag_boost', latex_label='$mag$', unit=None, boundary='reflective')
05:50 bilby INFO    : supernova_mag_boost=Uniform(minimum=0, maximum=60, name='supernova_mag_boost', latex_label='$mag$', unit=None, boundary='reflective')
05:50 bilby INFO    : supernova_mag_boost=Uniform(minimum=0, maximum=60, name='supernova_mag_boost', latex_label='$mag$', unit=None, boundary='reflective')
05:50 bilby INFO    : supernova_mag_boost=Uniform(minimum=0, maximum=60, name='supernova_mag_boost', latex_label='$mag$', unit=None, boundary='reflective')
05:50 bilby INFO    : supernova_mag_boost=Uniform(minimum=0, maximum=60, name='supernova_mag_boost', latex_label='$mag$', unit=None, boundary='reflective')
05:50 bilby INFO    : supernova_mag_boost=Uniform(minimum=0, maximum=60, name='supernova_mag_boost', latex_label='$mag$', unit=None, boundary='reflective')
05:50 bilby INFO    : supernova_mag_boost=Uniform(minimum=0, maximum=60, name='supernova_mag_boost', latex_label='$mag$', unit=None, boundary='reflective')
05:50 bilby INFO    : supernova_mag_boost=Uniform(minimum=0, maximum=60, name='supernova_mag_boost', latex_label='$mag$', unit=None, boundary='reflective')
05:50 bilby INFO    : supernova_mag_boost=Uniform(minimum=0, maximum=60, name='supernova_mag_boost', latex_label='$mag$', unit=None, boundary='reflective')
05:50 bilby INFO    : supernova_mag_boost=Uniform(minimum=0, maximum=60, name='supernova_mag_boost', latex_label='$mag$', unit=None, boundary='reflective')
05:50 bilby INFO    : supernova_mag_boost=Uniform(minimum=0, maximum=60, name='supernova_mag_boost', latex_label='$mag$', unit=None, boundary='reflective')
05:50 bilby INFO    : luminosity_distance=Uniform(minimum=1971, maximum=1991, name='luminosity_distance', latex_label='$D_L$', unit=None, boundary=None)
05:50 bilby INFO    : inclination_EM=nmma.em.prior.ConditionalGaussianIotaGivenThetaCore(minimum=0.0, maximum=0.7853981633974483, name='inclination_EM', N_sigma=1.0, latex_label='$\\iota$', unit=None, boundary=None)
05:50 bilby INFO    : inclination_EM=nmma.em.prior.ConditionalGaussianIotaGivenThetaCore(minimum=0.0, maximum=0.7853981633974483, name='inclination_EM', N_sigma=1.0, latex_label='$\\iota$', unit=None, boundary=None)
05:50 bilby INFO    : supernova_mag_boost=Uniform(minimum=0, maximum=60, name='supernova_mag_boost', latex_label='$mag$', unit=None, boundary='reflective')
05:50 bilby INFO    : inclination_EM=nmma.em.prior.ConditionalGaussianIotaGivenThetaCore(minimum=0.0, maximum=0.7853981633974483, name='inclination_EM', N_sigma=1.0, latex_label='$\\iota$', unit=None, boundary=None)
05:50 bilby INFO    : inclination_EM=nmma.em.prior.ConditionalGaussianIotaGivenThetaCore(minimum=0.0, maximum=0.7853981633974483, name='inclination_EM', N_sigma=1.0, latex_label='$\\iota$', unit=None, boundary=None)
05:50 bilby INFO    : inclination_EM=nmma.em.prior.ConditionalGaussianIotaGivenThetaCore(minimum=0.0, maximum=0.7853981633974483, name='inclination_EM', N_sigma=1.0, latex_label='$\\iota$', unit=None, boundary=None)
05:50 bilby INFO    : inclination_EM=nmma.em.prior.ConditionalGaussianIotaGivenThetaCore(minimum=0.0, maximum=0.7853981633974483, name='inclination_EM', N_sigma=1.0, latex_label='$\\iota$', unit=None, boundary=None)
05:50 bilby INFO    : inclination_EM=nmma.em.prior.ConditionalGaussianIotaGivenThetaCore(minimum=0.0, maximum=0.7853981633974483, name='inclination_EM', N_sigma=1.0, latex_label='$\\iota$', unit=None, boundary=None)
05:50 bilby INFO    : inclination_EM=nmma.em.prior.ConditionalGaussianIotaGivenThetaCore(minimum=0.0, maximum=0.7853981633974483, name='inclination_EM', N_sigma=1.0, latex_label='$\\iota$', unit=None, boundary=None)
05:50 bilby INFO    : inclination_EM=nmma.em.prior.ConditionalGaussianIotaGivenThetaCore(minimum=0.0, maximum=0.7853981633974483, name='inclination_EM', N_sigma=1.0, latex_label='$\\iota$', unit=None, boundary=None)
05:50 bilby INFO    : inclination_EM=nmma.em.prior.ConditionalGaussianIotaGivenThetaCore(minimum=0.0, maximum=0.7853981633974483, name='inclination_EM', N_sigma=1.0, latex_label='$\\iota$', unit=None, boundary=None)
05:50 bilby INFO    : inclination_EM=nmma.em.prior.ConditionalGaussianIotaGivenThetaCore(minimum=0.0, maximum=0.7853981633974483, name='inclination_EM', N_sigma=1.0, latex_label='$\\iota$', unit=None, boundary=None)
05:50 bilby INFO    : inclination_EM=nmma.em.prior.ConditionalGaussianIotaGivenThetaCore(minimum=0.0, maximum=0.7853981633974483, name='inclination_EM', N_sigma=1.0, latex_label='$\\iota$', unit=None, boundary=None)
05:50 bilby INFO    : inclination_EM=nmma.em.prior.ConditionalGaussianIotaGivenThetaCore(minimum=0.0, maximum=0.7853981633974483, name='inclination_EM', N_sigma=1.0, latex_label='$\\iota$', unit=None, boundary=None)
05:50 bilby INFO    : log10_E0=Uniform(minimum=47.0, maximum=57.0, name='log10_E0', latex_label='$\\log_{10}E_0$', unit=None, boundary='reflective')
05:50 bilby INFO    : inclination_EM=nmma.em.prior.ConditionalGaussianIotaGivenThetaCore(minimum=0.0, maximum=0.7853981633974483, name='inclination_EM', N_sigma=1.0, latex_label='$\\iota$', unit=None, boundary=None)
05:50 bilby INFO    : inclination_EM=nmma.em.prior.ConditionalGaussianIotaGivenThetaCore(minimum=0.0, maximum=0.7853981633974483, name='inclination_EM', N_sigma=1.0, latex_label='$\\iota$', unit=None, boundary=None)
05:50 bilby INFO    : inclination_EM=nmma.em.prior.ConditionalGaussianIotaGivenThetaCore(minimum=0.0, maximum=0.7853981633974483, name='inclination_EM', N_sigma=1.0, latex_label='$\\iota$', unit=None, boundary=None)
05:50 bilby INFO    : inclination_EM=nmma.em.prior.ConditionalGaussianIotaGivenThetaCore(minimum=0.0, maximum=0.7853981633974483, name='inclination_EM', N_sigma=1.0, latex_label='$\\iota$', unit=None, boundary=None)
05:50 bilby INFO    : supernova_mag_boost=Uniform(minimum=0, maximum=60, name='supernova_mag_boost', latex_label='$mag$', unit=None, boundary='reflective')
05:50 bilby INFO    : inclination_EM=nmma.em.prior.ConditionalGaussianIotaGivenThetaCore(minimum=0.0, maximum=0.7853981633974483, name='inclination_EM', N_sigma=1.0, latex_label='$\\iota$', unit=None, boundary=None)
05:50 bilby INFO    : inclination_EM=nmma.em.prior.ConditionalGaussianIotaGivenThetaCore(minimum=0.0, maximum=0.7853981633974483, name='inclination_EM', N_sigma=1.0, latex_label='$\\iota$', unit=None, boundary=None)
05:50 bilby INFO    : inclination_EM=nmma.em.prior.ConditionalGaussianIotaGivenThetaCore(minimum=0.0, maximum=0.7853981633974483, name='inclination_EM', N_sigma=1.0, latex_label='$\\iota$', unit=None, boundary=None)
05:50 bilby INFO    : inclination_EM=nmma.em.prior.ConditionalGaussianIotaGivenThetaCore(minimum=0.0, maximum=0.7853981633974483, name='inclination_EM', N_sigma=1.0, latex_label='$\\iota$', unit=None, boundary=None)
05:50 bilby INFO    : inclination_EM=nmma.em.prior.ConditionalGaussianIotaGivenThetaCore(minimum=0.0, maximum=0.7853981633974483, name='inclination_EM', N_sigma=1.0, latex_label='$\\iota$', unit=None, boundary=None)
05:50 bilby INFO    : inclination_EM=nmma.em.prior.ConditionalGaussianIotaGivenThetaCore(minimum=0.0, maximum=0.7853981633974483, name='inclination_EM', N_sigma=1.0, latex_label='$\\iota$', unit=None, boundary=None)
05:50 bilby INFO    : inclination_EM=nmma.em.prior.ConditionalGaussianIotaGivenThetaCore(minimum=0.0, maximum=0.7853981633974483, name='inclination_EM', N_sigma=1.0, latex_label='$\\iota$', unit=None, boundary=None)
05:50 bilby INFO    : inclination_EM=nmma.em.prior.ConditionalGaussianIotaGivenThetaCore(minimum=0.0, maximum=0.7853981633974483, name='inclination_EM', N_sigma=1.0, latex_label='$\\iota$', unit=None, boundary=None)
05:50 bilby INFO    : luminosity_distance=Uniform(minimum=1971, maximum=1991, name='luminosity_distance', latex_label='$D_L$', unit=None, boundary=None)
05:50 bilby INFO    : luminosity_distance=Uniform(minimum=1971, maximum=1991, name='luminosity_distance', latex_label='$D_L$', unit=None, boundary=None)
05:50 bilby INFO    : luminosity_distance=Uniform(minimum=1971, maximum=1991, name='luminosity_distance', latex_label='$D_L$', unit=None, boundary=None)
05:50 bilby INFO    : luminosity_distance=Uniform(minimum=1971, maximum=1991, name='luminosity_distance', latex_label='$D_L$', unit=None, boundary=None)
05:50 bilby INFO    : luminosity_distance=Uniform(minimum=1971, maximum=1991, name='luminosity_distance', latex_label='$D_L$', unit=None, boundary=None)
05:50 bilby INFO    : inclination_EM=nmma.em.prior.ConditionalGaussianIotaGivenThetaCore(minimum=0.0, maximum=0.7853981633974483, name='inclination_EM', N_sigma=1.0, latex_label='$\\iota$', unit=None, boundary=None)
05:50 bilby INFO    : luminosity_distance=Uniform(minimum=1971, maximum=1991, name='luminosity_distance', latex_label='$D_L$', unit=None, boundary=None)
05:50 bilby INFO    : luminosity_distance=Uniform(minimum=1971, maximum=1991, name='luminosity_distance', latex_label='$D_L$', unit=None, boundary=None)
05:50 bilby INFO    : luminosity_distance=Uniform(minimum=1971, maximum=1991, name='luminosity_distance', latex_label='$D_L$', unit=None, boundary=None)
05:50 bilby INFO    : luminosity_distance=Uniform(minimum=1971, maximum=1991, name='luminosity_distance', latex_label='$D_L$', unit=None, boundary=None)
05:50 bilby INFO    : luminosity_distance=Uniform(minimum=1971, maximum=1991, name='luminosity_distance', latex_label='$D_L$', unit=None, boundary=None)
05:50 bilby INFO    : thetaCore=Uniform(minimum=0.01, maximum=0.3141592653589793, name='theta_core', latex_label='$\\theta_c$', unit=None, boundary='reflective')
05:50 bilby INFO    : luminosity_distance=Uniform(minimum=1971, maximum=1991, name='luminosity_distance', latex_label='$D_L$', unit=None, boundary=None)
05:50 bilby INFO    : luminosity_distance=Uniform(minimum=1971, maximum=1991, name='luminosity_distance', latex_label='$D_L$', unit=None, boundary=None)
05:50 bilby INFO    : luminosity_distance=Uniform(minimum=1971, maximum=1991, name='luminosity_distance', latex_label='$D_L$', unit=None, boundary=None)
05:50 bilby INFO    : luminosity_distance=Uniform(minimum=1971, maximum=1991, name='luminosity_distance', latex_label='$D_L$', unit=None, boundary=None)
05:50 bilby INFO    : luminosity_distance=Uniform(minimum=1971, maximum=1991, name='luminosity_distance', latex_label='$D_L$', unit=None, boundary=None)
05:50 bilby INFO    : luminosity_distance=Uniform(minimum=1971, maximum=1991, name='luminosity_distance', latex_label='$D_L$', unit=None, boundary=None)
05:50 bilby INFO    : luminosity_distance=Uniform(minimum=1971, maximum=1991, name='luminosity_distance', latex_label='$D_L$', unit=None, boundary=None)
05:50 bilby INFO    : luminosity_distance=Uniform(minimum=1971, maximum=1991, name='luminosity_distance', latex_label='$D_L$', unit=None, boundary=None)
05:50 bilby INFO    : luminosity_distance=Uniform(minimum=1971, maximum=1991, name='luminosity_distance', latex_label='$D_L$', unit=None, boundary=None)
05:50 bilby INFO    : luminosity_distance=Uniform(minimum=1971, maximum=1991, name='luminosity_distance', latex_label='$D_L$', unit=None, boundary=None)
05:50 bilby INFO    : luminosity_distance=Uniform(minimum=1971, maximum=1991, name='luminosity_distance', latex_label='$D_L$', unit=None, boundary=None)
05:50 bilby INFO    : log10_E0=Uniform(minimum=47.0, maximum=57.0, name='log10_E0', latex_label='$\\log_{10}E_0$', unit=None, boundary='reflective')
05:50 bilby INFO    : luminosity_distance=Uniform(minimum=1971, maximum=1991, name='luminosity_distance', latex_label='$D_L$', unit=None, boundary=None)
05:50 bilby INFO    : log10_E0=Uniform(minimum=47.0, maximum=57.0, name='log10_E0', latex_label='$\\log_{10}E_0$', unit=None, boundary='reflective')
05:50 bilby INFO    : inclination_EM=nmma.em.prior.ConditionalGaussianIotaGivenThetaCore(minimum=0.0, maximum=0.7853981633974483, name='inclination_EM', N_sigma=1.0, latex_label='$\\iota$', unit=None, boundary=None)
05:50 bilby INFO    : log10_E0=Uniform(minimum=47.0, maximum=57.0, name='log10_E0', latex_label='$\\log_{10}E_0$', unit=None, boundary='reflective')
05:50 bilby INFO    : luminosity_distance=Uniform(minimum=1971, maximum=1991, name='luminosity_distance', latex_label='$D_L$', unit=None, boundary=None)
05:50 bilby INFO    : log10_E0=Uniform(minimum=47.0, maximum=57.0, name='log10_E0', latex_label='$\\log_{10}E_0$', unit=None, boundary='reflective')
05:50 bilby INFO    : luminosity_distance=Uniform(minimum=1971, maximum=1991, name='luminosity_distance', latex_label='$D_L$', unit=None, boundary=None)
05:50 bilby INFO    : log10_E0=Uniform(minimum=47.0, maximum=57.0, name='log10_E0', latex_label='$\\log_{10}E_0$', unit=None, boundary='reflective')
05:50 bilby INFO    : log10_E0=Uniform(minimum=47.0, maximum=57.0, name='log10_E0', latex_label='$\\log_{10}E_0$', unit=None, boundary='reflective')
05:50 bilby INFO    : log10_E0=Uniform(minimum=47.0, maximum=57.0, name='log10_E0', latex_label='$\\log_{10}E_0$', unit=None, boundary='reflective')
05:50 bilby INFO    : luminosity_distance=Uniform(minimum=1971, maximum=1991, name='luminosity_distance', latex_label='$D_L$', unit=None, boundary=None)
05:50 bilby INFO    : log10_E0=Uniform(minimum=47.0, maximum=57.0, name='log10_E0', latex_label='$\\log_{10}E_0$', unit=None, boundary='reflective')
05:50 bilby INFO    : luminosity_distance=Uniform(minimum=1971, maximum=1991, name='luminosity_distance', latex_label='$D_L$', unit=None, boundary=None)
05:50 bilby INFO    : log10_E0=Uniform(minimum=47.0, maximum=57.0, name='log10_E0', latex_label='$\\log_{10}E_0$', unit=None, boundary='reflective')
05:50 bilby INFO    : log10_n0=Uniform(minimum=-6, maximum=3.0, name='log10_n0', latex_label='$\\log_{10}n_0$', unit=None, boundary='reflective')
05:50 bilby INFO    : log10_E0=Uniform(minimum=47.0, maximum=57.0, name='log10_E0', latex_label='$\\log_{10}E_0$', unit=None, boundary='reflective')
05:50 bilby INFO    : log10_E0=Uniform(minimum=47.0, maximum=57.0, name='log10_E0', latex_label='$\\log_{10}E_0$', unit=None, boundary='reflective')
05:50 bilby INFO    : log10_E0=Uniform(minimum=47.0, maximum=57.0, name='log10_E0', latex_label='$\\log_{10}E_0$', unit=None, boundary='reflective')
05:50 bilby INFO    : log10_E0=Uniform(minimum=47.0, maximum=57.0, name='log10_E0', latex_label='$\\log_{10}E_0$', unit=None, boundary='reflective')
05:50 bilby INFO    : log10_E0=Uniform(minimum=47.0, maximum=57.0, name='log10_E0', latex_label='$\\log_{10}E_0$', unit=None, boundary='reflective')
05:50 bilby INFO    : log10_E0=Uniform(minimum=47.0, maximum=57.0, name='log10_E0', latex_label='$\\log_{10}E_0$', unit=None, boundary='reflective')
05:50 bilby INFO    : log10_E0=Uniform(minimum=47.0, maximum=57.0, name='log10_E0', latex_label='$\\log_{10}E_0$', unit=None, boundary='reflective')
05:50 bilby INFO    : log10_E0=Uniform(minimum=47.0, maximum=57.0, name='log10_E0', latex_label='$\\log_{10}E_0$', unit=None, boundary='reflective')
05:50 bilby INFO    : thetaCore=Uniform(minimum=0.01, maximum=0.3141592653589793, name='theta_core', latex_label='$\\theta_c$', unit=None, boundary='reflective')
05:50 bilby INFO    : log10_E0=Uniform(minimum=47.0, maximum=57.0, name='log10_E0', latex_label='$\\log_{10}E_0$', unit=None, boundary='reflective')
05:50 bilby INFO    : thetaCore=Uniform(minimum=0.01, maximum=0.3141592653589793, name='theta_core', latex_label='$\\theta_c$', unit=None, boundary='reflective')
05:50 bilby INFO    : inclination_EM=nmma.em.prior.ConditionalGaussianIotaGivenThetaCore(minimum=0.0, maximum=0.7853981633974483, name='inclination_EM', N_sigma=1.0, latex_label='$\\iota$', unit=None, boundary=None)
05:50 bilby INFO    : thetaCore=Uniform(minimum=0.01, maximum=0.3141592653589793, name='theta_core', latex_label='$\\theta_c$', unit=None, boundary='reflective')
05:50 bilby INFO    : log10_E0=Uniform(minimum=47.0, maximum=57.0, name='log10_E0', latex_label='$\\log_{10}E_0$', unit=None, boundary='reflective')
05:50 bilby INFO    : thetaCore=Uniform(minimum=0.01, maximum=0.3141592653589793, name='theta_core', latex_label='$\\theta_c$', unit=None, boundary='reflective')
05:50 bilby INFO    : log10_E0=Uniform(minimum=47.0, maximum=57.0, name='log10_E0', latex_label='$\\log_{10}E_0$', unit=None, boundary='reflective')
05:50 bilby INFO    : thetaCore=Uniform(minimum=0.01, maximum=0.3141592653589793, name='theta_core', latex_label='$\\theta_c$', unit=None, boundary='reflective')
05:50 bilby INFO    : thetaCore=Uniform(minimum=0.01, maximum=0.3141592653589793, name='theta_core', latex_label='$\\theta_c$', unit=None, boundary='reflective')
05:50 bilby INFO    : log10_E0=Uniform(minimum=47.0, maximum=57.0, name='log10_E0', latex_label='$\\log_{10}E_0$', unit=None, boundary='reflective')
05:50 bilby INFO    : log10_E0=Uniform(minimum=47.0, maximum=57.0, name='log10_E0', latex_label='$\\log_{10}E_0$', unit=None, boundary='reflective')
05:50 bilby INFO    : log10_E0=Uniform(minimum=47.0, maximum=57.0, name='log10_E0', latex_label='$\\log_{10}E_0$', unit=None, boundary='reflective')
05:50 bilby INFO    : luminosity_distance=Uniform(minimum=1971, maximum=1991, name='luminosity_distance', latex_label='$D_L$', unit=None, boundary=None)
05:50 bilby INFO    : log10_E0=Uniform(minimum=47.0, maximum=57.0, name='log10_E0', latex_label='$\\log_{10}E_0$', unit=None, boundary='reflective')
05:50 bilby INFO    : log10_E0=Uniform(minimum=47.0, maximum=57.0, name='log10_E0', latex_label='$\\log_{10}E_0$', unit=None, boundary='reflective')
05:50 bilby INFO    : thetaCore=Uniform(minimum=0.01, maximum=0.3141592653589793, name='theta_core', latex_label='$\\theta_c$', unit=None, boundary='reflective')
05:50 bilby INFO    : thetaCore=Uniform(minimum=0.01, maximum=0.3141592653589793, name='theta_core', latex_label='$\\theta_c$', unit=None, boundary='reflective')
05:50 bilby INFO    : thetaCore=Uniform(minimum=0.01, maximum=0.3141592653589793, name='theta_core', latex_label='$\\theta_c$', unit=None, boundary='reflective')
05:50 bilby INFO    : log10_E0=Uniform(minimum=47.0, maximum=57.0, name='log10_E0', latex_label='$\\log_{10}E_0$', unit=None, boundary='reflective')
05:50 bilby INFO    : p=Uniform(minimum=2.01, maximum=3.0, name='p', latex_label='$p$', unit=None, boundary=None)
05:50 bilby INFO    : thetaCore=Uniform(minimum=0.01, maximum=0.3141592653589793, name='theta_core', latex_label='$\\theta_c$', unit=None, boundary='reflective')
05:50 bilby INFO    : thetaCore=Uniform(minimum=0.01, maximum=0.3141592653589793, name='theta_core', latex_label='$\\theta_c$', unit=None, boundary='reflective')
05:50 bilby INFO    : thetaCore=Uniform(minimum=0.01, maximum=0.3141592653589793, name='theta_core', latex_label='$\\theta_c$', unit=None, boundary='reflective')
05:50 bilby INFO    : log10_n0=Uniform(minimum=-6, maximum=3.0, name='log10_n0', latex_label='$\\log_{10}n_0$', unit=None, boundary='reflective')
05:50 bilby INFO    : thetaCore=Uniform(minimum=0.01, maximum=0.3141592653589793, name='theta_core', latex_label='$\\theta_c$', unit=None, boundary='reflective')
05:50 bilby INFO    : thetaCore=Uniform(minimum=0.01, maximum=0.3141592653589793, name='theta_core', latex_label='$\\theta_c$', unit=None, boundary='reflective')
05:50 bilby INFO    : thetaCore=Uniform(minimum=0.01, maximum=0.3141592653589793, name='theta_core', latex_label='$\\theta_c$', unit=None, boundary='reflective')
05:50 bilby INFO    : thetaCore=Uniform(minimum=0.01, maximum=0.3141592653589793, name='theta_core', latex_label='$\\theta_c$', unit=None, boundary='reflective')
05:50 bilby INFO    : log10_n0=Uniform(minimum=-6, maximum=3.0, name='log10_n0', latex_label='$\\log_{10}n_0$', unit=None, boundary='reflective')
05:50 bilby INFO    : thetaCore=Uniform(minimum=0.01, maximum=0.3141592653589793, name='theta_core', latex_label='$\\theta_c$', unit=None, boundary='reflective')
05:50 bilby INFO    : log10_n0=Uniform(minimum=-6, maximum=3.0, name='log10_n0', latex_label='$\\log_{10}n_0$', unit=None, boundary='reflective')
05:50 bilby INFO    : thetaCore=Uniform(minimum=0.01, maximum=0.3141592653589793, name='theta_core', latex_label='$\\theta_c$', unit=None, boundary='reflective')
05:50 bilby INFO    : thetaCore=Uniform(minimum=0.01, maximum=0.3141592653589793, name='theta_core', latex_label='$\\theta_c$', unit=None, boundary='reflective')
05:50 bilby INFO    : log10_n0=Uniform(minimum=-6, maximum=3.0, name='log10_n0', latex_label='$\\log_{10}n_0$', unit=None, boundary='reflective')
05:50 bilby INFO    : thetaCore=Uniform(minimum=0.01, maximum=0.3141592653589793, name='theta_core', latex_label='$\\theta_c$', unit=None, boundary='reflective')
05:50 bilby INFO    : log10_n0=Uniform(minimum=-6, maximum=3.0, name='log10_n0', latex_label='$\\log_{10}n_0$', unit=None, boundary='reflective')
05:50 bilby INFO    : thetaCore=Uniform(minimum=0.01, maximum=0.3141592653589793, name='theta_core', latex_label='$\\theta_c$', unit=None, boundary='reflective')
05:50 bilby INFO    : log10_n0=Uniform(minimum=-6, maximum=3.0, name='log10_n0', latex_label='$\\log_{10}n_0$', unit=None, boundary='reflective')
05:50 bilby INFO    : thetaCore=Uniform(minimum=0.01, maximum=0.3141592653589793, name='theta_core', latex_label='$\\theta_c$', unit=None, boundary='reflective')
05:50 bilby INFO    : luminosity_distance=Uniform(minimum=1971, maximum=1991, name='luminosity_distance', latex_label='$D_L$', unit=None, boundary=None)
05:50 bilby INFO    : log10_E0=Uniform(minimum=47.0, maximum=57.0, name='log10_E0', latex_label='$\\log_{10}E_0$', unit=None, boundary='reflective')
05:50 bilby INFO    : thetaCore=Uniform(minimum=0.01, maximum=0.3141592653589793, name='theta_core', latex_label='$\\theta_c$', unit=None, boundary='reflective')
05:50 bilby INFO    : thetaCore=Uniform(minimum=0.01, maximum=0.3141592653589793, name='theta_core', latex_label='$\\theta_c$', unit=None, boundary='reflective')
05:50 bilby INFO    : log10_n0=Uniform(minimum=-6, maximum=3.0, name='log10_n0', latex_label='$\\log_{10}n_0$', unit=None, boundary='reflective')
05:50 bilby INFO    : thetaCore=Uniform(minimum=0.01, maximum=0.3141592653589793, name='theta_core', latex_label='$\\theta_c$', unit=None, boundary='reflective')
05:50 bilby INFO    : log10_epsilon_e=Uniform(minimum=-5, maximum=0, name='log10_epsilon_e', latex_label='$\\log_{10}\\epsilon_e$', unit=None, boundary='reflective')
05:50 bilby INFO    : log10_n0=Uniform(minimum=-6, maximum=3.0, name='log10_n0', latex_label='$\\log_{10}n_0$', unit=None, boundary='reflective')
05:50 bilby INFO    : log10_n0=Uniform(minimum=-6, maximum=3.0, name='log10_n0', latex_label='$\\log_{10}n_0$', unit=None, boundary='reflective')
05:50 bilby INFO    : thetaCore=Uniform(minimum=0.01, maximum=0.3141592653589793, name='theta_core', latex_label='$\\theta_c$', unit=None, boundary='reflective')
05:50 bilby INFO    : log10_n0=Uniform(minimum=-6, maximum=3.0, name='log10_n0', latex_label='$\\log_{10}n_0$', unit=None, boundary='reflective')
05:50 bilby INFO    : log10_n0=Uniform(minimum=-6, maximum=3.0, name='log10_n0', latex_label='$\\log_{10}n_0$', unit=None, boundary='reflective')
05:50 bilby INFO    : p=Uniform(minimum=2.01, maximum=3.0, name='p', latex_label='$p$', unit=None, boundary=None)
05:50 bilby INFO    : log10_n0=Uniform(minimum=-6, maximum=3.0, name='log10_n0', latex_label='$\\log_{10}n_0$', unit=None, boundary='reflective')
05:50 bilby INFO    : p=Uniform(minimum=2.01, maximum=3.0, name='p', latex_label='$p$', unit=None, boundary=None)
05:50 bilby INFO    : log10_n0=Uniform(minimum=-6, maximum=3.0, name='log10_n0', latex_label='$\\log_{10}n_0$', unit=None, boundary='reflective')
05:50 bilby INFO    : p=Uniform(minimum=2.01, maximum=3.0, name='p', latex_label='$p$', unit=None, boundary=None)
05:50 bilby INFO    : log10_n0=Uniform(minimum=-6, maximum=3.0, name='log10_n0', latex_label='$\\log_{10}n_0$', unit=None, boundary='reflective')
05:50 bilby INFO    : log10_n0=Uniform(minimum=-6, maximum=3.0, name='log10_n0', latex_label='$\\log_{10}n_0$', unit=None, boundary='reflective')
05:50 bilby INFO    : log10_n0=Uniform(minimum=-6, maximum=3.0, name='log10_n0', latex_label='$\\log_{10}n_0$', unit=None, boundary='reflective')
05:50 bilby INFO    : log10_n0=Uniform(minimum=-6, maximum=3.0, name='log10_n0', latex_label='$\\log_{10}n_0$', unit=None, boundary='reflective')
05:50 bilby INFO    : p=Uniform(minimum=2.01, maximum=3.0, name='p', latex_label='$p$', unit=None, boundary=None)
05:50 bilby INFO    : log10_n0=Uniform(minimum=-6, maximum=3.0, name='log10_n0', latex_label='$\\log_{10}n_0$', unit=None, boundary='reflective')
05:50 bilby INFO    : log10_n0=Uniform(minimum=-6, maximum=3.0, name='log10_n0', latex_label='$\\log_{10}n_0$', unit=None, boundary='reflective')
05:50 bilby INFO    : log10_n0=Uniform(minimum=-6, maximum=3.0, name='log10_n0', latex_label='$\\log_{10}n_0$', unit=None, boundary='reflective')
05:50 bilby INFO    : p=Uniform(minimum=2.01, maximum=3.0, name='p', latex_label='$p$', unit=None, boundary=None)
05:50 bilby INFO    : log10_n0=Uniform(minimum=-6, maximum=3.0, name='log10_n0', latex_label='$\\log_{10}n_0$', unit=None, boundary='reflective')
05:50 bilby INFO    : p=Uniform(minimum=2.01, maximum=3.0, name='p', latex_label='$p$', unit=None, boundary=None)
05:50 bilby INFO    : log10_n0=Uniform(minimum=-6, maximum=3.0, name='log10_n0', latex_label='$\\log_{10}n_0$', unit=None, boundary='reflective')
05:50 bilby INFO    : log10_n0=Uniform(minimum=-6, maximum=3.0, name='log10_n0', latex_label='$\\log_{10}n_0$', unit=None, boundary='reflective')
05:50 bilby INFO    : log10_E0=Uniform(minimum=47.0, maximum=57.0, name='log10_E0', latex_label='$\\log_{10}E_0$', unit=None, boundary='reflective')
05:50 bilby INFO    : thetaCore=Uniform(minimum=0.01, maximum=0.3141592653589793, name='theta_core', latex_label='$\\theta_c$', unit=None, boundary='reflective')
05:50 bilby INFO    : log10_n0=Uniform(minimum=-6, maximum=3.0, name='log10_n0', latex_label='$\\log_{10}n_0$', unit=None, boundary='reflective')
05:50 bilby INFO    : p=Uniform(minimum=2.01, maximum=3.0, name='p', latex_label='$p$', unit=None, boundary=None)
05:50 bilby INFO    : log10_n0=Uniform(minimum=-6, maximum=3.0, name='log10_n0', latex_label='$\\log_{10}n_0$', unit=None, boundary='reflective')
05:50 bilby INFO    : log10_epsilon_B=Uniform(minimum=-10, maximum=0, name='log10_epsilon_B', latex_label='$\\log_{10}\\epsilon_B$', unit=None, boundary='reflective')
05:50 bilby INFO    : log10_n0=Uniform(minimum=-6, maximum=3.0, name='log10_n0', latex_label='$\\log_{10}n_0$', unit=None, boundary='reflective')
05:50 bilby INFO    : p=Uniform(minimum=2.01, maximum=3.0, name='p', latex_label='$p$', unit=None, boundary=None)
05:50 bilby INFO    : p=Uniform(minimum=2.01, maximum=3.0, name='p', latex_label='$p$', unit=None, boundary=None)
05:50 bilby INFO    : log10_epsilon_e=Uniform(minimum=-5, maximum=0, name='log10_epsilon_e', latex_label='$\\log_{10}\\epsilon_e$', unit=None, boundary='reflective')
05:50 bilby INFO    : p=Uniform(minimum=2.01, maximum=3.0, name='p', latex_label='$p$', unit=None, boundary=None)
05:50 bilby INFO    : log10_epsilon_e=Uniform(minimum=-5, maximum=0, name='log10_epsilon_e', latex_label='$\\log_{10}\\epsilon_e$', unit=None, boundary='reflective')
05:50 bilby INFO    : p=Uniform(minimum=2.01, maximum=3.0, name='p', latex_label='$p$', unit=None, boundary=None)
05:50 bilby INFO    : p=Uniform(minimum=2.01, maximum=3.0, name='p', latex_label='$p$', unit=None, boundary=None)
05:50 bilby INFO    : log10_epsilon_e=Uniform(minimum=-5, maximum=0, name='log10_epsilon_e', latex_label='$\\log_{10}\\epsilon_e$', unit=None, boundary='reflective')
05:50 bilby INFO    : KNtimeshift=0.0
05:50 bilby INFO    : p=Uniform(minimum=2.01, maximum=3.0, name='p', latex_label='$p$', unit=None, boundary=None)
05:50 bilby INFO    : p=Uniform(minimum=2.01, maximum=3.0, name='p', latex_label='$p$', unit=None, boundary=None)
05:50 bilby INFO    : p=Uniform(minimum=2.01, maximum=3.0, name='p', latex_label='$p$', unit=None, boundary=None)
05:50 bilby INFO    : p=Uniform(minimum=2.01, maximum=3.0, name='p', latex_label='$p$', unit=None, boundary=None)
05:50 bilby INFO    : log10_epsilon_e=Uniform(minimum=-5, maximum=0, name='log10_epsilon_e', latex_label='$\\log_{10}\\epsilon_e$', unit=None, boundary='reflective')
05:50 bilby INFO    : p=Uniform(minimum=2.01, maximum=3.0, name='p', latex_label='$p$', unit=None, boundary=None)
05:50 bilby INFO    : p=Uniform(minimum=2.01, maximum=3.0, name='p', latex_label='$p$', unit=None, boundary=None)
05:50 bilby INFO    : p=Uniform(minimum=2.01, maximum=3.0, name='p', latex_label='$p$', unit=None, boundary=None)
05:50 bilby INFO    : log10_epsilon_e=Uniform(minimum=-5, maximum=0, name='log10_epsilon_e', latex_label='$\\log_{10}\\epsilon_e$', unit=None, boundary='reflective')
05:50 bilby INFO    : p=Uniform(minimum=2.01, maximum=3.0, name='p', latex_label='$p$', unit=None, boundary=None)
05:50 bilby INFO    : log10_epsilon_e=Uniform(minimum=-5, maximum=0, name='log10_epsilon_e', latex_label='$\\log_{10}\\epsilon_e$', unit=None, boundary='reflective')
05:50 bilby INFO    : p=Uniform(minimum=2.01, maximum=3.0, name='p', latex_label='$p$', unit=None, boundary=None)
05:50 bilby INFO    : p=Uniform(minimum=2.01, maximum=3.0, name='p', latex_label='$p$', unit=None, boundary=None)
05:50 bilby INFO    : thetaCore=Uniform(minimum=0.01, maximum=0.3141592653589793, name='theta_core', latex_label='$\\theta_c$', unit=None, boundary='reflective')
05:50 bilby INFO    : Ebv=0.0
05:50 bilby INFO    : p=Uniform(minimum=2.01, maximum=3.0, name='p', latex_label='$p$', unit=None, boundary=None)
05:50 bilby INFO    : log10_n0=Uniform(minimum=-6, maximum=3.0, name='log10_n0', latex_label='$\\log_{10}n_0$', unit=None, boundary='reflective')
05:50 bilby INFO    : log10_epsilon_e=Uniform(minimum=-5, maximum=0, name='log10_epsilon_e', latex_label='$\\log_{10}\\epsilon_e$', unit=None, boundary='reflective')
05:50 bilby INFO    : p=Uniform(minimum=2.01, maximum=3.0, name='p', latex_label='$p$', unit=None, boundary=None)
05:50 bilby INFO    : log10_epsilon_e=Uniform(minimum=-5, maximum=0, name='log10_epsilon_e', latex_label='$\\log_{10}\\epsilon_e$', unit=None, boundary='reflective')
05:50 bilby INFO    : Analysis likelihood class: <class 'nmma.em.likelihood.OpticalLightCurve'>
05:50 bilby INFO    : p=Uniform(minimum=2.01, maximum=3.0, name='p', latex_label='$p$', unit=None, boundary=None)
05:50 bilby INFO    : log10_epsilon_B=Uniform(minimum=-10, maximum=0, name='log10_epsilon_B', latex_label='$\\log_{10}\\epsilon_B$', unit=None, boundary='reflective')
05:50 bilby INFO    : log10_epsilon_e=Uniform(minimum=-5, maximum=0, name='log10_epsilon_e', latex_label='$\\log_{10}\\epsilon_e$', unit=None, boundary='reflective')
05:50 bilby INFO    : log10_epsilon_B=Uniform(minimum=-10, maximum=0, name='log10_epsilon_B', latex_label='$\\log_{10}\\epsilon_B$', unit=None, boundary='reflective')
05:50 bilby INFO    : p=Uniform(minimum=2.01, maximum=3.0, name='p', latex_label='$p$', unit=None, boundary=None)
05:50 bilby INFO    : log10_epsilon_e=Uniform(minimum=-5, maximum=0, name='log10_epsilon_e', latex_label='$\\log_{10}\\epsilon_e$', unit=None, boundary='reflective')
05:50 bilby INFO    : log10_epsilon_B=Uniform(minimum=-10, maximum=0, name='log10_epsilon_B', latex_label='$\\log_{10}\\epsilon_B$', unit=None, boundary='reflective')
05:50 bilby INFO    : log10_epsilon_e=Uniform(minimum=-5, maximum=0, name='log10_epsilon_e', latex_label='$\\log_{10}\\epsilon_e$', unit=None, boundary='reflective')
05:50 bilby INFO    : KNtimeshift=0.0
05:50 bilby INFO    : log10_epsilon_e=Uniform(minimum=-5, maximum=0, name='log10_epsilon_e', latex_label='$\\log_{10}\\epsilon_e$', unit=None, boundary='reflective')
05:50 bilby INFO    : log10_epsilon_e=Uniform(minimum=-5, maximum=0, name='log10_epsilon_e', latex_label='$\\log_{10}\\epsilon_e$', unit=None, boundary='reflective')
05:50 bilby INFO    : KNtimeshift=0.0
05:50 bilby INFO    : log10_epsilon_B=Uniform(minimum=-10, maximum=0, name='log10_epsilon_B', latex_label='$\\log_{10}\\epsilon_B$', unit=None, boundary='reflective')
05:50 bilby INFO    : log10_epsilon_e=Uniform(minimum=-5, maximum=0, name='log10_epsilon_e', latex_label='$\\log_{10}\\epsilon_e$', unit=None, boundary='reflective')
05:50 bilby INFO    : log10_epsilon_e=Uniform(minimum=-5, maximum=0, name='log10_epsilon_e', latex_label='$\\log_{10}\\epsilon_e$', unit=None, boundary='reflective')
05:50 bilby INFO    : Analysis likelihood noise evidence: 0.0
05:50 bilby INFO    : log10_epsilon_B=Uniform(minimum=-10, maximum=0, name='log10_epsilon_B', latex_label='$\\log_{10}\\epsilon_B$', unit=None, boundary='reflective')
05:50 bilby INFO    : log10_epsilon_e=Uniform(minimum=-5, maximum=0, name='log10_epsilon_e', latex_label='$\\log_{10}\\epsilon_e$', unit=None, boundary='reflective')
05:50 bilby INFO    : KNtimeshift=0.0
05:50 bilby INFO    : Ebv=0.0
05:50 bilby INFO    : log10_epsilon_e=Uniform(minimum=-5, maximum=0, name='log10_epsilon_e', latex_label='$\\log_{10}\\epsilon_e$', unit=None, boundary='reflective')
05:50 bilby INFO    : log10_epsilon_e=Uniform(minimum=-5, maximum=0, name='log10_epsilon_e', latex_label='$\\log_{10}\\epsilon_e$', unit=None, boundary='reflective')
05:50 bilby INFO    : log10_epsilon_e=Uniform(minimum=-5, maximum=0, name='log10_epsilon_e', latex_label='$\\log_{10}\\epsilon_e$', unit=None, boundary='reflective')
05:50 bilby INFO    : Ebv=0.0
05:50 bilby INFO    : log10_epsilon_e=Uniform(minimum=-5, maximum=0, name='log10_epsilon_e', latex_label='$\\log_{10}\\epsilon_e$', unit=None, boundary='reflective')
05:50 bilby INFO    : log10_epsilon_e=Uniform(minimum=-5, maximum=0, name='log10_epsilon_e', latex_label='$\\log_{10}\\epsilon_e$', unit=None, boundary='reflective')
05:50 bilby INFO    : log10_epsilon_B=Uniform(minimum=-10, maximum=0, name='log10_epsilon_B', latex_label='$\\log_{10}\\epsilon_B$', unit=None, boundary='reflective')
05:50 bilby INFO    : log10_epsilon_e=Uniform(minimum=-5, maximum=0, name='log10_epsilon_e', latex_label='$\\log_{10}\\epsilon_e$', unit=None, boundary='reflective')
05:50 bilby INFO    : Ebv=0.0
05:50 bilby INFO    : Analysis likelihood class: <class 'nmma.em.likelihood.OpticalLightCurve'>
05:50 bilby INFO    : log10_epsilon_e=Uniform(minimum=-5, maximum=0, name='log10_epsilon_e', latex_label='$\\log_{10}\\epsilon_e$', unit=None, boundary='reflective')
05:50 bilby INFO    : log10_n0=Uniform(minimum=-6, maximum=3.0, name='log10_n0', latex_label='$\\log_{10}n_0$', unit=None, boundary='reflective')
05:50 bilby INFO    : log10_epsilon_B=Uniform(minimum=-10, maximum=0, name='log10_epsilon_B', latex_label='$\\log_{10}\\epsilon_B$', unit=None, boundary='reflective')
05:50 bilby INFO    : KNtimeshift=0.0
05:50 bilby INFO    : KNtimeshift=0.0
05:50 bilby INFO    : KNtimeshift=0.0
05:50 bilby INFO    : Analysis likelihood class: <class 'nmma.em.likelihood.OpticalLightCurve'>
05:50 bilby INFO    : log10_epsilon_B=Uniform(minimum=-10, maximum=0, name='log10_epsilon_B', latex_label='$\\log_{10}\\epsilon_B$', unit=None, boundary='reflective')
05:50 bilby INFO    : Analysis likelihood noise evidence: 0.0
05:50 bilby INFO    : p=Uniform(minimum=2.01, maximum=3.0, name='p', latex_label='$p$', unit=None, boundary=None)
05:50 bilby INFO    : KNtimeshift=0.0
05:50 bilby INFO    : log10_epsilon_e=Uniform(minimum=-5, maximum=0, name='log10_epsilon_e', latex_label='$\\log_{10}\\epsilon_e$', unit=None, boundary='reflective')
05:50 bilby INFO    : log10_epsilon_B=Uniform(minimum=-10, maximum=0, name='log10_epsilon_B', latex_label='$\\log_{10}\\epsilon_B$', unit=None, boundary='reflective')
05:50 bilby INFO    : log10_epsilon_e=Uniform(minimum=-5, maximum=0, name='log10_epsilon_e', latex_label='$\\log_{10}\\epsilon_e$', unit=None, boundary='reflective')
05:50 bilby INFO    : Analysis likelihood class: <class 'nmma.em.likelihood.OpticalLightCurve'>
05:50 bilby INFO    : Analysis likelihood noise evidence: 0.0
05:50 bilby INFO    : log10_epsilon_B=Uniform(minimum=-10, maximum=0, name='log10_epsilon_B', latex_label='$\\log_{10}\\epsilon_B$', unit=None, boundary='reflective')
05:50 bilby INFO    : log10_epsilon_B=Uniform(minimum=-10, maximum=0, name='log10_epsilon_B', latex_label='$\\log_{10}\\epsilon_B$', unit=None, boundary='reflective')
05:50 bilby INFO    : Ebv=0.0
05:50 bilby INFO    : log10_epsilon_B=Uniform(minimum=-10, maximum=0, name='log10_epsilon_B', latex_label='$\\log_{10}\\epsilon_B$', unit=None, boundary='reflective')
05:50 bilby INFO    : Ebv=0.0
05:50 bilby INFO    : log10_epsilon_e=Uniform(minimum=-5, maximum=0, name='log10_epsilon_e', latex_label='$\\log_{10}\\epsilon_e$', unit=None, boundary='reflective')
05:50 bilby INFO    : Analysis likelihood noise evidence: 0.0
05:50 bilby INFO    : log10_epsilon_B=Uniform(minimum=-10, maximum=0, name='log10_epsilon_B', latex_label='$\\log_{10}\\epsilon_B$', unit=None, boundary='reflective')
05:50 bilby INFO    : log10_epsilon_B=Uniform(minimum=-10, maximum=0, name='log10_epsilon_B', latex_label='$\\log_{10}\\epsilon_B$', unit=None, boundary='reflective')
05:50 bilby INFO    : Ebv=0.0
05:50 bilby INFO    : log10_epsilon_B=Uniform(minimum=-10, maximum=0, name='log10_epsilon_B', latex_label='$\\log_{10}\\epsilon_B$', unit=None, boundary='reflective')
05:50 bilby INFO    : log10_epsilon_B=Uniform(minimum=-10, maximum=0, name='log10_epsilon_B', latex_label='$\\log_{10}\\epsilon_B$', unit=None, boundary='reflective')
05:50 bilby INFO    : log10_epsilon_B=Uniform(minimum=-10, maximum=0, name='log10_epsilon_B', latex_label='$\\log_{10}\\epsilon_B$', unit=None, boundary='reflective')
05:50 bilby INFO    : log10_epsilon_B=Uniform(minimum=-10, maximum=0, name='log10_epsilon_B', latex_label='$\\log_{10}\\epsilon_B$', unit=None, boundary='reflective')
05:50 bilby INFO    : Ebv=0.0
05:50 bilby INFO    : KNtimeshift=0.0
05:50 bilby INFO    : log10_epsilon_B=Uniform(minimum=-10, maximum=0, name='log10_epsilon_B', latex_label='$\\log_{10}\\epsilon_B$', unit=None, boundary='reflective')
05:50 bilby INFO    : log10_epsilon_B=Uniform(minimum=-10, maximum=0, name='log10_epsilon_B', latex_label='$\\log_{10}\\epsilon_B$', unit=None, boundary='reflective')
05:50 bilby INFO    : log10_epsilon_B=Uniform(minimum=-10, maximum=0, name='log10_epsilon_B', latex_label='$\\log_{10}\\epsilon_B$', unit=None, boundary='reflective')
05:50 bilby INFO    : KNtimeshift=0.0
05:50 bilby INFO    : Analysis likelihood class: <class 'nmma.em.likelihood.OpticalLightCurve'>
05:50 bilby INFO    : KNtimeshift=0.0
05:50 bilby INFO    : Analysis likelihood class: <class 'nmma.em.likelihood.OpticalLightCurve'>
05:50 bilby INFO    : KNtimeshift=0.0
05:50 bilby INFO    : log10_epsilon_B=Uniform(minimum=-10, maximum=0, name='log10_epsilon_B', latex_label='$\\log_{10}\\epsilon_B$', unit=None, boundary='reflective')
05:50 bilby INFO    : KNtimeshift=0.0
05:50 bilby INFO    : Analysis likelihood class: <class 'nmma.em.likelihood.OpticalLightCurve'>
05:50 bilby INFO    : KNtimeshift=0.0
05:50 bilby INFO    : KNtimeshift=0.0
05:50 bilby INFO    : KNtimeshift=0.0
05:50 bilby INFO    : log10_epsilon_B=Uniform(minimum=-10, maximum=0, name='log10_epsilon_B', latex_label='$\\log_{10}\\epsilon_B$', unit=None, boundary='reflective')
05:50 bilby INFO    : KNtimeshift=0.0
05:50 bilby INFO    : KNtimeshift=0.0
05:50 bilby INFO    : Ebv=0.0
05:50 bilby INFO    : p=Uniform(minimum=2.01, maximum=3.0, name='p', latex_label='$p$', unit=None, boundary=None)
05:50 bilby INFO    : log10_epsilon_e=Uniform(minimum=-5, maximum=0, name='log10_epsilon_e', latex_label='$\\log_{10}\\epsilon_e$', unit=None, boundary='reflective')
05:50 bilby INFO    : log10_epsilon_B=Uniform(minimum=-10, maximum=0, name='log10_epsilon_B', latex_label='$\\log_{10}\\epsilon_B$', unit=None, boundary='reflective')
05:50 bilby INFO    : Ebv=0.0
05:50 bilby INFO    : KNtimeshift=0.0
05:50 bilby INFO    : KNtimeshift=0.0
05:50 bilby INFO    : Ebv=0.0
05:50 bilby INFO    : KNtimeshift=0.0
05:50 bilby INFO    : Ebv=0.0
05:50 bilby INFO    : Ebv=0.0
05:50 bilby INFO    : log10_epsilon_B=Uniform(minimum=-10, maximum=0, name='log10_epsilon_B', latex_label='$\\log_{10}\\epsilon_B$', unit=None, boundary='reflective')
05:50 bilby INFO    : KNtimeshift=0.0
05:50 bilby INFO    : Ebv=0.0
05:50 bilby INFO    : Analysis likelihood noise evidence: 0.0
05:50 bilby INFO    : Ebv=0.0
05:50 bilby INFO    : Ebv=0.0
05:50 bilby INFO    : Analysis likelihood noise evidence: 0.0
05:50 bilby INFO    : Ebv=0.0
05:50 bilby INFO    : Ebv=0.0
05:50 bilby INFO    : Ebv=0.0
05:50 bilby INFO    : KNtimeshift=0.0
05:50 bilby INFO    : Analysis likelihood class: <class 'nmma.em.likelihood.OpticalLightCurve'>
05:50 bilby INFO    : log10_epsilon_B=Uniform(minimum=-10, maximum=0, name='log10_epsilon_B', latex_label='$\\log_{10}\\epsilon_B$', unit=None, boundary='reflective')
05:50 bilby INFO    : KNtimeshift=0.0
05:50 bilby INFO    : KNtimeshift=0.0
05:50 bilby INFO    : Ebv=0.0
05:50 bilby INFO    : Analysis likelihood noise evidence: 0.0
05:50 bilby INFO    : Ebv=0.0
05:50 bilby INFO    : Analysis likelihood class: <class 'nmma.em.likelihood.OpticalLightCurve'>
05:50 bilby INFO    : Analysis likelihood class: <class 'nmma.em.likelihood.OpticalLightCurve'>
05:50 bilby INFO    : KNtimeshift=0.0
05:50 bilby INFO    : Analysis likelihood class: <class 'nmma.em.likelihood.OpticalLightCurve'>
05:50 bilby INFO    : Analysis likelihood class: <class 'nmma.em.likelihood.OpticalLightCurve'>
05:50 bilby INFO    : Analysis likelihood class: <class 'nmma.em.likelihood.OpticalLightCurve'>
05:50 bilby INFO    : Analysis likelihood class: <class 'nmma.em.likelihood.OpticalLightCurve'>
05:50 bilby INFO    : Ebv=0.0
05:50 bilby INFO    : Analysis likelihood class: <class 'nmma.em.likelihood.OpticalLightCurve'>
05:50 bilby INFO    : Analysis likelihood class: <class 'nmma.em.likelihood.OpticalLightCurve'>
05:50 bilby INFO    : log10_epsilon_e=Uniform(minimum=-5, maximum=0, name='log10_epsilon_e', latex_label='$\\log_{10}\\epsilon_e$', unit=None, boundary='reflective')
05:50 bilby INFO    : Analysis likelihood class: <class 'nmma.em.likelihood.OpticalLightCurve'>
05:50 bilby INFO    : log10_epsilon_B=Uniform(minimum=-10, maximum=0, name='log10_epsilon_B', latex_label='$\\log_{10}\\epsilon_B$', unit=None, boundary='reflective')
05:50 bilby INFO    : Ebv=0.0
05:50 bilby INFO    : Analysis likelihood class: <class 'nmma.em.likelihood.OpticalLightCurve'>
05:50 bilby INFO    : Analysis likelihood noise evidence: 0.0
05:50 bilby INFO    : KNtimeshift=0.0
05:50 bilby INFO    : Ebv=0.0
05:50 bilby INFO    : Analysis likelihood class: <class 'nmma.em.likelihood.OpticalLightCurve'>
05:50 bilby INFO    : Analysis likelihood noise evidence: 0.0
05:50 bilby INFO    : Ebv=0.0
05:50 bilby INFO    : Analysis likelihood class: <class 'nmma.em.likelihood.OpticalLightCurve'>
05:50 bilby INFO    : Analysis likelihood class: <class 'nmma.em.likelihood.OpticalLightCurve'>
05:50 bilby INFO    : Analysis likelihood noise evidence: 0.0
05:50 bilby INFO    : Ebv=0.0
05:50 bilby INFO    : Analysis likelihood class: <class 'nmma.em.likelihood.OpticalLightCurve'>
05:50 bilby INFO    : Analysis likelihood class: <class 'nmma.em.likelihood.OpticalLightCurve'>
05:50 bilby INFO    : Analysis likelihood noise evidence: 0.0
05:50 bilby INFO    : Analysis likelihood noise evidence: 0.0
05:50 bilby INFO    : Analysis likelihood noise evidence: 0.0
05:50 bilby INFO    : Ebv=0.0
05:50 bilby INFO    : Analysis likelihood class: <class 'nmma.em.likelihood.OpticalLightCurve'>
05:50 bilby INFO    : Analysis likelihood noise evidence: 0.0
05:50 bilby INFO    : Analysis likelihood class: <class 'nmma.em.likelihood.OpticalLightCurve'>
05:50 bilby INFO    : Analysis likelihood noise evidence: 0.0
05:50 bilby INFO    : Analysis likelihood noise evidence: 0.0
05:50 bilby INFO    : Analysis likelihood noise evidence: 0.0
05:50 bilby INFO    : Analysis likelihood noise evidence: 0.0
05:50 bilby INFO    : Analysis likelihood noise evidence: 0.0
05:50 bilby INFO    : Analysis likelihood noise evidence: 0.0
05:50 bilby INFO    : Analysis likelihood noise evidence: 0.0
05:50 bilby INFO    : KNtimeshift=0.0
05:50 bilby INFO    : Ebv=0.0
05:50 bilby INFO    : Analysis likelihood noise evidence: 0.0
05:50 bilby INFO    : Analysis likelihood class: <class 'nmma.em.likelihood.OpticalLightCurve'>
05:50 bilby INFO    : Analysis likelihood noise evidence: 0.0
05:50 bilby INFO    : Analysis likelihood class: <class 'nmma.em.likelihood.OpticalLightCurve'>
05:50 bilby INFO    : Analysis likelihood noise evidence: 0.0
05:50 bilby INFO    : Analysis likelihood noise evidence: 0.0
05:50 bilby INFO    : log10_epsilon_B=Uniform(minimum=-10, maximum=0, name='log10_epsilon_B', latex_label='$\\log_{10}\\epsilon_B$', unit=None, boundary='reflective')
05:50 bilby INFO    : KNtimeshift=0.0
05:50 bilby INFO    : Analysis likelihood class: <class 'nmma.em.likelihood.OpticalLightCurve'>
05:50 bilby INFO    : Analysis likelihood noise evidence: 0.0
05:50 bilby INFO    : Analysis likelihood noise evidence: 0.0
05:50 bilby INFO    : Ebv=0.0
05:50 bilby INFO    : Analysis likelihood noise evidence: 0.0
05:50 bilby INFO    : Analysis likelihood class: <class 'nmma.em.likelihood.OpticalLightCurve'>
05:50 bilby INFO    : Analysis likelihood noise evidence: 0.0
05:50 bilby INFO    : inclination_EM=nmma.em.prior.ConditionalGaussianIotaGivenThetaCore(minimum=0.0, maximum=0.7853981633974483, name='inclination_EM', N_sigma=1.0, latex_label='$\\iota$', unit=None, boundary=None)
05:50 bilby INFO    : luminosity_distance=Uniform(minimum=1971, maximum=1991, name='luminosity_distance', latex_label='$D_L$', unit=None, boundary=None)
05:50 bilby INFO    : log10_E0=Uniform(minimum=47.0, maximum=57.0, name='log10_E0', latex_label='$\\log_{10}E_0$', unit=None, boundary='reflective')
05:50 bilby INFO    : thetaCore=Uniform(minimum=0.01, maximum=0.3141592653589793, name='theta_core', latex_label='$\\theta_c$', unit=None, boundary='reflective')
05:50 bilby INFO    : log10_n0=Uniform(minimum=-6, maximum=3.0, name='log10_n0', latex_label='$\\log_{10}n_0$', unit=None, boundary='reflective')
05:50 bilby INFO    : p=Uniform(minimum=2.01, maximum=3.0, name='p', latex_label='$p$', unit=None, boundary=None)
05:50 bilby INFO    : log10_epsilon_e=Uniform(minimum=-5, maximum=0, name='log10_epsilon_e', latex_label='$\\log_{10}\\epsilon_e$', unit=None, boundary='reflective')
05:50 bilby INFO    : log10_epsilon_B=Uniform(minimum=-10, maximum=0, name='log10_epsilon_B', latex_label='$\\log_{10}\\epsilon_B$', unit=None, boundary='reflective')
05:50 bilby INFO    : KNtimeshift=0.0
05:50 bilby INFO    : Ebv=0.0
05:50 bilby INFO    : Analysis likelihood class: <class 'nmma.em.likelihood.OpticalLightCurve'>
05:50 bilby INFO    : Analysis likelihood noise evidence: 0.0
05:50 bilby INFO    : supernova_mag_boost=Uniform(minimum=0, maximum=60, name='supernova_mag_boost', latex_label='$mag$', unit=None, boundary='reflective')
05:50 bilby INFO    : inclination_EM=nmma.em.prior.ConditionalGaussianIotaGivenThetaCore(minimum=0.0, maximum=0.7853981633974483, name='inclination_EM', N_sigma=1.0, latex_label='$\\iota$', unit=None, boundary=None)
05:50 bilby INFO    : inclination_EM=nmma.em.prior.ConditionalGaussianIotaGivenThetaCore(minimum=0.0, maximum=0.7853981633974483, name='inclination_EM', N_sigma=1.0, latex_label='$\\iota$', unit=None, boundary=None)
05:50 bilby INFO    : luminosity_distance=Uniform(minimum=1971, maximum=1991, name='luminosity_distance', latex_label='$D_L$', unit=None, boundary=None)
05:50 bilby INFO    : luminosity_distance=Uniform(minimum=1971, maximum=1991, name='luminosity_distance', latex_label='$D_L$', unit=None, boundary=None)
05:50 bilby INFO    : log10_E0=Uniform(minimum=47.0, maximum=57.0, name='log10_E0', latex_label='$\\log_{10}E_0$', unit=None, boundary='reflective')
05:50 bilby INFO    : log10_E0=Uniform(minimum=47.0, maximum=57.0, name='log10_E0', latex_label='$\\log_{10}E_0$', unit=None, boundary='reflective')
05:50 bilby INFO    : thetaCore=Uniform(minimum=0.01, maximum=0.3141592653589793, name='theta_core', latex_label='$\\theta_c$', unit=None, boundary='reflective')
05:50 bilby INFO    : thetaCore=Uniform(minimum=0.01, maximum=0.3141592653589793, name='theta_core', latex_label='$\\theta_c$', unit=None, boundary='reflective')
05:50 bilby INFO    : log10_n0=Uniform(minimum=-6, maximum=3.0, name='log10_n0', latex_label='$\\log_{10}n_0$', unit=None, boundary='reflective')
05:50 bilby INFO    : p=Uniform(minimum=2.01, maximum=3.0, name='p', latex_label='$p$', unit=None, boundary=None)
05:50 bilby INFO    : log10_n0=Uniform(minimum=-6, maximum=3.0, name='log10_n0', latex_label='$\\log_{10}n_0$', unit=None, boundary='reflective')
05:50 bilby INFO    : log10_epsilon_e=Uniform(minimum=-5, maximum=0, name='log10_epsilon_e', latex_label='$\\log_{10}\\epsilon_e$', unit=None, boundary='reflective')
05:50 bilby INFO    : p=Uniform(minimum=2.01, maximum=3.0, name='p', latex_label='$p$', unit=None, boundary=None)
05:50 bilby INFO    : log10_epsilon_B=Uniform(minimum=-10, maximum=0, name='log10_epsilon_B', latex_label='$\\log_{10}\\epsilon_B$', unit=None, boundary='reflective')
05:50 bilby INFO    : log10_epsilon_e=Uniform(minimum=-5, maximum=0, name='log10_epsilon_e', latex_label='$\\log_{10}\\epsilon_e$', unit=None, boundary='reflective')
05:50 bilby INFO    : KNtimeshift=0.0
05:50 bilby INFO    : Ebv=0.0
05:50 bilby INFO    : log10_epsilon_B=Uniform(minimum=-10, maximum=0, name='log10_epsilon_B', latex_label='$\\log_{10}\\epsilon_B$', unit=None, boundary='reflective')
05:50 bilby INFO    : Analysis likelihood class: <class 'nmma.em.likelihood.OpticalLightCurve'>
05:50 bilby INFO    : KNtimeshift=0.0
05:50 bilby INFO    : Analysis likelihood noise evidence: 0.0
05:50 bilby INFO    : Ebv=0.0
05:50 bilby INFO    : Analysis likelihood class: <class 'nmma.em.likelihood.OpticalLightCurve'>
05:50 bilby INFO    : Analysis likelihood noise evidence: 0.0
05:51 bilby INFO    : Single likelihood evaluation took 2.098e-01 s
05:51 bilby WARNING : Supplied argument 'queue_size' not an argument of 'Pymultinest', removing.
05:51 bilby WARNING : Supplied argument 'check_point_delta_t' not an argument of 'Pymultinest', removing.
05:51 bilby INFO    : Using sampler Pymultinest with kwargs {'importance_nested_sampling': False, 'resume': True, 'verbose': True, 'sampling_efficiency': 'parameter', 'n_live_points': 2048, 'n_params': 9, 'n_clustering_params': None, 'wrapped_params': None, 'multimodal': True, 'const_efficiency_mode': False, 'evidence_tolerance': 0.5, 'n_iter_before_update': 100, 'null_log_evidence': -1e+90, 'max_modes': 100, 'mode_tolerance': -1e+90, 'seed': 42, 'context': 0, 'write_output': True, 'log_zero': -1e+100, 'max_iter': 0, 'init_MPI': False, 'dump_callback': <bound method Pymultinest._dump_callback of <bilby.core.sampler.pymultinest.Pymultinest object at 0x15551c4f41c0>>}
05:51 bilby INFO    : Temporary directory incompatible with MPI, will run in original directory
05:51 bilby INFO    : Using output file outdirSNtophat32cores/pm_GRB230812B/
05:51 bilby INFO    : Single likelihood evaluation took 2.306e-01 s
05:51 bilby WARNING : Supplied argument 'queue_size' not an argument of 'Pymultinest', removing.
05:51 bilby WARNING : Supplied argument 'check_point_delta_t' not an argument of 'Pymultinest', removing.
05:51 bilby INFO    : Using sampler Pymultinest with kwargs {'importance_nested_sampling': False, 'resume': True, 'verbose': True, 'sampling_efficiency': 'parameter', 'n_live_points': 2048, 'n_params': 9, 'n_clustering_params': None, 'wrapped_params': None, 'multimodal': True, 'const_efficiency_mode': False, 'evidence_tolerance': 0.5, 'n_iter_before_update': 100, 'null_log_evidence': -1e+90, 'max_modes': 100, 'mode_tolerance': -1e+90, 'seed': 42, 'context': 0, 'write_output': True, 'log_zero': -1e+100, 'max_iter': 0, 'init_MPI': False, 'dump_callback': <bound method Pymultinest._dump_callback of <bilby.core.sampler.pymultinest.Pymultinest object at 0x15551c4f41f0>>}
05:51 bilby INFO    : Temporary directory incompatible with MPI, will run in original directory
05:51 bilby INFO    : Using output file outdirSNtophat32cores/pm_GRB230812B/
05:51 bilby INFO    : Single likelihood evaluation took 2.436e-01 s
05:51 bilby INFO    : Single likelihood evaluation took 2.434e-01 s
05:51 bilby WARNING : Supplied argument 'queue_size' not an argument of 'Pymultinest', removing.
05:51 bilby WARNING : Supplied argument 'check_point_delta_t' not an argument of 'Pymultinest', removing.
05:51 bilby INFO    : Using sampler Pymultinest with kwargs {'importance_nested_sampling': False, 'resume': True, 'verbose': True, 'sampling_efficiency': 'parameter', 'n_live_points': 2048, 'n_params': 9, 'n_clustering_params': None, 'wrapped_params': None, 'multimodal': True, 'const_efficiency_mode': False, 'evidence_tolerance': 0.5, 'n_iter_before_update': 100, 'null_log_evidence': -1e+90, 'max_modes': 100, 'mode_tolerance': -1e+90, 'seed': 42, 'context': 0, 'write_output': True, 'log_zero': -1e+100, 'max_iter': 0, 'init_MPI': False, 'dump_callback': <bound method Pymultinest._dump_callback of <bilby.core.sampler.pymultinest.Pymultinest object at 0x15551c7eb1c0>>}
05:51 bilby INFO    : Temporary directory incompatible with MPI, will run in original directory
05:51 bilby INFO    : Using output file outdirSNtophat32cores/pm_GRB230812B/
05:51 bilby WARNING : Supplied argument 'queue_size' not an argument of 'Pymultinest', removing.
05:51 bilby WARNING : Supplied argument 'check_point_delta_t' not an argument of 'Pymultinest', removing.
05:51 bilby INFO    : Using sampler Pymultinest with kwargs {'importance_nested_sampling': False, 'resume': True, 'verbose': True, 'sampling_efficiency': 'parameter', 'n_live_points': 2048, 'n_params': 9, 'n_clustering_params': None, 'wrapped_params': None, 'multimodal': True, 'const_efficiency_mode': False, 'evidence_tolerance': 0.5, 'n_iter_before_update': 100, 'null_log_evidence': -1e+90, 'max_modes': 100, 'mode_tolerance': -1e+90, 'seed': 42, 'context': 0, 'write_output': True, 'log_zero': -1e+100, 'max_iter': 0, 'init_MPI': False, 'dump_callback': <bound method Pymultinest._dump_callback of <bilby.core.sampler.pymultinest.Pymultinest object at 0x15551c7e8730>>}
05:51 bilby INFO    : Temporary directory incompatible with MPI, will run in original directory
05:51 bilby INFO    : Using output file outdirSNtophat32cores/pm_GRB230812B/
05:51 bilby INFO    : Single likelihood evaluation took 2.424e-01 s
05:51 bilby WARNING : Supplied argument 'queue_size' not an argument of 'Pymultinest', removing.
05:51 bilby WARNING : Supplied argument 'check_point_delta_t' not an argument of 'Pymultinest', removing.
05:51 bilby INFO    : Using sampler Pymultinest with kwargs {'importance_nested_sampling': False, 'resume': True, 'verbose': True, 'sampling_efficiency': 'parameter', 'n_live_points': 2048, 'n_params': 9, 'n_clustering_params': None, 'wrapped_params': None, 'multimodal': True, 'const_efficiency_mode': False, 'evidence_tolerance': 0.5, 'n_iter_before_update': 100, 'null_log_evidence': -1e+90, 'max_modes': 100, 'mode_tolerance': -1e+90, 'seed': 42, 'context': 0, 'write_output': True, 'log_zero': -1e+100, 'max_iter': 0, 'init_MPI': False, 'dump_callback': <bound method Pymultinest._dump_callback of <bilby.core.sampler.pymultinest.Pymultinest object at 0x15552d7f4130>>}
05:51 bilby INFO    : Temporary directory incompatible with MPI, will run in original directory
05:51 bilby INFO    : Using output file outdirSNtophat32cores/pm_GRB230812B/
05:51 bilby INFO    : Single likelihood evaluation took 2.486e-01 s
05:51 bilby INFO    : Single likelihood evaluation took 2.476e-01 s
05:51 bilby WARNING : Supplied argument 'queue_size' not an argument of 'Pymultinest', removing.
05:51 bilby WARNING : Supplied argument 'check_point_delta_t' not an argument of 'Pymultinest', removing.
05:51 bilby INFO    : Using sampler Pymultinest with kwargs {'importance_nested_sampling': False, 'resume': True, 'verbose': True, 'sampling_efficiency': 'parameter', 'n_live_points': 2048, 'n_params': 9, 'n_clustering_params': None, 'wrapped_params': None, 'multimodal': True, 'const_efficiency_mode': False, 'evidence_tolerance': 0.5, 'n_iter_before_update': 100, 'null_log_evidence': -1e+90, 'max_modes': 100, 'mode_tolerance': -1e+90, 'seed': 42, 'context': 0, 'write_output': True, 'log_zero': -1e+100, 'max_iter': 0, 'init_MPI': False, 'dump_callback': <bound method Pymultinest._dump_callback of <bilby.core.sampler.pymultinest.Pymultinest object at 0x1555318fd280>>}
05:51 bilby INFO    : Temporary directory incompatible with MPI, will run in original directory
05:51 bilby INFO    : Using output file outdirSNtophat32cores/pm_GRB230812B/
05:51 bilby INFO    : Single likelihood evaluation took 2.526e-01 s
05:51 bilby WARNING : Supplied argument 'queue_size' not an argument of 'Pymultinest', removing.
05:51 bilby WARNING : Supplied argument 'check_point_delta_t' not an argument of 'Pymultinest', removing.
05:51 bilby INFO    : Using sampler Pymultinest with kwargs {'importance_nested_sampling': False, 'resume': True, 'verbose': True, 'sampling_efficiency': 'parameter', 'n_live_points': 2048, 'n_params': 9, 'n_clustering_params': None, 'wrapped_params': None, 'multimodal': True, 'const_efficiency_mode': False, 'evidence_tolerance': 0.5, 'n_iter_before_update': 100, 'null_log_evidence': -1e+90, 'max_modes': 100, 'mode_tolerance': -1e+90, 'seed': 42, 'context': 0, 'write_output': True, 'log_zero': -1e+100, 'max_iter': 0, 'init_MPI': False, 'dump_callback': <bound method Pymultinest._dump_callback of <bilby.core.sampler.pymultinest.Pymultinest object at 0x15551c7eb160>>}
05:51 bilby INFO    : Temporary directory incompatible with MPI, will run in original directory
05:51 bilby INFO    : Using output file outdirSNtophat32cores/pm_GRB230812B/
05:51 bilby WARNING : Supplied argument 'queue_size' not an argument of 'Pymultinest', removing.
05:51 bilby WARNING : Supplied argument 'check_point_delta_t' not an argument of 'Pymultinest', removing.
05:51 bilby INFO    : Using sampler Pymultinest with kwargs {'importance_nested_sampling': False, 'resume': True, 'verbose': True, 'sampling_efficiency': 'parameter', 'n_live_points': 2048, 'n_params': 9, 'n_clustering_params': None, 'wrapped_params': None, 'multimodal': True, 'const_efficiency_mode': False, 'evidence_tolerance': 0.5, 'n_iter_before_update': 100, 'null_log_evidence': -1e+90, 'max_modes': 100, 'mode_tolerance': -1e+90, 'seed': 42, 'context': 0, 'write_output': True, 'log_zero': -1e+100, 'max_iter': 0, 'init_MPI': False, 'dump_callback': <bound method Pymultinest._dump_callback of <bilby.core.sampler.pymultinest.Pymultinest object at 0x15551c7eb190>>}
05:51 bilby INFO    : Temporary directory incompatible with MPI, will run in original directory
05:51 bilby INFO    : Using output file outdirSNtophat32cores/pm_GRB230812B/
05:51 bilby INFO    : Single likelihood evaluation took 2.539e-01 s
05:51 bilby INFO    : Single likelihood evaluation took 2.575e-01 s
05:51 bilby INFO    : Single likelihood evaluation took 2.602e-01 s
05:51 bilby WARNING : Supplied argument 'queue_size' not an argument of 'Pymultinest', removing.
05:51 bilby WARNING : Supplied argument 'check_point_delta_t' not an argument of 'Pymultinest', removing.
05:51 bilby INFO    : Using sampler Pymultinest with kwargs {'importance_nested_sampling': False, 'resume': True, 'verbose': True, 'sampling_efficiency': 'parameter', 'n_live_points': 2048, 'n_params': 9, 'n_clustering_params': None, 'wrapped_params': None, 'multimodal': True, 'const_efficiency_mode': False, 'evidence_tolerance': 0.5, 'n_iter_before_update': 100, 'null_log_evidence': -1e+90, 'max_modes': 100, 'mode_tolerance': -1e+90, 'seed': 42, 'context': 0, 'write_output': True, 'log_zero': -1e+100, 'max_iter': 0, 'init_MPI': False, 'dump_callback': <bound method Pymultinest._dump_callback of <bilby.core.sampler.pymultinest.Pymultinest object at 0x15552d7f61c0>>}
05:51 bilby INFO    : Temporary directory incompatible with MPI, will run in original directory
05:51 bilby INFO    : Using output file outdirSNtophat32cores/pm_GRB230812B/
05:51 bilby WARNING : Supplied argument 'queue_size' not an argument of 'Pymultinest', removing.
05:51 bilby WARNING : Supplied argument 'check_point_delta_t' not an argument of 'Pymultinest', removing.
05:51 bilby INFO    : Using sampler Pymultinest with kwargs {'importance_nested_sampling': False, 'resume': True, 'verbose': True, 'sampling_efficiency': 'parameter', 'n_live_points': 2048, 'n_params': 9, 'n_clustering_params': None, 'wrapped_params': None, 'multimodal': True, 'const_efficiency_mode': False, 'evidence_tolerance': 0.5, 'n_iter_before_update': 100, 'null_log_evidence': -1e+90, 'max_modes': 100, 'mode_tolerance': -1e+90, 'seed': 42, 'context': 0, 'write_output': True, 'log_zero': -1e+100, 'max_iter': 0, 'init_MPI': False, 'dump_callback': <bound method Pymultinest._dump_callback of <bilby.core.sampler.pymultinest.Pymultinest object at 0x15551c7eb1f0>>}
05:51 bilby INFO    : Temporary directory incompatible with MPI, will run in original directory
05:51 bilby INFO    : Using output file outdirSNtophat32cores/pm_GRB230812B/
05:51 bilby WARNING : Supplied argument 'queue_size' not an argument of 'Pymultinest', removing.
05:51 bilby WARNING : Supplied argument 'check_point_delta_t' not an argument of 'Pymultinest', removing.
05:51 bilby INFO    : Using sampler Pymultinest with kwargs {'importance_nested_sampling': False, 'resume': True, 'verbose': True, 'sampling_efficiency': 'parameter', 'n_live_points': 2048, 'n_params': 9, 'n_clustering_params': None, 'wrapped_params': None, 'multimodal': True, 'const_efficiency_mode': False, 'evidence_tolerance': 0.5, 'n_iter_before_update': 100, 'null_log_evidence': -1e+90, 'max_modes': 100, 'mode_tolerance': -1e+90, 'seed': 42, 'context': 0, 'write_output': True, 'log_zero': -1e+100, 'max_iter': 0, 'init_MPI': False, 'dump_callback': <bound method Pymultinest._dump_callback of <bilby.core.sampler.pymultinest.Pymultinest object at 0x15551c7ec190>>}
05:51 bilby INFO    : Temporary directory incompatible with MPI, will run in original directory
05:51 bilby INFO    : Using output file outdirSNtophat32cores/pm_GRB230812B/
05:51 bilby INFO    : Single likelihood evaluation took 2.614e-01 s
05:51 bilby INFO    : Single likelihood evaluation took 2.624e-01 s
05:51 bilby WARNING : Supplied argument 'queue_size' not an argument of 'Pymultinest', removing.
05:51 bilby WARNING : Supplied argument 'check_point_delta_t' not an argument of 'Pymultinest', removing.
05:51 bilby INFO    : Using sampler Pymultinest with kwargs {'importance_nested_sampling': False, 'resume': True, 'verbose': True, 'sampling_efficiency': 'parameter', 'n_live_points': 2048, 'n_params': 9, 'n_clustering_params': None, 'wrapped_params': None, 'multimodal': True, 'const_efficiency_mode': False, 'evidence_tolerance': 0.5, 'n_iter_before_update': 100, 'null_log_evidence': -1e+90, 'max_modes': 100, 'mode_tolerance': -1e+90, 'seed': 42, 'context': 0, 'write_output': True, 'log_zero': -1e+100, 'max_iter': 0, 'init_MPI': False, 'dump_callback': <bound method Pymultinest._dump_callback of <bilby.core.sampler.pymultinest.Pymultinest object at 0x15551c7ee1f0>>}
05:51 bilby INFO    : Temporary directory incompatible with MPI, will run in original directory
05:51 bilby INFO    : Using output file outdirSNtophat32cores/pm_GRB230812B/
05:51 bilby INFO    : Single likelihood evaluation took 2.649e-01 s
05:51 bilby INFO    : Single likelihood evaluation took 2.646e-01 s
05:51 bilby INFO    : Single likelihood evaluation took 2.656e-01 s
05:51 bilby WARNING : Supplied argument 'queue_size' not an argument of 'Pymultinest', removing.
05:51 bilby WARNING : Supplied argument 'check_point_delta_t' not an argument of 'Pymultinest', removing.
05:51 bilby INFO    : Using sampler Pymultinest with kwargs {'importance_nested_sampling': False, 'resume': True, 'verbose': True, 'sampling_efficiency': 'parameter', 'n_live_points': 2048, 'n_params': 9, 'n_clustering_params': None, 'wrapped_params': None, 'multimodal': True, 'const_efficiency_mode': False, 'evidence_tolerance': 0.5, 'n_iter_before_update': 100, 'null_log_evidence': -1e+90, 'max_modes': 100, 'mode_tolerance': -1e+90, 'seed': 42, 'context': 0, 'write_output': True, 'log_zero': -1e+100, 'max_iter': 0, 'init_MPI': False, 'dump_callback': <bound method Pymultinest._dump_callback of <bilby.core.sampler.pymultinest.Pymultinest object at 0x15551c7ec100>>}
05:51 bilby INFO    : Temporary directory incompatible with MPI, will run in original directory
05:51 bilby INFO    : Using output file outdirSNtophat32cores/pm_GRB230812B/
05:51 bilby INFO    : Single likelihood evaluation took 2.683e-01 s
05:51 bilby WARNING : Supplied argument 'queue_size' not an argument of 'Pymultinest', removing.
05:51 bilby WARNING : Supplied argument 'check_point_delta_t' not an argument of 'Pymultinest', removing.
05:51 bilby INFO    : Using sampler Pymultinest with kwargs {'importance_nested_sampling': False, 'resume': True, 'verbose': True, 'sampling_efficiency': 'parameter', 'n_live_points': 2048, 'n_params': 9, 'n_clustering_params': None, 'wrapped_params': None, 'multimodal': True, 'const_efficiency_mode': False, 'evidence_tolerance': 0.5, 'n_iter_before_update': 100, 'null_log_evidence': -1e+90, 'max_modes': 100, 'mode_tolerance': -1e+90, 'seed': 42, 'context': 0, 'write_output': True, 'log_zero': -1e+100, 'max_iter': 0, 'init_MPI': False, 'dump_callback': <bound method Pymultinest._dump_callback of <bilby.core.sampler.pymultinest.Pymultinest object at 0x15553f8ff2b0>>}
05:51 bilby INFO    : Temporary directory incompatible with MPI, will run in original directory
05:51 bilby INFO    : Using output file outdirSNtophat32cores/pm_GRB230812B/
05:51 bilby WARNING : Supplied argument 'queue_size' not an argument of 'Pymultinest', removing.
05:51 bilby WARNING : Supplied argument 'check_point_delta_t' not an argument of 'Pymultinest', removing.
05:51 bilby INFO    : Using sampler Pymultinest with kwargs {'importance_nested_sampling': False, 'resume': True, 'verbose': True, 'sampling_efficiency': 'parameter', 'n_live_points': 2048, 'n_params': 9, 'n_clustering_params': None, 'wrapped_params': None, 'multimodal': True, 'const_efficiency_mode': False, 'evidence_tolerance': 0.5, 'n_iter_before_update': 100, 'null_log_evidence': -1e+90, 'max_modes': 100, 'mode_tolerance': -1e+90, 'seed': 42, 'context': 0, 'write_output': True, 'log_zero': -1e+100, 'max_iter': 0, 'init_MPI': False, 'dump_callback': <bound method Pymultinest._dump_callback of <bilby.core.sampler.pymultinest.Pymultinest object at 0x15551c7e66a0>>}
05:51 bilby INFO    : Temporary directory incompatible with MPI, will run in original directory
05:51 bilby INFO    : Using output file outdirSNtophat32cores/pm_GRB230812B/
05:51 bilby WARNING : Supplied argument 'queue_size' not an argument of 'Pymultinest', removing.
05:51 bilby WARNING : Supplied argument 'check_point_delta_t' not an argument of 'Pymultinest', removing.
05:51 bilby INFO    : Using sampler Pymultinest with kwargs {'importance_nested_sampling': False, 'resume': True, 'verbose': True, 'sampling_efficiency': 'parameter', 'n_live_points': 2048, 'n_params': 9, 'n_clustering_params': None, 'wrapped_params': None, 'multimodal': True, 'const_efficiency_mode': False, 'evidence_tolerance': 0.5, 'n_iter_before_update': 100, 'null_log_evidence': -1e+90, 'max_modes': 100, 'mode_tolerance': -1e+90, 'seed': 42, 'context': 0, 'write_output': True, 'log_zero': -1e+100, 'max_iter': 0, 'init_MPI': False, 'dump_callback': <bound method Pymultinest._dump_callback of <bilby.core.sampler.pymultinest.Pymultinest object at 0x15552d7f3100>>}
05:51 bilby INFO    : Temporary directory incompatible with MPI, will run in original directory
05:51 bilby INFO    : Using output file outdirSNtophat32cores/pm_GRB230812B/
05:51 bilby INFO    : Single likelihood evaluation took 2.648e-01 s
05:51 bilby INFO    : Single likelihood evaluation took 2.718e-01 s
05:51 bilby INFO    : Single likelihood evaluation took 2.683e-01 s
05:51 bilby INFO    : Single likelihood evaluation took 2.710e-01 s
05:51 bilby WARNING : Supplied argument 'queue_size' not an argument of 'Pymultinest', removing.
05:51 bilby WARNING : Supplied argument 'check_point_delta_t' not an argument of 'Pymultinest', removing.
05:51 bilby INFO    : Using sampler Pymultinest with kwargs {'importance_nested_sampling': False, 'resume': True, 'verbose': True, 'sampling_efficiency': 'parameter', 'n_live_points': 2048, 'n_params': 9, 'n_clustering_params': None, 'wrapped_params': None, 'multimodal': True, 'const_efficiency_mode': False, 'evidence_tolerance': 0.5, 'n_iter_before_update': 100, 'null_log_evidence': -1e+90, 'max_modes': 100, 'mode_tolerance': -1e+90, 'seed': 42, 'context': 0, 'write_output': True, 'log_zero': -1e+100, 'max_iter': 0, 'init_MPI': False, 'dump_callback': <bound method Pymultinest._dump_callback of <bilby.core.sampler.pymultinest.Pymultinest object at 0x15551c9d8ee0>>}
05:51 bilby INFO    : Temporary directory incompatible with MPI, will run in original directory
05:51 bilby INFO    : Using output file outdirSNtophat32cores/pm_GRB230812B/
05:51 bilby INFO    : Single likelihood evaluation took 2.731e-01 s
05:51 bilby WARNING : Supplied argument 'queue_size' not an argument of 'Pymultinest', removing.
05:51 bilby WARNING : Supplied argument 'check_point_delta_t' not an argument of 'Pymultinest', removing.
05:51 bilby INFO    : Using sampler Pymultinest with kwargs {'importance_nested_sampling': False, 'resume': True, 'verbose': True, 'sampling_efficiency': 'parameter', 'n_live_points': 2048, 'n_params': 9, 'n_clustering_params': None, 'wrapped_params': None, 'multimodal': True, 'const_efficiency_mode': False, 'evidence_tolerance': 0.5, 'n_iter_before_update': 100, 'null_log_evidence': -1e+90, 'max_modes': 100, 'mode_tolerance': -1e+90, 'seed': 42, 'context': 0, 'write_output': True, 'log_zero': -1e+100, 'max_iter': 0, 'init_MPI': False, 'dump_callback': <bound method Pymultinest._dump_callback of <bilby.core.sampler.pymultinest.Pymultinest object at 0x15551c7ed190>>}
05:51 bilby INFO    : Temporary directory incompatible with MPI, will run in original directory
05:51 bilby INFO    : Using output file outdirSNtophat32cores/pm_GRB230812B/
05:51 bilby WARNING : Supplied argument 'queue_size' not an argument of 'Pymultinest', removing.
05:51 bilby WARNING : Supplied argument 'check_point_delta_t' not an argument of 'Pymultinest', removing.
05:51 bilby INFO    : Using sampler Pymultinest with kwargs {'importance_nested_sampling': False, 'resume': True, 'verbose': True, 'sampling_efficiency': 'parameter', 'n_live_points': 2048, 'n_params': 9, 'n_clustering_params': None, 'wrapped_params': None, 'multimodal': True, 'const_efficiency_mode': False, 'evidence_tolerance': 0.5, 'n_iter_before_update': 100, 'null_log_evidence': -1e+90, 'max_modes': 100, 'mode_tolerance': -1e+90, 'seed': 42, 'context': 0, 'write_output': True, 'log_zero': -1e+100, 'max_iter': 0, 'init_MPI': False, 'dump_callback': <bound method Pymultinest._dump_callback of <bilby.core.sampler.pymultinest.Pymultinest object at 0x15551c7ec1c0>>}
05:51 bilby INFO    : Temporary directory incompatible with MPI, will run in original directory
05:51 bilby INFO    : Using output file outdirSNtophat32cores/pm_GRB230812B/
05:51 bilby WARNING : Supplied argument 'queue_size' not an argument of 'Pymultinest', removing.
05:51 bilby WARNING : Supplied argument 'check_point_delta_t' not an argument of 'Pymultinest', removing.
05:51 bilby INFO    : Using sampler Pymultinest with kwargs {'importance_nested_sampling': False, 'resume': True, 'verbose': True, 'sampling_efficiency': 'parameter', 'n_live_points': 2048, 'n_params': 9, 'n_clustering_params': None, 'wrapped_params': None, 'multimodal': True, 'const_efficiency_mode': False, 'evidence_tolerance': 0.5, 'n_iter_before_update': 100, 'null_log_evidence': -1e+90, 'max_modes': 100, 'mode_tolerance': -1e+90, 'seed': 42, 'context': 0, 'write_output': True, 'log_zero': -1e+100, 'max_iter': 0, 'init_MPI': False, 'dump_callback': <bound method Pymultinest._dump_callback of <bilby.core.sampler.pymultinest.Pymultinest object at 0x15551c7ee280>>}
05:51 bilby INFO    : Temporary directory incompatible with MPI, will run in original directory
05:51 bilby INFO    : Using output file outdirSNtophat32cores/pm_GRB230812B/
05:51 bilby INFO    : Single likelihood evaluation took 2.773e-01 s
05:51 bilby INFO    : Single likelihood evaluation took 2.747e-01 s
05:51 bilby WARNING : Supplied argument 'queue_size' not an argument of 'Pymultinest', removing.
05:51 bilby WARNING : Supplied argument 'check_point_delta_t' not an argument of 'Pymultinest', removing.
05:51 bilby INFO    : Using sampler Pymultinest with kwargs {'importance_nested_sampling': False, 'resume': True, 'verbose': True, 'sampling_efficiency': 'parameter', 'n_live_points': 2048, 'n_params': 9, 'n_clustering_params': None, 'wrapped_params': None, 'multimodal': True, 'const_efficiency_mode': False, 'evidence_tolerance': 0.5, 'n_iter_before_update': 100, 'null_log_evidence': -1e+90, 'max_modes': 100, 'mode_tolerance': -1e+90, 'seed': 42, 'context': 0, 'write_output': True, 'log_zero': -1e+100, 'max_iter': 0, 'init_MPI': False, 'dump_callback': <bound method Pymultinest._dump_callback of <bilby.core.sampler.pymultinest.Pymultinest object at 0x15551c7eb100>>}
05:51 bilby WARNING : Supplied argument 'queue_size' not an argument of 'Pymultinest', removing.
05:51 bilby INFO    : Temporary directory incompatible with MPI, will run in original directory
05:51 bilby WARNING : Supplied argument 'check_point_delta_t' not an argument of 'Pymultinest', removing.
05:51 bilby INFO    : Using sampler Pymultinest with kwargs {'importance_nested_sampling': False, 'resume': True, 'verbose': True, 'sampling_efficiency': 'parameter', 'n_live_points': 2048, 'n_params': 9, 'n_clustering_params': None, 'wrapped_params': None, 'multimodal': True, 'const_efficiency_mode': False, 'evidence_tolerance': 0.5, 'n_iter_before_update': 100, 'null_log_evidence': -1e+90, 'max_modes': 100, 'mode_tolerance': -1e+90, 'seed': 42, 'context': 0, 'write_output': True, 'log_zero': -1e+100, 'max_iter': 0, 'init_MPI': False, 'dump_callback': <bound method Pymultinest._dump_callback of <bilby.core.sampler.pymultinest.Pymultinest object at 0x15552d7f5130>>}
05:51 bilby INFO    : Using output file outdirSNtophat32cores/pm_GRB230812B/
05:51 bilby INFO    : Temporary directory incompatible with MPI, will run in original directory
05:51 bilby INFO    : Using output file outdirSNtophat32cores/pm_GRB230812B/
05:51 bilby WARNING : Supplied argument 'queue_size' not an argument of 'Pymultinest', removing.
05:51 bilby WARNING : Supplied argument 'check_point_delta_t' not an argument of 'Pymultinest', removing.
05:51 bilby INFO    : Using sampler Pymultinest with kwargs {'importance_nested_sampling': False, 'resume': True, 'verbose': True, 'sampling_efficiency': 'parameter', 'n_live_points': 2048, 'n_params': 9, 'n_clustering_params': None, 'wrapped_params': None, 'multimodal': True, 'const_efficiency_mode': False, 'evidence_tolerance': 0.5, 'n_iter_before_update': 100, 'null_log_evidence': -1e+90, 'max_modes': 100, 'mode_tolerance': -1e+90, 'seed': 42, 'context': 0, 'write_output': True, 'log_zero': -1e+100, 'max_iter': 0, 'init_MPI': False, 'dump_callback': <bound method Pymultinest._dump_callback of <bilby.core.sampler.pymultinest.Pymultinest object at 0x15552d7f41f0>>}
05:51 bilby INFO    : Temporary directory incompatible with MPI, will run in original directory
05:51 bilby INFO    : Using output file outdirSNtophat32cores/pm_GRB230812B/
05:51 bilby WARNING : Supplied argument 'queue_size' not an argument of 'Pymultinest', removing.
05:51 bilby WARNING : Supplied argument 'check_point_delta_t' not an argument of 'Pymultinest', removing.
05:51 bilby INFO    : Using sampler Pymultinest with kwargs {'importance_nested_sampling': False, 'resume': True, 'verbose': True, 'sampling_efficiency': 'parameter', 'n_live_points': 2048, 'n_params': 9, 'n_clustering_params': None, 'wrapped_params': None, 'multimodal': True, 'const_efficiency_mode': False, 'evidence_tolerance': 0.5, 'n_iter_before_update': 100, 'null_log_evidence': -1e+90, 'max_modes': 100, 'mode_tolerance': -1e+90, 'seed': 42, 'context': 0, 'write_output': True, 'log_zero': -1e+100, 'max_iter': 0, 'init_MPI': False, 'dump_callback': <bound method Pymultinest._dump_callback of <bilby.core.sampler.pymultinest.Pymultinest object at 0x155531bf41f0>>}
05:51 bilby INFO    : Temporary directory incompatible with MPI, will run in original directory
05:51 bilby INFO    : Using output file outdirSNtophat32cores/pm_GRB230812B/
05:51 bilby INFO    : Single likelihood evaluation took 2.781e-01 s
05:51 bilby INFO    : Single likelihood evaluation took 2.762e-01 s
05:51 bilby INFO    : Single likelihood evaluation took 2.766e-01 s
05:51 bilby WARNING : Supplied argument 'queue_size' not an argument of 'Pymultinest', removing.
05:51 bilby WARNING : Supplied argument 'check_point_delta_t' not an argument of 'Pymultinest', removing.
05:51 bilby INFO    : Using sampler Pymultinest with kwargs {'importance_nested_sampling': False, 'resume': True, 'verbose': True, 'sampling_efficiency': 'parameter', 'n_live_points': 2048, 'n_params': 9, 'n_clustering_params': None, 'wrapped_params': None, 'multimodal': True, 'const_efficiency_mode': False, 'evidence_tolerance': 0.5, 'n_iter_before_update': 100, 'null_log_evidence': -1e+90, 'max_modes': 100, 'mode_tolerance': -1e+90, 'seed': 42, 'context': 0, 'write_output': True, 'log_zero': -1e+100, 'max_iter': 0, 'init_MPI': False, 'dump_callback': <bound method Pymultinest._dump_callback of <bilby.core.sampler.pymultinest.Pymultinest object at 0x15551c4f41c0>>}
05:51 bilby INFO    : Temporary directory incompatible with MPI, will run in original directory
05:51 bilby INFO    : Using output file outdirSNtophat32cores/pm_GRB230812B/
05:51 bilby WARNING : Supplied argument 'queue_size' not an argument of 'Pymultinest', removing.
05:51 bilby WARNING : Supplied argument 'check_point_delta_t' not an argument of 'Pymultinest', removing.
05:51 bilby INFO    : Using sampler Pymultinest with kwargs {'importance_nested_sampling': False, 'resume': True, 'verbose': True, 'sampling_efficiency': 'parameter', 'n_live_points': 2048, 'n_params': 9, 'n_clustering_params': None, 'wrapped_params': None, 'multimodal': True, 'const_efficiency_mode': False, 'evidence_tolerance': 0.5, 'n_iter_before_update': 100, 'null_log_evidence': -1e+90, 'max_modes': 100, 'mode_tolerance': -1e+90, 'seed': 42, 'context': 0, 'write_output': True, 'log_zero': -1e+100, 'max_iter': 0, 'init_MPI': False, 'dump_callback': <bound method Pymultinest._dump_callback of <bilby.core.sampler.pymultinest.Pymultinest object at 0x155531bf71f0>>}
05:51 bilby INFO    : Temporary directory incompatible with MPI, will run in original directory
05:51 bilby INFO    : Using output file outdirSNtophat32cores/pm_GRB230812B/
05:51 bilby INFO    : Single likelihood evaluation took 2.812e-01 s
05:51 bilby INFO    : Single likelihood evaluation took 2.842e-01 s
05:51 bilby INFO    : Single likelihood evaluation took 2.839e-01 s
05:51 bilby WARNING : Supplied argument 'queue_size' not an argument of 'Pymultinest', removing.
05:51 bilby WARNING : Supplied argument 'check_point_delta_t' not an argument of 'Pymultinest', removing.
05:51 bilby INFO    : Using sampler Pymultinest with kwargs {'importance_nested_sampling': False, 'resume': True, 'verbose': True, 'sampling_efficiency': 'parameter', 'n_live_points': 2048, 'n_params': 9, 'n_clustering_params': None, 'wrapped_params': None, 'multimodal': True, 'const_efficiency_mode': False, 'evidence_tolerance': 0.5, 'n_iter_before_update': 100, 'null_log_evidence': -1e+90, 'max_modes': 100, 'mode_tolerance': -1e+90, 'seed': 42, 'context': 0, 'write_output': True, 'log_zero': -1e+100, 'max_iter': 0, 'init_MPI': False, 'dump_callback': <bound method Pymultinest._dump_callback of <bilby.core.sampler.pymultinest.Pymultinest object at 0x155555406550>>}
05:51 bilby INFO    : Temporary directory incompatible with MPI, will run in original directory
05:51 bilby INFO    : Using output file outdirSNtophat32cores/pm_GRB230812B/
05:51 bilby INFO    : Single likelihood evaluation took 2.852e-01 s
05:51 bilby WARNING : Supplied argument 'queue_size' not an argument of 'Pymultinest', removing.
05:51 bilby WARNING : Supplied argument 'check_point_delta_t' not an argument of 'Pymultinest', removing.
05:51 bilby INFO    : Using sampler Pymultinest with kwargs {'importance_nested_sampling': False, 'resume': True, 'verbose': True, 'sampling_efficiency': 'parameter', 'n_live_points': 2048, 'n_params': 9, 'n_clustering_params': None, 'wrapped_params': None, 'multimodal': True, 'const_efficiency_mode': False, 'evidence_tolerance': 0.5, 'n_iter_before_update': 100, 'null_log_evidence': -1e+90, 'max_modes': 100, 'mode_tolerance': -1e+90, 'seed': 42, 'context': 0, 'write_output': True, 'log_zero': -1e+100, 'max_iter': 0, 'init_MPI': False, 'dump_callback': <bound method Pymultinest._dump_callback of <bilby.core.sampler.pymultinest.Pymultinest object at 0x15551c7e4970>>}
05:51 bilby INFO    : Temporary directory incompatible with MPI, will run in original directory
05:51 bilby INFO    : Using output file outdirSNtophat32cores/pm_GRB230812B/
05:51 bilby WARNING : Supplied argument 'queue_size' not an argument of 'Pymultinest', removing.
05:51 bilby WARNING : Supplied argument 'check_point_delta_t' not an argument of 'Pymultinest', removing.
05:51 bilby INFO    : Using sampler Pymultinest with kwargs {'importance_nested_sampling': False, 'resume': True, 'verbose': True, 'sampling_efficiency': 'parameter', 'n_live_points': 2048, 'n_params': 9, 'n_clustering_params': None, 'wrapped_params': None, 'multimodal': True, 'const_efficiency_mode': False, 'evidence_tolerance': 0.5, 'n_iter_before_update': 100, 'null_log_evidence': -1e+90, 'max_modes': 100, 'mode_tolerance': -1e+90, 'seed': 42, 'context': 0, 'write_output': True, 'log_zero': -1e+100, 'max_iter': 0, 'init_MPI': False, 'dump_callback': <bound method Pymultinest._dump_callback of <bilby.core.sampler.pymultinest.Pymultinest object at 0x15551c7e5970>>}
05:51 bilby INFO    : Temporary directory incompatible with MPI, will run in original directory
05:51 bilby INFO    : Using output file outdirSNtophat32cores/pm_GRB230812B/
05:51 bilby WARNING : Supplied argument 'queue_size' not an argument of 'Pymultinest', removing.
05:51 bilby WARNING : Supplied argument 'check_point_delta_t' not an argument of 'Pymultinest', removing.
05:51 bilby INFO    : Using sampler Pymultinest with kwargs {'importance_nested_sampling': False, 'resume': True, 'verbose': True, 'sampling_efficiency': 'parameter', 'n_live_points': 2048, 'n_params': 9, 'n_clustering_params': None, 'wrapped_params': None, 'multimodal': True, 'const_efficiency_mode': False, 'evidence_tolerance': 0.5, 'n_iter_before_update': 100, 'null_log_evidence': -1e+90, 'max_modes': 100, 'mode_tolerance': -1e+90, 'seed': 42, 'context': 0, 'write_output': True, 'log_zero': -1e+100, 'max_iter': 0, 'init_MPI': False, 'dump_callback': <bound method Pymultinest._dump_callback of <bilby.core.sampler.pymultinest.Pymultinest object at 0x155531bf6190>>}
05:51 bilby INFO    : Temporary directory incompatible with MPI, will run in original directory
05:51 bilby INFO    : Using output file outdirSNtophat32cores/pm_GRB230812B/
05:51 bilby WARNING : Supplied argument 'queue_size' not an argument of 'Pymultinest', removing.
05:51 bilby WARNING : Supplied argument 'check_point_delta_t' not an argument of 'Pymultinest', removing.
05:51 bilby INFO    : Using sampler Pymultinest with kwargs {'importance_nested_sampling': False, 'resume': True, 'verbose': True, 'sampling_efficiency': 'parameter', 'n_live_points': 2048, 'n_params': 9, 'n_clustering_params': None, 'wrapped_params': None, 'multimodal': True, 'const_efficiency_mode': False, 'evidence_tolerance': 0.5, 'n_iter_before_update': 100, 'null_log_evidence': -1e+90, 'max_modes': 100, 'mode_tolerance': -1e+90, 'seed': 42, 'context': 0, 'write_output': True, 'log_zero': -1e+100, 'max_iter': 0, 'init_MPI': False, 'dump_callback': <bound method Pymultinest._dump_callback of <bilby.core.sampler.pymultinest.Pymultinest object at 0x155531bf61f0>>}
05:51 bilby INFO    : Temporary directory incompatible with MPI, will run in original directory
05:51 bilby INFO    : Using output file outdirSNtophat32cores/pm_GRB230812B/
05:51 bilby INFO    : Single likelihood evaluation took 2.960e-01 s
05:51 bilby WARNING : Supplied argument 'queue_size' not an argument of 'Pymultinest', removing.
05:51 bilby WARNING : Supplied argument 'check_point_delta_t' not an argument of 'Pymultinest', removing.
05:51 bilby INFO    : Using sampler Pymultinest with kwargs {'importance_nested_sampling': False, 'resume': True, 'verbose': True, 'sampling_efficiency': 'parameter', 'n_live_points': 2048, 'n_params': 9, 'n_clustering_params': None, 'wrapped_params': None, 'multimodal': True, 'const_efficiency_mode': False, 'evidence_tolerance': 0.5, 'n_iter_before_update': 100, 'null_log_evidence': -1e+90, 'max_modes': 100, 'mode_tolerance': -1e+90, 'seed': 42, 'context': 0, 'write_output': True, 'log_zero': -1e+100, 'max_iter': 0, 'init_MPI': False, 'dump_callback': <bound method Pymultinest._dump_callback of <bilby.core.sampler.pymultinest.Pymultinest object at 0x1555553fe640>>}
05:51 bilby INFO    : Temporary directory incompatible with MPI, will run in original directory
05:51 bilby INFO    : Using output file outdirSNtophat32cores/pm_GRB230812B/
06:19 bilby INFO    : Sampling time: 0:28:14.313112
06:19 bilby INFO    : Sampling time: 0:28:15.137328
06:19 bilby INFO    : Sampling time: 0:28:17.432951
06:19 bilby INFO    : Sampling time: 0:28:16.180866
06:19 bilby INFO    : Sampling time: 0:28:13.700013
06:19 bilby INFO    : Sampling time: 0:28:16.410625
06:19 bilby INFO    : Sampling time: 0:28:15.158266
06:19 bilby INFO    : Sampling time: 0:28:14.443465
06:19 bilby INFO    : Sampling time: 0:28:16.163269
06:19 bilby INFO    : Sampling time: 0:28:17.537054
06:19 bilby INFO    : Sampling time: 0:28:19.755470
06:19 bilby INFO    : Sampling time: 0:28:16.310860
06:19 bilby INFO    : Sampling time: 0:28:16.883112
06:19 bilby INFO    : Sampling time: 0:28:16.932728
06:19 bilby INFO    : Sampling time: 0:28:15.420141
06:19 bilby INFO    : Sampling time: 0:28:14.360597
06:19 bilby INFO    : Sampling time: 0:28:14.266583
06:19 bilby INFO    : Sampling time: 0:28:15.531954
06:19 bilby INFO    : Sampling time: 0:28:15.352929
06:19 bilby INFO    : Sampling time: 0:28:14.682114
06:19 bilby INFO    : Sampling time: 0:28:16.852859
06:19 bilby INFO    : Sampling time: 0:28:15.028843
06:19 bilby INFO    : Sampling time: 0:28:17.845659
06:19 bilby INFO    : Sampling time: 0:28:15.059098
06:19 bilby INFO    : Sampling time: 0:28:14.802159
06:19 bilby INFO    : Sampling time: 0:28:15.965932
06:19 bilby INFO    : Sampling time: 0:28:18.004814
06:19 bilby INFO    : Sampling time: 0:28:13.093583
06:19 bilby INFO    : Sampling time: 0:28:18.337574
06:19 bilby INFO    : Sampling time: 0:28:21.690233
06:19 bilby INFO    : Sampling time: 0:28:15.764022
06:19 bilby INFO    : Sampling time: 0:28:18.418625
Traceback (most recent call last):
  File "/home/thussenot/.conda/envs/multinest/lib/python3.8/shutil.py", line 791, in move
    os.rename(src, real_dst)
FileNotFoundError: [Errno 2] No such file or directory: 'outdirSNtophat32cores/GRB230812B_result.json' -> 'outdirSNtophat32cores/GRB230812B_result.json.old'

During handling of the above exception, another exception occurred:

Traceback (most recent call last):
  File "/home/thussenot/.conda/envs/multinest/bin/light_curve_analysis", line 8, in <module>
    sys.exit(main())
  File "/home/thussenot/.conda/envs/multinest/lib/python3.8/site-packages/nmma/em/analysis.py", line 622, in main
    result = bilby.run_sampler(
  File "/home/thussenot/.conda/envs/multinest/lib/python3.8/site-packages/bilby/core/sampler/__init__.py", line 262, in run_sampler
    result.save_to_file(extension=save, gzip=gzip, outdir=outdir)
  File "/home/thussenot/.conda/envs/multinest/lib/python3.8/site-packages/bilby/core/result.py", line 773, in save_to_file
    move_old_file(filename, overwrite)
  File "/home/thussenot/.conda/envs/multinest/lib/python3.8/site-packages/bilby/core/utils/io.py", line 408, in move_old_file
    shutil.move(filename, filename + ".old")
  File "/home/thussenot/.conda/envs/multinest/lib/python3.8/shutil.py", line 811, in move
    copy_function(src, real_dst)
  File "/home/thussenot/.conda/envs/multinest/lib/python3.8/shutil.py", line 436, in copy2
    copystat(src, dst, follow_symlinks=follow_symlinks)
  File "/home/thussenot/.conda/envs/multinest/lib/python3.8/shutil.py", line 373, in copystat
    st = lookup("stat")(src, follow_symlinks=follow)
FileNotFoundError: [Errno 2] No such file or directory: 'outdirSNtophat32cores/GRB230812B_result.json'
Traceback (most recent call last):
  File "/home/thussenot/.conda/envs/multinest/lib/python3.8/shutil.py", line 791, in move
    os.rename(src, real_dst)
FileNotFoundError: [Errno 2] No such file or directory: 'outdirSNtophat32cores/GRB230812B_result.json' -> 'outdirSNtophat32cores/GRB230812B_result.json.old'

During handling of the above exception, another exception occurred:

Traceback (most recent call last):
  File "/home/thussenot/.conda/envs/multinest/bin/light_curve_analysis", line 8, in <module>
    sys.exit(main())
  File "/home/thussenot/.conda/envs/multinest/lib/python3.8/site-packages/nmma/em/analysis.py", line 622, in main
    result = bilby.run_sampler(
  File "/home/thussenot/.conda/envs/multinest/lib/python3.8/site-packages/bilby/core/sampler/__init__.py", line 262, in run_sampler
    result.save_to_file(extension=save, gzip=gzip, outdir=outdir)
  File "/home/thussenot/.conda/envs/multinest/lib/python3.8/site-packages/bilby/core/result.py", line 773, in save_to_file
    move_old_file(filename, overwrite)
  File "/home/thussenot/.conda/envs/multinest/lib/python3.8/site-packages/bilby/core/utils/io.py", line 408, in move_old_file
    shutil.move(filename, filename + ".old")
  File "/home/thussenot/.conda/envs/multinest/lib/python3.8/shutil.py", line 811, in move
    copy_function(src, real_dst)
  File "/home/thussenot/.conda/envs/multinest/lib/python3.8/shutil.py", line 435, in copy2
    copyfile(src, dst, follow_symlinks=follow_symlinks)
  File "/home/thussenot/.conda/envs/multinest/lib/python3.8/shutil.py", line 264, in copyfile
    with open(src, 'rb') as fsrc, open(dst, 'wb') as fdst:
FileNotFoundError: [Errno 2] No such file or directory: 'outdirSNtophat32cores/GRB230812B_result.json'
Traceback (most recent call last):
  File "/home/thussenot/.conda/envs/multinest/lib/python3.8/shutil.py", line 791, in move
    os.rename(src, real_dst)
FileNotFoundError: [Errno 2] No such file or directory: 'outdirSNtophat32cores/GRB230812B_result.json' -> 'outdirSNtophat32cores/GRB230812B_result.json.old'

During handling of the above exception, another exception occurred:

Traceback (most recent call last):
  File "/home/thussenot/.conda/envs/multinest/bin/light_curve_analysis", line 8, in <module>
    sys.exit(main())
  File "/home/thussenot/.conda/envs/multinest/lib/python3.8/site-packages/nmma/em/analysis.py", line 622, in main
    result = bilby.run_sampler(
  File "/home/thussenot/.conda/envs/multinest/lib/python3.8/site-packages/bilby/core/sampler/__init__.py", line 262, in run_sampler
    result.save_to_file(extension=save, gzip=gzip, outdir=outdir)
  File "/home/thussenot/.conda/envs/multinest/lib/python3.8/site-packages/bilby/core/result.py", line 773, in save_to_file
    move_old_file(filename, overwrite)
  File "/home/thussenot/.conda/envs/multinest/lib/python3.8/site-packages/bilby/core/utils/io.py", line 408, in move_old_file
    shutil.move(filename, filename + ".old")
  File "/home/thussenot/.conda/envs/multinest/lib/python3.8/shutil.py", line 811, in move
    copy_function(src, real_dst)
  File "/home/thussenot/.conda/envs/multinest/lib/python3.8/shutil.py", line 435, in copy2
    copyfile(src, dst, follow_symlinks=follow_symlinks)
  File "/home/thussenot/.conda/envs/multinest/lib/python3.8/shutil.py", line 264, in copyfile
    with open(src, 'rb') as fsrc, open(dst, 'wb') as fdst:
FileNotFoundError: [Errno 2] No such file or directory: 'outdirSNtophat32cores/GRB230812B_result.json'
Traceback (most recent call last):
  File "/home/thussenot/.conda/envs/multinest/lib/python3.8/shutil.py", line 791, in move
    os.rename(src, real_dst)
FileNotFoundError: [Errno 2] No such file or directory: 'outdirSNtophat32cores/GRB230812B_result.json' -> 'outdirSNtophat32cores/GRB230812B_result.json.old'

During handling of the above exception, another exception occurred:

Traceback (most recent call last):
  File "/home/thussenot/.conda/envs/multinest/bin/light_curve_analysis", line 8, in <module>
    sys.exit(main())
  File "/home/thussenot/.conda/envs/multinest/lib/python3.8/site-packages/nmma/em/analysis.py", line 622, in main
    result = bilby.run_sampler(
  File "/home/thussenot/.conda/envs/multinest/lib/python3.8/site-packages/bilby/core/sampler/__init__.py", line 262, in run_sampler
    result.save_to_file(extension=save, gzip=gzip, outdir=outdir)
  File "/home/thussenot/.conda/envs/multinest/lib/python3.8/site-packages/bilby/core/result.py", line 773, in save_to_file
    move_old_file(filename, overwrite)
  File "/home/thussenot/.conda/envs/multinest/lib/python3.8/site-packages/bilby/core/utils/io.py", line 408, in move_old_file
    shutil.move(filename, filename + ".old")
  File "/home/thussenot/.conda/envs/multinest/lib/python3.8/shutil.py", line 811, in move
    copy_function(src, real_dst)
  File "/home/thussenot/.conda/envs/multinest/lib/python3.8/shutil.py", line 435, in copy2
    copyfile(src, dst, follow_symlinks=follow_symlinks)
  File "/home/thussenot/.conda/envs/multinest/lib/python3.8/shutil.py", line 264, in copyfile
    with open(src, 'rb') as fsrc, open(dst, 'wb') as fdst:
FileNotFoundError: [Errno 2] No such file or directory: 'outdirSNtophat32cores/GRB230812B_result.json'
Traceback (most recent call last):
  File "/home/thussenot/.conda/envs/multinest/lib/python3.8/shutil.py", line 791, in move
    os.rename(src, real_dst)
FileNotFoundError: [Errno 2] No such file or directory: 'outdirSNtophat32cores/GRB230812B_result.json' -> 'outdirSNtophat32cores/GRB230812B_result.json.old'

During handling of the above exception, another exception occurred:

Traceback (most recent call last):
  File "/home/thussenot/.conda/envs/multinest/bin/light_curve_analysis", line 8, in <module>
    sys.exit(main())
  File "/home/thussenot/.conda/envs/multinest/lib/python3.8/site-packages/nmma/em/analysis.py", line 622, in main
    result = bilby.run_sampler(
  File "/home/thussenot/.conda/envs/multinest/lib/python3.8/site-packages/bilby/core/sampler/__init__.py", line 262, in run_sampler
    result.save_to_file(extension=save, gzip=gzip, outdir=outdir)
  File "/home/thussenot/.conda/envs/multinest/lib/python3.8/site-packages/bilby/core/result.py", line 773, in save_to_file
    move_old_file(filename, overwrite)
  File "/home/thussenot/.conda/envs/multinest/lib/python3.8/site-packages/bilby/core/utils/io.py", line 408, in move_old_file
    shutil.move(filename, filename + ".old")
  File "/home/thussenot/.conda/envs/multinest/lib/python3.8/shutil.py", line 811, in move
    copy_function(src, real_dst)
  File "/home/thussenot/.conda/envs/multinest/lib/python3.8/shutil.py", line 435, in copy2
    copyfile(src, dst, follow_symlinks=follow_symlinks)
  File "/home/thussenot/.conda/envs/multinest/lib/python3.8/shutil.py", line 264, in copyfile
    with open(src, 'rb') as fsrc, open(dst, 'wb') as fdst:
FileNotFoundError: [Errno 2] No such file or directory: 'outdirSNtophat32cores/GRB230812B_result.json'
Traceback (most recent call last):
  File "/home/thussenot/.conda/envs/multinest/lib/python3.8/shutil.py", line 791, in move
    os.rename(src, real_dst)
FileNotFoundError: [Errno 2] No such file or directory: 'outdirSNtophat32cores/GRB230812B_result.json' -> 'outdirSNtophat32cores/GRB230812B_result.json.old'

During handling of the above exception, another exception occurred:

Traceback (most recent call last):
  File "/home/thussenot/.conda/envs/multinest/bin/light_curve_analysis", line 8, in <module>
    sys.exit(main())
  File "/home/thussenot/.conda/envs/multinest/lib/python3.8/site-packages/nmma/em/analysis.py", line 622, in main
    result = bilby.run_sampler(
  File "/home/thussenot/.conda/envs/multinest/lib/python3.8/site-packages/bilby/core/sampler/__init__.py", line 262, in run_sampler
    result.save_to_file(extension=save, gzip=gzip, outdir=outdir)
  File "/home/thussenot/.conda/envs/multinest/lib/python3.8/site-packages/bilby/core/result.py", line 773, in save_to_file
    move_old_file(filename, overwrite)
  File "/home/thussenot/.conda/envs/multinest/lib/python3.8/site-packages/bilby/core/utils/io.py", line 408, in move_old_file
    shutil.move(filename, filename + ".old")
  File "/home/thussenot/.conda/envs/multinest/lib/python3.8/shutil.py", line 811, in move
    copy_function(src, real_dst)
  File "/home/thussenot/.conda/envs/multinest/lib/python3.8/shutil.py", line 435, in copy2
    copyfile(src, dst, follow_symlinks=follow_symlinks)
  File "/home/thussenot/.conda/envs/multinest/lib/python3.8/shutil.py", line 264, in copyfile
    with open(src, 'rb') as fsrc, open(dst, 'wb') as fdst:
FileNotFoundError: [Errno 2] No such file or directory: 'outdirSNtophat32cores/GRB230812B_result.json'
Traceback (most recent call last):
  File "/home/thussenot/.conda/envs/multinest/lib/python3.8/shutil.py", line 791, in move
    os.rename(src, real_dst)
FileNotFoundError: [Errno 2] No such file or directory: 'outdirSNtophat32cores/GRB230812B_result.json' -> 'outdirSNtophat32cores/GRB230812B_result.json.old'

During handling of the above exception, another exception occurred:

Traceback (most recent call last):
  File "/home/thussenot/.conda/envs/multinest/bin/light_curve_analysis", line 8, in <module>
    sys.exit(main())
  File "/home/thussenot/.conda/envs/multinest/lib/python3.8/site-packages/nmma/em/analysis.py", line 622, in main
    result = bilby.run_sampler(
  File "/home/thussenot/.conda/envs/multinest/lib/python3.8/site-packages/bilby/core/sampler/__init__.py", line 262, in run_sampler
    result.save_to_file(extension=save, gzip=gzip, outdir=outdir)
  File "/home/thussenot/.conda/envs/multinest/lib/python3.8/site-packages/bilby/core/result.py", line 773, in save_to_file
    move_old_file(filename, overwrite)
  File "/home/thussenot/.conda/envs/multinest/lib/python3.8/site-packages/bilby/core/utils/io.py", line 408, in move_old_file
    shutil.move(filename, filename + ".old")
  File "/home/thussenot/.conda/envs/multinest/lib/python3.8/shutil.py", line 811, in move
    copy_function(src, real_dst)
  File "/home/thussenot/.conda/envs/multinest/lib/python3.8/shutil.py", line 435, in copy2
    copyfile(src, dst, follow_symlinks=follow_symlinks)
  File "/home/thussenot/.conda/envs/multinest/lib/python3.8/shutil.py", line 264, in copyfile
    with open(src, 'rb') as fsrc, open(dst, 'wb') as fdst:
FileNotFoundError: [Errno 2] No such file or directory: 'outdirSNtophat32cores/GRB230812B_result.json'
Traceback (most recent call last):
  File "/home/thussenot/.conda/envs/multinest/lib/python3.8/shutil.py", line 791, in move
    os.rename(src, real_dst)
FileNotFoundError: [Errno 2] No such file or directory: 'outdirSNtophat32cores/GRB230812B_result.json' -> 'outdirSNtophat32cores/GRB230812B_result.json.old'

During handling of the above exception, another exception occurred:

Traceback (most recent call last):
  File "/home/thussenot/.conda/envs/multinest/bin/light_curve_analysis", line 8, in <module>
    sys.exit(main())
  File "/home/thussenot/.conda/envs/multinest/lib/python3.8/site-packages/nmma/em/analysis.py", line 622, in main
    result = bilby.run_sampler(
  File "/home/thussenot/.conda/envs/multinest/lib/python3.8/site-packages/bilby/core/sampler/__init__.py", line 262, in run_sampler
    result.save_to_file(extension=save, gzip=gzip, outdir=outdir)
  File "/home/thussenot/.conda/envs/multinest/lib/python3.8/site-packages/bilby/core/result.py", line 773, in save_to_file
    move_old_file(filename, overwrite)
  File "/home/thussenot/.conda/envs/multinest/lib/python3.8/site-packages/bilby/core/utils/io.py", line 408, in move_old_file
    shutil.move(filename, filename + ".old")
  File "/home/thussenot/.conda/envs/multinest/lib/python3.8/shutil.py", line 811, in move
    copy_function(src, real_dst)
  File "/home/thussenot/.conda/envs/multinest/lib/python3.8/shutil.py", line 435, in copy2
    copyfile(src, dst, follow_symlinks=follow_symlinks)
  File "/home/thussenot/.conda/envs/multinest/lib/python3.8/shutil.py", line 264, in copyfile
    with open(src, 'rb') as fsrc, open(dst, 'wb') as fdst:
FileNotFoundError: [Errno 2] No such file or directory: 'outdirSNtophat32cores/GRB230812B_result.json'
Traceback (most recent call last):
  File "/home/thussenot/.conda/envs/multinest/lib/python3.8/shutil.py", line 791, in move
    os.rename(src, real_dst)
FileNotFoundError: [Errno 2] No such file or directory: 'outdirSNtophat32cores/GRB230812B_result.json' -> 'outdirSNtophat32cores/GRB230812B_result.json.old'

During handling of the above exception, another exception occurred:

Traceback (most recent call last):
  File "/home/thussenot/.conda/envs/multinest/bin/light_curve_analysis", line 8, in <module>
    sys.exit(main())
  File "/home/thussenot/.conda/envs/multinest/lib/python3.8/site-packages/nmma/em/analysis.py", line 622, in main
    result = bilby.run_sampler(
  File "/home/thussenot/.conda/envs/multinest/lib/python3.8/site-packages/bilby/core/sampler/__init__.py", line 262, in run_sampler
    result.save_to_file(extension=save, gzip=gzip, outdir=outdir)
  File "/home/thussenot/.conda/envs/multinest/lib/python3.8/site-packages/bilby/core/result.py", line 773, in save_to_file
    move_old_file(filename, overwrite)
  File "/home/thussenot/.conda/envs/multinest/lib/python3.8/site-packages/bilby/core/utils/io.py", line 408, in move_old_file
    shutil.move(filename, filename + ".old")
  File "/home/thussenot/.conda/envs/multinest/lib/python3.8/shutil.py", line 811, in move
    copy_function(src, real_dst)
  File "/home/thussenot/.conda/envs/multinest/lib/python3.8/shutil.py", line 435, in copy2
    copyfile(src, dst, follow_symlinks=follow_symlinks)
  File "/home/thussenot/.conda/envs/multinest/lib/python3.8/shutil.py", line 264, in copyfile
    with open(src, 'rb') as fsrc, open(dst, 'wb') as fdst:
FileNotFoundError: [Errno 2] No such file or directory: 'outdirSNtophat32cores/GRB230812B_result.json'
Traceback (most recent call last):
  File "/home/thussenot/.conda/envs/multinest/lib/python3.8/shutil.py", line 791, in move
    os.rename(src, real_dst)
FileNotFoundError: [Errno 2] No such file or directory: 'outdirSNtophat32cores/GRB230812B_result.json' -> 'outdirSNtophat32cores/GRB230812B_result.json.old'

During handling of the above exception, another exception occurred:

Traceback (most recent call last):
  File "/home/thussenot/.conda/envs/multinest/bin/light_curve_analysis", line 8, in <module>
    sys.exit(main())
  File "/home/thussenot/.conda/envs/multinest/lib/python3.8/site-packages/nmma/em/analysis.py", line 622, in main
    result = bilby.run_sampler(
  File "/home/thussenot/.conda/envs/multinest/lib/python3.8/site-packages/bilby/core/sampler/__init__.py", line 262, in run_sampler
    result.save_to_file(extension=save, gzip=gzip, outdir=outdir)
  File "/home/thussenot/.conda/envs/multinest/lib/python3.8/site-packages/bilby/core/result.py", line 773, in save_to_file
    move_old_file(filename, overwrite)
  File "/home/thussenot/.conda/envs/multinest/lib/python3.8/site-packages/bilby/core/utils/io.py", line 408, in move_old_file
    shutil.move(filename, filename + ".old")
  File "/home/thussenot/.conda/envs/multinest/lib/python3.8/shutil.py", line 811, in move
    copy_function(src, real_dst)
  File "/home/thussenot/.conda/envs/multinest/lib/python3.8/shutil.py", line 435, in copy2
    copyfile(src, dst, follow_symlinks=follow_symlinks)
  File "/home/thussenot/.conda/envs/multinest/lib/python3.8/shutil.py", line 264, in copyfile
    with open(src, 'rb') as fsrc, open(dst, 'wb') as fdst:
FileNotFoundError: [Errno 2] No such file or directory: 'outdirSNtophat32cores/GRB230812B_result.json'
Traceback (most recent call last):
  File "/home/thussenot/.conda/envs/multinest/bin/light_curve_analysis", line 8, in <module>
    sys.exit(main())
  File "/home/thussenot/.conda/envs/multinest/lib/python3.8/site-packages/nmma/em/analysis.py", line 622, in main
    result = bilby.run_sampler(
  File "/home/thussenot/.conda/envs/multinest/lib/python3.8/site-packages/bilby/core/sampler/__init__.py", line 278, in run_sampler
    result.save_to_file(overwrite=True, extension=save, gzip=gzip, outdir=outdir)
  File "/home/thussenot/.conda/envs/multinest/lib/python3.8/site-packages/bilby/core/result.py", line 773, in save_to_file
    move_old_file(filename, overwrite)
  File "/home/thussenot/.conda/envs/multinest/lib/python3.8/site-packages/bilby/core/utils/io.py", line 403, in move_old_file
    os.remove(filename)
FileNotFoundError: [Errno 2] No such file or directory: 'outdirSNtophat32cores/GRB230812B_result.json'
Traceback (most recent call last):
  File "/home/thussenot/.conda/envs/multinest/bin/light_curve_analysis", line 8, in <module>
    sys.exit(main())
  File "/home/thussenot/.conda/envs/multinest/lib/python3.8/site-packages/nmma/em/analysis.py", line 622, in main
    result = bilby.run_sampler(
  File "/home/thussenot/.conda/envs/multinest/lib/python3.8/site-packages/bilby/core/sampler/__init__.py", line 278, in run_sampler
    result.save_to_file(overwrite=True, extension=save, gzip=gzip, outdir=outdir)
  File "/home/thussenot/.conda/envs/multinest/lib/python3.8/site-packages/bilby/core/result.py", line 773, in save_to_file
    move_old_file(filename, overwrite)
  File "/home/thussenot/.conda/envs/multinest/lib/python3.8/site-packages/bilby/core/utils/io.py", line 403, in move_old_file
    os.remove(filename)
FileNotFoundError: [Errno 2] No such file or directory: 'outdirSNtophat32cores/GRB230812B_result.json'
Traceback (most recent call last):
  File "/home/thussenot/.conda/envs/multinest/bin/light_curve_analysis", line 8, in <module>
    sys.exit(main())
  File "/home/thussenot/.conda/envs/multinest/lib/python3.8/site-packages/nmma/em/analysis.py", line 622, in main
    result = bilby.run_sampler(
  File "/home/thussenot/.conda/envs/multinest/lib/python3.8/site-packages/bilby/core/sampler/__init__.py", line 278, in run_sampler
    result.save_to_file(overwrite=True, extension=save, gzip=gzip, outdir=outdir)
  File "/home/thussenot/.conda/envs/multinest/lib/python3.8/site-packages/bilby/core/result.py", line 773, in save_to_file
    move_old_file(filename, overwrite)
  File "/home/thussenot/.conda/envs/multinest/lib/python3.8/site-packages/bilby/core/utils/io.py", line 403, in move_old_file
    os.remove(filename)
FileNotFoundError: [Errno 2] No such file or directory: 'outdirSNtophat32cores/GRB230812B_result.json'
Traceback (most recent call last):
  File "/home/thussenot/.conda/envs/multinest/bin/light_curve_analysis", line 8, in <module>
    sys.exit(main())
  File "/home/thussenot/.conda/envs/multinest/lib/python3.8/site-packages/nmma/em/analysis.py", line 622, in main
    result = bilby.run_sampler(
  File "/home/thussenot/.conda/envs/multinest/lib/python3.8/site-packages/bilby/core/sampler/__init__.py", line 278, in run_sampler
    result.save_to_file(overwrite=True, extension=save, gzip=gzip, outdir=outdir)
  File "/home/thussenot/.conda/envs/multinest/lib/python3.8/site-packages/bilby/core/result.py", line 773, in save_to_file
    move_old_file(filename, overwrite)
  File "/home/thussenot/.conda/envs/multinest/lib/python3.8/site-packages/bilby/core/utils/io.py", line 403, in move_old_file
    os.remove(filename)
FileNotFoundError: [Errno 2] No such file or directory: 'outdirSNtophat32cores/GRB230812B_result.json'
Traceback (most recent call last):
  File "/home/thussenot/.conda/envs/multinest/bin/light_curve_analysis", line 8, in <module>
    sys.exit(main())
  File "/home/thussenot/.conda/envs/multinest/lib/python3.8/site-packages/nmma/em/analysis.py", line 622, in main
    result = bilby.run_sampler(
  File "/home/thussenot/.conda/envs/multinest/lib/python3.8/site-packages/bilby/core/sampler/__init__.py", line 278, in run_sampler
    result.save_to_file(overwrite=True, extension=save, gzip=gzip, outdir=outdir)
  File "/home/thussenot/.conda/envs/multinest/lib/python3.8/site-packages/bilby/core/result.py", line 773, in save_to_file
    move_old_file(filename, overwrite)
  File "/home/thussenot/.conda/envs/multinest/lib/python3.8/site-packages/bilby/core/utils/io.py", line 403, in move_old_file
    os.remove(filename)
FileNotFoundError: [Errno 2] No such file or directory: 'outdirSNtophat32cores/GRB230812B_result.json'
Traceback (most recent call last):
  File "/home/thussenot/.conda/envs/multinest/bin/light_curve_analysis", line 8, in <module>
    sys.exit(main())
  File "/home/thussenot/.conda/envs/multinest/lib/python3.8/site-packages/nmma/em/analysis.py", line 622, in main
    result = bilby.run_sampler(
  File "/home/thussenot/.conda/envs/multinest/lib/python3.8/site-packages/bilby/core/sampler/__init__.py", line 278, in run_sampler
    result.save_to_file(overwrite=True, extension=save, gzip=gzip, outdir=outdir)
  File "/home/thussenot/.conda/envs/multinest/lib/python3.8/site-packages/bilby/core/result.py", line 773, in save_to_file
    move_old_file(filename, overwrite)
  File "/home/thussenot/.conda/envs/multinest/lib/python3.8/site-packages/bilby/core/utils/io.py", line 403, in move_old_file
    os.remove(filename)
FileNotFoundError: [Errno 2] No such file or directory: 'outdirSNtophat32cores/GRB230812B_result.json'
Traceback (most recent call last):
  File "/home/thussenot/.conda/envs/multinest/bin/light_curve_analysis", line 8, in <module>
    sys.exit(main())
  File "/home/thussenot/.conda/envs/multinest/lib/python3.8/site-packages/nmma/em/analysis.py", line 622, in main
    result = bilby.run_sampler(
  File "/home/thussenot/.conda/envs/multinest/lib/python3.8/site-packages/bilby/core/sampler/__init__.py", line 278, in run_sampler
    result.save_to_file(overwrite=True, extension=save, gzip=gzip, outdir=outdir)
  File "/home/thussenot/.conda/envs/multinest/lib/python3.8/site-packages/bilby/core/result.py", line 773, in save_to_file
    move_old_file(filename, overwrite)
  File "/home/thussenot/.conda/envs/multinest/lib/python3.8/site-packages/bilby/core/utils/io.py", line 403, in move_old_file
    os.remove(filename)
FileNotFoundError: [Errno 2] No such file or directory: 'outdirSNtophat32cores/GRB230812B_result.json'
Traceback (most recent call last):
  File "/home/thussenot/.conda/envs/multinest/bin/light_curve_analysis", line 8, in <module>
    sys.exit(main())
  File "/home/thussenot/.conda/envs/multinest/lib/python3.8/site-packages/nmma/em/analysis.py", line 622, in main
    result = bilby.run_sampler(
  File "/home/thussenot/.conda/envs/multinest/lib/python3.8/site-packages/bilby/core/sampler/__init__.py", line 278, in run_sampler
    result.save_to_file(overwrite=True, extension=save, gzip=gzip, outdir=outdir)
  File "/home/thussenot/.conda/envs/multinest/lib/python3.8/site-packages/bilby/core/result.py", line 773, in save_to_file
    move_old_file(filename, overwrite)
  File "/home/thussenot/.conda/envs/multinest/lib/python3.8/site-packages/bilby/core/utils/io.py", line 403, in move_old_file
    os.remove(filename)
FileNotFoundError: [Errno 2] No such file or directory: 'outdirSNtophat32cores/GRB230812B_result.json'
Traceback (most recent call last):
  File "/home/thussenot/.conda/envs/multinest/bin/light_curve_analysis", line 8, in <module>
    sys.exit(main())
  File "/home/thussenot/.conda/envs/multinest/lib/python3.8/site-packages/nmma/em/analysis.py", line 622, in main
    result = bilby.run_sampler(
  File "/home/thussenot/.conda/envs/multinest/lib/python3.8/site-packages/bilby/core/sampler/__init__.py", line 278, in run_sampler
    result.save_to_file(overwrite=True, extension=save, gzip=gzip, outdir=outdir)
  File "/home/thussenot/.conda/envs/multinest/lib/python3.8/site-packages/bilby/core/result.py", line 773, in save_to_file
    move_old_file(filename, overwrite)
  File "/home/thussenot/.conda/envs/multinest/lib/python3.8/site-packages/bilby/core/utils/io.py", line 403, in move_old_file
    os.remove(filename)
FileNotFoundError: [Errno 2] No such file or directory: 'outdirSNtophat32cores/GRB230812B_result.json'
06:19 bilby INFO    : Summary of results:
nsamples: 10601
ln_noise_evidence:  0.000
ln_evidence: -40.875 +/-  0.061
ln_bayes_factor: -40.875 +/-  0.061

06:19 bilby INFO    : Writing samples file to /home/thussenot/GRB230812B/Xritest/01SNGRB/Tophat/outdirSNtophat32cores/GRB230812B_posterior_samples.dat
06:19 bilby INFO    : Summary of results:
nsamples: 10601
ln_noise_evidence:  0.000
ln_evidence: -40.875 +/-  0.061
ln_bayes_factor: -40.875 +/-  0.061

06:19 bilby INFO    : Writing samples file to /home/thussenot/GRB230812B/Xritest/01SNGRB/Tophat/outdirSNtophat32cores/GRB230812B_posterior_samples.dat
06:19 bilby INFO    : Summary of results:
nsamples: 10601
ln_noise_evidence:  0.000
ln_evidence: -40.875 +/-  0.061
ln_bayes_factor: -40.875 +/-  0.061

06:19 bilby INFO    : Writing samples file to /home/thussenot/GRB230812B/Xritest/01SNGRB/Tophat/outdirSNtophat32cores/GRB230812B_posterior_samples.dat
06:19 bilby INFO    : Summary of results:
nsamples: 10601
ln_noise_evidence:  0.000
ln_evidence: -40.875 +/-  0.061
ln_bayes_factor: -40.875 +/-  0.061

06:19 bilby INFO    : Summary of results:
nsamples: 10601
ln_noise_evidence:  0.000
ln_evidence: -40.875 +/-  0.061
ln_bayes_factor: -40.875 +/-  0.061

06:19 bilby INFO    : Summary of results:
nsamples: 10601
ln_noise_evidence:  0.000
ln_evidence: -40.875 +/-  0.061
ln_bayes_factor: -40.875 +/-  0.061

06:19 bilby INFO    : Summary of results:
nsamples: 10601
ln_noise_evidence:  0.000
ln_evidence: -40.875 +/-  0.061
ln_bayes_factor: -40.875 +/-  0.061

06:19 bilby INFO    : Writing samples file to /home/thussenot/GRB230812B/Xritest/01SNGRB/Tophat/outdirSNtophat32cores/GRB230812B_posterior_samples.dat
06:19 bilby INFO    : Writing samples file to /home/thussenot/GRB230812B/Xritest/01SNGRB/Tophat/outdirSNtophat32cores/GRB230812B_posterior_samples.dat
06:19 bilby INFO    : Writing samples file to /home/thussenot/GRB230812B/Xritest/01SNGRB/Tophat/outdirSNtophat32cores/GRB230812B_posterior_samples.dat
06:19 bilby INFO    : Writing samples file to /home/thussenot/GRB230812B/Xritest/01SNGRB/Tophat/outdirSNtophat32cores/GRB230812B_posterior_samples.dat
06:19 bilby INFO    : Summary of results:
nsamples: 10601
ln_noise_evidence:  0.000
ln_evidence: -40.875 +/-  0.061
ln_bayes_factor: -40.875 +/-  0.061

06:19 bilby INFO    : Summary of results:
nsamples: 10601
ln_noise_evidence:  0.000
ln_evidence: -40.875 +/-  0.061
ln_bayes_factor: -40.875 +/-  0.061

06:19 bilby INFO    : Summary of results:
nsamples: 10601
ln_noise_evidence:  0.000
ln_evidence: -40.875 +/-  0.061
ln_bayes_factor: -40.875 +/-  0.061

06:19 bilby INFO    : Summary of results:
nsamples: 10601
ln_noise_evidence:  0.000
ln_evidence: -40.875 +/-  0.061
ln_bayes_factor: -40.875 +/-  0.061

06:19 bilby INFO    : Summary of results:
nsamples: 10601
ln_noise_evidence:  0.000
ln_evidence: -40.875 +/-  0.061
ln_bayes_factor: -40.875 +/-  0.061

06:19 bilby INFO    : Summary of results:
nsamples: 10601
ln_noise_evidence:  0.000
ln_evidence: -40.875 +/-  0.061
ln_bayes_factor: -40.875 +/-  0.061

06:19 bilby INFO    : Writing samples file to /home/thussenot/GRB230812B/Xritest/01SNGRB/Tophat/outdirSNtophat32cores/GRB230812B_posterior_samples.dat
06:19 bilby INFO    : Writing samples file to /home/thussenot/GRB230812B/Xritest/01SNGRB/Tophat/outdirSNtophat32cores/GRB230812B_posterior_samples.dat
06:19 bilby INFO    : Writing samples file to /home/thussenot/GRB230812B/Xritest/01SNGRB/Tophat/outdirSNtophat32cores/GRB230812B_posterior_samples.dat
06:19 bilby INFO    : Writing samples file to /home/thussenot/GRB230812B/Xritest/01SNGRB/Tophat/outdirSNtophat32cores/GRB230812B_posterior_samples.dat
06:19 bilby INFO    : Writing samples file to /home/thussenot/GRB230812B/Xritest/01SNGRB/Tophat/outdirSNtophat32cores/GRB230812B_posterior_samples.dat
06:19 bilby INFO    : Writing samples file to /home/thussenot/GRB230812B/Xritest/01SNGRB/Tophat/outdirSNtophat32cores/GRB230812B_posterior_samples.dat
--------------------------------------------------------------------------
Primary job  terminated normally, but 1 process returned
a non-zero exit code. Per user-direction, the job has been aborted.
--------------------------------------------------------------------------
--------------------------------------------------------------------------
mpiexec detected that one or more processes exited with non-zero status, thus causing
the job to be terminated. The first process to do so was:

  Process name: [[61423,1],27]
  Exit code:    1
--------------------------------------------------------------------------
